#
# A fatal error has been detected by the Java Runtime Environment:
#
#  EXCEPTION_UNCAUGHT_CXX_EXCEPTION (0xe06d7363) at pc=0x00007ffb53aea388, pid=5156, tid=0x00000000000029cc
#
# JRE version: Java(TM) SE Runtime Environment (8.0_101-b13) (build 1.8.0_101-b13)
# Java VM: Java HotSpot(TM) 64-Bit Server VM (25.101-b13 mixed mode windows-amd64 compressed oops)
# Problematic frame:
# C  [KERNELBASE.dll+0x3a388]
#
# Failed to write core dump. Minidumps are not enabled by default on client versions of Windows
#
# If you would like to submit a bug report, please visit:
#   http://bugreport.java.com/bugreport/crash.jsp
#

---------------  T H R E A D  ---------------

Current thread (0x0000000017777000):  VMThread [stack: 0x0000000018800000,0x0000000018900000] [id=10700]

siginfo: ExceptionCode=0xe06d7363, ExceptionInformation=0x0000000019930520 0x00000000188ff5f0 0x000000018005ebe8 0x0000000180000000 

Registers:
RAX=0x00007ffb5751ed6e, RBX=0x000000018005ebe8, RCX=0x0000000000000005, RDX=0x0000000000000101
RSP=0x00000000188ff480, RBP=0x00000000188ff5c0, RSI=0x0000000000000001, RDI=0x00000000188ff5f0
R8 =0x0000000000000003, R9 =0x000000000101ae20, R10=0x0000000000000000, R11=0x0000000000f87698
R12=0x0000000000f9aa78, R13=0x0000000000f9aa30, R14=0x0000000000f9aa60, R15=0x0000000000000000
RIP=0x00007ffb53aea388, EFLAGS=0x0000000000000202

Top of Stack: (sp=0x00000000188ff480)
0x00000000188ff480:   0000000000000000 000000018005ebe8
0x00000000188ff490:   0000000000000001 00000000188ff5f0
0x00000000188ff4a0:   00000001e06d7363 0000000000000000
0x00000000188ff4b0:   00007ffb53aea388 0000000000000004
0x00000000188ff4c0:   0000000019930520 00000000188ff5f0
0x00000000188ff4d0:   000000018005ebe8 0000000180000000
0x00000000188ff4e0:   0000000000f9aa60 0000000000f9aa78
0x00000000188ff4f0:   00000000188ff5f0 0000000000000001
0x00000000188ff500:   00000000188ff5c0 00007ffb574f0f6f
0x00000000188ff510:   00000000188ff5d0 00007ffb00000000
0x00000000188ff520:   0000000000000001 0000000017685500
0x00000000188ff530:   0000000180074000 0000000180000000
0x00000000188ff540:   00007be4f6ad4b91 0000668e55bc0db3
0x00000000188ff550:   000000018005ebe8 00007ffb2af3ef63
0x00000000188ff560:   0000000000f9aa30 0000000000f9aa78
0x00000000188ff570:   00000000188ff5d8 0000000000000001 

Instructions: (pc=0x00007ffb53aea388)
0x00007ffb53aea368:   49 8b d1 44 0f 47 c0 44 89 44 24 38 49 c1 e0 03
0x00007ffb53aea378:   e8 4a 46 04 00 48 8d 4c 24 20 ff 15 d0 82 14 00
0x00007ffb53aea388:   48 8b 8c 24 c0 00 00 00 48 33 cc e8 b8 05 04 00
0x00007ffb53aea398:   48 81 c4 d8 00 00 00 c3 83 64 24 38 00 eb d6 cc 


Register to memory mapping:

RAX=0x00007ffb5751ed6e is an unknown value
RBX=0x000000018005ebe8 is an unknown value
RCX=0x0000000000000005 is an unknown value
RDX=0x0000000000000101 is an unknown value
RSP=0x00000000188ff480 is an unknown value
RBP=0x00000000188ff5c0 is an unknown value
RSI=0x0000000000000001 is an unknown value
RDI=0x00000000188ff5f0 is an unknown value
R8 =0x0000000000000003 is an unknown value
R9 =0x000000000101ae20 is an unknown value
R10=0x0000000000000000 is an unknown value
R11=0x0000000000f87698 is an unknown value
R12=0x0000000000f9aa78 is an unknown value
R13=0x0000000000f9aa30 is an unknown value
R14=0x0000000000f9aa60 is an unknown value
R15=0x0000000000000000 is an unknown value


Stack: [0x0000000018800000,0x0000000018900000],  sp=0x00000000188ff480,  free space=1021k
Native frames: (J=compiled Java code, j=interpreted, Vv=VM code, C=native code)
C  [KERNELBASE.dll+0x3a388]
C  [MSVCR120.dll+0x5ef63]
C  [pteidlibj.dll+0x377e4]
C  [pteidlibj.dll+0x21b14]
C  [pteidlibj.dll+0x21d96]
C  [ntdll.dll+0x3b583]
C  [ntdll.dll+0x47f85]
C  [ntdll.dll+0x47e48]
C  [KERNEL32.DLL+0x1b19a]
C  [msvcr100.dll+0x20ccd]
V  [jvm.dll+0x212ba5]
V  [jvm.dll+0x24b777]
V  [jvm.dll+0x24aa16]
V  [jvm.dll+0x24aeb1]
V  [jvm.dll+0x24b0ce]
V  [jvm.dll+0x29c18a]
C  [msvcr100.dll+0x21d9f]
C  [msvcr100.dll+0x21e3b]
C  [KERNEL32.DLL+0x13034]
C  [ntdll.dll+0x73691]

VM_Operation (0x000000001bf1c800): Exit, mode: safepoint, requested by thread 0x0000000019247000


---------------  P R O C E S S  ---------------

Java Threads: ( => current thread )
  0x0000000002b61000 JavaThread "DestroyJavaVM" [_thread_blocked, id=10384, stack(0x0000000002a20000,0x0000000002b20000)]
  0x0000000019247000 JavaThread "AWT-EventQueue-0" [_thread_blocked, id=15992, stack(0x000000001be20000,0x000000001bf20000)]
  0x00000000192f1800 JavaThread "AWT-Shutdown" [_thread_blocked, id=16920, stack(0x000000001abe0000,0x000000001ace0000)]
  0x000000001a2c9000 JavaThread "Java2D Disposer" daemon [_thread_blocked, id=12176, stack(0x000000001aac0000,0x000000001abc0000)]
  0x0000000019138800 JavaThread "Service Thread" daemon [_thread_blocked, id=16524, stack(0x0000000019510000,0x0000000019610000)]
  0x00000000177b1000 JavaThread "C1 CompilerThread2" daemon [_thread_blocked, id=13624, stack(0x0000000019010000,0x0000000019110000)]
  0x00000000177ab000 JavaThread "C2 CompilerThread1" daemon [_thread_blocked, id=444, stack(0x0000000018f10000,0x0000000019010000)]
  0x00000000177bb800 JavaThread "C2 CompilerThread0" daemon [_thread_blocked, id=11188, stack(0x0000000018e10000,0x0000000018f10000)]
  0x00000000177b8000 JavaThread "Attach Listener" daemon [_thread_blocked, id=17260, stack(0x0000000018d10000,0x0000000018e10000)]
  0x00000000177b6800 JavaThread "Signal Dispatcher" daemon [_thread_blocked, id=8808, stack(0x0000000018c10000,0x0000000018d10000)]
  0x0000000017798800 JavaThread "Finalizer" daemon [_thread_blocked, id=12848, stack(0x0000000018a00000,0x0000000018b00000)]
  0x0000000002c51000 JavaThread "Reference Handler" daemon [_thread_blocked, id=12228, stack(0x0000000018900000,0x0000000018a00000)]

Other Threads:
=>0x0000000017777000 VMThread [stack: 0x0000000018800000,0x0000000018900000] [id=10700]

VM state:at safepoint (shutting down)

VM Mutex/Monitor currently owned by a thread:  ([mutex/lock_event])
[0x0000000002b2c840] Threads_lock - owner thread: 0x0000000017777000

Heap:
 PSYoungGen      total 38400K, used 10666K [0x00000000d5d80000, 0x00000000d8800000, 0x0000000100000000)
  eden space 33280K, 32% used [0x00000000d5d80000,0x00000000d67eaa30,0x00000000d7e00000)
  from space 5120K, 0% used [0x00000000d8300000,0x00000000d8300000,0x00000000d8800000)
  to   space 5120K, 0% used [0x00000000d7e00000,0x00000000d7e00000,0x00000000d8300000)
 ParOldGen       total 87552K, used 0K [0x0000000081800000, 0x0000000086d80000, 0x00000000d5d80000)
  object space 87552K, 0% used [0x0000000081800000,0x0000000081800000,0x0000000086d80000)
 Metaspace       used 13106K, capacity 13380K, committed 13568K, reserved 1060864K
  class space    used 1607K, capacity 1685K, committed 1792K, reserved 1048576K

Card table byte_map: [0x0000000012020000,0x0000000012420000] byte_map_base: 0x0000000011c14000

Marking Bits: (ParMarkBitMap*) 0x000000006fd7a6d0
 Begin Bits: [0x0000000012ad0000, 0x0000000014a70000)
 End Bits:   [0x0000000014a70000, 0x0000000016a10000)

Polling page: 0x0000000000bf0000

CodeCache: size=245760Kb used=2284Kb max_used=2284Kb free=243476Kb
 bounds [0x0000000002c60000, 0x0000000002ed0000, 0x0000000011c60000]
 total_blobs=1117 nmethods=591 adapters=439
 compilation: enabled

Compilation events (10 events):
Event: 40.206 Thread 0x00000000177b1000  595       3       java.util.concurrent.locks.ReentrantLock$NonfairSync::lock (25 bytes)
Event: 40.206 Thread 0x00000000177b1000 nmethod 595 0x0000000002e9a510 code [0x0000000002e9a6e0, 0x0000000002e9af38]
Event: 40.254 Thread 0x00000000177b1000  596       3       java.awt.Component::repaint (16 bytes)
Event: 40.254 Thread 0x00000000177b1000 nmethod 596 0x0000000002e9b190 code [0x0000000002e9b300, 0x0000000002e9b528]
Event: 40.254 Thread 0x00000000177b1000  597       1       sun.java2d.SurfaceData::isValid (5 bytes)
Event: 40.254 Thread 0x00000000177b1000 nmethod 597 0x0000000002e9b5d0 code [0x0000000002e9b720, 0x0000000002e9b830]
Event: 40.254 Thread 0x00000000177b1000  598       3       javax.swing.JComponent::getWidth (5 bytes)
Event: 40.254 Thread 0x00000000177b1000 nmethod 598 0x0000000002e9b890 code [0x0000000002e9b9e0, 0x0000000002e9bb50]
Event: 40.254 Thread 0x00000000177b1000  599       3       javax.swing.JComponent::getHeight (5 bytes)
Event: 40.255 Thread 0x00000000177b1000 nmethod 599 0x0000000002e9bbd0 code [0x0000000002e9bd20, 0x0000000002e9be90]

GC Heap History (0 events):
No events

Deoptimization events (0 events):
No events

Internal exceptions (10 events):
Event: 0.041 Thread 0x0000000002b61000 Exception <a 'java/lang/NoSuchMethodError': Method sun.misc.Unsafe.defineClass(Ljava/lang/String;[BII)Ljava/lang/Class; name or signature does not match> (0x00000000d5d87cc0) thrown at [C:\re\workspace\8-2-build-windows-amd64-cygwin\jdk8u101\7261\hotspot\sdÙ„†¡6¥?
Event: 0.041 Thread 0x0000000002b61000 Exception <a 'java/lang/NoSuchMethodError': Method sun.misc.Unsafe.prefetchRead(Ljava/lang/Object;J)V name or signature does not match> (0x00000000d5d87fa8) thrown at [C:\re\workspace\8-2-build-windows-amd64-cygwin\jdk8u101\7261\hotspot\src\share\vm\prims\V˜ÄVWcÂ?
Event: 0.144 Thread 0x0000000002b61000 Exception <a 'java/security/PrivilegedActionException'> (0x00000000d5e219e8) thrown at [C:\re\workspace\8-2-build-windows-amd64-cygwin\jdk8u101\7261\hotspot\src\share\vm\prims\jvm.cpp, line 1386]
Event: 0.144 Thread 0x0000000002b61000 Exception <a 'java/security/PrivilegedActionException'> (0x00000000d5e21bf8) thrown at [C:\re\workspace\8-2-build-windows-amd64-cygwin\jdk8u101\7261\hotspot\src\share\vm\prims\jvm.cpp, line 1386]
Event: 0.145 Thread 0x0000000002b61000 Exception <a 'java/security/PrivilegedActionException'> (0x00000000d5e25ae0) thrown at [C:\re\workspace\8-2-build-windows-amd64-cygwin\jdk8u101\7261\hotspot\src\share\vm\prims\jvm.cpp, line 1386]
Event: 0.145 Thread 0x0000000002b61000 Exception <a 'java/security/PrivilegedActionException'> (0x00000000d5e25cf0) thrown at [C:\re\workspace\8-2-build-windows-amd64-cygwin\jdk8u101\7261\hotspot\src\share\vm\prims\jvm.cpp, line 1386]
Event: 0.154 Thread 0x0000000002b61000 Exception <a 'java/io/FileNotFoundException'> (0x00000000d5ed5470) thrown at [C:\re\workspace\8-2-build-windows-amd64-cygwin\jdk8u101\7261\hotspot\src\share\vm\prims\jni.cpp, line 709]
Event: 0.203 Thread 0x0000000002b61000 Exception <a 'java/lang/NoSuchFieldError': method resolution failed> (0x00000000d5fa2d30) thrown at [C:\re\workspace\8-2-build-windows-amd64-cygwin\jdk8u101\7261\hotspot\src\share\vm\prims\methodHandles.cpp, line 1146]
Event: 0.206 Thread 0x0000000002b61000 Exception <a 'java/lang/NoSuchFieldError': method resolution failed> (0x00000000d5fb0100) thrown at [C:\re\workspace\8-2-build-windows-amd64-cygwin\jdk8u101\7261\hotspot\src\share\vm\prims\methodHandles.cpp, line 1146]
Event: 28.930 Thread 0x0000000002b61000 Exception <a 'java/io/FileNotFoundException'> (0x00000000d62017c8) thrown at [C:\re\workspace\8-2-build-windows-amd64-cygwin\jdk8u101\7261\hotspot\src\share\vm\prims\jni.cpp, line 709]

Events (10 events):
Event: 40.398 Executing VM operation: RevokeBias
Event: 40.398 Executing VM operation: RevokeBias done
Event: 40.398 Thread 0x000000001925f000 Thread added: 0x000000001925f000
Event: 40.398 Thread 0x0000000019260000 Thread added: 0x0000000019260000
Event: 40.398 Thread 0x000000001925f000 Thread exited: 0x000000001925f000
Event: 40.415 Executing VM operation: RevokeBias
Event: 40.415 Executing VM operation: RevokeBias done
Event: 40.415 Thread 0x00000000192f2000 Thread exited: 0x00000000192f2000
Event: 40.513 Thread 0x0000000019260000 Thread exited: 0x0000000019260000
Event: 40.513 Executing VM operation: Exit


Dynamic libraries:
0x00007ff63c6f0000 - 0x00007ff63c727000 	C:\Program Files\Java\jdk1.8.0_101\jre\bin\java.exe
0x00007ffb574e0000 - 0x00007ffb576c1000 	C:\WINDOWS\SYSTEM32\ntdll.dll
0x00007ffb2ee30000 - 0x00007ffb2ee44000 	C:\Program Files\AVAST Software\Avast\x64\aswhooka.dll
0x00007ffb55560000 - 0x00007ffb55612000 	C:\WINDOWS\System32\KERNEL32.DLL
0x00007ffb53ab0000 - 0x00007ffb53d23000 	C:\WINDOWS\System32\KERNELBASE.dll
0x00007ffb551e0000 - 0x00007ffb55281000 	C:\WINDOWS\System32\ADVAPI32.dll
0x00007ffb54f40000 - 0x00007ffb54fde000 	C:\WINDOWS\System32\msvcrt.dll
0x00007ffb55cf0000 - 0x00007ffb55d4b000 	C:\WINDOWS\System32\sechost.dll
0x00007ffb55e20000 - 0x00007ffb55f44000 	C:\WINDOWS\System32\RPCRT4.dll
0x00007ffb55300000 - 0x00007ffb55490000 	C:\WINDOWS\System32\USER32.dll
0x00007ffb547b0000 - 0x00007ffb547d0000 	C:\WINDOWS\System32\win32u.dll
0x00007ffb558a0000 - 0x00007ffb558c8000 	C:\WINDOWS\System32\GDI32.dll
0x00007ffb547d0000 - 0x00007ffb54962000 	C:\WINDOWS\System32\gdi32full.dll
0x00007ffb546b0000 - 0x00007ffb5474f000 	C:\WINDOWS\System32\msvcp_win.dll
0x00007ffb53900000 - 0x00007ffb539fa000 	C:\WINDOWS\System32\ucrtbase.dll
0x00007ffb3f420000 - 0x00007ffb3f689000 	C:\WINDOWS\WinSxS\amd64_microsoft.windows.common-controls_6595b64144ccf1df_6.0.17134.472_none_fb3f9af53068156d\COMCTL32.dll
0x00007ffb559c0000 - 0x00007ffb55ce2000 	C:\WINDOWS\System32\combase.dll
0x00007ffb53d30000 - 0x00007ffb53daa000 	C:\WINDOWS\System32\bcryptPrimitives.dll
0x00007ffb55f50000 - 0x00007ffb55f7d000 	C:\WINDOWS\System32\IMM32.DLL
0x0000000071240000 - 0x0000000071312000 	C:\Program Files\Java\jdk1.8.0_101\jre\bin\msvcr100.dll
0x000000006f560000 - 0x000000006fdfa000 	C:\Program Files\Java\jdk1.8.0_101\jre\bin\server\jvm.dll
0x00007ffb552f0000 - 0x00007ffb552f8000 	C:\WINDOWS\System32\PSAPI.DLL
0x00007ffb52450000 - 0x00007ffb52459000 	C:\WINDOWS\SYSTEM32\WSOCK32.dll
0x00007ffb558f0000 - 0x00007ffb5595c000 	C:\WINDOWS\System32\WS2_32.dll
0x00007ffb4fb20000 - 0x00007ffb4fb43000 	C:\WINDOWS\SYSTEM32\WINMM.dll
0x00007ffb504c0000 - 0x00007ffb504ca000 	C:\WINDOWS\SYSTEM32\VERSION.dll
0x00007ffb4faf0000 - 0x00007ffb4fb1a000 	C:\WINDOWS\SYSTEM32\WINMMBASE.dll
0x00007ffb538b0000 - 0x00007ffb538f9000 	C:\WINDOWS\System32\cfgmgr32.dll
0x0000000072b60000 - 0x0000000072b6f000 	C:\Program Files\Java\jdk1.8.0_101\jre\bin\verify.dll
0x00000000716c0000 - 0x00000000716e9000 	C:\Program Files\Java\jdk1.8.0_101\jre\bin\java.dll
0x0000000071220000 - 0x0000000071236000 	C:\Program Files\Java\jdk1.8.0_101\jre\bin\zip.dll
0x00007ffb55f80000 - 0x00007ffb573c0000 	C:\WINDOWS\System32\SHELL32.dll
0x00007ffb55d70000 - 0x00007ffb55e19000 	C:\WINDOWS\System32\shcore.dll
0x00007ffb53fa0000 - 0x00007ffb546ad000 	C:\WINDOWS\System32\windows.storage.dll
0x00007ffb55180000 - 0x00007ffb551d1000 	C:\WINDOWS\System32\shlwapi.dll
0x00007ffb53870000 - 0x00007ffb53881000 	C:\WINDOWS\System32\kernel.appcore.dll
0x00007ffb53890000 - 0x00007ffb538af000 	C:\WINDOWS\System32\profapi.dll
0x00007ffb53800000 - 0x00007ffb5384c000 	C:\WINDOWS\System32\powrprof.dll
0x00007ffb537f0000 - 0x00007ffb537fa000 	C:\WINDOWS\System32\FLTLIB.DLL
0x0000000070350000 - 0x00000000704e8000 	C:\Program Files\Java\jdk1.8.0_101\jre\bin\awt.dll
0x00007ffb55490000 - 0x00007ffb55552000 	C:\WINDOWS\System32\OLEAUT32.dll
0x00007ffb504d0000 - 0x00007ffb5055b000 	C:\WINDOWS\SYSTEM32\apphelp.dll
0x0000000180000000 - 0x000000018007c000 	C:\Windows\System32\pteidlibj.dll
0x00007ffb2d180000 - 0x00007ffb2d226000 	C:\Program Files\Java\jdk1.8.0_101\jre\bin\MSVCP120.dll
0x00007ffb2aee0000 - 0x00007ffb2afcf000 	C:\Program Files\Java\jdk1.8.0_101\jre\bin\MSVCR120.dll
0x0000000019870000 - 0x0000000019893000 	C:\WINDOWS\SYSTEM32\pteidcommon.dll
0x00000000198a0000 - 0x0000000019926000 	C:\WINDOWS\SYSTEM32\pteidapplayer.dll
0x00007ffb53db0000 - 0x00007ffb53f92000 	C:\WINDOWS\System32\CRYPT32.dll
0x00007ffb53850000 - 0x00007ffb53862000 	C:\WINDOWS\System32\MSASN1.dll
0x00007ffb25db0000 - 0x00007ffb25fb5000 	C:\WINDOWS\SYSTEM32\LIBEAY32.dll
0x00007ffb2fb00000 - 0x00007ffb2fb5a000 	C:\WINDOWS\SYSTEM32\SSLEAY32.dll
0x00007ffb2fab0000 - 0x00007ffb2faff000 	C:\WINDOWS\SYSTEM32\libcurl.dll
0x00007ffb55960000 - 0x00007ffb559bf000 	C:\WINDOWS\System32\WLDAP32.dll
0x0000000019930000 - 0x0000000019b91000 	C:\WINDOWS\SYSTEM32\xerces-c_3_1.dll
0x0000000019bb0000 - 0x0000000019cc3000 	C:\WINDOWS\SYSTEM32\FreeImage.dll
0x0000000019cd0000 - 0x0000000019db0000 	C:\WINDOWS\SYSTEM32\pteid-poppler.dll
0x0000000019dc0000 - 0x0000000019eaa000 	C:\WINDOWS\SYSTEM32\xsec_1_7.dll
0x0000000019ec0000 - 0x0000000019ef6000 	C:\WINDOWS\SYSTEM32\pteidcardlayer.dll
0x00007ffb41bb0000 - 0x00007ffb41bf1000 	C:\WINDOWS\SYSTEM32\WinSCard.dll
0x00007ffb53620000 - 0x00007ffb53647000 	C:\WINDOWS\SYSTEM32\DEVOBJ.dll
0x0000000019f10000 - 0x0000000019f41000 	C:\WINDOWS\SYSTEM32\pteidDlgsWin32.dll
0x00007ffb52930000 - 0x00007ffb52986000 	C:\WINDOWS\SYSTEM32\WINSTA.dll
0x0000000071200000 - 0x000000007121a000 	C:\Program Files\Java\jdk1.8.0_101\jre\bin\net.dll
0x00007ffb53070000 - 0x00007ffb530d6000 	C:\WINDOWS\system32\mswsock.dll
0x00007ffb397f0000 - 0x00007ffb39806000 	C:\WINDOWS\system32\napinsp.dll
0x00007ffb397d0000 - 0x00007ffb397ea000 	C:\WINDOWS\system32\pnrpnsp.dll
0x00007ffb50e10000 - 0x00007ffb50e29000 	C:\WINDOWS\system32\NLAapi.dll
0x00007ffb52e30000 - 0x00007ffb52eee000 	C:\WINDOWS\SYSTEM32\DNSAPI.dll
0x00007ffb558e0000 - 0x00007ffb558e8000 	C:\WINDOWS\System32\NSI.dll
0x00007ffb52df0000 - 0x00007ffb52e28000 	C:\WINDOWS\SYSTEM32\IPHLPAPI.DLL
0x00007ffb397c0000 - 0x00007ffb397ce000 	C:\WINDOWS\System32\winrnr.dll
0x00007ffb397a0000 - 0x00007ffb397b5000 	C:\WINDOWS\System32\wshbth.dll
0x00007ffb4adc0000 - 0x00007ffb4adca000 	C:\Windows\System32\rasadhlp.dll
0x00007ffb4b7f0000 - 0x00007ffb4b862000 	C:\WINDOWS\System32\fwpuclnt.dll
0x00007ffb53350000 - 0x00007ffb53375000 	C:\WINDOWS\SYSTEM32\bcrypt.dll
0x00007ffb4e820000 - 0x00007ffb4e836000 	C:\WINDOWS\SYSTEM32\dhcpcsvc6.DLL
0x00007ffb4ed70000 - 0x00007ffb4ed8a000 	C:\WINDOWS\SYSTEM32\dhcpcsvc.DLL
0x00007ffb51db0000 - 0x00007ffb51dd9000 	C:\WINDOWS\system32\DWMAPI.DLL
0x00007ffb51920000 - 0x00007ffb519b8000 	C:\WINDOWS\system32\uxtheme.dll
0x00007ffb54dc0000 - 0x00007ffb54f33000 	C:\WINDOWS\System32\MSCTF.dll
0x00007ffb556a0000 - 0x00007ffb557f1000 	C:\WINDOWS\System32\ole32.dll
0x0000000070fa0000 - 0x0000000070fe7000 	C:\Program Files\Java\jdk1.8.0_101\jre\bin\fontmanager.dll
0x00007ffb55800000 - 0x00007ffb558a0000 	C:\WINDOWS\System32\clbcatq.dll
0x00007ffb51660000 - 0x00007ffb5180e000 	C:\WINDOWS\SYSTEM32\WindowsCodecs.dll
0x00000000711e0000 - 0x00000000711f1000 	C:\Program Files\Java\jdk1.8.0_101\jre\bin\nio.dll
0x0000000070300000 - 0x0000000070342000 	C:\Program Files\Java\jdk1.8.0_101\jre\bin\t2k.dll
0x00007ffb496a0000 - 0x00007ffb49736000 	C:\WINDOWS\System32\TextInputFramework.dll
0x00007ffb49ea0000 - 0x00007ffb4a1be000 	C:\WINDOWS\System32\CoreUIComponents.dll
0x00007ffb4fd60000 - 0x00007ffb4fe3a000 	C:\WINDOWS\System32\CoreMessaging.dll
0x00007ffb52890000 - 0x00007ffb528c1000 	C:\WINDOWS\SYSTEM32\ntmarta.dll
0x00007ffb50ff0000 - 0x00007ffb5113d000 	C:\WINDOWS\SYSTEM32\wintypes.dll
0x00007ffb4abf0000 - 0x00007ffb4adb9000 	C:\WINDOWS\SYSTEM32\dbghelp.dll

VM Arguments:
jvm_args: -Dfile.encoding=UTF-8 
java_command: calculator.application.CalculatorApplication
java_class_path (initial): C:\Users\Luis\Desktop\ESTGA\2018_2019\1_Semestre\segurança\projeto\contourCola\contourCola\Cola Library\dist\Cola_Library.jar;C:\Program Files\Portugal Identity Card\sdk\Java\pteidlibj.jar;C:\Users\Luis\Desktop\ESTGA\2018_2019\1_Semestre\segurança\projeto\contourCola\contourCola\Calculator application\build\classes
Launcher Type: SUN_STANDARD

Environment Variables:
CLASSPATH=C:\Program Files\Portugal Identity Card
PATH=C:\ProgramData\Oracle\Java\javapath;C:\WINDOWS\system32;C:\WINDOWS;C:\WINDOWS\System32\Wbem;C:\WINDOWS\System32\WindowsPowerShell\v1.0\;C:\Program Files\TortoiseGit\bin;C:\Program Files\Git\cmd;C:\WINDOWS\System32\OpenSSH\;C:\Program Files (x86)\Brackets\command;C:\Program Files\PuTTY\;C:\php;C:\ProgramData\ComposerSetup\bin;C:\PostgreSQL\pg96\bin;C:\Program Files\nodejs\;C:\Program Files\Portugal Identity Card;C:\Program Files (x86)\NVIDIA Corporation\PhysX\Common;C:\Users\Luis\AppData\Local\Microsoft\WindowsApps;C:\Users\Luis\AppData\Local\atom\bin;C:\Users\Luis\AppData\Local\Microsoft\WindowsApps;C:\Users\Luis\AppData\Roaming\Composer\vendor\bin;C:\Users\Luis\AppData\Roaming\npm;C:\Users\Luis\AppData\Local\Programs\Microsoft VS Code\bin;C:\Users\Luis\AppData\Local\GitHubDesktop\bin
USERNAME=Luis
OS=Windows_NT
PROCESSOR_IDENTIFIER=Intel64 Family 6 Model 61 Stepping 4, GenuineIntel



---------------  S Y S T E M  ---------------

OS: Windows 10.0 , 64 bit Build 17134 (10.0.17134.1)

CPU:total 4 (2 cores per cpu, 2 threads per core) family 6 model 61 stepping 4, cmov, cx8, fxsr, mmx, sse, sse2, sse3, ssse3, sse4.1, sse4.2, popcnt, avx, avx2, aes, clmul, erms, 3dnowpref, lzcnt, ht, tsc, tscinvbit, bmi1, bmi2, adx

Memory: 4k page, physical 8288728k(3599800k free), swap 10571288k(3112776k free)

vm_info: Java HotSpot(TM) 64-Bit Server VM (25.101-b13) for windows-amd64 JRE (1.8.0_101-b13), built on Jun 22 2016 01:21:29 by "java_re" with MS VC++ 10.0 (VS2010)

time: Wed Jan 02 18:49:43 2019
elapsed time: 40 seconds (0d 0h 0m 40s)

