#
# A fatal error has been detected by the Java Runtime Environment:
#
#  EXCEPTION_UNCAUGHT_CXX_EXCEPTION (0xe06d7363) at pc=0x00007ffbb9e8a388, pid=1404, tid=0x00000000000033e8
#
# JRE version: Java(TM) SE Runtime Environment (8.0_141-b15) (build 1.8.0_141-b15)
# Java VM: Java HotSpot(TM) 64-Bit Server VM (25.141-b15 mixed mode windows-amd64 compressed oops)
# Problematic frame:
# C  [KERNELBASE.dll+0x3a388]
#
# Failed to write core dump. Minidumps are not enabled by default on client versions of Windows
#
# If you would like to submit a bug report, please visit:
#   http://bugreport.java.com/bugreport/crash.jsp
#

---------------  T H R E A D  ---------------

Current thread (0x0000000018008800):  VMThread [stack: 0x0000000019cf0000,0x0000000019df0000] [id=13288]

siginfo: ExceptionCode=0xe06d7363, ExceptionInformation=0x0000000019930520 0x0000000019def380 0x000000018005ebe8 0x0000000180000000 

Registers:
RAX=0x0000000000000026, RBX=0x000000018005ebe8, RCX=0x0000000000000045, RDX=0x0000000000000101
RSP=0x0000000019def210, RBP=0x0000000019def350, RSI=0x0000000000000001, RDI=0x0000000019def380
R8 =0x0000000000000003, R9 =0x0000000001171af0, R10=0x0000000000000000, R11=0x00000000010c6a20
R12=0x00000000010dd3e8, R13=0x00000000010dd3a0, R14=0x00000000010dd3d0, R15=0x0000000000000000
RIP=0x00007ffbb9e8a388, EFLAGS=0x0000000000000202

Top of Stack: (sp=0x0000000019def210)
0x0000000019def210:   0000000000000000 000000018005ebe8
0x0000000019def220:   0000000000000001 0000000019def380
0x0000000019def230:   00000001e06d7363 0000000000000000
0x0000000019def240:   00007ffbb9e8a388 0000000000000004
0x0000000019def250:   0000000019930520 0000000019def380
0x0000000019def260:   000000018005ebe8 0000000180000000
0x0000000019def270:   00000000010dd3d0 00000000010dd3e8
0x0000000019def280:   0000000019def380 0000000000000001
0x0000000019def290:   0000000019def350 00007ffbbccb0f6f
0x0000000019def2a0:   0000000019def360 00007ffb00000000
0x0000000019def2b0:   0000000000000001 0000000017e95400
0x0000000019def2c0:   0000000180074000 0000000180000000
0x0000000019def2d0:   00000bc99e722809 0000aee75bab07e5
0x0000000019def2e0:   000000018005ebe8 00007ffb978fef63
0x0000000019def2f0:   00000000010dd3a0 00000000010dd3e8
0x0000000019def300:   0000000019def368 0000000000000001 

Instructions: (pc=0x00007ffbb9e8a388)
0x00007ffbb9e8a368:   49 8b d1 44 0f 47 c0 44 89 44 24 38 49 c1 e0 03
0x00007ffbb9e8a378:   e8 4a 46 04 00 48 8d 4c 24 20 ff 15 d0 82 14 00
0x00007ffbb9e8a388:   48 8b 8c 24 c0 00 00 00 48 33 cc e8 b8 05 04 00
0x00007ffbb9e8a398:   48 81 c4 d8 00 00 00 c3 83 64 24 38 00 eb d6 cc 


Register to memory mapping:

RAX=0x0000000000000026 is an unknown value
RBX=0x000000018005ebe8 is an unknown value
RCX=0x0000000000000045 is an unknown value
RDX=0x0000000000000101 is an unknown value
RSP=0x0000000019def210 is an unknown value
RBP=0x0000000019def350 is an unknown value
RSI=0x0000000000000001 is an unknown value
RDI=0x0000000019def380 is an unknown value
R8 =0x0000000000000003 is an unknown value
R9 =0x0000000001171af0 is an unknown value
R10=0x0000000000000000 is an unknown value
R11=0x00000000010c6a20 is an unknown value
R12=0x00000000010dd3e8 is an unknown value
R13=0x00000000010dd3a0 is an unknown value
R14=0x00000000010dd3d0 is an unknown value
R15=0x0000000000000000 is an unknown value


Stack: [0x0000000019cf0000,0x0000000019df0000],  sp=0x0000000019def210,  free space=1020k
Native frames: (J=compiled Java code, j=interpreted, Vv=VM code, C=native code)
C  [KERNELBASE.dll+0x3a388]
C  [MSVCR120.dll+0x5ef63]
C  [pteidlibj.dll+0x377e4]
C  [pteidlibj.dll+0x21b14]
C  [pteidlibj.dll+0x21d96]
C  [ntdll.dll+0x3b583]
C  [ntdll.dll+0x47f85]
C  [ntdll.dll+0x47e48]
C  [KERNEL32.DLL+0x1b19a]
C  [msvcr100.dll+0x20ccd]
V  [jvm.dll+0x213145]
V  [jvm.dll+0x24c127]
V  [jvm.dll+0x24b3c6]
V  [jvm.dll+0x24b861]
V  [jvm.dll+0x24ba7e]
V  [jvm.dll+0x29ca6a]
C  [msvcr100.dll+0x21d9f]
C  [msvcr100.dll+0x21e3b]
C  [KERNEL32.DLL+0x13034]
C  [ntdll.dll+0x73691]

VM_Operation (0x000000001ca9c9c0): Exit, mode: safepoint, requested by thread 0x000000001a0ed000


---------------  P R O C E S S  ---------------

Java Threads: ( => current thread )
  0x0000000002f83000 JavaThread "DestroyJavaVM" [_thread_blocked, id=6244, stack(0x0000000002e60000,0x0000000002f60000)]
  0x000000001a29a800 JavaThread "Image Fetcher 3" daemon [_thread_blocked, id=9420, stack(0x000000001cca0000,0x000000001cda0000)]
  0x000000001a0ed000 JavaThread "AWT-EventQueue-0" [_thread_blocked, id=12788, stack(0x000000001c9a0000,0x000000001caa0000)]
  0x000000001a135800 JavaThread "AWT-Shutdown" [_thread_blocked, id=5516, stack(0x000000001c2d0000,0x000000001c3d0000)]
  0x000000001af19800 JavaThread "Java2D Disposer" daemon [_thread_blocked, id=11288, stack(0x000000001c1d0000,0x000000001c2d0000)]
  0x0000000019f79000 JavaThread "Service Thread" daemon [_thread_blocked, id=6872, stack(0x000000001ab00000,0x000000001ac00000)]
  0x0000000019f23000 JavaThread "C1 CompilerThread3" daemon [_thread_blocked, id=7532, stack(0x000000001aa00000,0x000000001ab00000)]
  0x0000000019f20000 JavaThread "C2 CompilerThread2" daemon [_thread_blocked, id=9720, stack(0x000000001a900000,0x000000001aa00000)]
  0x0000000019f1e800 JavaThread "C2 CompilerThread1" daemon [_thread_blocked, id=7524, stack(0x000000001a800000,0x000000001a900000)]
  0x0000000019f1b800 JavaThread "C2 CompilerThread0" daemon [_thread_blocked, id=2120, stack(0x000000001a700000,0x000000001a800000)]
  0x0000000019f19800 JavaThread "Attach Listener" daemon [_thread_blocked, id=11800, stack(0x000000001a600000,0x000000001a700000)]
  0x0000000019f18000 JavaThread "Signal Dispatcher" daemon [_thread_blocked, id=8300, stack(0x000000001a500000,0x000000001a600000)]
  0x0000000019f10800 JavaThread "Finalizer" daemon [_thread_blocked, id=7788, stack(0x000000001a2f0000,0x000000001a3f0000)]
  0x000000001800d800 JavaThread "Reference Handler" daemon [_thread_blocked, id=3104, stack(0x0000000019df0000,0x0000000019ef0000)]

Other Threads:
=>0x0000000018008800 VMThread [stack: 0x0000000019cf0000,0x0000000019df0000] [id=13288]

VM state:at safepoint (shutting down)

VM Mutex/Monitor currently owned by a thread:  ([mutex/lock_event])
[0x0000000002e5c140] Threads_lock - owner thread: 0x0000000018008800

Heap:
 PSYoungGen      total 38400K, used 9319K [0x00000000d5e00000, 0x00000000d8880000, 0x0000000100000000)
  eden space 33280K, 28% used [0x00000000d5e00000,0x00000000d6719cf8,0x00000000d7e80000)
  from space 5120K, 0% used [0x00000000d8380000,0x00000000d8380000,0x00000000d8880000)
  to   space 5120K, 0% used [0x00000000d7e80000,0x00000000d7e80000,0x00000000d8380000)
 ParOldGen       total 87552K, used 0K [0x0000000081a00000, 0x0000000086f80000, 0x00000000d5e00000)
  object space 87552K, 0% used [0x0000000081a00000,0x0000000081a00000,0x0000000086f80000)
 Metaspace       used 12282K, capacity 12554K, committed 12672K, reserved 1060864K
  class space    used 1529K, capacity 1622K, committed 1664K, reserved 1048576K

Card table byte_map: [0x0000000012440000,0x0000000012840000] byte_map_base: 0x0000000012033000

Marking Bits: (ParMarkBitMap*) 0x0000000058f8d850
 Begin Bits: [0x00000000132f0000, 0x0000000015288000)
 End Bits:   [0x0000000015288000, 0x0000000017220000)

Polling page: 0x00000000010a0000

CodeCache: size=245760Kb used=2299Kb max_used=2299Kb free=243460Kb
 bounds [0x0000000003080000, 0x00000000032f0000, 0x0000000012080000]
 total_blobs=1132 nmethods=610 adapters=435
 compilation: enabled

Compilation events (10 events):
Event: 10.816 Thread 0x0000000019f23000  613       3       java.awt.GraphicsEnvironment::isHeadless (4 bytes)
Event: 10.817 Thread 0x0000000019f23000 nmethod 613 0x00000000032be4d0 code [0x00000000032be660, 0x00000000032beb88]
Event: 10.817 Thread 0x0000000019f23000  614       3       java.awt.GraphicsEnvironment::getHeadlessProperty (22 bytes)
Event: 10.818 Thread 0x0000000019f23000 nmethod 614 0x00000000032becd0 code [0x00000000032bee60, 0x00000000032bf328]
Event: 10.959 Thread 0x0000000019f23000  615       1       java.awt.EventQueue::access$400 (5 bytes)
Event: 10.959 Thread 0x0000000019f23000 nmethod 615 0x00000000032bf450 code [0x00000000032bf5a0, 0x00000000032bf690]
Event: 10.960 Thread 0x0000000019f23000  616       1       java.awt.EventDispatchThread$1::evaluate (2 bytes)
Event: 10.960 Thread 0x0000000019f23000 nmethod 616 0x00000000032bf710 code [0x00000000032bf860, 0x00000000032bf970]
Event: 10.961 Thread 0x0000000019f23000  617  s    1       java.awt.EventDispatchThread::getEventQueue (5 bytes)
Event: 10.961 Thread 0x0000000019f23000 nmethod 617 0x00000000032bf9d0 code [0x00000000032bfb20, 0x00000000032bfd90]

GC Heap History (0 events):
No events

Deoptimization events (1 events):
Event: 5.478 Thread 0x0000000002f83000 Uncommon trap: reason=null_check action=make_not_entrant pc=0x00000000031f47b8 method=java.lang.String.equals(Ljava/lang/Object;)Z @ 8

Internal exceptions (10 events):
Event: 0.202 Thread 0x0000000002f83000 Exception <a 'java/io/FileNotFoundException'> (0x00000000d5e5c070) thrown at [C:\re\workspace\8-2-build-windows-amd64-cygwin\jdk8u141\9370\hotspot\src\share\vm\prims\jni.cpp, line 709]
Event: 0.303 Thread 0x0000000002f83000 Exception <a 'java/security/PrivilegedActionException'> (0x00000000d5f57820) thrown at [C:\re\workspace\8-2-build-windows-amd64-cygwin\jdk8u141\9370\hotspot\src\share\vm\prims\jvm.cpp, line 1390]
Event: 0.303 Thread 0x0000000002f83000 Exception <a 'java/security/PrivilegedActionException'> (0x00000000d5f57a30) thrown at [C:\re\workspace\8-2-build-windows-amd64-cygwin\jdk8u141\9370\hotspot\src\share\vm\prims\jvm.cpp, line 1390]
Event: 0.305 Thread 0x0000000002f83000 Exception <a 'java/security/PrivilegedActionException'> (0x00000000d5f5b940) thrown at [C:\re\workspace\8-2-build-windows-amd64-cygwin\jdk8u141\9370\hotspot\src\share\vm\prims\jvm.cpp, line 1390]
Event: 0.305 Thread 0x0000000002f83000 Exception <a 'java/security/PrivilegedActionException'> (0x00000000d5f5bb50) thrown at [C:\re\workspace\8-2-build-windows-amd64-cygwin\jdk8u141\9370\hotspot\src\share\vm\prims\jvm.cpp, line 1390]
Event: 0.321 Thread 0x0000000002f83000 Exception <a 'java/io/FileNotFoundException'> (0x00000000d5f64738) thrown at [C:\re\workspace\8-2-build-windows-amd64-cygwin\jdk8u141\9370\hotspot\src\share\vm\prims\jni.cpp, line 709]
Event: 0.418 Thread 0x0000000002f83000 Exception <a 'java/lang/NoSuchFieldError': method resolution failed> (0x00000000d6031e88) thrown at [C:\re\workspace\8-2-build-windows-amd64-cygwin\jdk8u141\9370\hotspot\src\share\vm\prims\methodHandles.cpp, line 1146]
Event: 0.423 Thread 0x0000000002f83000 Exception <a 'java/lang/NoSuchFieldError': method resolution failed> (0x00000000d603f258) thrown at [C:\re\workspace\8-2-build-windows-amd64-cygwin\jdk8u141\9370\hotspot\src\share\vm\prims\methodHandles.cpp, line 1146]
Event: 5.478 Thread 0x0000000002f83000 Implicit null exception at 0x00000000031f45e2 to 0x00000000031f47a9
Event: 5.545 Thread 0x0000000002f83000 Exception <a 'java/io/FileNotFoundException'> (0x00000000d62354a0) thrown at [C:\re\workspace\8-2-build-windows-amd64-cygwin\jdk8u141\9370\hotspot\src\share\vm\prims\jni.cpp, line 709]

Events (10 events):
Event: 11.064 Executing VM operation: RevokeBias
Event: 11.064 Executing VM operation: RevokeBias done
Event: 11.064 Thread 0x000000001ae77800 Thread added: 0x000000001ae77800
Event: 11.065 Thread 0x000000001ae78000 Thread added: 0x000000001ae78000
Event: 11.065 Thread 0x000000001ae77800 Thread exited: 0x000000001ae77800
Event: 11.088 Executing VM operation: RevokeBias
Event: 11.088 Executing VM operation: RevokeBias done
Event: 11.089 Thread 0x000000001a136000 Thread exited: 0x000000001a136000
Event: 11.166 Thread 0x000000001ae78000 Thread exited: 0x000000001ae78000
Event: 11.167 Executing VM operation: Exit


Dynamic libraries:
0x00007ff7ac3f0000 - 0x00007ff7ac427000 	C:\Program Files\Java\jdk1.8.0_141\jre\bin\java.exe
0x00007ffbbcca0000 - 0x00007ffbbce81000 	C:\WINDOWS\SYSTEM32\ntdll.dll
0x00007ffbbaf50000 - 0x00007ffbbb002000 	C:\WINDOWS\System32\KERNEL32.DLL
0x00007ffbb9e50000 - 0x00007ffbba0c3000 	C:\WINDOWS\System32\KERNELBASE.dll
0x00007ffbbc990000 - 0x00007ffbbca31000 	C:\WINDOWS\System32\ADVAPI32.dll
0x00007ffbbaeb0000 - 0x00007ffbbaf4e000 	C:\WINDOWS\System32\msvcrt.dll
0x00007ffbbc700000 - 0x00007ffbbc75b000 	C:\WINDOWS\System32\sechost.dll
0x00007ffbba1a0000 - 0x00007ffbba2c4000 	C:\WINDOWS\System32\RPCRT4.dll
0x00007ffbbcae0000 - 0x00007ffbbcc70000 	C:\WINDOWS\System32\USER32.dll
0x00007ffbb9c80000 - 0x00007ffbb9ca0000 	C:\WINDOWS\System32\win32u.dll
0x00007ffbbc900000 - 0x00007ffbbc928000 	C:\WINDOWS\System32\GDI32.dll
0x00007ffbb9a10000 - 0x00007ffbb9ba2000 	C:\WINDOWS\System32\gdi32full.dll
0x00007ffbb9970000 - 0x00007ffbb9a0f000 	C:\WINDOWS\System32\msvcp_win.dll
0x00007ffbb9d50000 - 0x00007ffbb9e4a000 	C:\WINDOWS\System32\ucrtbase.dll
0x00007ffbaeb40000 - 0x00007ffbaeda9000 	C:\WINDOWS\WinSxS\amd64_microsoft.windows.common-controls_6595b64144ccf1df_6.0.17134.472_none_fb3f9af53068156d\COMCTL32.dll
0x00007ffbba730000 - 0x00007ffbbaa52000 	C:\WINDOWS\System32\combase.dll
0x00007ffbb9c00000 - 0x00007ffbb9c7a000 	C:\WINDOWS\System32\bcryptPrimitives.dll
0x00007ffbba420000 - 0x00007ffbba44d000 	C:\WINDOWS\System32\IMM32.DLL
0x0000000058690000 - 0x0000000058762000 	C:\Program Files\Java\jdk1.8.0_141\jre\bin\msvcr100.dll
0x0000000058770000 - 0x000000005900d000 	C:\Program Files\Java\jdk1.8.0_141\jre\bin\server\jvm.dll
0x00007ffbbc680000 - 0x00007ffbbc688000 	C:\WINDOWS\System32\PSAPI.DLL
0x00007ffbb6e00000 - 0x00007ffbb6e23000 	C:\WINDOWS\SYSTEM32\WINMM.dll
0x00007ffb9cd70000 - 0x00007ffb9cd79000 	C:\WINDOWS\SYSTEM32\WSOCK32.dll
0x00007ffbb4230000 - 0x00007ffbb423a000 	C:\WINDOWS\SYSTEM32\VERSION.dll
0x00007ffbbc690000 - 0x00007ffbbc6fc000 	C:\WINDOWS\System32\WS2_32.dll
0x00007ffbb6c30000 - 0x00007ffbb6c5a000 	C:\WINDOWS\SYSTEM32\winmmbase.dll
0x00007ffbb9bb0000 - 0x00007ffbb9bf9000 	C:\WINDOWS\System32\cfgmgr32.dll
0x0000000058640000 - 0x000000005864f000 	C:\Program Files\Java\jdk1.8.0_141\jre\bin\verify.dll
0x0000000058610000 - 0x0000000058639000 	C:\Program Files\Java\jdk1.8.0_141\jre\bin\java.dll
0x00000000585f0000 - 0x0000000058606000 	C:\Program Files\Java\jdk1.8.0_141\jre\bin\zip.dll
0x00007ffbbb240000 - 0x00007ffbbc680000 	C:\WINDOWS\System32\SHELL32.dll
0x00007ffbbb020000 - 0x00007ffbbb0c9000 	C:\WINDOWS\System32\shcore.dll
0x00007ffbb9070000 - 0x00007ffbb977d000 	C:\WINDOWS\System32\windows.storage.dll
0x00007ffbba140000 - 0x00007ffbba191000 	C:\WINDOWS\System32\shlwapi.dll
0x00007ffbb8fd0000 - 0x00007ffbb8fe1000 	C:\WINDOWS\System32\kernel.appcore.dll
0x00007ffbb8ff0000 - 0x00007ffbb900f000 	C:\WINDOWS\System32\profapi.dll
0x00007ffbb9020000 - 0x00007ffbb906c000 	C:\WINDOWS\System32\powrprof.dll
0x00007ffbb9010000 - 0x00007ffbb901a000 	C:\WINDOWS\System32\FLTLIB.DLL
0x0000000058410000 - 0x00000000585a8000 	C:\Program Files\Java\jdk1.8.0_141\jre\bin\awt.dll
0x00007ffbba2d0000 - 0x00007ffbba392000 	C:\WINDOWS\System32\OLEAUT32.dll
0x00007ffbb7170000 - 0x00007ffbb71fb000 	C:\WINDOWS\SYSTEM32\apphelp.dll
0x0000000180000000 - 0x000000018007c000 	C:\Windows\System32\pteidlibj.dll
0x00007ffb978a0000 - 0x00007ffb9798f000 	C:\Program Files\Java\jdk1.8.0_141\jre\bin\MSVCR120.dll
0x00007ffbb1d40000 - 0x00007ffbb1de6000 	C:\Program Files\Java\jdk1.8.0_141\jre\bin\MSVCP120.dll
0x000000001b660000 - 0x000000001b6e6000 	C:\WINDOWS\SYSTEM32\pteidapplayer.dll
0x00007ffbb9780000 - 0x00007ffbb9962000 	C:\WINDOWS\System32\CRYPT32.dll
0x00007ffbb8fb0000 - 0x00007ffbb8fc2000 	C:\WINDOWS\System32\MSASN1.dll
0x0000000002de0000 - 0x0000000002e03000 	C:\WINDOWS\SYSTEM32\pteidcommon.dll
0x00007ffb94a40000 - 0x00007ffb94c45000 	C:\WINDOWS\SYSTEM32\LIBEAY32.dll
0x00007ffb949e0000 - 0x00007ffb94a3a000 	C:\WINDOWS\SYSTEM32\SSLEAY32.dll
0x00007ffbacf40000 - 0x00007ffbacf8f000 	C:\WINDOWS\SYSTEM32\libcurl.dll
0x00007ffbba3a0000 - 0x00007ffbba3ff000 	C:\WINDOWS\System32\WLDAP32.dll
0x000000001b6f0000 - 0x000000001b951000 	C:\WINDOWS\SYSTEM32\xerces-c_3_1.dll
0x000000001b960000 - 0x000000001ba40000 	C:\WINDOWS\SYSTEM32\pteid-poppler.dll
0x000000001ba40000 - 0x000000001bb53000 	C:\WINDOWS\SYSTEM32\FreeImage.dll
0x000000001bb60000 - 0x000000001bc4a000 	C:\WINDOWS\SYSTEM32\xsec_1_7.dll
0x000000001bc50000 - 0x000000001bc86000 	C:\WINDOWS\SYSTEM32\pteidcardlayer.dll
0x00007ffbb40f0000 - 0x00007ffbb4131000 	C:\WINDOWS\SYSTEM32\WinSCard.dll
0x00007ffbb8d60000 - 0x00007ffbb8d87000 	C:\WINDOWS\SYSTEM32\DEVOBJ.dll
0x000000001bca0000 - 0x000000001bcd1000 	C:\WINDOWS\SYSTEM32\pteidDlgsWin32.dll
0x00007ffbb8e50000 - 0x00007ffbb8ea6000 	C:\WINDOWS\SYSTEM32\WINSTA.dll
0x00000000585d0000 - 0x00000000585ea000 	C:\Program Files\Java\jdk1.8.0_141\jre\bin\net.dll
0x00007ffbb87d0000 - 0x00007ffbb8836000 	C:\WINDOWS\system32\mswsock.dll
0x00007ffb9d0b0000 - 0x00007ffb9d0c6000 	C:\WINDOWS\system32\napinsp.dll
0x00007ffb9cd10000 - 0x00007ffb9cd2a000 	C:\WINDOWS\system32\pnrpnsp.dll
0x00007ffbb5440000 - 0x00007ffbb5459000 	C:\WINDOWS\system32\NLAapi.dll
0x00007ffbb8590000 - 0x00007ffbb864e000 	C:\WINDOWS\SYSTEM32\DNSAPI.dll
0x00007ffbba130000 - 0x00007ffbba138000 	C:\WINDOWS\System32\NSI.dll
0x00007ffbb8550000 - 0x00007ffbb8588000 	C:\WINDOWS\SYSTEM32\IPHLPAPI.DLL
0x00007ffbb28d0000 - 0x00007ffbb28de000 	C:\WINDOWS\System32\winrnr.dll
0x00007ffbaf650000 - 0x00007ffbaf665000 	C:\WINDOWS\System32\wshbth.dll
0x00007ffbaedb0000 - 0x00007ffbaedba000 	C:\Windows\System32\rasadhlp.dll
0x00007ffbaf300000 - 0x00007ffbaf372000 	C:\WINDOWS\System32\fwpuclnt.dll
0x00007ffbb8ab0000 - 0x00007ffbb8ad5000 	C:\WINDOWS\SYSTEM32\bcrypt.dll
0x00007ffbb3790000 - 0x00007ffbb37a6000 	C:\WINDOWS\SYSTEM32\dhcpcsvc6.DLL
0x00007ffbb37b0000 - 0x00007ffbb37ca000 	C:\WINDOWS\SYSTEM32\dhcpcsvc.DLL
0x00007ffbb76b0000 - 0x00007ffbb76d9000 	C:\WINDOWS\system32\DWMAPI.DLL
0x00007ffbb73a0000 - 0x00007ffbb7438000 	C:\WINDOWS\system32\uxtheme.dll
0x00007ffb9d4a0000 - 0x00007ffb9d5c0000 	C:\WINDOWS\system32\opengl32.dll
0x00007ffbaef20000 - 0x00007ffbaef4c000 	C:\WINDOWS\SYSTEM32\GLU32.dll
0x00007ffbba5b0000 - 0x00007ffbba723000 	C:\WINDOWS\System32\MSCTF.dll
0x00007ffbba450000 - 0x00007ffbba5a1000 	C:\WINDOWS\System32\ole32.dll
0x00000000583c0000 - 0x0000000058407000 	C:\Program Files\Java\jdk1.8.0_141\jre\bin\fontmanager.dll
0x00007ffbbca40000 - 0x00007ffbbcae0000 	C:\WINDOWS\System32\clbcatq.dll
0x00007ffbae850000 - 0x00007ffbae9fe000 	C:\WINDOWS\SYSTEM32\WindowsCodecs.dll
0x00000000585b0000 - 0x00000000585c1000 	C:\Program Files\Java\jdk1.8.0_141\jre\bin\nio.dll
0x0000000058370000 - 0x00000000583b2000 	C:\Program Files\Java\jdk1.8.0_141\jre\bin\t2k.dll
0x00007ffb9bf30000 - 0x00007ffb9bfc6000 	C:\WINDOWS\System32\TextInputFramework.dll
0x00007ffbb6e70000 - 0x00007ffbb6f4a000 	C:\WINDOWS\System32\CoreMessaging.dll
0x00007ffbb05e0000 - 0x00007ffbb08fe000 	C:\WINDOWS\System32\CoreUIComponents.dll
0x00007ffbb80a0000 - 0x00007ffbb80d1000 	C:\WINDOWS\SYSTEM32\ntmarta.dll
0x00007ffbb5070000 - 0x00007ffbb51bd000 	C:\WINDOWS\SYSTEM32\wintypes.dll
0x00007ffba9d30000 - 0x00007ffba9ef9000 	C:\WINDOWS\SYSTEM32\dbghelp.dll

VM Arguments:
jvm_args: -Dfile.encoding=UTF-8 
java_command: calculator.application.CalculatorApplication
java_class_path (initial): C:\Users\tialk\Desktop\Segurança Informática\Trabalho\2018\contourCola\Cola Library\dist\Cola_Library.jar;C:\Program Files\Portugal Identity Card\sdk\Java\pteidlibj.jar;C:\Users\tialk\Desktop\Segurança Informática\Trabalho\2018\contourCola\Calculator application\build\classes
Launcher Type: SUN_STANDARD

Environment Variables:
CLASSPATH=C:\Program Files\Portugal Identity Card
PATH=C:\Program Files (x86)\Common Files\Oracle\Java\javapath;C:\ProgramData\Oracle\Java\javapath;C:\WINDOWS\system32;C:\WINDOWS;C:\WINDOWS\System32\Wbem;C:\WINDOWS\System32\WindowsPowerShell\v1.0\;C:\Program Files (x86)\Microsoft SQL Server\Client SDK\ODBC\130\Tools\Binn\;C:\Program Files (x86)\Microsoft SQL Server\140\Tools\Binn\;C:\Program Files (x86)\Microsoft SQL Server\140\DTS\Binn\;C:\Program Files (x86)\Microsoft SQL Server\140\Tools\Binn\ManagementStudio\;C:\Program Files\Microsoft SQL Server\130\Tools\Binn\;C:\Program Files\dotnet\;C:\Program Files\Microsoft SQL Server\Client SDK\ODBC\130\Tools\Binn\;C:\Program Files (x86)\Microsoft SQL Server\130\Tools\Binn\;C:\Program Files\Microsoft SQL Server\130\DTS\Binn\;C:\Program Files\nodejs\;C:\WINDOWS\System32\OpenSSH\;C:\Program Files\Git\cmd;C:\Program Files\Portugal Identity Card;C:\Program Files (x86)\NVIDIA Corporation\PhysX\Common;C:\Users\tialk\AppData\Local\Microsoft\WindowsApps;C:\Users\tialk\AppData\Local\atom\bin;C:\Users\tialk\AppData\Roaming\npm;C:\Users\tialk\AppData\Local\Microsoft\WindowsApps;C:\Users\tialk\AppData\Local\GitHubDesktop\bin;
USERNAME=tjsantos
OS=Windows_NT
PROCESSOR_IDENTIFIER=Intel64 Family 6 Model 58 Stepping 9, GenuineIntel



---------------  S Y S T E M  ---------------

OS: Windows 10.0 , 64 bit Build 17134 (10.0.17134.1)

CPU:total 8 (initial active 8) (4 cores per cpu, 2 threads per core) family 6 model 58 stepping 9, cmov, cx8, fxsr, mmx, sse, sse2, sse3, ssse3, sse4.1, sse4.2, popcnt, avx, aes, clmul, erms, ht, tsc, tscinvbit, tscinv

Memory: 4k page, physical 8275596k(1823092k free), swap 12338828k(3755540k free)

vm_info: Java HotSpot(TM) 64-Bit Server VM (25.141-b15) for windows-amd64 JRE (1.8.0_141-b15), built on Jul 12 2017 04:25:12 by "java_re" with MS VC++ 10.0 (VS2010)

time: Wed Jan 02 15:26:00 2019
elapsed time: 11 seconds (0d 0h 0m 11s)

