#
# A fatal error has been detected by the Java Runtime Environment:
#
#  EXCEPTION_UNCAUGHT_CXX_EXCEPTION (0xe06d7363) at pc=0x00007ffbb9e8a388, pid=736, tid=0x00000000000018bc
#
# JRE version: Java(TM) SE Runtime Environment (8.0_141-b15) (build 1.8.0_141-b15)
# Java VM: Java HotSpot(TM) 64-Bit Server VM (25.141-b15 mixed mode windows-amd64 compressed oops)
# Problematic frame:
# C  [KERNELBASE.dll+0x3a388]
#
# Failed to write core dump. Minidumps are not enabled by default on client versions of Windows
#
# If you would like to submit a bug report, please visit:
#   http://bugreport.java.com/bugreport/crash.jsp
#

---------------  T H R E A D  ---------------

Current thread (0x0000000018219000):  VMThread [stack: 0x0000000019f20000,0x000000001a020000] [id=6332]

siginfo: ExceptionCode=0xe06d7363, ExceptionInformation=0x0000000019930520 0x000000001a01f4d0 0x000000018005ebe8 0x0000000180000000 

Registers:
RAX=0x0000000000000026, RBX=0x000000018005ebe8, RCX=0x0000000000000080, RDX=0x0000000000000101
RSP=0x000000001a01f360, RBP=0x000000001a01f4a0, RSI=0x0000000000000001, RDI=0x000000001a01f4d0
R8 =0x0000000000000003, R9 =0x00000000012709e0, R10=0x0000000000000000, R11=0x00000000011c7910
R12=0x00000000011dbb48, R13=0x00000000011dbb00, R14=0x00000000011dbb30, R15=0x0000000000000000
RIP=0x00007ffbb9e8a388, EFLAGS=0x0000000000000202

Top of Stack: (sp=0x000000001a01f360)
0x000000001a01f360:   0000000000000000 000000018005ebe8
0x000000001a01f370:   0000000000000001 000000001a01f4d0
0x000000001a01f380:   00000001e06d7363 0000000000000000
0x000000001a01f390:   00007ffbb9e8a388 0000000000000004
0x000000001a01f3a0:   0000000019930520 000000001a01f4d0
0x000000001a01f3b0:   000000018005ebe8 0000000180000000
0x000000001a01f3c0:   00000000011dbb30 00000000011dbb48
0x000000001a01f3d0:   000000001a01f4d0 0000000000000001
0x000000001a01f3e0:   000000001a01f4a0 00007ffbbccb0f6f
0x000000001a01f3f0:   000000001a01f4b0 00007ffb00000000
0x000000001a01f400:   0000000000000001 00000000180a56d0
0x000000001a01f410:   0000000180074000 0000000180000000
0x000000001a01f420:   0000a57941e2046f 0000d023ddd4f220
0x000000001a01f430:   000000018005ebe8 00007ffb9799ef63
0x000000001a01f440:   00000000011dbb00 00000000011dbb48
0x000000001a01f450:   000000001a01f4b8 0000000000000001 

Instructions: (pc=0x00007ffbb9e8a388)
0x00007ffbb9e8a368:   49 8b d1 44 0f 47 c0 44 89 44 24 38 49 c1 e0 03
0x00007ffbb9e8a378:   e8 4a 46 04 00 48 8d 4c 24 20 ff 15 d0 82 14 00
0x00007ffbb9e8a388:   48 8b 8c 24 c0 00 00 00 48 33 cc e8 b8 05 04 00
0x00007ffbb9e8a398:   48 81 c4 d8 00 00 00 c3 83 64 24 38 00 eb d6 cc 


Register to memory mapping:

RAX=0x0000000000000026 is an unknown value
RBX=0x000000018005ebe8 is an unknown value
RCX=0x0000000000000080 is an unknown value
RDX=0x0000000000000101 is an unknown value
RSP=0x000000001a01f360 is an unknown value
RBP=0x000000001a01f4a0 is an unknown value
RSI=0x0000000000000001 is an unknown value
RDI=0x000000001a01f4d0 is an unknown value
R8 =0x0000000000000003 is an unknown value
R9 =0x00000000012709e0 is an unknown value
R10=0x0000000000000000 is an unknown value
R11=0x00000000011c7910 is an unknown value
R12=0x00000000011dbb48 is an unknown value
R13=0x00000000011dbb00 is an unknown value
R14=0x00000000011dbb30 is an unknown value
R15=0x0000000000000000 is an unknown value


Stack: [0x0000000019f20000,0x000000001a020000],  sp=0x000000001a01f360,  free space=1020k
Native frames: (J=compiled Java code, j=interpreted, Vv=VM code, C=native code)
C  [KERNELBASE.dll+0x3a388]
C  [MSVCR120.dll+0x5ef63]
C  [pteidlibj.dll+0x377e4]
C  [pteidlibj.dll+0x21b14]
C  [pteidlibj.dll+0x21d96]
C  [ntdll.dll+0x3b583]
C  [ntdll.dll+0x47f85]
C  [ntdll.dll+0x47e48]
C  [KERNEL32.DLL+0x1b19a]
C  [msvcr100.dll+0x20ccd]
V  [jvm.dll+0x213145]
V  [jvm.dll+0x24c127]
V  [jvm.dll+0x24b3c6]
V  [jvm.dll+0x24b861]
V  [jvm.dll+0x24ba7e]
V  [jvm.dll+0x29ca6a]
C  [msvcr100.dll+0x21d9f]
C  [msvcr100.dll+0x21e3b]
C  [KERNEL32.DLL+0x13034]
C  [ntdll.dll+0x73691]

VM_Operation (0x000000001cf1c6a0): Exit, mode: safepoint, requested by thread 0x000000001a2fb000


---------------  P R O C E S S  ---------------

Java Threads: ( => current thread )
  0x0000000003103000 JavaThread "DestroyJavaVM" [_thread_blocked, id=8608, stack(0x0000000002fb0000,0x00000000030b0000)]
  0x000000001a2fb000 JavaThread "AWT-EventQueue-0" [_thread_blocked, id=10784, stack(0x000000001ce20000,0x000000001cf20000)]
  0x000000001a1ae800 JavaThread "AWT-Shutdown" [_thread_blocked, id=11300, stack(0x000000001c550000,0x000000001c650000)]
  0x000000001a1ad800 JavaThread "Java2D Disposer" daemon [_thread_blocked, id=3504, stack(0x000000001c3c0000,0x000000001c4c0000)]
  0x000000001a199000 JavaThread "Service Thread" daemon [_thread_blocked, id=7652, stack(0x000000001ad30000,0x000000001ae30000)]
  0x000000001a157000 JavaThread "C1 CompilerThread3" daemon [_thread_blocked, id=12508, stack(0x000000001ac30000,0x000000001ad30000)]
  0x000000001a155000 JavaThread "C2 CompilerThread2" daemon [_thread_blocked, id=12540, stack(0x000000001ab30000,0x000000001ac30000)]
  0x000000001a154000 JavaThread "C2 CompilerThread1" daemon [_thread_blocked, id=12808, stack(0x000000001aa30000,0x000000001ab30000)]
  0x000000001a14e800 JavaThread "C2 CompilerThread0" daemon [_thread_blocked, id=3956, stack(0x000000001a930000,0x000000001aa30000)]
  0x000000001a14c800 JavaThread "Attach Listener" daemon [_thread_blocked, id=8248, stack(0x000000001a830000,0x000000001a930000)]
  0x000000001a14b000 JavaThread "Signal Dispatcher" daemon [_thread_blocked, id=7368, stack(0x000000001a730000,0x000000001a830000)]
  0x00000000031fe000 JavaThread "Finalizer" daemon [_thread_blocked, id=2156, stack(0x000000001a520000,0x000000001a620000)]
  0x00000000031f5000 JavaThread "Reference Handler" daemon [_thread_blocked, id=9680, stack(0x000000001a020000,0x000000001a120000)]

Other Threads:
=>0x0000000018219000 VMThread [stack: 0x0000000019f20000,0x000000001a020000] [id=6332]

VM state:at safepoint (shutting down)

VM Mutex/Monitor currently owned by a thread:  ([mutex/lock_event])
[0x000000000328c8c0] Threads_lock - owner thread: 0x0000000018219000

Heap:
 PSYoungGen      total 38400K, used 9993K [0x00000000d5e00000, 0x00000000d8880000, 0x0000000100000000)
  eden space 33280K, 30% used [0x00000000d5e00000,0x00000000d67c24d0,0x00000000d7e80000)
  from space 5120K, 0% used [0x00000000d8380000,0x00000000d8380000,0x00000000d8880000)
  to   space 5120K, 0% used [0x00000000d7e80000,0x00000000d7e80000,0x00000000d8380000)
 ParOldGen       total 87552K, used 0K [0x0000000081a00000, 0x0000000086f80000, 0x00000000d5e00000)
  object space 87552K, 0% used [0x0000000081a00000,0x0000000081a00000,0x0000000086f80000)
 Metaspace       used 13024K, capacity 13334K, committed 13568K, reserved 1060864K
  class space    used 1596K, capacity 1690K, committed 1792K, reserved 1048576K

Card table byte_map: [0x0000000012650000,0x0000000012a50000] byte_map_base: 0x0000000012243000

Marking Bits: (ParMarkBitMap*) 0x0000000058b9d850
 Begin Bits: [0x0000000013500000, 0x0000000015498000)
 End Bits:   [0x0000000015498000, 0x0000000017430000)

Polling page: 0x00000000030b0000

CodeCache: size=245760Kb used=2482Kb max_used=2493Kb free=243277Kb
 bounds [0x0000000003290000, 0x0000000003510000, 0x0000000012290000]
 total_blobs=1214 nmethods=692 adapters=435
 compilation: enabled

Compilation events (10 events):
Event: 20.799 Thread 0x000000001a157000  695       3       java.awt.EventQueue::uncacheEQItem (53 bytes)
Event: 20.800 Thread 0x000000001a157000 nmethod 695 0x00000000034fc010 code [0x00000000034fc1a0, 0x00000000034fc868]
Event: 21.967 Thread 0x000000001a157000  696       3       java.util.WeakHashMap::maskNull (12 bytes)
Event: 21.967 Thread 0x000000001a157000 nmethod 696 0x00000000034fca50 code [0x00000000034fcba0, 0x00000000034fcd30]
Event: 21.967 Thread 0x000000001a157000  697       3       java.util.WeakHashMap::hash (28 bytes)
Event: 21.968 Thread 0x000000001a157000 nmethod 697 0x00000000034fcd90 code [0x00000000034fcf00, 0x00000000034fd148]
Event: 21.968 Thread 0x000000001a14e800  698       4       java.util.HashMap::getNode (148 bytes)
Event: 21.969 Thread 0x000000001a157000  699       3       java.awt.Component::getFont (5 bytes)
Event: 21.970 Thread 0x000000001a157000 nmethod 699 0x00000000034fd210 code [0x00000000034fd3a0, 0x00000000034fd8a8]
Event: 21.975 Thread 0x000000001a14e800 nmethod 698 0x0000000003500890 code [0x00000000035009e0, 0x0000000003500c38]

GC Heap History (0 events):
No events

Deoptimization events (2 events):
Event: 12.148 Thread 0x0000000003103000 Uncommon trap: reason=null_check action=make_not_entrant pc=0x0000000003404b78 method=java.lang.String.equals(Ljava/lang/Object;)Z @ 8
Event: 12.188 Thread 0x0000000003103000 Uncommon trap: reason=unstable_if action=reinterpret pc=0x000000000345dd88 method=java.lang.AbstractStringBuilder.append(Ljava/lang/String;)Ljava/lang/AbstractStringBuilder; @ 1

Internal exceptions (10 events):
Event: 0.292 Thread 0x0000000003103000 Exception <a 'java/security/PrivilegedActionException'> (0x00000000d5f57360) thrown at [C:\re\workspace\8-2-build-windows-amd64-cygwin\jdk8u141\9370\hotspot\src\share\vm\prims\jvm.cpp, line 1390]
Event: 0.292 Thread 0x0000000003103000 Exception <a 'java/security/PrivilegedActionException'> (0x00000000d5f57570) thrown at [C:\re\workspace\8-2-build-windows-amd64-cygwin\jdk8u141\9370\hotspot\src\share\vm\prims\jvm.cpp, line 1390]
Event: 0.293 Thread 0x0000000003103000 Exception <a 'java/security/PrivilegedActionException'> (0x00000000d5f5b480) thrown at [C:\re\workspace\8-2-build-windows-amd64-cygwin\jdk8u141\9370\hotspot\src\share\vm\prims\jvm.cpp, line 1390]
Event: 0.293 Thread 0x0000000003103000 Exception <a 'java/security/PrivilegedActionException'> (0x00000000d5f5b690) thrown at [C:\re\workspace\8-2-build-windows-amd64-cygwin\jdk8u141\9370\hotspot\src\share\vm\prims\jvm.cpp, line 1390]
Event: 0.310 Thread 0x0000000003103000 Exception <a 'java/io/FileNotFoundException'> (0x00000000d5f64278) thrown at [C:\re\workspace\8-2-build-windows-amd64-cygwin\jdk8u141\9370\hotspot\src\share\vm\prims\jni.cpp, line 709]
Event: 0.396 Thread 0x0000000003103000 Exception <a 'java/lang/NoSuchFieldError': method resolution failed> (0x00000000d60319b8) thrown at [C:\re\workspace\8-2-build-windows-amd64-cygwin\jdk8u141\9370\hotspot\src\share\vm\prims\methodHandles.cpp, line 1146]
Event: 0.400 Thread 0x0000000003103000 Exception <a 'java/lang/NoSuchFieldError': method resolution failed> (0x00000000d603ed88) thrown at [C:\re\workspace\8-2-build-windows-amd64-cygwin\jdk8u141\9370\hotspot\src\share\vm\prims\methodHandles.cpp, line 1146]
Event: 12.028 Thread 0x0000000003103000 Exception <a 'java/io/FileNotFoundException'> (0x00000000d625ed78) thrown at [C:\re\workspace\8-2-build-windows-amd64-cygwin\jdk8u141\9370\hotspot\src\share\vm\prims\jni.cpp, line 709]
Event: 12.148 Thread 0x0000000003103000 Implicit null exception at 0x00000000034049a2 to 0x0000000003404b69
Event: 12.188 Thread 0x0000000003103000 Implicit null exception at 0x000000000345d9d6 to 0x000000000345dd71

Events (10 events):
Event: 22.064 Executing VM operation: RevokeBias
Event: 22.064 Executing VM operation: RevokeBias done
Event: 22.064 Thread 0x000000001b0af800 Thread added: 0x000000001b0af800
Event: 22.064 Thread 0x000000001b0b0800 Thread added: 0x000000001b0b0800
Event: 22.065 Thread 0x000000001b0af800 Thread exited: 0x000000001b0af800
Event: 22.119 Executing VM operation: RevokeBias
Event: 22.119 Executing VM operation: RevokeBias done
Event: 22.119 Thread 0x000000001a42d800 Thread exited: 0x000000001a42d800
Event: 22.166 Thread 0x000000001b0b0800 Thread exited: 0x000000001b0b0800
Event: 22.167 Executing VM operation: Exit


Dynamic libraries:
0x00007ff608e30000 - 0x00007ff608e67000 	C:\Program Files\Java\jdk1.8.0_141\jre\bin\java.exe
0x00007ffbbcca0000 - 0x00007ffbbce81000 	C:\WINDOWS\SYSTEM32\ntdll.dll
0x00007ffbbaf50000 - 0x00007ffbbb002000 	C:\WINDOWS\System32\KERNEL32.DLL
0x00007ffbb9e50000 - 0x00007ffbba0c3000 	C:\WINDOWS\System32\KERNELBASE.dll
0x00007ffbbc990000 - 0x00007ffbbca31000 	C:\WINDOWS\System32\ADVAPI32.dll
0x00007ffbbaeb0000 - 0x00007ffbbaf4e000 	C:\WINDOWS\System32\msvcrt.dll
0x00007ffbbc700000 - 0x00007ffbbc75b000 	C:\WINDOWS\System32\sechost.dll
0x00007ffbba1a0000 - 0x00007ffbba2c4000 	C:\WINDOWS\System32\RPCRT4.dll
0x00007ffbbcae0000 - 0x00007ffbbcc70000 	C:\WINDOWS\System32\USER32.dll
0x00007ffbb9c80000 - 0x00007ffbb9ca0000 	C:\WINDOWS\System32\win32u.dll
0x00007ffbbc900000 - 0x00007ffbbc928000 	C:\WINDOWS\System32\GDI32.dll
0x00007ffbb9a10000 - 0x00007ffbb9ba2000 	C:\WINDOWS\System32\gdi32full.dll
0x00007ffbb9970000 - 0x00007ffbb9a0f000 	C:\WINDOWS\System32\msvcp_win.dll
0x00007ffbb9d50000 - 0x00007ffbb9e4a000 	C:\WINDOWS\System32\ucrtbase.dll
0x00007ffbaeb40000 - 0x00007ffbaeda9000 	C:\WINDOWS\WinSxS\amd64_microsoft.windows.common-controls_6595b64144ccf1df_6.0.17134.472_none_fb3f9af53068156d\COMCTL32.dll
0x00007ffbba730000 - 0x00007ffbbaa52000 	C:\WINDOWS\System32\combase.dll
0x00007ffbb9c00000 - 0x00007ffbb9c7a000 	C:\WINDOWS\System32\bcryptPrimitives.dll
0x00007ffbba420000 - 0x00007ffbba44d000 	C:\WINDOWS\System32\IMM32.DLL
0x00000000582a0000 - 0x0000000058372000 	C:\Program Files\Java\jdk1.8.0_141\jre\bin\msvcr100.dll
0x0000000058380000 - 0x0000000058c1d000 	C:\Program Files\Java\jdk1.8.0_141\jre\bin\server\jvm.dll
0x00007ffbbc680000 - 0x00007ffbbc688000 	C:\WINDOWS\System32\PSAPI.DLL
0x00007ffbb6e00000 - 0x00007ffbb6e23000 	C:\WINDOWS\SYSTEM32\WINMM.dll
0x00007ffb92e50000 - 0x00007ffb92e59000 	C:\WINDOWS\SYSTEM32\WSOCK32.dll
0x00007ffbb4230000 - 0x00007ffbb423a000 	C:\WINDOWS\SYSTEM32\VERSION.dll
0x00007ffbbc690000 - 0x00007ffbbc6fc000 	C:\WINDOWS\System32\WS2_32.dll
0x00007ffbb6c30000 - 0x00007ffbb6c5a000 	C:\WINDOWS\SYSTEM32\winmmbase.dll
0x00007ffbb9bb0000 - 0x00007ffbb9bf9000 	C:\WINDOWS\System32\cfgmgr32.dll
0x0000000058250000 - 0x000000005825f000 	C:\Program Files\Java\jdk1.8.0_141\jre\bin\verify.dll
0x0000000058220000 - 0x0000000058249000 	C:\Program Files\Java\jdk1.8.0_141\jre\bin\java.dll
0x0000000058200000 - 0x0000000058216000 	C:\Program Files\Java\jdk1.8.0_141\jre\bin\zip.dll
0x00007ffbbb240000 - 0x00007ffbbc680000 	C:\WINDOWS\System32\SHELL32.dll
0x00007ffbbb020000 - 0x00007ffbbb0c9000 	C:\WINDOWS\System32\shcore.dll
0x00007ffbb9070000 - 0x00007ffbb977d000 	C:\WINDOWS\System32\windows.storage.dll
0x00007ffbba140000 - 0x00007ffbba191000 	C:\WINDOWS\System32\shlwapi.dll
0x00007ffbb8fd0000 - 0x00007ffbb8fe1000 	C:\WINDOWS\System32\kernel.appcore.dll
0x00007ffbb8ff0000 - 0x00007ffbb900f000 	C:\WINDOWS\System32\profapi.dll
0x00007ffbb9020000 - 0x00007ffbb906c000 	C:\WINDOWS\System32\powrprof.dll
0x00007ffbb9010000 - 0x00007ffbb901a000 	C:\WINDOWS\System32\FLTLIB.DLL
0x0000000058020000 - 0x00000000581b8000 	C:\Program Files\Java\jdk1.8.0_141\jre\bin\awt.dll
0x00007ffbba2d0000 - 0x00007ffbba392000 	C:\WINDOWS\System32\OLEAUT32.dll
0x00007ffbb7170000 - 0x00007ffbb71fb000 	C:\WINDOWS\SYSTEM32\apphelp.dll
0x0000000180000000 - 0x000000018007c000 	C:\Windows\System32\pteidlibj.dll
0x00007ffb98210000 - 0x00007ffb982b6000 	C:\Program Files\Java\jdk1.8.0_141\jre\bin\MSVCP120.dll
0x00007ffb97940000 - 0x00007ffb97a2f000 	C:\Program Files\Java\jdk1.8.0_141\jre\bin\MSVCR120.dll
0x0000000003240000 - 0x0000000003263000 	C:\WINDOWS\SYSTEM32\pteidcommon.dll
0x000000001b890000 - 0x000000001b916000 	C:\WINDOWS\SYSTEM32\pteidapplayer.dll
0x00007ffbb9780000 - 0x00007ffbb9962000 	C:\WINDOWS\System32\CRYPT32.dll
0x00007ffbb8fb0000 - 0x00007ffbb8fc2000 	C:\WINDOWS\System32\MSASN1.dll
0x00007ffb981b0000 - 0x00007ffb9820a000 	C:\WINDOWS\SYSTEM32\SSLEAY32.dll
0x00007ffb97730000 - 0x00007ffb97935000 	C:\WINDOWS\SYSTEM32\LIBEAY32.dll
0x00007ffb98160000 - 0x00007ffb981af000 	C:\WINDOWS\SYSTEM32\libcurl.dll
0x00007ffbba3a0000 - 0x00007ffbba3ff000 	C:\WINDOWS\System32\WLDAP32.dll
0x000000001b940000 - 0x000000001bba1000 	C:\WINDOWS\SYSTEM32\xerces-c_3_1.dll
0x000000001bbc0000 - 0x000000001bca0000 	C:\WINDOWS\SYSTEM32\pteid-poppler.dll
0x000000001bca0000 - 0x000000001bdb3000 	C:\WINDOWS\SYSTEM32\FreeImage.dll
0x000000001bdc0000 - 0x000000001beaa000 	C:\WINDOWS\SYSTEM32\xsec_1_7.dll
0x000000001bec0000 - 0x000000001bef6000 	C:\WINDOWS\SYSTEM32\pteidcardlayer.dll
0x00007ffbb40f0000 - 0x00007ffbb4131000 	C:\WINDOWS\SYSTEM32\WinSCard.dll
0x00007ffbb8d60000 - 0x00007ffbb8d87000 	C:\WINDOWS\SYSTEM32\DEVOBJ.dll
0x000000001bf20000 - 0x000000001bf51000 	C:\WINDOWS\SYSTEM32\pteidDlgsWin32.dll
0x00007ffbb8e50000 - 0x00007ffbb8ea6000 	C:\WINDOWS\SYSTEM32\WINSTA.dll
0x00000000581e0000 - 0x00000000581fa000 	C:\Program Files\Java\jdk1.8.0_141\jre\bin\net.dll
0x00007ffbb87d0000 - 0x00007ffbb8836000 	C:\WINDOWS\system32\mswsock.dll
0x00007ffb93650000 - 0x00007ffb93666000 	C:\WINDOWS\system32\napinsp.dll
0x00007ffb935f0000 - 0x00007ffb9360a000 	C:\WINDOWS\system32\pnrpnsp.dll
0x00007ffbb5440000 - 0x00007ffbb5459000 	C:\WINDOWS\system32\NLAapi.dll
0x00007ffbb8590000 - 0x00007ffbb864e000 	C:\WINDOWS\SYSTEM32\DNSAPI.dll
0x00007ffbba130000 - 0x00007ffbba138000 	C:\WINDOWS\System32\NSI.dll
0x00007ffbb8550000 - 0x00007ffbb8588000 	C:\WINDOWS\SYSTEM32\IPHLPAPI.DLL
0x00007ffb98640000 - 0x00007ffb9864e000 	C:\WINDOWS\System32\winrnr.dll
0x00007ffbaf650000 - 0x00007ffbaf665000 	C:\WINDOWS\System32\wshbth.dll
0x00007ffbaedb0000 - 0x00007ffbaedba000 	C:\Windows\System32\rasadhlp.dll
0x00007ffbaf300000 - 0x00007ffbaf372000 	C:\WINDOWS\System32\fwpuclnt.dll
0x00007ffbb8ab0000 - 0x00007ffbb8ad5000 	C:\WINDOWS\SYSTEM32\bcrypt.dll
0x00007ffbb3790000 - 0x00007ffbb37a6000 	C:\WINDOWS\SYSTEM32\dhcpcsvc6.DLL
0x00007ffbb37b0000 - 0x00007ffbb37ca000 	C:\WINDOWS\SYSTEM32\dhcpcsvc.DLL
0x00007ffbb76b0000 - 0x00007ffbb76d9000 	C:\WINDOWS\system32\DWMAPI.DLL
0x00007ffbb73a0000 - 0x00007ffbb7438000 	C:\WINDOWS\system32\uxtheme.dll
0x00007ffb9c260000 - 0x00007ffb9c380000 	C:\WINDOWS\system32\opengl32.dll
0x00007ffb9e1f0000 - 0x00007ffb9e21c000 	C:\WINDOWS\SYSTEM32\GLU32.dll
0x00007ffbba5b0000 - 0x00007ffbba723000 	C:\WINDOWS\System32\MSCTF.dll
0x00007ffbba450000 - 0x00007ffbba5a1000 	C:\WINDOWS\System32\ole32.dll
0x0000000055940000 - 0x0000000055987000 	C:\Program Files\Java\jdk1.8.0_141\jre\bin\fontmanager.dll
0x00007ffbbca40000 - 0x00007ffbbcae0000 	C:\WINDOWS\System32\clbcatq.dll
0x00007ffbae850000 - 0x00007ffbae9fe000 	C:\WINDOWS\SYSTEM32\WindowsCodecs.dll
0x00000000581c0000 - 0x00000000581d1000 	C:\Program Files\Java\jdk1.8.0_141\jre\bin\nio.dll
0x00000000558f0000 - 0x0000000055932000 	C:\Program Files\Java\jdk1.8.0_141\jre\bin\t2k.dll
0x00007ffbb0b40000 - 0x00007ffbb0bd6000 	C:\WINDOWS\System32\TextInputFramework.dll
0x00007ffbb05e0000 - 0x00007ffbb08fe000 	C:\WINDOWS\System32\CoreUIComponents.dll
0x00007ffbb6e70000 - 0x00007ffbb6f4a000 	C:\WINDOWS\System32\CoreMessaging.dll
0x00007ffbb80a0000 - 0x00007ffbb80d1000 	C:\WINDOWS\SYSTEM32\ntmarta.dll
0x00007ffbb5070000 - 0x00007ffbb51bd000 	C:\WINDOWS\SYSTEM32\wintypes.dll
0x00007ffba9d30000 - 0x00007ffba9ef9000 	C:\WINDOWS\SYSTEM32\dbghelp.dll

VM Arguments:
jvm_args: -Dfile.encoding=UTF-8 
java_command: calculator.application.CalculatorApplication
java_class_path (initial): C:\Users\tialk\Desktop\Segurança Informática\Trabalho\2018\contourCola\Cola Library\dist\Cola_Library.jar;C:\Program Files\Portugal Identity Card\sdk\Java\pteidlibj.jar;C:\Users\tialk\Desktop\Segurança Informática\Trabalho\2018\contourCola\Calculator application\build\classes
Launcher Type: SUN_STANDARD

Environment Variables:
CLASSPATH=C:\Program Files\Portugal Identity Card
PATH=C:\Program Files (x86)\Common Files\Oracle\Java\javapath;C:\ProgramData\Oracle\Java\javapath;C:\WINDOWS\system32;C:\WINDOWS;C:\WINDOWS\System32\Wbem;C:\WINDOWS\System32\WindowsPowerShell\v1.0\;C:\Program Files (x86)\Microsoft SQL Server\Client SDK\ODBC\130\Tools\Binn\;C:\Program Files (x86)\Microsoft SQL Server\140\Tools\Binn\;C:\Program Files (x86)\Microsoft SQL Server\140\DTS\Binn\;C:\Program Files (x86)\Microsoft SQL Server\140\Tools\Binn\ManagementStudio\;C:\Program Files\Microsoft SQL Server\130\Tools\Binn\;C:\Program Files\dotnet\;C:\Program Files\Microsoft SQL Server\Client SDK\ODBC\130\Tools\Binn\;C:\Program Files (x86)\Microsoft SQL Server\130\Tools\Binn\;C:\Program Files\Microsoft SQL Server\130\DTS\Binn\;C:\Program Files\nodejs\;C:\WINDOWS\System32\OpenSSH\;C:\Program Files\Git\cmd;C:\Program Files\Portugal Identity Card;C:\Program Files (x86)\NVIDIA Corporation\PhysX\Common;C:\Users\tialk\AppData\Local\Microsoft\WindowsApps;C:\Users\tialk\AppData\Local\atom\bin;C:\Users\tialk\AppData\Roaming\npm;C:\Users\tialk\AppData\Local\Microsoft\WindowsApps;C:\Users\tialk\AppData\Local\GitHubDesktop\bin;
USERNAME=tjsantos
OS=Windows_NT
PROCESSOR_IDENTIFIER=Intel64 Family 6 Model 58 Stepping 9, GenuineIntel



---------------  S Y S T E M  ---------------

OS: Windows 10.0 , 64 bit Build 17134 (10.0.17134.1)

CPU:total 8 (initial active 8) (4 cores per cpu, 2 threads per core) family 6 model 58 stepping 9, cmov, cx8, fxsr, mmx, sse, sse2, sse3, ssse3, sse4.1, sse4.2, popcnt, avx, aes, clmul, erms, ht, tsc, tscinvbit, tscinv

Memory: 4k page, physical 8275596k(3643468k free), swap 12338828k(5785308k free)

vm_info: Java HotSpot(TM) 64-Bit Server VM (25.141-b15) for windows-amd64 JRE (1.8.0_141-b15), built on Jul 12 2017 04:25:12 by "java_re" with MS VC++ 10.0 (VS2010)

time: Wed Jan 02 12:21:44 2019
elapsed time: 22 seconds (0d 0h 0m 22s)

