#
# A fatal error has been detected by the Java Runtime Environment:
#
#  EXCEPTION_UNCAUGHT_CXX_EXCEPTION (0xe06d7363) at pc=0x00007ffb53aea388, pid=17400, tid=0x00000000000049cc
#
# JRE version: Java(TM) SE Runtime Environment (8.0_101-b13) (build 1.8.0_101-b13)
# Java VM: Java HotSpot(TM) 64-Bit Server VM (25.101-b13 mixed mode windows-amd64 compressed oops)
# Problematic frame:
# C  [KERNELBASE.dll+0x3a388]
#
# Failed to write core dump. Minidumps are not enabled by default on client versions of Windows
#
# If you would like to submit a bug report, please visit:
#   http://bugreport.java.com/bugreport/crash.jsp
#

---------------  T H R E A D  ---------------

Current thread (0x0000000017208000):  VMThread [stack: 0x0000000018290000,0x0000000018390000] [id=18892]

siginfo: ExceptionCode=0xe06d7363, ExceptionInformation=0x0000000019930520 0x000000001838ee30 0x000000018005ebe8 0x0000000180000000 

Registers:
RAX=0x0000000000000021, RBX=0x000000018005ebe8, RCX=0x0000000000000005, RDX=0x0000000000000101
RSP=0x000000001838ecc0, RBP=0x000000001838ee00, RSI=0x0000000000000001, RDI=0x000000001838ee30
R8 =0x0000000000000003, R9 =0x0000000000a6b960, R10=0x0000000000000000, R11=0x00000000009a7698
R12=0x00000000009bb738, R13=0x00000000009bb6f0, R14=0x00000000009bb720, R15=0x0000000000000000
RIP=0x00007ffb53aea388, EFLAGS=0x0000000000000202

Top of Stack: (sp=0x000000001838ecc0)
0x000000001838ecc0:   0000000000000000 000000018005ebe8
0x000000001838ecd0:   0000000000000001 000000001838ee30
0x000000001838ece0:   00000001e06d7363 0000000000000000
0x000000001838ecf0:   00007ffb53aea388 0000000000000004
0x000000001838ed00:   0000000019930520 000000001838ee30
0x000000001838ed10:   000000018005ebe8 0000000180000000
0x000000001838ed20:   00000000009bb720 00000000009bb738
0x000000001838ed30:   000000001838ee30 0000000000000001
0x000000001838ed40:   000000001838ee00 00007ffb574f0f6f
0x000000001838ed50:   000000001838ee10 00007ffb00000000
0x000000001838ed60:   0000000000000001 0000000017115400
0x000000001838ed70:   0000000180074000 0000000180000000
0x000000001838ed80:   00001f94f2080b0c 000009f6b1b53888
0x000000001838ed90:   000000018005ebe8 00007ffb2af3ef63
0x000000001838eda0:   00000000009bb6f0 00000000009bb738
0x000000001838edb0:   000000001838ee18 0000000000000001 

Instructions: (pc=0x00007ffb53aea388)
0x00007ffb53aea368:   49 8b d1 44 0f 47 c0 44 89 44 24 38 49 c1 e0 03
0x00007ffb53aea378:   e8 4a 46 04 00 48 8d 4c 24 20 ff 15 d0 82 14 00
0x00007ffb53aea388:   48 8b 8c 24 c0 00 00 00 48 33 cc e8 b8 05 04 00
0x00007ffb53aea398:   48 81 c4 d8 00 00 00 c3 83 64 24 38 00 eb d6 cc 


Register to memory mapping:

RAX=0x0000000000000021 is an unknown value
RBX=0x000000018005ebe8 is an unknown value
RCX=0x0000000000000005 is an unknown value
RDX=0x0000000000000101 is an unknown value
RSP=0x000000001838ecc0 is an unknown value
RBP=0x000000001838ee00 is an unknown value
RSI=0x0000000000000001 is an unknown value
RDI=0x000000001838ee30 is an unknown value
R8 =0x0000000000000003 is an unknown value
R9 =0x0000000000a6b960 is an unknown value
R10=0x0000000000000000 is an unknown value
R11=0x00000000009a7698 is an unknown value
R12=0x00000000009bb738 is an unknown value
R13=0x00000000009bb6f0 is an unknown value
R14=0x00000000009bb720 is an unknown value
R15=0x0000000000000000 is an unknown value


Stack: [0x0000000018290000,0x0000000018390000],  sp=0x000000001838ecc0,  free space=1019k
Native frames: (J=compiled Java code, j=interpreted, Vv=VM code, C=native code)
C  [KERNELBASE.dll+0x3a388]
C  [MSVCR120.dll+0x5ef63]
C  [pteidlibj.dll+0x377e4]
C  [pteidlibj.dll+0x21b14]
C  [pteidlibj.dll+0x21d96]
C  [ntdll.dll+0x3b583]
C  [ntdll.dll+0x47f85]
C  [ntdll.dll+0x47e48]
C  [KERNEL32.DLL+0x1b19a]
C  [msvcr100.dll+0x20ccd]
V  [jvm.dll+0x212ba5]
V  [jvm.dll+0x24b777]
V  [jvm.dll+0x24aa16]
V  [jvm.dll+0x24aeb1]
V  [jvm.dll+0x24b0ce]
V  [jvm.dll+0x29c18a]
C  [msvcr100.dll+0x21d9f]
C  [msvcr100.dll+0x21e3b]
C  [KERNEL32.DLL+0x13034]
C  [ntdll.dll+0x73691]

VM_Operation (0x000000001b9bc590): Exit, mode: safepoint, requested by thread 0x0000000018e69000


---------------  P R O C E S S  ---------------

Java Threads: ( => current thread )
  0x00000000025f1000 JavaThread "DestroyJavaVM" [_thread_blocked, id=7248, stack(0x0000000002410000,0x0000000002510000)]
  0x0000000018f72800 JavaThread "Image Fetcher 3" daemon [_thread_blocked, id=17728, stack(0x000000001b9c0000,0x000000001bac0000)]
  0x0000000018e69000 JavaThread "AWT-EventQueue-0" [_thread_blocked, id=11572, stack(0x000000001b8c0000,0x000000001b9c0000)]
  0x0000000018f8f800 JavaThread "AWT-Shutdown" [_thread_blocked, id=3708, stack(0x000000001a6b0000,0x000000001a7b0000)]
  0x0000000018da0000 JavaThread "Java2D Disposer" daemon [_thread_blocked, id=14044, stack(0x000000001a5b0000,0x000000001a6b0000)]
  0x000000001729e000 JavaThread "Service Thread" daemon [_thread_blocked, id=14140, stack(0x0000000018fa0000,0x00000000190a0000)]
  0x000000001724c000 JavaThread "C1 CompilerThread2" daemon [_thread_blocked, id=8132, stack(0x0000000018aa0000,0x0000000018ba0000)]
  0x0000000017243800 JavaThread "C2 CompilerThread1" daemon [_thread_blocked, id=18580, stack(0x00000000189a0000,0x0000000018aa0000)]
  0x000000001723f800 JavaThread "C2 CompilerThread0" daemon [_thread_blocked, id=14512, stack(0x00000000188a0000,0x00000000189a0000)]
  0x000000001723c000 JavaThread "Attach Listener" daemon [_thread_blocked, id=18836, stack(0x00000000187a0000,0x00000000188a0000)]
  0x000000001723a800 JavaThread "Signal Dispatcher" daemon [_thread_blocked, id=5720, stack(0x00000000186a0000,0x00000000187a0000)]
  0x000000001722a800 JavaThread "Finalizer" daemon [_thread_blocked, id=17204, stack(0x0000000018490000,0x0000000018590000)]
  0x00000000026df800 JavaThread "Reference Handler" daemon [_thread_blocked, id=6552, stack(0x0000000018390000,0x0000000018490000)]

Other Threads:
=>0x0000000017208000 VMThread [stack: 0x0000000018290000,0x0000000018390000] [id=18892]

VM state:at safepoint (shutting down)

VM Mutex/Monitor currently owned by a thread:  ([mutex/lock_event])
[0x00000000025cc8c0] Threads_lock - owner thread: 0x0000000017208000

Heap:
 PSYoungGen      total 38400K, used 9992K [0x00000000d5d80000, 0x00000000d8800000, 0x0000000100000000)
  eden space 33280K, 30% used [0x00000000d5d80000,0x00000000d6742398,0x00000000d7e00000)
  from space 5120K, 0% used [0x00000000d8300000,0x00000000d8300000,0x00000000d8800000)
  to   space 5120K, 0% used [0x00000000d7e00000,0x00000000d7e00000,0x00000000d8300000)
 ParOldGen       total 87552K, used 0K [0x0000000081800000, 0x0000000086d80000, 0x00000000d5d80000)
  object space 87552K, 0% used [0x0000000081800000,0x0000000081800000,0x0000000086d80000)
 Metaspace       used 13106K, capacity 13380K, committed 13824K, reserved 1060864K
  class space    used 1607K, capacity 1685K, committed 1792K, reserved 1048576K

Card table byte_map: [0x0000000011ab0000,0x0000000011eb0000] byte_map_base: 0x00000000116a4000

Marking Bits: (ParMarkBitMap*) 0x000000006fd7a6d0
 Begin Bits: [0x0000000012560000, 0x0000000014500000)
 End Bits:   [0x0000000014500000, 0x00000000164a0000)

Polling page: 0x0000000002510000

CodeCache: size=245760Kb used=2288Kb max_used=2288Kb free=243471Kb
 bounds [0x00000000026f0000, 0x0000000002960000, 0x00000000116f0000]
 total_blobs=1119 nmethods=593 adapters=439
 compilation: enabled

Compilation events (10 events):
Event: 30.117 Thread 0x000000001724c000  598   !   3       sun.awt.AWTAutoShutdown::setToolkitBusy (124 bytes)
Event: 30.117 Thread 0x000000001724c000 nmethod 598 0x000000000292b1d0 code [0x000000000292b3a0, 0x000000000292bc28]
Event: 30.228 Thread 0x000000001724c000  601       3       java.awt.Component::repaint (16 bytes)
Event: 30.229 Thread 0x000000001724c000 nmethod 601 0x0000000002923110 code [0x0000000002923280, 0x00000000029234a8]
Event: 30.229 Thread 0x000000001724c000  599       3       java.util.concurrent.locks.ReentrantLock::lock (8 bytes)
Event: 30.229 Thread 0x000000001724c000 nmethod 599 0x0000000002922cd0 code [0x0000000002922e40, 0x0000000002923068]
Event: 30.229 Thread 0x000000001724c000  600       3       java.util.concurrent.locks.ReentrantLock$NonfairSync::lock (25 bytes)
Event: 30.229 Thread 0x000000001724c000 nmethod 600 0x000000000292c010 code [0x000000000292c1e0, 0x000000000292ca38]
Event: 30.229 Thread 0x000000001724c000  602       1       sun.java2d.SurfaceData::isValid (5 bytes)
Event: 30.229 Thread 0x000000001724c000 nmethod 602 0x0000000002922a10 code [0x0000000002922b60, 0x0000000002922c70]

GC Heap History (0 events):
No events

Deoptimization events (0 events):
No events

Internal exceptions (10 events):
Event: 0.038 Thread 0x00000000025f1000 Exception <a 'java/lang/NoSuchMethodError': Method sun.misc.Unsafe.defineClass(Ljava/lang/String;[BII)Ljava/lang/Class; name or signature does not match> (0x00000000d5d87cc0) thrown at [C:\re\workspace\8-2-build-windows-amd64-cygwin\jdk8u101\7261\hotspot\sò§*‹Çs£?
Event: 0.038 Thread 0x00000000025f1000 Exception <a 'java/lang/NoSuchMethodError': Method sun.misc.Unsafe.prefetchRead(Ljava/lang/Object;J)V name or signature does not match> (0x00000000d5d87fa8) thrown at [C:\re\workspace\8-2-build-windows-amd64-cygwin\jdk8u101\7261\hotspot\src\share\vm\prims\≠∂Dçy{ø?
Event: 0.123 Thread 0x00000000025f1000 Exception <a 'java/security/PrivilegedActionException'> (0x00000000d5e219d8) thrown at [C:\re\workspace\8-2-build-windows-amd64-cygwin\jdk8u101\7261\hotspot\src\share\vm\prims\jvm.cpp, line 1386]
Event: 0.123 Thread 0x00000000025f1000 Exception <a 'java/security/PrivilegedActionException'> (0x00000000d5e21be8) thrown at [C:\re\workspace\8-2-build-windows-amd64-cygwin\jdk8u101\7261\hotspot\src\share\vm\prims\jvm.cpp, line 1386]
Event: 0.124 Thread 0x00000000025f1000 Exception <a 'java/security/PrivilegedActionException'> (0x00000000d5e25ad0) thrown at [C:\re\workspace\8-2-build-windows-amd64-cygwin\jdk8u101\7261\hotspot\src\share\vm\prims\jvm.cpp, line 1386]
Event: 0.124 Thread 0x00000000025f1000 Exception <a 'java/security/PrivilegedActionException'> (0x00000000d5e25ce0) thrown at [C:\re\workspace\8-2-build-windows-amd64-cygwin\jdk8u101\7261\hotspot\src\share\vm\prims\jvm.cpp, line 1386]
Event: 0.131 Thread 0x00000000025f1000 Exception <a 'java/io/FileNotFoundException'> (0x00000000d5ed5458) thrown at [C:\re\workspace\8-2-build-windows-amd64-cygwin\jdk8u101\7261\hotspot\src\share\vm\prims\jni.cpp, line 709]
Event: 0.176 Thread 0x00000000025f1000 Exception <a 'java/lang/NoSuchFieldError': method resolution failed> (0x00000000d5fa2d38) thrown at [C:\re\workspace\8-2-build-windows-amd64-cygwin\jdk8u101\7261\hotspot\src\share\vm\prims\methodHandles.cpp, line 1146]
Event: 0.178 Thread 0x00000000025f1000 Exception <a 'java/lang/NoSuchFieldError': method resolution failed> (0x00000000d5fb0108) thrown at [C:\re\workspace\8-2-build-windows-amd64-cygwin\jdk8u101\7261\hotspot\src\share\vm\prims\methodHandles.cpp, line 1146]
Event: 26.212 Thread 0x00000000025f1000 Exception <a 'java/io/FileNotFoundException'> (0x00000000d6201748) thrown at [C:\re\workspace\8-2-build-windows-amd64-cygwin\jdk8u101\7261\hotspot\src\share\vm\prims\jni.cpp, line 709]

Events (10 events):
Event: 30.324 Executing VM operation: RevokeBias
Event: 30.324 Executing VM operation: RevokeBias done
Event: 30.325 Thread 0x0000000018d21000 Thread added: 0x0000000018d21000
Event: 30.325 Thread 0x0000000018d22000 Thread added: 0x0000000018d22000
Event: 30.325 Thread 0x0000000018d21000 Thread exited: 0x0000000018d21000
Event: 30.346 Executing VM operation: RevokeBias
Event: 30.346 Executing VM operation: RevokeBias done
Event: 30.346 Thread 0x0000000018f90000 Thread exited: 0x0000000018f90000
Event: 30.440 Thread 0x0000000018d22000 Thread exited: 0x0000000018d22000
Event: 30.440 Executing VM operation: Exit


Dynamic libraries:
0x00007ff63c6f0000 - 0x00007ff63c727000 	C:\Program Files\Java\jdk1.8.0_101\jre\bin\java.exe
0x00007ffb574e0000 - 0x00007ffb576c1000 	C:\WINDOWS\SYSTEM32\ntdll.dll
0x00007ffb2ee30000 - 0x00007ffb2ee44000 	C:\Program Files\AVAST Software\Avast\x64\aswhooka.dll
0x00007ffb55560000 - 0x00007ffb55612000 	C:\WINDOWS\System32\KERNEL32.DLL
0x00007ffb53ab0000 - 0x00007ffb53d23000 	C:\WINDOWS\System32\KERNELBASE.dll
0x00007ffb551e0000 - 0x00007ffb55281000 	C:\WINDOWS\System32\ADVAPI32.dll
0x00007ffb54f40000 - 0x00007ffb54fde000 	C:\WINDOWS\System32\msvcrt.dll
0x00007ffb55cf0000 - 0x00007ffb55d4b000 	C:\WINDOWS\System32\sechost.dll
0x00007ffb55e20000 - 0x00007ffb55f44000 	C:\WINDOWS\System32\RPCRT4.dll
0x00007ffb55300000 - 0x00007ffb55490000 	C:\WINDOWS\System32\USER32.dll
0x00007ffb547b0000 - 0x00007ffb547d0000 	C:\WINDOWS\System32\win32u.dll
0x00007ffb558a0000 - 0x00007ffb558c8000 	C:\WINDOWS\System32\GDI32.dll
0x00007ffb547d0000 - 0x00007ffb54962000 	C:\WINDOWS\System32\gdi32full.dll
0x00007ffb546b0000 - 0x00007ffb5474f000 	C:\WINDOWS\System32\msvcp_win.dll
0x00007ffb53900000 - 0x00007ffb539fa000 	C:\WINDOWS\System32\ucrtbase.dll
0x00007ffb3f420000 - 0x00007ffb3f689000 	C:\WINDOWS\WinSxS\amd64_microsoft.windows.common-controls_6595b64144ccf1df_6.0.17134.472_none_fb3f9af53068156d\COMCTL32.dll
0x00007ffb559c0000 - 0x00007ffb55ce2000 	C:\WINDOWS\System32\combase.dll
0x00007ffb53d30000 - 0x00007ffb53daa000 	C:\WINDOWS\System32\bcryptPrimitives.dll
0x00007ffb55f50000 - 0x00007ffb55f7d000 	C:\WINDOWS\System32\IMM32.DLL
0x0000000071240000 - 0x0000000071312000 	C:\Program Files\Java\jdk1.8.0_101\jre\bin\msvcr100.dll
0x000000006f560000 - 0x000000006fdfa000 	C:\Program Files\Java\jdk1.8.0_101\jre\bin\server\jvm.dll
0x00007ffb552f0000 - 0x00007ffb552f8000 	C:\WINDOWS\System32\PSAPI.DLL
0x00007ffb52450000 - 0x00007ffb52459000 	C:\WINDOWS\SYSTEM32\WSOCK32.dll
0x00007ffb558f0000 - 0x00007ffb5595c000 	C:\WINDOWS\System32\WS2_32.dll
0x00007ffb4fb20000 - 0x00007ffb4fb43000 	C:\WINDOWS\SYSTEM32\WINMM.dll
0x00007ffb504c0000 - 0x00007ffb504ca000 	C:\WINDOWS\SYSTEM32\VERSION.dll
0x00007ffb4faf0000 - 0x00007ffb4fb1a000 	C:\WINDOWS\SYSTEM32\WINMMBASE.dll
0x00007ffb538b0000 - 0x00007ffb538f9000 	C:\WINDOWS\System32\cfgmgr32.dll
0x0000000072b60000 - 0x0000000072b6f000 	C:\Program Files\Java\jdk1.8.0_101\jre\bin\verify.dll
0x00000000716c0000 - 0x00000000716e9000 	C:\Program Files\Java\jdk1.8.0_101\jre\bin\java.dll
0x0000000071220000 - 0x0000000071236000 	C:\Program Files\Java\jdk1.8.0_101\jre\bin\zip.dll
0x00007ffb55f80000 - 0x00007ffb573c0000 	C:\WINDOWS\System32\SHELL32.dll
0x00007ffb55d70000 - 0x00007ffb55e19000 	C:\WINDOWS\System32\shcore.dll
0x00007ffb53fa0000 - 0x00007ffb546ad000 	C:\WINDOWS\System32\windows.storage.dll
0x00007ffb55180000 - 0x00007ffb551d1000 	C:\WINDOWS\System32\shlwapi.dll
0x00007ffb53870000 - 0x00007ffb53881000 	C:\WINDOWS\System32\kernel.appcore.dll
0x00007ffb53890000 - 0x00007ffb538af000 	C:\WINDOWS\System32\profapi.dll
0x00007ffb53800000 - 0x00007ffb5384c000 	C:\WINDOWS\System32\powrprof.dll
0x00007ffb537f0000 - 0x00007ffb537fa000 	C:\WINDOWS\System32\FLTLIB.DLL
0x0000000070350000 - 0x00000000704e8000 	C:\Program Files\Java\jdk1.8.0_101\jre\bin\awt.dll
0x00007ffb55490000 - 0x00007ffb55552000 	C:\WINDOWS\System32\OLEAUT32.dll
0x00007ffb504d0000 - 0x00007ffb5055b000 	C:\WINDOWS\SYSTEM32\apphelp.dll
0x0000000180000000 - 0x000000018007c000 	C:\Windows\System32\pteidlibj.dll
0x00007ffb2d180000 - 0x00007ffb2d226000 	C:\Program Files\Java\jdk1.8.0_101\jre\bin\MSVCP120.dll
0x00007ffb2aee0000 - 0x00007ffb2afcf000 	C:\Program Files\Java\jdk1.8.0_101\jre\bin\MSVCR120.dll
0x0000000002590000 - 0x00000000025b3000 	C:\WINDOWS\SYSTEM32\pteidcommon.dll
0x0000000019300000 - 0x0000000019386000 	C:\WINDOWS\SYSTEM32\pteidapplayer.dll
0x00007ffb53db0000 - 0x00007ffb53f92000 	C:\WINDOWS\System32\CRYPT32.dll
0x00007ffb53850000 - 0x00007ffb53862000 	C:\WINDOWS\System32\MSASN1.dll
0x00007ffb1c1a0000 - 0x00007ffb1c3a5000 	C:\WINDOWS\SYSTEM32\LIBEAY32.dll
0x00007ffb2fac0000 - 0x00007ffb2fb1a000 	C:\WINDOWS\SYSTEM32\SSLEAY32.dll
0x00007ffb2ede0000 - 0x00007ffb2ee2f000 	C:\WINDOWS\SYSTEM32\libcurl.dll
0x00007ffb55960000 - 0x00007ffb559bf000 	C:\WINDOWS\System32\WLDAP32.dll
0x00000000193b0000 - 0x0000000019611000 	C:\WINDOWS\SYSTEM32\xerces-c_3_1.dll
0x0000000019630000 - 0x0000000019743000 	C:\WINDOWS\SYSTEM32\FreeImage.dll
0x0000000019750000 - 0x0000000019830000 	C:\WINDOWS\SYSTEM32\pteid-poppler.dll
0x0000000019840000 - 0x000000001992a000 	C:\WINDOWS\SYSTEM32\xsec_1_7.dll
0x0000000019940000 - 0x0000000019976000 	C:\WINDOWS\SYSTEM32\pteidcardlayer.dll
0x00007ffb41bb0000 - 0x00007ffb41bf1000 	C:\WINDOWS\SYSTEM32\WinSCard.dll
0x00007ffb53620000 - 0x00007ffb53647000 	C:\WINDOWS\SYSTEM32\DEVOBJ.dll
0x0000000019990000 - 0x00000000199c1000 	C:\WINDOWS\SYSTEM32\pteidDlgsWin32.dll
0x00007ffb52930000 - 0x00007ffb52986000 	C:\WINDOWS\SYSTEM32\WINSTA.dll
0x0000000071200000 - 0x000000007121a000 	C:\Program Files\Java\jdk1.8.0_101\jre\bin\net.dll
0x00007ffb53070000 - 0x00007ffb530d6000 	C:\WINDOWS\system32\mswsock.dll
0x00007ffb397f0000 - 0x00007ffb39806000 	C:\WINDOWS\system32\napinsp.dll
0x00007ffb397d0000 - 0x00007ffb397ea000 	C:\WINDOWS\system32\pnrpnsp.dll
0x00007ffb50e10000 - 0x00007ffb50e29000 	C:\WINDOWS\system32\NLAapi.dll
0x00007ffb52e30000 - 0x00007ffb52eee000 	C:\WINDOWS\SYSTEM32\DNSAPI.dll
0x00007ffb558e0000 - 0x00007ffb558e8000 	C:\WINDOWS\System32\NSI.dll
0x00007ffb52df0000 - 0x00007ffb52e28000 	C:\WINDOWS\SYSTEM32\IPHLPAPI.DLL
0x00007ffb397c0000 - 0x00007ffb397ce000 	C:\WINDOWS\System32\winrnr.dll
0x00007ffb397a0000 - 0x00007ffb397b5000 	C:\WINDOWS\System32\wshbth.dll
0x00007ffb4adc0000 - 0x00007ffb4adca000 	C:\Windows\System32\rasadhlp.dll
0x00007ffb4b7f0000 - 0x00007ffb4b862000 	C:\WINDOWS\System32\fwpuclnt.dll
0x00007ffb53350000 - 0x00007ffb53375000 	C:\WINDOWS\SYSTEM32\bcrypt.dll
0x00007ffb4e820000 - 0x00007ffb4e836000 	C:\WINDOWS\SYSTEM32\dhcpcsvc6.DLL
0x00007ffb4ed70000 - 0x00007ffb4ed8a000 	C:\WINDOWS\SYSTEM32\dhcpcsvc.DLL
0x00007ffb51db0000 - 0x00007ffb51dd9000 	C:\WINDOWS\system32\DWMAPI.DLL
0x00007ffb51920000 - 0x00007ffb519b8000 	C:\WINDOWS\system32\uxtheme.dll
0x00007ffb54dc0000 - 0x00007ffb54f33000 	C:\WINDOWS\System32\MSCTF.dll
0x00007ffb556a0000 - 0x00007ffb557f1000 	C:\WINDOWS\System32\ole32.dll
0x0000000070fa0000 - 0x0000000070fe7000 	C:\Program Files\Java\jdk1.8.0_101\jre\bin\fontmanager.dll
0x00007ffb55800000 - 0x00007ffb558a0000 	C:\WINDOWS\System32\clbcatq.dll
0x00007ffb51660000 - 0x00007ffb5180e000 	C:\WINDOWS\SYSTEM32\WindowsCodecs.dll
0x00000000711e0000 - 0x00000000711f1000 	C:\Program Files\Java\jdk1.8.0_101\jre\bin\nio.dll
0x0000000070300000 - 0x0000000070342000 	C:\Program Files\Java\jdk1.8.0_101\jre\bin\t2k.dll
0x00007ffb496a0000 - 0x00007ffb49736000 	C:\WINDOWS\System32\TextInputFramework.dll
0x00007ffb49ea0000 - 0x00007ffb4a1be000 	C:\WINDOWS\System32\CoreUIComponents.dll
0x00007ffb4fd60000 - 0x00007ffb4fe3a000 	C:\WINDOWS\System32\CoreMessaging.dll
0x00007ffb52890000 - 0x00007ffb528c1000 	C:\WINDOWS\SYSTEM32\ntmarta.dll
0x00007ffb50ff0000 - 0x00007ffb5113d000 	C:\WINDOWS\SYSTEM32\wintypes.dll
0x00007ffb4abf0000 - 0x00007ffb4adb9000 	C:\WINDOWS\SYSTEM32\dbghelp.dll

VM Arguments:
jvm_args: -Dfile.encoding=UTF-8 
java_command: calculator.application.CalculatorApplication
java_class_path (initial): C:\Users\Luis\Desktop\ESTGA\2018_2019\1_Semestre\seguranÁa\projeto\contourCola\contourCola\Cola Library\dist\Cola_Library.jar;C:\Program Files\Portugal Identity Card\sdk\Java\pteidlibj.jar;C:\Users\Luis\Desktop\ESTGA\2018_2019\1_Semestre\seguranÁa\projeto\contourCola\contourCola\Calculator application\build\classes
Launcher Type: SUN_STANDARD

Environment Variables:
CLASSPATH=C:\Program Files\Portugal Identity Card
PATH=C:\ProgramData\Oracle\Java\javapath;C:\WINDOWS\system32;C:\WINDOWS;C:\WINDOWS\System32\Wbem;C:\WINDOWS\System32\WindowsPowerShell\v1.0\;C:\Program Files\TortoiseGit\bin;C:\Program Files\Git\cmd;C:\WINDOWS\System32\OpenSSH\;C:\Program Files (x86)\Brackets\command;C:\Program Files\PuTTY\;C:\php;C:\ProgramData\ComposerSetup\bin;C:\PostgreSQL\pg96\bin;C:\Program Files\nodejs\;C:\Program Files\Portugal Identity Card;C:\Program Files (x86)\NVIDIA Corporation\PhysX\Common;C:\Users\Luis\AppData\Local\Microsoft\WindowsApps;C:\Users\Luis\AppData\Local\atom\bin;C:\Users\Luis\AppData\Local\Microsoft\WindowsApps;C:\Users\Luis\AppData\Roaming\Composer\vendor\bin;C:\Users\Luis\AppData\Roaming\npm;C:\Users\Luis\AppData\Local\Programs\Microsoft VS Code\bin;C:\Users\Luis\AppData\Local\GitHubDesktop\bin
USERNAME=Luis
OS=Windows_NT
PROCESSOR_IDENTIFIER=Intel64 Family 6 Model 61 Stepping 4, GenuineIntel



---------------  S Y S T E M  ---------------

OS: Windows 10.0 , 64 bit Build 17134 (10.0.17134.1)

CPU:total 4 (2 cores per cpu, 2 threads per core) family 6 model 61 stepping 4, cmov, cx8, fxsr, mmx, sse, sse2, sse3, ssse3, sse4.1, sse4.2, popcnt, avx, avx2, aes, clmul, erms, 3dnowpref, lzcnt, ht, tsc, tscinvbit, bmi1, bmi2, adx

Memory: 4k page, physical 8288728k(3922348k free), swap 10571288k(3131060k free)

vm_info: Java HotSpot(TM) 64-Bit Server VM (25.101-b13) for windows-amd64 JRE (1.8.0_101-b13), built on Jun 22 2016 01:21:29 by "java_re" with MS VC++ 10.0 (VS2010)

time: Wed Jan 02 19:00:11 2019
elapsed time: 30 seconds (0d 0h 0m 30s)

