#
# A fatal error has been detected by the Java Runtime Environment:
#
#  EXCEPTION_UNCAUGHT_CXX_EXCEPTION (0xe06d7363) at pc=0x00007ff9972aa388, pid=11148, tid=0x0000000000000c54
#
# JRE version: Java(TM) SE Runtime Environment (8.0_141-b15) (build 1.8.0_141-b15)
# Java VM: Java HotSpot(TM) 64-Bit Server VM (25.141-b15 mixed mode windows-amd64 compressed oops)
# Problematic frame:
# C  [KERNELBASE.dll+0x3a388]
#
# Failed to write core dump. Minidumps are not enabled by default on client versions of Windows
#
# If you would like to submit a bug report, please visit:
#   http://bugreport.java.com/bugreport/crash.jsp
#

---------------  T H R E A D  ---------------

Current thread (0x0000000018199000):  VMThread [stack: 0x0000000019e80000,0x0000000019f80000] [id=3156]

siginfo: ExceptionCode=0xe06d7363, ExceptionInformation=0x0000000019930520 0x0000000019f7f480 0x000000018005ebe8 0x0000000180000000 

Registers:
RAX=0x0000000000000000, RBX=0x000000018005ebe8, RCX=0x00000000000000c8, RDX=0x0000000000000101
RSP=0x0000000019f7f310, RBP=0x0000000019f7f450, RSI=0x0000000000000001, RDI=0x0000000019f7f480
R8 =0x0000000000000000, R9 =0x000000000127e110, R10=0x0000000000000000, R11=0x00000000011a7f70
R12=0x00000000011bc808, R13=0x00000000011bc7c0, R14=0x00000000011bc7f0, R15=0x0000000000000000
RIP=0x00007ff9972aa388, EFLAGS=0x0000000000000202

Top of Stack: (sp=0x0000000019f7f310)
0x0000000019f7f310:   0000000000000000 000000018005ebe8
0x0000000019f7f320:   0000000000000001 0000000019f7f480
0x0000000019f7f330:   00000001e06d7363 0000000000000000
0x0000000019f7f340:   00007ff9972aa388 0000000000000004
0x0000000019f7f350:   0000000019930520 0000000019f7f480
0x0000000019f7f360:   000000018005ebe8 0000000180000000
0x0000000019f7f370:   00000000011bc7f0 00000000011bc808
0x0000000019f7f380:   0000000019f7f480 0000000000000001
0x0000000019f7f390:   0000000019f7f450 00007ff99aa70f6f
0x0000000019f7f3a0:   0000000019f7f460 00007ff900000000
0x0000000019f7f3b0:   0000000000000001 0000000018025400
0x0000000019f7f3c0:   0000000180074000 0000000180000000
0x0000000019f7f3d0:   00006ef89a81716a 0000a5b2892ef5f1
0x0000000019f7f3e0:   000000018005ebe8 00007ff98adfef63
0x0000000019f7f3f0:   00000000011bc7c0 00000000011bc808
0x0000000019f7f400:   0000000019f7f468 0000000000000001 

Instructions: (pc=0x00007ff9972aa388)
0x00007ff9972aa368:   49 8b d1 44 0f 47 c0 44 89 44 24 38 49 c1 e0 03
0x00007ff9972aa378:   e8 4a 46 04 00 48 8d 4c 24 20 ff 15 d0 82 14 00
0x00007ff9972aa388:   48 8b 8c 24 c0 00 00 00 48 33 cc e8 b8 05 04 00
0x00007ff9972aa398:   48 81 c4 d8 00 00 00 c3 83 64 24 38 00 eb d6 cc 


Register to memory mapping:

RAX=0x0000000000000000 is an unknown value
RBX=0x000000018005ebe8 is an unknown value
RCX=0x00000000000000c8 is an unknown value
RDX=0x0000000000000101 is an unknown value
RSP=0x0000000019f7f310 is an unknown value
RBP=0x0000000019f7f450 is an unknown value
RSI=0x0000000000000001 is an unknown value
RDI=0x0000000019f7f480 is an unknown value
R8 =0x0000000000000000 is an unknown value
R9 =0x000000000127e110 is an unknown value
R10=0x0000000000000000 is an unknown value
R11=0x00000000011a7f70 is an unknown value
R12=0x00000000011bc808 is an unknown value
R13=0x00000000011bc7c0 is an unknown value
R14=0x00000000011bc7f0 is an unknown value
R15=0x0000000000000000 is an unknown value


Stack: [0x0000000019e80000,0x0000000019f80000],  sp=0x0000000019f7f310,  free space=1020k
Native frames: (J=compiled Java code, j=interpreted, Vv=VM code, C=native code)
C  [KERNELBASE.dll+0x3a388]
C  [MSVCR120.dll+0x5ef63]
C  [pteidlibj.dll+0x377e4]
C  [pteidlibj.dll+0x21b14]
C  [pteidlibj.dll+0x21d96]
C  [ntdll.dll+0x3b583]
C  [ntdll.dll+0x47f85]
C  [ntdll.dll+0x47e48]
C  [KERNEL32.DLL+0x1b19a]
C  [msvcr100.dll+0x20ccd]
V  [jvm.dll+0x213145]
V  [jvm.dll+0x24c127]
V  [jvm.dll+0x24b3c6]
V  [jvm.dll+0x24b861]
V  [jvm.dll+0x24ba7e]
V  [jvm.dll+0x29ca6a]
C  [msvcr100.dll+0x21d9f]
C  [msvcr100.dll+0x21e3b]
C  [KERNEL32.DLL+0x13034]
C  [ntdll.dll+0x73691]

VM_Operation (0x000000000310f360): Exit, mode: safepoint, requested by thread 0x0000000003113000


---------------  P R O C E S S  ---------------

Java Threads: ( => current thread )
  0x000000001a0fd000 JavaThread "Service Thread" daemon [_thread_blocked, id=9324, stack(0x000000001ac90000,0x000000001ad90000)]
  0x000000001a0b6800 JavaThread "C1 CompilerThread3" daemon [_thread_blocked, id=7484, stack(0x000000001ab90000,0x000000001ac90000)]
  0x000000001a0b2800 JavaThread "C2 CompilerThread2" daemon [_thread_blocked, id=4412, stack(0x000000001aa90000,0x000000001ab90000)]
  0x000000001a0b1000 JavaThread "C2 CompilerThread1" daemon [_thread_blocked, id=5648, stack(0x000000001a990000,0x000000001aa90000)]
  0x000000001a0aa000 JavaThread "C2 CompilerThread0" daemon [_thread_blocked, id=8544, stack(0x000000001a890000,0x000000001a990000)]
  0x000000001a0a8000 JavaThread "Attach Listener" daemon [_thread_blocked, id=2276, stack(0x000000001a790000,0x000000001a890000)]
  0x000000001a0a7000 JavaThread "Signal Dispatcher" daemon [_thread_blocked, id=1564, stack(0x000000001a690000,0x000000001a790000)]
  0x0000000003209000 JavaThread "Finalizer" daemon [_thread_blocked, id=7364, stack(0x000000001a480000,0x000000001a580000)]
  0x0000000003206000 JavaThread "Reference Handler" daemon [_thread_blocked, id=7828, stack(0x0000000019f80000,0x000000001a080000)]
  0x0000000003113000 JavaThread "main" [_thread_blocked, id=6920, stack(0x0000000003010000,0x0000000003110000)]

Other Threads:
=>0x0000000018199000 VMThread [stack: 0x0000000019e80000,0x0000000019f80000] [id=3156]

VM state:at safepoint (shutting down)

VM Mutex/Monitor currently owned by a thread:  ([mutex/lock_event])
[0x000000000300c4c0] Threads_lock - owner thread: 0x0000000018199000

Heap:
 PSYoungGen      total 38400K, used 3997K [0x00000000d5e00000, 0x00000000d8880000, 0x0000000100000000)
  eden space 33280K, 12% used [0x00000000d5e00000,0x00000000d61e7518,0x00000000d7e80000)
  from space 5120K, 0% used [0x00000000d8380000,0x00000000d8380000,0x00000000d8880000)
  to   space 5120K, 0% used [0x00000000d7e80000,0x00000000d7e80000,0x00000000d8380000)
 ParOldGen       total 87552K, used 0K [0x0000000081a00000, 0x0000000086f80000, 0x00000000d5e00000)
  object space 87552K, 0% used [0x0000000081a00000,0x0000000081a00000,0x0000000086f80000)
 Metaspace       used 5822K, capacity 6026K, committed 6144K, reserved 1056768K
  class space    used 665K, capacity 731K, committed 768K, reserved 1048576K

Card table byte_map: [0x00000000125d0000,0x00000000129d0000] byte_map_base: 0x00000000121c3000

Marking Bits: (ParMarkBitMap*) 0x000000005884d850
 Begin Bits: [0x0000000013480000, 0x0000000015418000)
 End Bits:   [0x0000000015418000, 0x00000000173b0000)

Polling page: 0x0000000001180000

CodeCache: size=245760Kb used=1648Kb max_used=1648Kb free=244111Kb
 bounds [0x0000000003210000, 0x0000000003480000, 0x0000000012210000]
 total_blobs=595 nmethods=281 adapters=227
 compilation: enabled

Compilation events (10 events):
Event: 2.362 Thread 0x000000001a0b6800  277       3       java.lang.ref.SoftReference::<init> (13 bytes)
Event: 2.362 Thread 0x000000001a0b6800 nmethod 277 0x00000000033a91d0 code [0x00000000033a9340, 0x00000000033a9630]
Event: 2.366 Thread 0x000000001a0b6800  278       3       java.util.LinkedHashMap$LinkedHashIterator::hasNext (13 bytes)
Event: 2.366 Thread 0x000000001a0b6800 nmethod 278 0x00000000033a8e50 code [0x00000000033a8fa0, 0x00000000033a9150]
Event: 2.366 Thread 0x000000001a0b6800  279       3       java.util.LinkedHashMap$LinkedHashIterator::nextNode (54 bytes)
Event: 2.366 Thread 0x000000001a0b6800 nmethod 279 0x00000000033a8850 code [0x00000000033a89e0, 0x00000000033a8cd8]
Event: 2.369 Thread 0x000000001a0b6800  280       3       java.nio.ByteBuffer::arrayOffset (35 bytes)
Event: 2.369 Thread 0x000000001a0b6800 nmethod 280 0x00000000033a8310 code [0x00000000033a84a0, 0x00000000033a8758]
Event: 2.369 Thread 0x000000001a0b6800  281       3       java.nio.CharBuffer::arrayOffset (35 bytes)
Event: 2.369 Thread 0x000000001a0b6800 nmethod 281 0x00000000033ac390 code [0x00000000033ac520, 0x00000000033ac7d8]

GC Heap History (0 events):
No events

Deoptimization events (0 events):
No events

Internal exceptions (10 events):
Event: 0.085 Thread 0x0000000003113000 Exception <a 'java/lang/NoSuchMethodError': Method sun.misc.Unsafe.defineClass(Ljava/lang/String;[BII)Ljava/lang/Class; name or signature does not match> (0x00000000d5e07ca8) thrown at [C:\re\workspace\8-2-build-windows-amd64-cygwin\jdk8u141\9370\hotspot\
Event: 0.085 Thread 0x0000000003113000 Exception <a 'java/lang/NoSuchMethodError': Method sun.misc.Unsafe.prefetchRead(Ljava/lang/Object;J)V name or signature does not match> (0x00000000d5e07f90) thrown at [C:\re\workspace\8-2-build-windows-amd64-cygwin\jdk8u141\9370\hotspot\src\share\vm\prims
Event: 0.196 Thread 0x0000000003113000 Exception <a 'java/io/FileNotFoundException'> (0x00000000d5e5c070) thrown at [C:\re\workspace\8-2-build-windows-amd64-cygwin\jdk8u141\9370\hotspot\src\share\vm\prims\jni.cpp, line 709]
Event: 0.263 Thread 0x0000000003113000 Exception <a 'java/security/PrivilegedActionException'> (0x00000000d5e94080) thrown at [C:\re\workspace\8-2-build-windows-amd64-cygwin\jdk8u141\9370\hotspot\src\share\vm\prims\jvm.cpp, line 1390]
Event: 0.263 Thread 0x0000000003113000 Exception <a 'java/security/PrivilegedActionException'> (0x00000000d5e94290) thrown at [C:\re\workspace\8-2-build-windows-amd64-cygwin\jdk8u141\9370\hotspot\src\share\vm\prims\jvm.cpp, line 1390]
Event: 0.265 Thread 0x0000000003113000 Exception <a 'java/security/PrivilegedActionException'> (0x00000000d5e981a0) thrown at [C:\re\workspace\8-2-build-windows-amd64-cygwin\jdk8u141\9370\hotspot\src\share\vm\prims\jvm.cpp, line 1390]
Event: 0.265 Thread 0x0000000003113000 Exception <a 'java/security/PrivilegedActionException'> (0x00000000d5e983b0) thrown at [C:\re\workspace\8-2-build-windows-amd64-cygwin\jdk8u141\9370\hotspot\src\share\vm\prims\jvm.cpp, line 1390]
Event: 0.280 Thread 0x0000000003113000 Exception <a 'java/io/FileNotFoundException'> (0x00000000d5ea0fd8) thrown at [C:\re\workspace\8-2-build-windows-amd64-cygwin\jdk8u141\9370\hotspot\src\share\vm\prims\jni.cpp, line 709]
Event: 0.364 Thread 0x0000000003113000 Exception <a 'java/lang/NoSuchFieldError': method resolution failed> (0x00000000d60150d8) thrown at [C:\re\workspace\8-2-build-windows-amd64-cygwin\jdk8u141\9370\hotspot\src\share\vm\prims\methodHandles.cpp, line 1146]
Event: 0.368 Thread 0x0000000003113000 Exception <a 'java/lang/NoSuchFieldError': method resolution failed> (0x00000000d60224a8) thrown at [C:\re\workspace\8-2-build-windows-amd64-cygwin\jdk8u141\9370\hotspot\src\share\vm\prims\methodHandles.cpp, line 1146]

Events (10 events):
Event: 2.369 loading class java/util/regex/Pattern$Dot done
Event: 2.369 loading class java/util/regex/Pattern$Dollar
Event: 2.369 loading class java/util/regex/Pattern$Dollar done
Event: 4.231 Executing VM operation: EnableBiasedLocking
Event: 4.231 Executing VM operation: EnableBiasedLocking done
Event: 5.236 loading class java/lang/Shutdown
Event: 5.237 loading class java/lang/Shutdown done
Event: 5.237 loading class java/lang/Shutdown$Lock
Event: 5.237 loading class java/lang/Shutdown$Lock done
Event: 5.239 Executing VM operation: Exit


Dynamic libraries:
0x00007ff7208d0000 - 0x00007ff720907000 	C:\Program Files\Java\jdk1.8.0_141\jre\bin\java.exe
0x00007ff99aa60000 - 0x00007ff99ac41000 	C:\WINDOWS\SYSTEM32\ntdll.dll
0x00007ff99a880000 - 0x00007ff99a932000 	C:\WINDOWS\System32\KERNEL32.DLL
0x00007ff997270000 - 0x00007ff9974e3000 	C:\WINDOWS\System32\KERNELBASE.dll
0x00007ff998960000 - 0x00007ff998a01000 	C:\WINDOWS\System32\ADVAPI32.dll
0x00007ff998ae0000 - 0x00007ff998b7e000 	C:\WINDOWS\System32\msvcrt.dll
0x00007ff998b80000 - 0x00007ff998bdb000 	C:\WINDOWS\System32\sechost.dll
0x00007ff997fe0000 - 0x00007ff998104000 	C:\WINDOWS\System32\RPCRT4.dll
0x00007ff998c80000 - 0x00007ff998e10000 	C:\WINDOWS\System32\USER32.dll
0x00007ff996fe0000 - 0x00007ff997000000 	C:\WINDOWS\System32\win32u.dll
0x00007ff9988d0000 - 0x00007ff9988f8000 	C:\WINDOWS\System32\GDI32.dll
0x00007ff997d00000 - 0x00007ff997e92000 	C:\WINDOWS\System32\gdi32full.dll
0x00007ff996ee0000 - 0x00007ff996f7f000 	C:\WINDOWS\System32\msvcp_win.dll
0x00007ff997c00000 - 0x00007ff997cfa000 	C:\WINDOWS\System32\ucrtbase.dll
0x00007ff989d60000 - 0x00007ff989fc9000 	C:\WINDOWS\WinSxS\amd64_microsoft.windows.common-controls_6595b64144ccf1df_6.0.17134.472_none_fb3f9af53068156d\COMCTL32.dll
0x00007ff99a550000 - 0x00007ff99a872000 	C:\WINDOWS\System32\combase.dll
0x00007ff997000000 - 0x00007ff99707a000 	C:\WINDOWS\System32\bcryptPrimitives.dll
0x00007ff9988a0000 - 0x00007ff9988cd000 	C:\WINDOWS\System32\IMM32.DLL
0x0000000057f50000 - 0x0000000058022000 	C:\Program Files\Java\jdk1.8.0_141\jre\bin\msvcr100.dll
0x0000000058030000 - 0x00000000588cd000 	C:\Program Files\Java\jdk1.8.0_141\jre\bin\server\jvm.dll
0x00007ff998560000 - 0x00007ff998568000 	C:\WINDOWS\System32\PSAPI.DLL
0x00007ff970e50000 - 0x00007ff970e59000 	C:\WINDOWS\SYSTEM32\WSOCK32.dll
0x00007ff994850000 - 0x00007ff994873000 	C:\WINDOWS\SYSTEM32\WINMM.dll
0x00007ff9904e0000 - 0x00007ff9904ea000 	C:\WINDOWS\SYSTEM32\VERSION.dll
0x00007ff99a380000 - 0x00007ff99a3ec000 	C:\WINDOWS\System32\WS2_32.dll
0x00007ff994250000 - 0x00007ff99427a000 	C:\WINDOWS\SYSTEM32\WINMMBASE.dll
0x00007ff997ea0000 - 0x00007ff997ee9000 	C:\WINDOWS\System32\cfgmgr32.dll
0x0000000057f00000 - 0x0000000057f0f000 	C:\Program Files\Java\jdk1.8.0_141\jre\bin\verify.dll
0x0000000057ed0000 - 0x0000000057ef9000 	C:\Program Files\Java\jdk1.8.0_141\jre\bin\java.dll
0x0000000057eb0000 - 0x0000000057ec6000 	C:\Program Files\Java\jdk1.8.0_141\jre\bin\zip.dll
0x00007ff998f40000 - 0x00007ff99a380000 	C:\WINDOWS\System32\SHELL32.dll
0x00007ff998a10000 - 0x00007ff998ab9000 	C:\WINDOWS\System32\shcore.dll
0x00007ff9974f0000 - 0x00007ff997bfd000 	C:\WINDOWS\System32\windows.storage.dll
0x00007ff998ee0000 - 0x00007ff998f31000 	C:\WINDOWS\System32\shlwapi.dll
0x00007ff996df0000 - 0x00007ff996e01000 	C:\WINDOWS\System32\kernel.appcore.dll
0x00007ff996e10000 - 0x00007ff996e2f000 	C:\WINDOWS\System32\profapi.dll
0x00007ff996da0000 - 0x00007ff996dec000 	C:\WINDOWS\System32\powrprof.dll
0x00007ff996d70000 - 0x00007ff996d7a000 	C:\WINDOWS\System32\FLTLIB.DLL
0x0000000057cd0000 - 0x0000000057e68000 	C:\Program Files\Java\jdk1.8.0_141\jre\bin\awt.dll
0x00007ff998e10000 - 0x00007ff998ed2000 	C:\WINDOWS\System32\OLEAUT32.dll
0x00007ff995030000 - 0x00007ff9950bb000 	C:\WINDOWS\SYSTEM32\apphelp.dll
0x0000000180000000 - 0x000000018007c000 	C:\Windows\System32\pteidlibj.dll
0x00007ff98ae90000 - 0x00007ff98af36000 	C:\Program Files\Java\jdk1.8.0_141\jre\bin\MSVCP120.dll
0x00007ff98ada0000 - 0x00007ff98ae8f000 	C:\Program Files\Java\jdk1.8.0_141\jre\bin\MSVCR120.dll
0x000000001b7f0000 - 0x000000001b876000 	C:\WINDOWS\SYSTEM32\pteidapplayer.dll
0x00007ff997080000 - 0x00007ff997262000 	C:\WINDOWS\System32\CRYPT32.dll
0x00007ff996d80000 - 0x00007ff996d92000 	C:\WINDOWS\System32\MSASN1.dll
0x000000001b890000 - 0x000000001b8b3000 	C:\WINDOWS\SYSTEM32\pteidcommon.dll
0x00007ff98ad40000 - 0x00007ff98ad9a000 	C:\WINDOWS\SYSTEM32\SSLEAY32.dll
0x00007ff95eb90000 - 0x00007ff95ed95000 	C:\WINDOWS\SYSTEM32\LIBEAY32.dll
0x00007ff98acf0000 - 0x00007ff98ad3f000 	C:\WINDOWS\SYSTEM32\libcurl.dll
0x00007ff998900000 - 0x00007ff99895f000 	C:\WINDOWS\System32\WLDAP32.dll
0x000000001bb40000 - 0x000000001bda1000 	C:\WINDOWS\SYSTEM32\xerces-c_3_1.dll
0x000000001b8e0000 - 0x000000001b9c0000 	C:\WINDOWS\SYSTEM32\pteid-poppler.dll
0x000000001b9c0000 - 0x000000001bad3000 	C:\WINDOWS\SYSTEM32\FreeImage.dll
0x000000001bdb0000 - 0x000000001be9a000 	C:\WINDOWS\SYSTEM32\xsec_1_7.dll
0x000000001baf0000 - 0x000000001bb26000 	C:\WINDOWS\SYSTEM32\pteidcardlayer.dll
0x00007ff991980000 - 0x00007ff9919c1000 	C:\WINDOWS\SYSTEM32\WinSCard.dll
0x00007ff996b80000 - 0x00007ff996ba7000 	C:\WINDOWS\SYSTEM32\DEVOBJ.dll
0x000000001bec0000 - 0x000000001bef1000 	C:\WINDOWS\SYSTEM32\pteidDlgsWin32.dll
0x00007ff995ed0000 - 0x00007ff995f26000 	C:\WINDOWS\SYSTEM32\WINSTA.dll
0x0000000057e90000 - 0x0000000057eaa000 	C:\Program Files\Java\jdk1.8.0_141\jre\bin\net.dll
0x00007ff9965f0000 - 0x00007ff996656000 	C:\WINDOWS\system32\mswsock.dll
0x00007ff96c670000 - 0x00007ff96c686000 	C:\WINDOWS\system32\napinsp.dll
0x00007ff96c5b0000 - 0x00007ff96c5ca000 	C:\WINDOWS\system32\pnrpnsp.dll
0x00007ff993610000 - 0x00007ff993629000 	C:\WINDOWS\system32\NLAapi.dll
0x00007ff9963b0000 - 0x00007ff99646e000 	C:\WINDOWS\SYSTEM32\DNSAPI.dll
0x00007ff998710000 - 0x00007ff998718000 	C:\WINDOWS\System32\NSI.dll
0x00007ff996370000 - 0x00007ff9963a8000 	C:\WINDOWS\SYSTEM32\IPHLPAPI.DLL
0x00007ff96c5a0000 - 0x00007ff96c5ae000 	C:\WINDOWS\System32\winrnr.dll
0x00007ff991c00000 - 0x00007ff991c15000 	C:\WINDOWS\System32\wshbth.dll
0x00007ff98b640000 - 0x00007ff98b64a000 	C:\Windows\System32\rasadhlp.dll
0x00007ff98cb70000 - 0x00007ff98cbe2000 	C:\WINDOWS\System32\fwpuclnt.dll
0x00007ff9968d0000 - 0x00007ff9968f5000 	C:\WINDOWS\SYSTEM32\bcrypt.dll
0x00007ff98ec60000 - 0x00007ff98ec76000 	C:\WINDOWS\SYSTEM32\dhcpcsvc6.DLL
0x00007ff98dc70000 - 0x00007ff98dc8a000 	C:\WINDOWS\SYSTEM32\dhcpcsvc.DLL
0x00007ff989270000 - 0x00007ff989439000 	C:\WINDOWS\SYSTEM32\dbghelp.dll

VM Arguments:
jvm_args: -Dfile.encoding=UTF-8 
java_command: calculator.application.CalculatorApplication
java_class_path (initial): C:\Users\tialk\Desktop\Segurança Informática\Trabalho\2018\contourCola\Cola Library\dist\Cola_Library.jar;C:\Program Files\Portugal Identity Card\sdk\Java\pteidlibj.jar;C:\Users\tialk\Desktop\Segurança Informática\Trabalho\2018\contourCola\Calculator application\build\classes
Launcher Type: SUN_STANDARD

Environment Variables:
CLASSPATH=C:\Program Files\Portugal Identity Card
PATH=C:\Program Files (x86)\Common Files\Oracle\Java\javapath;C:\ProgramData\Oracle\Java\javapath;C:\WINDOWS\system32;C:\WINDOWS;C:\WINDOWS\System32\Wbem;C:\WINDOWS\System32\WindowsPowerShell\v1.0\;C:\Program Files (x86)\Microsoft SQL Server\Client SDK\ODBC\130\Tools\Binn\;C:\Program Files (x86)\Microsoft SQL Server\140\Tools\Binn\;C:\Program Files (x86)\Microsoft SQL Server\140\DTS\Binn\;C:\Program Files (x86)\Microsoft SQL Server\140\Tools\Binn\ManagementStudio\;C:\Program Files\Microsoft SQL Server\130\Tools\Binn\;C:\Program Files\dotnet\;C:\Program Files\Microsoft SQL Server\Client SDK\ODBC\130\Tools\Binn\;C:\Program Files (x86)\Microsoft SQL Server\130\Tools\Binn\;C:\Program Files\Microsoft SQL Server\130\DTS\Binn\;C:\Program Files\nodejs\;C:\WINDOWS\System32\OpenSSH\;C:\Program Files\Git\cmd;C:\Program Files\Portugal Identity Card;C:\Program Files (x86)\NVIDIA Corporation\PhysX\Common;C:\Users\tialk\AppData\Local\Microsoft\WindowsApps;C:\Users\tialk\AppData\Local\atom\bin;C:\Users\tialk\AppData\Roaming\npm;C:\Users\tialk\AppData\Local\Microsoft\WindowsApps;C:\Users\tialk\AppData\Local\GitHubDesktop\bin;
USERNAME=tjsantos
OS=Windows_NT
PROCESSOR_IDENTIFIER=Intel64 Family 6 Model 58 Stepping 9, GenuineIntel



---------------  S Y S T E M  ---------------

OS: Windows 10.0 , 64 bit Build 17134 (10.0.17134.1)

CPU:total 8 (initial active 8) (4 cores per cpu, 2 threads per core) family 6 model 58 stepping 9, cmov, cx8, fxsr, mmx, sse, sse2, sse3, ssse3, sse4.1, sse4.2, popcnt, avx, aes, clmul, erms, ht, tsc, tscinvbit, tscinv

Memory: 4k page, physical 8275596k(4165260k free), swap 12469900k(6477504k free)

vm_info: Java HotSpot(TM) 64-Bit Server VM (25.141-b15) for windows-amd64 JRE (1.8.0_141-b15), built on Jul 12 2017 04:25:12 by "java_re" with MS VC++ 10.0 (VS2010)

time: Mon Dec 31 15:57:21 2018
elapsed time: 5 seconds (0d 0h 0m 5s)

