#
# A fatal error has been detected by the Java Runtime Environment:
#
#  EXCEPTION_UNCAUGHT_CXX_EXCEPTION (0xe06d7363) at pc=0x00007ff9972aa388, pid=14964, tid=0x0000000000003168
#
# JRE version: Java(TM) SE Runtime Environment (8.0_141-b15) (build 1.8.0_141-b15)
# Java VM: Java HotSpot(TM) 64-Bit Server VM (25.141-b15 mixed mode windows-amd64 compressed oops)
# Problematic frame:
# C  [KERNELBASE.dll+0x3a388]
#
# Failed to write core dump. Minidumps are not enabled by default on client versions of Windows
#
# If you would like to submit a bug report, please visit:
#   http://bugreport.java.com/bugreport/crash.jsp
#

---------------  T H R E A D  ---------------

Current thread (0x0000000017d89000):  VMThread [stack: 0x0000000019a60000,0x0000000019b60000] [id=12648]

siginfo: ExceptionCode=0xe06d7363, ExceptionInformation=0x0000000019930520 0x0000000019b5f1a0 0x000000018005ebe8 0x0000000180000000 

Registers:
RAX=0x0000000000000000, RBX=0x000000018005ebe8, RCX=0x00000000000001e0, RDX=0x0000000000000101
RSP=0x0000000019b5f030, RBP=0x0000000019b5f170, RSI=0x0000000000000001, RDI=0x0000000019b5f1a0
R8 =0x0000000000000000, R9 =0x0000000000e9c1c0, R10=0x0000000000000000, R11=0x0000000000e2030c
R12=0x0000000000e3c098, R13=0x0000000000e3c050, R14=0x0000000000e3c080, R15=0x0000000000000000
RIP=0x00007ff9972aa388, EFLAGS=0x0000000000000202

Top of Stack: (sp=0x0000000019b5f030)
0x0000000019b5f030:   0000000000000000 000000018005ebe8
0x0000000019b5f040:   0000000000000001 0000000019b5f1a0
0x0000000019b5f050:   00000001e06d7363 0000000000000000
0x0000000019b5f060:   00007ff9972aa388 0000000000000004
0x0000000019b5f070:   0000000019930520 0000000019b5f1a0
0x0000000019b5f080:   000000018005ebe8 0000000180000000
0x0000000019b5f090:   0000000000e3c080 0000000000e3c098
0x0000000019b5f0a0:   0000000019b5f1a0 0000000000000001
0x0000000019b5f0b0:   0000000019b5f170 00007ff99aa70f6f
0x0000000019b5f0c0:   0000000019b5f180 00007ff900000000
0x0000000019b5f0d0:   0000000000000001 0000000017c156d0
0x0000000019b5f0e0:   0000000180074000 0000000180000000
0x0000000019b5f0f0:   00002ccb40a79571 000043975ed4ab04
0x0000000019b5f100:   000000018005ebe8 00007ff96192ef63
0x0000000019b5f110:   0000000000e3c050 0000000000e3c098
0x0000000019b5f120:   0000000019b5f188 0000000000000001 

Instructions: (pc=0x00007ff9972aa388)
0x00007ff9972aa368:   49 8b d1 44 0f 47 c0 44 89 44 24 38 49 c1 e0 03
0x00007ff9972aa378:   e8 4a 46 04 00 48 8d 4c 24 20 ff 15 d0 82 14 00
0x00007ff9972aa388:   48 8b 8c 24 c0 00 00 00 48 33 cc e8 b8 05 04 00
0x00007ff9972aa398:   48 81 c4 d8 00 00 00 c3 83 64 24 38 00 eb d6 cc 


Register to memory mapping:

RAX=0x0000000000000000 is an unknown value
RBX=0x000000018005ebe8 is an unknown value
RCX=0x00000000000001e0 is an unknown value
RDX=0x0000000000000101 is an unknown value
RSP=0x0000000019b5f030 is an unknown value
RBP=0x0000000019b5f170 is an unknown value
RSI=0x0000000000000001 is an unknown value
RDI=0x0000000019b5f1a0 is an unknown value
R8 =0x0000000000000000 is an unknown value
R9 =0x0000000000e9c1c0 is an unknown value
R10=0x0000000000000000 is an unknown value
R11=0x0000000000e2030c is an unknown value
R12=0x0000000000e3c098 is an unknown value
R13=0x0000000000e3c050 is an unknown value
R14=0x0000000000e3c080 is an unknown value
R15=0x0000000000000000 is an unknown value


Stack: [0x0000000019a60000,0x0000000019b60000],  sp=0x0000000019b5f030,  free space=1020k
Native frames: (J=compiled Java code, j=interpreted, Vv=VM code, C=native code)
C  [KERNELBASE.dll+0x3a388]
C  [MSVCR120.dll+0x5ef63]
C  [pteidlibj.dll+0x377e4]
C  [pteidlibj.dll+0x21b14]
C  [pteidlibj.dll+0x21d96]
C  [ntdll.dll+0x3b583]
C  [ntdll.dll+0x47f85]
C  [ntdll.dll+0x47e48]
C  [KERNEL32.DLL+0x1b19a]
C  [msvcr100.dll+0x20ccd]
V  [jvm.dll+0x213145]
V  [jvm.dll+0x24c127]
V  [jvm.dll+0x24b3c6]
V  [jvm.dll+0x24b861]
V  [jvm.dll+0x24ba7e]
V  [jvm.dll+0x29ca6a]
C  [msvcr100.dll+0x21d9f]
C  [msvcr100.dll+0x21e3b]
C  [KERNEL32.DLL+0x13034]
C  [ntdll.dll+0x73691]

VM_Operation (0x0000000002c8f000): Exit, mode: safepoint, requested by thread 0x0000000002d03000


---------------  P R O C E S S  ---------------

Java Threads: ( => current thread )
  0x0000000019d1d000 JavaThread "Service Thread" daemon [_thread_blocked, id=13928, stack(0x000000001a870000,0x000000001a970000)]
  0x0000000019c96800 JavaThread "C1 CompilerThread3" daemon [_thread_blocked, id=7120, stack(0x000000001a770000,0x000000001a870000)]
  0x0000000019c95000 JavaThread "C2 CompilerThread2" daemon [_thread_blocked, id=16100, stack(0x000000001a670000,0x000000001a770000)]
  0x0000000019c94000 JavaThread "C2 CompilerThread1" daemon [_thread_blocked, id=9236, stack(0x000000001a570000,0x000000001a670000)]
  0x0000000019c8f000 JavaThread "C2 CompilerThread0" daemon [_thread_blocked, id=15244, stack(0x000000001a470000,0x000000001a570000)]
  0x0000000019c8c800 JavaThread "Attach Listener" daemon [_thread_blocked, id=13596, stack(0x000000001a370000,0x000000001a470000)]
  0x0000000019c8b000 JavaThread "Signal Dispatcher" daemon [_thread_blocked, id=15312, stack(0x000000001a270000,0x000000001a370000)]
  0x0000000002dfe000 JavaThread "Finalizer" daemon [_thread_blocked, id=8824, stack(0x000000001a060000,0x000000001a160000)]
  0x0000000002df5000 JavaThread "Reference Handler" daemon [_thread_blocked, id=1412, stack(0x0000000019b60000,0x0000000019c60000)]
  0x0000000002d03000 JavaThread "main" [_thread_blocked, id=16308, stack(0x0000000002b90000,0x0000000002c90000)]

Other Threads:
=>0x0000000017d89000 VMThread [stack: 0x0000000019a60000,0x0000000019b60000] [id=12648]

VM state:at safepoint (shutting down)

VM Mutex/Monitor currently owned by a thread:  ([mutex/lock_event])
[0x0000000002cfc640] Threads_lock - owner thread: 0x0000000017d89000

Heap:
 PSYoungGen      total 38400K, used 3328K [0x00000000d5e00000, 0x00000000d8880000, 0x0000000100000000)
  eden space 33280K, 10% used [0x00000000d5e00000,0x00000000d6140150,0x00000000d7e80000)
  from space 5120K, 0% used [0x00000000d8380000,0x00000000d8380000,0x00000000d8880000)
  to   space 5120K, 0% used [0x00000000d7e80000,0x00000000d7e80000,0x00000000d8380000)
 ParOldGen       total 87552K, used 0K [0x0000000081a00000, 0x0000000086f80000, 0x00000000d5e00000)
  object space 87552K, 0% used [0x0000000081a00000,0x0000000081a00000,0x0000000086f80000)
 Metaspace       used 4740K, capacity 5038K, committed 5248K, reserved 1056768K
  class space    used 528K, capacity 599K, committed 640K, reserved 1048576K

Card table byte_map: [0x00000000121c0000,0x00000000125c0000] byte_map_base: 0x0000000011db3000

Marking Bits: (ParMarkBitMap*) 0x000000005884d850
 Begin Bits: [0x0000000013070000, 0x0000000015008000)
 End Bits:   [0x0000000015008000, 0x0000000016fa0000)

Polling page: 0x00000000012e0000

CodeCache: size=245760Kb used=1535Kb max_used=1535Kb free=244224Kb
 bounds [0x0000000002e00000, 0x0000000003070000, 0x0000000011e00000]
 total_blobs=516 nmethods=229 adapters=200
 compilation: enabled

Compilation events (10 events):
Event: 1.689 Thread 0x0000000019c96800 nmethod 223 0x0000000002f79950 code [0x0000000002f79b20, 0x0000000002f7a388]
Event: 1.713 Thread 0x0000000019c96800  226   !   3       sun.misc.URLClassPath$JarLoader::getResource (85 bytes)
Event: 1.716 Thread 0x0000000019c96800 nmethod 226 0x0000000002f7db50 code [0x0000000002f7dda0, 0x0000000002f7e9a8]
Event: 1.716 Thread 0x0000000019c96800  227       3       java.lang.String::toCharArray (25 bytes)
Event: 1.717 Thread 0x0000000019c96800 nmethod 227 0x0000000002f7f0d0 code [0x0000000002f7f240, 0x0000000002f7f4c8]
Event: 1.717 Thread 0x0000000019c96800  228       1       java.net.URL::getHost (5 bytes)
Event: 1.717 Thread 0x0000000019c96800 nmethod 228 0x0000000002f7f590 code [0x0000000002f7f6e0, 0x0000000002f7f7f0]
Event: 1.718 Thread 0x0000000019c96800  229       1       java.net.URL::getFile (5 bytes)
Event: 1.718 Thread 0x0000000019c96800 nmethod 229 0x0000000002f7f850 code [0x0000000002f7f9a0, 0x0000000002f7fab0]
Event: 1.735 Thread 0x0000000019c96800  230   !   3       java.lang.ClassLoader::loadClass (122 bytes)

GC Heap History (0 events):
No events

Deoptimization events (0 events):
No events

Internal exceptions (10 events):
Event: 0.086 Thread 0x0000000002d03000 Exception <a 'java/lang/NoSuchMethodError': Method sun.misc.Unsafe.prefetchRead(Ljava/lang/Object;J)V name or signature does not match> (0x00000000d5e07f90) thrown at [C:\re\workspace\8-2-build-windows-amd64-cygwin\jdk8u141\9370\hotspot\src\share\vm\prims
Event: 0.197 Thread 0x0000000002d03000 Exception <a 'java/io/FileNotFoundException'> (0x00000000d5e5c070) thrown at [C:\re\workspace\8-2-build-windows-amd64-cygwin\jdk8u141\9370\hotspot\src\share\vm\prims\jni.cpp, line 709]
Event: 0.299 Thread 0x0000000002d03000 Exception <a 'java/security/PrivilegedActionException'> (0x00000000d5f56870) thrown at [C:\re\workspace\8-2-build-windows-amd64-cygwin\jdk8u141\9370\hotspot\src\share\vm\prims\jvm.cpp, line 1390]
Event: 0.299 Thread 0x0000000002d03000 Exception <a 'java/security/PrivilegedActionException'> (0x00000000d5f56a80) thrown at [C:\re\workspace\8-2-build-windows-amd64-cygwin\jdk8u141\9370\hotspot\src\share\vm\prims\jvm.cpp, line 1390]
Event: 0.301 Thread 0x0000000002d03000 Exception <a 'java/security/PrivilegedActionException'> (0x00000000d5f5a990) thrown at [C:\re\workspace\8-2-build-windows-amd64-cygwin\jdk8u141\9370\hotspot\src\share\vm\prims\jvm.cpp, line 1390]
Event: 0.301 Thread 0x0000000002d03000 Exception <a 'java/security/PrivilegedActionException'> (0x00000000d5f5aba0) thrown at [C:\re\workspace\8-2-build-windows-amd64-cygwin\jdk8u141\9370\hotspot\src\share\vm\prims\jvm.cpp, line 1390]
Event: 0.317 Thread 0x0000000002d03000 Exception <a 'java/io/FileNotFoundException'> (0x00000000d5f63788) thrown at [C:\re\workspace\8-2-build-windows-amd64-cygwin\jdk8u141\9370\hotspot\src\share\vm\prims\jni.cpp, line 709]
Event: 0.406 Thread 0x0000000002d03000 Exception <a 'java/lang/NoSuchFieldError': method resolution failed> (0x00000000d6030ec8) thrown at [C:\re\workspace\8-2-build-windows-amd64-cygwin\jdk8u141\9370\hotspot\src\share\vm\prims\methodHandles.cpp, line 1146]
Event: 0.411 Thread 0x0000000002d03000 Exception <a 'java/lang/NoSuchFieldError': method resolution failed> (0x00000000d603e298) thrown at [C:\re\workspace\8-2-build-windows-amd64-cygwin\jdk8u141\9370\hotspot\src\share\vm\prims\methodHandles.cpp, line 1146]
Event: 1.735 Thread 0x0000000002d03000 Exception <a 'pt/gov/cartaodecidadao/PTEID_ExNoCardPresent'> (0x00000000d61315e8) thrown at [C:\re\workspace\8-2-build-windows-amd64-cygwin\jdk8u141\9370\hotspot\src\share\vm\prims\jni.cpp, line 709]

Events (10 events):
Event: 1.720 loading class pt/gov/cartaodecidadao/PTEID_SmartCard done
Event: 1.721 loading class pt/gov/cartaodecidadao/PTEID_Card
Event: 1.721 loading class pt/gov/cartaodecidadao/PTEID_Card done
Event: 1.735 loading class java/util/regex/Pattern$SliceS
Event: 1.735 loading class java/util/regex/Pattern$SliceS done
Event: 1.736 loading class java/lang/Shutdown
Event: 1.737 loading class java/lang/Shutdown done
Event: 1.737 loading class java/lang/Shutdown$Lock
Event: 1.737 loading class java/lang/Shutdown$Lock done
Event: 1.737 Executing VM operation: Exit


Dynamic libraries:
0x00007ff7ab730000 - 0x00007ff7ab767000 	C:\Program Files\Java\jdk1.8.0_141\jre\bin\java.exe
0x00007ff99aa60000 - 0x00007ff99ac41000 	C:\WINDOWS\SYSTEM32\ntdll.dll
0x00007ff99a880000 - 0x00007ff99a932000 	C:\WINDOWS\System32\KERNEL32.DLL
0x00007ff997270000 - 0x00007ff9974e3000 	C:\WINDOWS\System32\KERNELBASE.dll
0x00007ff998960000 - 0x00007ff998a01000 	C:\WINDOWS\System32\ADVAPI32.dll
0x00007ff998ae0000 - 0x00007ff998b7e000 	C:\WINDOWS\System32\msvcrt.dll
0x00007ff998b80000 - 0x00007ff998bdb000 	C:\WINDOWS\System32\sechost.dll
0x00007ff997fe0000 - 0x00007ff998104000 	C:\WINDOWS\System32\RPCRT4.dll
0x00007ff998c80000 - 0x00007ff998e10000 	C:\WINDOWS\System32\USER32.dll
0x00007ff996fe0000 - 0x00007ff997000000 	C:\WINDOWS\System32\win32u.dll
0x00007ff9988d0000 - 0x00007ff9988f8000 	C:\WINDOWS\System32\GDI32.dll
0x00007ff997d00000 - 0x00007ff997e92000 	C:\WINDOWS\System32\gdi32full.dll
0x00007ff996ee0000 - 0x00007ff996f7f000 	C:\WINDOWS\System32\msvcp_win.dll
0x00007ff997c00000 - 0x00007ff997cfa000 	C:\WINDOWS\System32\ucrtbase.dll
0x00007ff989d60000 - 0x00007ff989fc9000 	C:\WINDOWS\WinSxS\amd64_microsoft.windows.common-controls_6595b64144ccf1df_6.0.17134.472_none_fb3f9af53068156d\COMCTL32.dll
0x00007ff99a550000 - 0x00007ff99a872000 	C:\WINDOWS\System32\combase.dll
0x00007ff997000000 - 0x00007ff99707a000 	C:\WINDOWS\System32\bcryptPrimitives.dll
0x00007ff9988a0000 - 0x00007ff9988cd000 	C:\WINDOWS\System32\IMM32.DLL
0x0000000057f50000 - 0x0000000058022000 	C:\Program Files\Java\jdk1.8.0_141\jre\bin\msvcr100.dll
0x0000000058030000 - 0x00000000588cd000 	C:\Program Files\Java\jdk1.8.0_141\jre\bin\server\jvm.dll
0x00007ff998560000 - 0x00007ff998568000 	C:\WINDOWS\System32\PSAPI.DLL
0x00007ff990560000 - 0x00007ff990569000 	C:\WINDOWS\SYSTEM32\WSOCK32.dll
0x00007ff994850000 - 0x00007ff994873000 	C:\WINDOWS\SYSTEM32\WINMM.dll
0x00007ff9904e0000 - 0x00007ff9904ea000 	C:\WINDOWS\SYSTEM32\VERSION.dll
0x00007ff99a380000 - 0x00007ff99a3ec000 	C:\WINDOWS\System32\WS2_32.dll
0x00007ff994250000 - 0x00007ff99427a000 	C:\WINDOWS\SYSTEM32\WINMMBASE.dll
0x00007ff997ea0000 - 0x00007ff997ee9000 	C:\WINDOWS\System32\cfgmgr32.dll
0x0000000057f00000 - 0x0000000057f0f000 	C:\Program Files\Java\jdk1.8.0_141\jre\bin\verify.dll
0x0000000057ed0000 - 0x0000000057ef9000 	C:\Program Files\Java\jdk1.8.0_141\jre\bin\java.dll
0x0000000057eb0000 - 0x0000000057ec6000 	C:\Program Files\Java\jdk1.8.0_141\jre\bin\zip.dll
0x00007ff998f40000 - 0x00007ff99a380000 	C:\WINDOWS\System32\SHELL32.dll
0x00007ff998a10000 - 0x00007ff998ab9000 	C:\WINDOWS\System32\shcore.dll
0x00007ff9974f0000 - 0x00007ff997bfd000 	C:\WINDOWS\System32\windows.storage.dll
0x00007ff998ee0000 - 0x00007ff998f31000 	C:\WINDOWS\System32\shlwapi.dll
0x00007ff996df0000 - 0x00007ff996e01000 	C:\WINDOWS\System32\kernel.appcore.dll
0x00007ff996e10000 - 0x00007ff996e2f000 	C:\WINDOWS\System32\profapi.dll
0x00007ff996da0000 - 0x00007ff996dec000 	C:\WINDOWS\System32\powrprof.dll
0x00007ff996d70000 - 0x00007ff996d7a000 	C:\WINDOWS\System32\FLTLIB.DLL
0x0000000055640000 - 0x00000000557d8000 	C:\Program Files\Java\jdk1.8.0_141\jre\bin\awt.dll
0x00007ff998e10000 - 0x00007ff998ed2000 	C:\WINDOWS\System32\OLEAUT32.dll
0x00007ff995030000 - 0x00007ff9950bb000 	C:\WINDOWS\SYSTEM32\apphelp.dll
0x0000000180000000 - 0x000000018007c000 	C:\Windows\System32\pteidlibj.dll
0x00007ff96a070000 - 0x00007ff96a116000 	C:\Program Files\Java\jdk1.8.0_141\jre\bin\MSVCP120.dll
0x00007ff9618d0000 - 0x00007ff9619bf000 	C:\Program Files\Java\jdk1.8.0_141\jre\bin\MSVCR120.dll
0x0000000002b50000 - 0x0000000002b73000 	C:\WINDOWS\SYSTEM32\pteidcommon.dll
0x000000001b3d0000 - 0x000000001b456000 	C:\WINDOWS\SYSTEM32\pteidapplayer.dll
0x00007ff997080000 - 0x00007ff997262000 	C:\WINDOWS\System32\CRYPT32.dll
0x00007ff996d80000 - 0x00007ff996d92000 	C:\WINDOWS\System32\MSASN1.dll
0x00007ff971820000 - 0x00007ff97187a000 	C:\WINDOWS\SYSTEM32\SSLEAY32.dll
0x00007ff957510000 - 0x00007ff957715000 	C:\WINDOWS\SYSTEM32\LIBEAY32.dll
0x00007ff971620000 - 0x00007ff97166f000 	C:\WINDOWS\SYSTEM32\libcurl.dll
0x00007ff998900000 - 0x00007ff99895f000 	C:\WINDOWS\System32\WLDAP32.dll
0x000000001b460000 - 0x000000001b6c1000 	C:\WINDOWS\SYSTEM32\xerces-c_3_1.dll
0x000000001b6d0000 - 0x000000001b7ba000 	C:\WINDOWS\SYSTEM32\xsec_1_7.dll
0x000000001b7c0000 - 0x000000001b8a0000 	C:\WINDOWS\SYSTEM32\pteid-poppler.dll
0x000000001b8a0000 - 0x000000001b9b3000 	C:\WINDOWS\SYSTEM32\FreeImage.dll
0x000000001b9c0000 - 0x000000001b9f6000 	C:\WINDOWS\SYSTEM32\pteidcardlayer.dll
0x00007ff991980000 - 0x00007ff9919c1000 	C:\WINDOWS\SYSTEM32\WinSCard.dll
0x00007ff996b80000 - 0x00007ff996ba7000 	C:\WINDOWS\SYSTEM32\DEVOBJ.dll
0x000000001ba10000 - 0x000000001ba41000 	C:\WINDOWS\SYSTEM32\pteidDlgsWin32.dll
0x00007ff995ed0000 - 0x00007ff995f26000 	C:\WINDOWS\SYSTEM32\WINSTA.dll
0x00007ff989270000 - 0x00007ff989439000 	C:\WINDOWS\SYSTEM32\dbghelp.dll

VM Arguments:
jvm_args: -Dfile.encoding=UTF-8 
java_command: calculator.application.CalculatorApplication
java_class_path (initial): C:\Users\tialk\Desktop\Segurança Informática\Trabalho\2018\contourCola\Cola Library\dist\Cola_Library.jar;C:\Program Files\Portugal Identity Card\sdk\Java\pteidlibj.jar;C:\Users\tialk\Desktop\Segurança Informática\Trabalho\2018\contourCola\Calculator application\build\classes
Launcher Type: SUN_STANDARD

Environment Variables:
CLASSPATH=C:\Program Files\Portugal Identity Card
PATH=C:\Program Files (x86)\Common Files\Oracle\Java\javapath;C:\ProgramData\Oracle\Java\javapath;C:\WINDOWS\system32;C:\WINDOWS;C:\WINDOWS\System32\Wbem;C:\WINDOWS\System32\WindowsPowerShell\v1.0\;C:\Program Files (x86)\Microsoft SQL Server\Client SDK\ODBC\130\Tools\Binn\;C:\Program Files (x86)\Microsoft SQL Server\140\Tools\Binn\;C:\Program Files (x86)\Microsoft SQL Server\140\DTS\Binn\;C:\Program Files (x86)\Microsoft SQL Server\140\Tools\Binn\ManagementStudio\;C:\Program Files\Microsoft SQL Server\130\Tools\Binn\;C:\Program Files\dotnet\;C:\Program Files\Microsoft SQL Server\Client SDK\ODBC\130\Tools\Binn\;C:\Program Files (x86)\Microsoft SQL Server\130\Tools\Binn\;C:\Program Files\Microsoft SQL Server\130\DTS\Binn\;C:\Program Files\nodejs\;C:\WINDOWS\System32\OpenSSH\;C:\Program Files\Git\cmd;C:\Program Files\Portugal Identity Card;C:\Program Files (x86)\NVIDIA Corporation\PhysX\Common;C:\Users\tialk\AppData\Local\Microsoft\WindowsApps;C:\Users\tialk\AppData\Local\atom\bin;C:\Users\tialk\AppData\Roaming\npm;C:\Users\tialk\AppData\Local\Microsoft\WindowsApps;C:\Users\tialk\AppData\Local\GitHubDesktop\bin;
USERNAME=tjsantos
OS=Windows_NT
PROCESSOR_IDENTIFIER=Intel64 Family 6 Model 58 Stepping 9, GenuineIntel



---------------  S Y S T E M  ---------------

OS: Windows 10.0 , 64 bit Build 17134 (10.0.17134.1)

CPU:total 8 (initial active 8) (4 cores per cpu, 2 threads per core) family 6 model 58 stepping 9, cmov, cx8, fxsr, mmx, sse, sse2, sse3, ssse3, sse4.1, sse4.2, popcnt, avx, aes, clmul, erms, ht, tsc, tscinvbit, tscinv

Memory: 4k page, physical 8275596k(3611172k free), swap 12469900k(6029776k free)

vm_info: Java HotSpot(TM) 64-Bit Server VM (25.141-b15) for windows-amd64 JRE (1.8.0_141-b15), built on Jul 12 2017 04:25:12 by "java_re" with MS VC++ 10.0 (VS2010)

time: Tue Jan 01 18:46:46 2019
elapsed time: 1 seconds (0d 0h 0m 1s)

