#
# A fatal error has been detected by the Java Runtime Environment:
#
#  EXCEPTION_UNCAUGHT_CXX_EXCEPTION (0xe06d7363) at pc=0x00007ffbb9e8a388, pid=14680, tid=0x0000000000002060
#
# JRE version: Java(TM) SE Runtime Environment (8.0_141-b15) (build 1.8.0_141-b15)
# Java VM: Java HotSpot(TM) 64-Bit Server VM (25.141-b15 mixed mode windows-amd64 compressed oops)
# Problematic frame:
# C  [KERNELBASE.dll+0x3a388]
#
# Failed to write core dump. Minidumps are not enabled by default on client versions of Windows
#
# If you would like to submit a bug report, please visit:
#   http://bugreport.java.com/bugreport/crash.jsp
#

---------------  T H R E A D  ---------------

Current thread (0x00000000180d9000):  VMThread [stack: 0x0000000019de0000,0x0000000019ee0000] [id=8288]

siginfo: ExceptionCode=0xe06d7363, ExceptionInformation=0x0000000019930520 0x0000000019edf1e0 0x000000018005ebe8 0x0000000180000000 

Registers:
RAX=0x0000000000000025, RBX=0x000000018005ebe8, RCX=0x00000000000001f2, RDX=0x0000000000000101
RSP=0x0000000019edf070, RBP=0x0000000019edf1b0, RSI=0x0000000000000001, RDI=0x0000000019edf1e0
R8 =0x0000000000000003, R9 =0x000000001db7d9b0, R10=0x0000000000000000, R11=0x00000000010f7f94
R12=0x000000000110b5d8, R13=0x000000000110b590, R14=0x000000000110b5c0, R15=0x0000000000000000
RIP=0x00007ffbb9e8a388, EFLAGS=0x0000000000000202

Top of Stack: (sp=0x0000000019edf070)
0x0000000019edf070:   0000000000000000 000000018005ebe8
0x0000000019edf080:   0000000000000001 0000000019edf1e0
0x0000000019edf090:   00000001e06d7363 0000000000000000
0x0000000019edf0a0:   00007ffbb9e8a388 0000000000000004
0x0000000019edf0b0:   0000000019930520 0000000019edf1e0
0x0000000019edf0c0:   000000018005ebe8 0000000180000000
0x0000000019edf0d0:   000000000110b5c0 000000000110b5d8
0x0000000019edf0e0:   0000000019edf1e0 0000000000000001
0x0000000019edf0f0:   0000000019edf1b0 00007ffbbccb0f6f
0x0000000019edf100:   0000000019edf1c0 00007ffb00000000
0x0000000019edf110:   0000000000000001 0000000017f65400
0x0000000019edf120:   0000000180074000 0000000180000000
0x0000000019edf130:   0000b4ddd754ea8d 00008f3d18eb99ae
0x0000000019edf140:   000000018005ebe8 00007ffb959cef63
0x0000000019edf150:   000000000110b590 000000000110b5d8
0x0000000019edf160:   0000000019edf1c8 0000000000000001 

Instructions: (pc=0x00007ffbb9e8a388)
0x00007ffbb9e8a368:   49 8b d1 44 0f 47 c0 44 89 44 24 38 49 c1 e0 03
0x00007ffbb9e8a378:   e8 4a 46 04 00 48 8d 4c 24 20 ff 15 d0 82 14 00
0x00007ffbb9e8a388:   48 8b 8c 24 c0 00 00 00 48 33 cc e8 b8 05 04 00
0x00007ffbb9e8a398:   48 81 c4 d8 00 00 00 c3 83 64 24 38 00 eb d6 cc 


Register to memory mapping:

RAX=0x0000000000000025 is an unknown value
RBX=0x000000018005ebe8 is an unknown value
RCX=0x00000000000001f2 is an unknown value
RDX=0x0000000000000101 is an unknown value
RSP=0x0000000019edf070 is an unknown value
RBP=0x0000000019edf1b0 is an unknown value
RSI=0x0000000000000001 is an unknown value
RDI=0x0000000019edf1e0 is an unknown value
R8 =0x0000000000000003 is an unknown value
R9 =0x000000001db7d9b0 is an unknown value
R10=0x0000000000000000 is an unknown value
R11=0x00000000010f7f94 is an unknown value
R12=0x000000000110b5d8 is an unknown value
R13=0x000000000110b590 is an unknown value
R14=0x000000000110b5c0 is an unknown value
R15=0x0000000000000000 is an unknown value


Stack: [0x0000000019de0000,0x0000000019ee0000],  sp=0x0000000019edf070,  free space=1020k
Native frames: (J=compiled Java code, j=interpreted, Vv=VM code, C=native code)
C  [KERNELBASE.dll+0x3a388]
C  [MSVCR120.dll+0x5ef63]
C  [pteidlibj.dll+0x377e4]
C  [pteidlibj.dll+0x21b14]
C  [pteidlibj.dll+0x21d96]
C  [ntdll.dll+0x3b583]
C  [ntdll.dll+0x47f85]
C  [ntdll.dll+0x47e48]
C  [KERNEL32.DLL+0x1b19a]
C  [msvcr100.dll+0x20ccd]
V  [jvm.dll+0x213145]
V  [jvm.dll+0x24c127]
V  [jvm.dll+0x24b3c6]
V  [jvm.dll+0x24b861]
V  [jvm.dll+0x24ba7e]
V  [jvm.dll+0x29ca6a]
C  [msvcr100.dll+0x21d9f]
C  [msvcr100.dll+0x21e3b]
C  [KERNEL32.DLL+0x13034]
C  [ntdll.dll+0x73691]

VM_Operation (0x000000000304f130): Exit, mode: safepoint, requested by thread 0x0000000003053000


---------------  P R O C E S S  ---------------

Java Threads: ( => current thread )
  0x000000001a0b9800 JavaThread "Service Thread" daemon [_thread_blocked, id=8524, stack(0x000000001abf0000,0x000000001acf0000)]
  0x000000001a026800 JavaThread "C1 CompilerThread3" daemon [_thread_blocked, id=2532, stack(0x000000001aaf0000,0x000000001abf0000)]
  0x000000001a014000 JavaThread "C2 CompilerThread2" daemon [_thread_blocked, id=7944, stack(0x000000001a9f0000,0x000000001aaf0000)]
  0x000000001a010800 JavaThread "C2 CompilerThread1" daemon [_thread_blocked, id=11404, stack(0x000000001a8f0000,0x000000001a9f0000)]
  0x000000001a00e000 JavaThread "C2 CompilerThread0" daemon [_thread_blocked, id=9412, stack(0x000000001a7f0000,0x000000001a8f0000)]
  0x000000001a008000 JavaThread "Attach Listener" daemon [_thread_blocked, id=6876, stack(0x000000001a6f0000,0x000000001a7f0000)]
  0x000000001a007000 JavaThread "Signal Dispatcher" daemon [_thread_blocked, id=8648, stack(0x000000001a5f0000,0x000000001a6f0000)]
  0x0000000003149000 JavaThread "Finalizer" daemon [_thread_blocked, id=14912, stack(0x000000001a3e0000,0x000000001a4e0000)]
  0x0000000003146000 JavaThread "Reference Handler" daemon [_thread_blocked, id=14492, stack(0x0000000019ee0000,0x0000000019fe0000)]
  0x0000000003053000 JavaThread "main" [_thread_blocked, id=14368, stack(0x0000000002f50000,0x0000000003050000)]

Other Threads:
=>0x00000000180d9000 VMThread [stack: 0x0000000019de0000,0x0000000019ee0000] [id=8288]

VM state:at safepoint (shutting down)

VM Mutex/Monitor currently owned by a thread:  ([mutex/lock_event])
[0x0000000002e9c2c0] Threads_lock - owner thread: 0x00000000180d9000

Heap:
 PSYoungGen      total 38400K, used 22721K [0x00000000d5e00000, 0x00000000d8880000, 0x0000000100000000)
  eden space 33280K, 68% used [0x00000000d5e00000,0x00000000d74304c0,0x00000000d7e80000)
  from space 5120K, 0% used [0x00000000d8380000,0x00000000d8380000,0x00000000d8880000)
  to   space 5120K, 0% used [0x00000000d7e80000,0x00000000d7e80000,0x00000000d8380000)
 ParOldGen       total 87552K, used 0K [0x0000000081a00000, 0x0000000086f80000, 0x00000000d5e00000)
  object space 87552K, 0% used [0x0000000081a00000,0x0000000081a00000,0x0000000086f80000)
 Metaspace       used 9067K, capacity 9330K, committed 9600K, reserved 1058816K
  class space    used 985K, capacity 1099K, committed 1152K, reserved 1048576K

Card table byte_map: [0x0000000012510000,0x0000000012910000] byte_map_base: 0x0000000012103000

Marking Bits: (ParMarkBitMap*) 0x0000000058b9d850
 Begin Bits: [0x00000000133c0000, 0x0000000015358000)
 End Bits:   [0x0000000015358000, 0x00000000172f0000)

Polling page: 0x0000000002e10000

CodeCache: size=245760Kb used=3580Kb max_used=3580Kb free=242179Kb
 bounds [0x0000000003150000, 0x00000000034e0000, 0x0000000012150000]
 total_blobs=1362 nmethods=989 adapters=286
 compilation: enabled

Compilation events (10 events):
Event: 180.156 Thread 0x000000001a026800  984       3       java.security.Provider::parseLegacyPut (457 bytes)
Event: 180.160 Thread 0x000000001a026800 nmethod 984 0x00000000034ccdd0 code [0x00000000034cd280, 0x00000000034cfd78]
Event: 180.160 Thread 0x000000001a026800  985       3       sun.net.www.ParseUtil::encodePath (336 bytes)
Event: 180.163 Thread 0x000000001a026800 nmethod 985 0x00000000034c8d10 code [0x00000000034c8f80, 0x00000000034c9f98]
Event: 184.453 Thread 0x000000001a026800  988       3       sun.reflect.ClassFileAssembler::setStack (25 bytes)
Event: 184.453 Thread 0x000000001a026800 nmethod 988 0x00000000034bd950 code [0x00000000034bdaa0, 0x00000000034bdc30]
Event: 184.453 Thread 0x000000001a026800  987       3       sun.reflect.AccessorGenerator::sub (5 bytes)
Event: 184.454 Thread 0x000000001a026800 nmethod 987 0x00000000034bd610 code [0x00000000034bd760, 0x00000000034bd8b0]
Event: 184.494 Thread 0x000000001a026800  989       3       java.nio.Buffer::<init> (121 bytes)
Event: 184.496 Thread 0x000000001a026800 nmethod 989 0x00000000034d1750 code [0x00000000034d1a20, 0x00000000034d2ea8]

GC Heap History (0 events):
No events

Deoptimization events (10 events):
Event: 3.345 Thread 0x0000000003053000 Uncommon trap: reason=unstable_if action=reinterpret pc=0x000000000331ded8 method=java.math.BigInteger.squareToLen([II[I)[I @ 5
Event: 3.445 Thread 0x0000000003053000 Uncommon trap: reason=unstable_if action=reinterpret pc=0x0000000003334400 method=java.math.MutableBigInteger.normalize()V @ 40
Event: 177.741 Thread 0x0000000003053000 Uncommon trap: reason=class_check action=maybe_recompile pc=0x00000000033a85f4 method=java.util.regex.Pattern$BmpCharProperty.match(Ljava/util/regex/Matcher;ILjava/lang/CharSequence;)Z @ 31
Event: 177.742 Thread 0x0000000003053000 Uncommon trap: reason=unstable_if action=reinterpret pc=0x00000000033a8540 method=java.util.regex.Pattern$BmpCharProperty.match(Ljava/util/regex/Matcher;ILjava/lang/CharSequence;)Z @ 5
Event: 177.757 Thread 0x0000000003053000 Uncommon trap: reason=unstable_if action=reinterpret pc=0x000000000334df14 method=java.math.MutableBigInteger.divideMagnitude(Ljava/math/MutableBigInteger;Ljava/math/MutableBigInteger;Z)Ljava/math/MutableBigInteger; @ 744
Event: 177.779 Thread 0x0000000003053000 Uncommon trap: reason=unstable_if action=reinterpret pc=0x000000000339f5b8 method=java.lang.String.indexOf([CII[CIII)I @ 134
Event: 178.336 Thread 0x0000000003053000 Uncommon trap: reason=unstable_if action=reinterpret pc=0x00000000034919e8 method=java.util.HashMap.putVal(ILjava/lang/Object;Ljava/lang/Object;ZZ)Ljava/lang/Object; @ 162
Event: 179.820 Thread 0x0000000003053000 Uncommon trap: reason=class_check action=maybe_recompile pc=0x000000000340aed0 method=java.util.HashMap.putVal(ILjava/lang/Object;Ljava/lang/Object;ZZ)Ljava/lang/Object; @ 203
Event: 179.832 Thread 0x0000000003053000 Uncommon trap: reason=class_check action=maybe_recompile pc=0x000000000340aed0 method=java.util.HashMap.putVal(ILjava/lang/Object;Ljava/lang/Object;ZZ)Ljava/lang/Object; @ 203
Event: 180.082 Thread 0x0000000003053000 Uncommon trap: reason=unstable_if action=reinterpret pc=0x0000000003383b48 method=sun.nio.cs.UTF_8$Decoder.decode([BII[C)I @ 30

Internal exceptions (10 events):
Event: 0.328 Thread 0x0000000003053000 Exception <a 'java/security/PrivilegedActionException'> (0x00000000d5f57750) thrown at [C:\re\workspace\8-2-build-windows-amd64-cygwin\jdk8u141\9370\hotspot\src\share\vm\prims\jvm.cpp, line 1390]
Event: 0.329 Thread 0x0000000003053000 Exception <a 'java/security/PrivilegedActionException'> (0x00000000d5f5b660) thrown at [C:\re\workspace\8-2-build-windows-amd64-cygwin\jdk8u141\9370\hotspot\src\share\vm\prims\jvm.cpp, line 1390]
Event: 0.329 Thread 0x0000000003053000 Exception <a 'java/security/PrivilegedActionException'> (0x00000000d5f5b870) thrown at [C:\re\workspace\8-2-build-windows-amd64-cygwin\jdk8u141\9370\hotspot\src\share\vm\prims\jvm.cpp, line 1390]
Event: 0.343 Thread 0x0000000003053000 Exception <a 'java/io/FileNotFoundException'> (0x00000000d5f64458) thrown at [C:\re\workspace\8-2-build-windows-amd64-cygwin\jdk8u141\9370\hotspot\src\share\vm\prims\jni.cpp, line 709]
Event: 0.416 Thread 0x0000000003053000 Exception <a 'java/lang/NoSuchFieldError': method resolution failed> (0x00000000d6031ba0) thrown at [C:\re\workspace\8-2-build-windows-amd64-cygwin\jdk8u141\9370\hotspot\src\share\vm\prims\methodHandles.cpp, line 1146]
Event: 0.420 Thread 0x0000000003053000 Exception <a 'java/lang/NoSuchFieldError': method resolution failed> (0x00000000d603ef70) thrown at [C:\re\workspace\8-2-build-windows-amd64-cygwin\jdk8u141\9370\hotspot\src\share\vm\prims\methodHandles.cpp, line 1146]
Event: 3.340 Thread 0x0000000003053000 Implicit null exception at 0x000000000331778c to 0x0000000003317cd3
Event: 3.345 Thread 0x0000000003053000 Implicit null exception at 0x000000000331dcfe to 0x000000000331dec9
Event: 180.156 Thread 0x0000000003053000 Exception <a 'java/lang/ClassNotFoundException': sun/security/mscapi/Key> (0x00000000d73d0430) thrown at [C:\re\workspace\8-2-build-windows-amd64-cygwin\jdk8u141\9370\hotspot\src\share\vm\classfile\systemDictionary.cpp, line 210]
Event: 184.459 Thread 0x0000000003053000 Exception <a 'java/lang/NoSuchMethodError': <clinit>> (0x00000000d73f0088) thrown at [C:\re\workspace\8-2-build-windows-amd64-cygwin\jdk8u141\9370\hotspot\src\share\vm\prims\jni.cpp, line 1613]

Events (10 events):
Event: 184.459 loading class java/io/ObjectStreamClass$3 done
Event: 184.459 loading class java/io/ObjectStreamClass$4
Event: 184.459 loading class java/io/ObjectStreamClass$4 done
Event: 184.460 loading class java/io/ObjectStreamClass$5
Event: 184.460 loading class java/io/ObjectStreamClass$5 done
Event: 187.966 loading class java/lang/Shutdown
Event: 187.967 loading class java/lang/Shutdown done
Event: 187.967 loading class java/lang/Shutdown$Lock
Event: 187.967 loading class java/lang/Shutdown$Lock done
Event: 187.967 Executing VM operation: Exit


Dynamic libraries:
0x00007ff6a9930000 - 0x00007ff6a9967000 	C:\Program Files\Java\jdk1.8.0_141\jre\bin\java.exe
0x00007ffbbcca0000 - 0x00007ffbbce81000 	C:\WINDOWS\SYSTEM32\ntdll.dll
0x00007ffbbaf50000 - 0x00007ffbbb002000 	C:\WINDOWS\System32\KERNEL32.DLL
0x00007ffbb9e50000 - 0x00007ffbba0c3000 	C:\WINDOWS\System32\KERNELBASE.dll
0x00007ffbbc990000 - 0x00007ffbbca31000 	C:\WINDOWS\System32\ADVAPI32.dll
0x00007ffbbaeb0000 - 0x00007ffbbaf4e000 	C:\WINDOWS\System32\msvcrt.dll
0x00007ffbbc700000 - 0x00007ffbbc75b000 	C:\WINDOWS\System32\sechost.dll
0x00007ffbba1a0000 - 0x00007ffbba2c4000 	C:\WINDOWS\System32\RPCRT4.dll
0x00007ffbbcae0000 - 0x00007ffbbcc70000 	C:\WINDOWS\System32\USER32.dll
0x00007ffbb9c80000 - 0x00007ffbb9ca0000 	C:\WINDOWS\System32\win32u.dll
0x00007ffbbc900000 - 0x00007ffbbc928000 	C:\WINDOWS\System32\GDI32.dll
0x00007ffbb9a10000 - 0x00007ffbb9ba2000 	C:\WINDOWS\System32\gdi32full.dll
0x00007ffbb9970000 - 0x00007ffbb9a0f000 	C:\WINDOWS\System32\msvcp_win.dll
0x00007ffbb9d50000 - 0x00007ffbb9e4a000 	C:\WINDOWS\System32\ucrtbase.dll
0x00007ffbaeb40000 - 0x00007ffbaeda9000 	C:\WINDOWS\WinSxS\amd64_microsoft.windows.common-controls_6595b64144ccf1df_6.0.17134.472_none_fb3f9af53068156d\COMCTL32.dll
0x00007ffbba730000 - 0x00007ffbbaa52000 	C:\WINDOWS\System32\combase.dll
0x00007ffbb9c00000 - 0x00007ffbb9c7a000 	C:\WINDOWS\System32\bcryptPrimitives.dll
0x00007ffbba420000 - 0x00007ffbba44d000 	C:\WINDOWS\System32\IMM32.DLL
0x00000000582a0000 - 0x0000000058372000 	C:\Program Files\Java\jdk1.8.0_141\jre\bin\msvcr100.dll
0x0000000058380000 - 0x0000000058c1d000 	C:\Program Files\Java\jdk1.8.0_141\jre\bin\server\jvm.dll
0x00007ffbbc680000 - 0x00007ffbbc688000 	C:\WINDOWS\System32\PSAPI.DLL
0x00007ffbb6e00000 - 0x00007ffbb6e23000 	C:\WINDOWS\SYSTEM32\WINMM.dll
0x00007ffbaeee0000 - 0x00007ffbaeee9000 	C:\WINDOWS\SYSTEM32\WSOCK32.dll
0x00007ffbb4230000 - 0x00007ffbb423a000 	C:\WINDOWS\SYSTEM32\VERSION.dll
0x00007ffbbc690000 - 0x00007ffbbc6fc000 	C:\WINDOWS\System32\WS2_32.dll
0x00007ffbb6c30000 - 0x00007ffbb6c5a000 	C:\WINDOWS\SYSTEM32\winmmbase.dll
0x00007ffbb9bb0000 - 0x00007ffbb9bf9000 	C:\WINDOWS\System32\cfgmgr32.dll
0x0000000058250000 - 0x000000005825f000 	C:\Program Files\Java\jdk1.8.0_141\jre\bin\verify.dll
0x0000000058220000 - 0x0000000058249000 	C:\Program Files\Java\jdk1.8.0_141\jre\bin\java.dll
0x0000000058200000 - 0x0000000058216000 	C:\Program Files\Java\jdk1.8.0_141\jre\bin\zip.dll
0x00007ffbbb240000 - 0x00007ffbbc680000 	C:\WINDOWS\System32\SHELL32.dll
0x00007ffbbb020000 - 0x00007ffbbb0c9000 	C:\WINDOWS\System32\shcore.dll
0x00007ffbb9070000 - 0x00007ffbb977d000 	C:\WINDOWS\System32\windows.storage.dll
0x00007ffbba140000 - 0x00007ffbba191000 	C:\WINDOWS\System32\shlwapi.dll
0x00007ffbb8fd0000 - 0x00007ffbb8fe1000 	C:\WINDOWS\System32\kernel.appcore.dll
0x00007ffbb8ff0000 - 0x00007ffbb900f000 	C:\WINDOWS\System32\profapi.dll
0x00007ffbb9020000 - 0x00007ffbb906c000 	C:\WINDOWS\System32\powrprof.dll
0x00007ffbb9010000 - 0x00007ffbb901a000 	C:\WINDOWS\System32\FLTLIB.DLL
0x0000000055990000 - 0x0000000055b28000 	C:\Program Files\Java\jdk1.8.0_141\jre\bin\awt.dll
0x00007ffbba2d0000 - 0x00007ffbba392000 	C:\WINDOWS\System32\OLEAUT32.dll
0x00007ffbb7170000 - 0x00007ffbb71fb000 	C:\WINDOWS\SYSTEM32\apphelp.dll
0x0000000180000000 - 0x000000018007c000 	C:\Windows\System32\pteidlibj.dll
0x00007ffb97d80000 - 0x00007ffb97e26000 	C:\Program Files\Java\jdk1.8.0_141\jre\bin\MSVCP120.dll
0x00007ffb95970000 - 0x00007ffb95a5f000 	C:\Program Files\Java\jdk1.8.0_141\jre\bin\MSVCR120.dll
0x0000000002ea0000 - 0x0000000002f26000 	C:\WINDOWS\SYSTEM32\pteidapplayer.dll
0x00007ffbb9780000 - 0x00007ffbb9962000 	C:\WINDOWS\System32\CRYPT32.dll
0x00007ffbb8fb0000 - 0x00007ffbb8fc2000 	C:\WINDOWS\System32\MSASN1.dll
0x000000001b750000 - 0x000000001b773000 	C:\WINDOWS\SYSTEM32\pteidcommon.dll
0x00007ffb84070000 - 0x00007ffb84275000 	C:\WINDOWS\SYSTEM32\LIBEAY32.dll
0x00007ffbb1ae0000 - 0x00007ffbb1b3a000 	C:\WINDOWS\SYSTEM32\SSLEAY32.dll
0x00007ffbaf3d0000 - 0x00007ffbaf41f000 	C:\WINDOWS\SYSTEM32\libcurl.dll
0x00007ffbba3a0000 - 0x00007ffbba3ff000 	C:\WINDOWS\System32\WLDAP32.dll
0x000000001b7a0000 - 0x000000001ba01000 	C:\WINDOWS\SYSTEM32\xerces-c_3_1.dll
0x000000001ba20000 - 0x000000001bb00000 	C:\WINDOWS\SYSTEM32\pteid-poppler.dll
0x000000001bb00000 - 0x000000001bc13000 	C:\WINDOWS\SYSTEM32\FreeImage.dll
0x000000001bc20000 - 0x000000001bd0a000 	C:\WINDOWS\SYSTEM32\xsec_1_7.dll
0x000000001bd20000 - 0x000000001bd56000 	C:\WINDOWS\SYSTEM32\pteidcardlayer.dll
0x00007ffbb40f0000 - 0x00007ffbb4131000 	C:\WINDOWS\SYSTEM32\WinSCard.dll
0x00007ffbb8d60000 - 0x00007ffbb8d87000 	C:\WINDOWS\SYSTEM32\DEVOBJ.dll
0x000000001bd80000 - 0x000000001bdb1000 	C:\WINDOWS\SYSTEM32\pteidDlgsWin32.dll
0x00007ffbb8e50000 - 0x00007ffbb8ea6000 	C:\WINDOWS\SYSTEM32\WINSTA.dll
0x00000000581e0000 - 0x00000000581fa000 	C:\Program Files\Java\jdk1.8.0_141\jre\bin\net.dll
0x00007ffbb87d0000 - 0x00007ffbb8836000 	C:\WINDOWS\system32\mswsock.dll
0x00007ffba5190000 - 0x00007ffba51a6000 	C:\WINDOWS\system32\napinsp.dll
0x00007ffb9d5e0000 - 0x00007ffb9d5fa000 	C:\WINDOWS\system32\pnrpnsp.dll
0x00007ffbb5440000 - 0x00007ffbb5459000 	C:\WINDOWS\system32\NLAapi.dll
0x00007ffbb8590000 - 0x00007ffbb864e000 	C:\WINDOWS\SYSTEM32\DNSAPI.dll
0x00007ffbba130000 - 0x00007ffbba138000 	C:\WINDOWS\System32\NSI.dll
0x00007ffbb8550000 - 0x00007ffbb8588000 	C:\WINDOWS\SYSTEM32\IPHLPAPI.DLL
0x00007ffbb1420000 - 0x00007ffbb142e000 	C:\WINDOWS\System32\winrnr.dll
0x00007ffbaf650000 - 0x00007ffbaf665000 	C:\WINDOWS\System32\wshbth.dll
0x00007ffbaedb0000 - 0x00007ffbaedba000 	C:\Windows\System32\rasadhlp.dll
0x00007ffbaf300000 - 0x00007ffbaf372000 	C:\WINDOWS\System32\fwpuclnt.dll
0x00007ffbb8ab0000 - 0x00007ffbb8ad5000 	C:\WINDOWS\SYSTEM32\bcrypt.dll
0x00007ffbb3790000 - 0x00007ffbb37a6000 	C:\WINDOWS\SYSTEM32\dhcpcsvc6.DLL
0x00007ffbb37b0000 - 0x00007ffbb37ca000 	C:\WINDOWS\SYSTEM32\dhcpcsvc.DLL
0x00007ffbb8990000 - 0x00007ffbb89a7000 	C:\WINDOWS\SYSTEM32\CRYPTSP.dll
0x00007ffbb83b0000 - 0x00007ffbb83e3000 	C:\WINDOWS\system32\rsaenh.dll
0x00007ffbb8ee0000 - 0x00007ffbb8f08000 	C:\WINDOWS\SYSTEM32\USERENV.dll
0x00007ffbb8980000 - 0x00007ffbb898b000 	C:\WINDOWS\SYSTEM32\CRYPTBASE.dll
0x00000000581c0000 - 0x00000000581d1000 	C:\Program Files\Java\jdk1.8.0_141\jre\bin\nio.dll
0x0000000059140000 - 0x0000000059164000 	C:\Program Files\Java\jdk1.8.0_141\jre\bin\sunec.dll
0x0000000059130000 - 0x000000005913b000 	C:\Program Files\Java\jdk1.8.0_141\jre\bin\sunmscapi.dll
0x0000000059110000 - 0x0000000059122000 	C:\Program Files\Java\jdk1.8.0_141\jre\bin\j2pkcs11.dll
0x00000000011f0000 - 0x000000000120f000 	C:\Windows\System32\pteidpkcs11.dll
0x00007ffbb73a0000 - 0x00007ffbb7438000 	C:\WINDOWS\system32\uxtheme.dll
0x00007ffbba5b0000 - 0x00007ffbba723000 	C:\WINDOWS\System32\MSCTF.dll
0x00007ffbb76b0000 - 0x00007ffbb76d9000 	C:\WINDOWS\system32\dwmapi.dll
0x00007ffb9e1c0000 - 0x00007ffb9e256000 	C:\WINDOWS\System32\TextInputFramework.dll
0x00007ffbb05e0000 - 0x00007ffbb08fe000 	C:\WINDOWS\System32\CoreUIComponents.dll
0x00007ffbb6e70000 - 0x00007ffbb6f4a000 	C:\WINDOWS\System32\CoreMessaging.dll
0x00007ffbb80a0000 - 0x00007ffbb80d1000 	C:\WINDOWS\SYSTEM32\ntmarta.dll
0x00007ffbb5070000 - 0x00007ffbb51bd000 	C:\WINDOWS\SYSTEM32\wintypes.dll
0x00007ffbba450000 - 0x00007ffbba5a1000 	C:\WINDOWS\System32\ole32.dll
0x00007ffba9d30000 - 0x00007ffba9ef9000 	C:\WINDOWS\SYSTEM32\dbghelp.dll

VM Arguments:
jvm_args: -Dfile.encoding=UTF-8 
java_command: calculator.application.CalculatorApplication
java_class_path (initial): C:\Users\tialk\Desktop\Segurança Informática\Trabalho\2018\contourCola\Cola Library\dist\Cola_Library.jar;C:\Program Files\Portugal Identity Card\sdk\Java\pteidlibj.jar;C:\Users\tialk\Desktop\Segurança Informática\Trabalho\2018\contourCola\Calculator application\build\classes
Launcher Type: SUN_STANDARD

Environment Variables:
CLASSPATH=C:\Program Files\Portugal Identity Card
PATH=C:\Program Files (x86)\Common Files\Oracle\Java\javapath;C:\ProgramData\Oracle\Java\javapath;C:\WINDOWS\system32;C:\WINDOWS;C:\WINDOWS\System32\Wbem;C:\WINDOWS\System32\WindowsPowerShell\v1.0\;C:\Program Files (x86)\Microsoft SQL Server\Client SDK\ODBC\130\Tools\Binn\;C:\Program Files (x86)\Microsoft SQL Server\140\Tools\Binn\;C:\Program Files (x86)\Microsoft SQL Server\140\DTS\Binn\;C:\Program Files (x86)\Microsoft SQL Server\140\Tools\Binn\ManagementStudio\;C:\Program Files\Microsoft SQL Server\130\Tools\Binn\;C:\Program Files\dotnet\;C:\Program Files\Microsoft SQL Server\Client SDK\ODBC\130\Tools\Binn\;C:\Program Files (x86)\Microsoft SQL Server\130\Tools\Binn\;C:\Program Files\Microsoft SQL Server\130\DTS\Binn\;C:\Program Files\nodejs\;C:\WINDOWS\System32\OpenSSH\;C:\Program Files\Git\cmd;C:\Program Files\Portugal Identity Card;C:\Program Files (x86)\NVIDIA Corporation\PhysX\Common;C:\Users\tialk\AppData\Local\Microsoft\WindowsApps;C:\Users\tialk\AppData\Local\atom\bin;C:\Users\tialk\AppData\Roaming\npm;C:\Users\tialk\AppData\Local\Microsoft\WindowsApps;C:\Users\tialk\AppData\Local\GitHubDesktop\bin;
USERNAME=tjsantos
OS=Windows_NT
PROCESSOR_IDENTIFIER=Intel64 Family 6 Model 58 Stepping 9, GenuineIntel



---------------  S Y S T E M  ---------------

OS: Windows 10.0 , 64 bit Build 17134 (10.0.17134.1)

CPU:total 8 (initial active 8) (4 cores per cpu, 2 threads per core) family 6 model 58 stepping 9, cmov, cx8, fxsr, mmx, sse, sse2, sse3, ssse3, sse4.1, sse4.2, popcnt, avx, aes, clmul, erms, ht, tsc, tscinvbit, tscinv

Memory: 4k page, physical 8275596k(3277260k free), swap 14474812k(8105156k free)

vm_info: Java HotSpot(TM) 64-Bit Server VM (25.141-b15) for windows-amd64 JRE (1.8.0_141-b15), built on Jul 12 2017 04:25:12 by "java_re" with MS VC++ 10.0 (VS2010)

time: Thu Jan 03 18:45:38 2019
elapsed time: 188 seconds (0d 0h 3m 8s)

