#
# A fatal error has been detected by the Java Runtime Environment:
#
#  EXCEPTION_UNCAUGHT_CXX_EXCEPTION (0xe06d7363) at pc=0x00007ffbb9e8a388, pid=7800, tid=0x00000000000036a4
#
# JRE version: Java(TM) SE Runtime Environment (8.0_141-b15) (build 1.8.0_141-b15)
# Java VM: Java HotSpot(TM) 64-Bit Server VM (25.141-b15 mixed mode windows-amd64 compressed oops)
# Problematic frame:
# C  [KERNELBASE.dll+0x3a388]
#
# Failed to write core dump. Minidumps are not enabled by default on client versions of Windows
#
# If you would like to submit a bug report, please visit:
#   http://bugreport.java.com/bugreport/crash.jsp
#

---------------  T H R E A D  ---------------

Current thread (0x0000000017a39000):  VMThread [stack: 0x0000000019710000,0x0000000019810000] [id=13988]

siginfo: ExceptionCode=0xe06d7363, ExceptionInformation=0x0000000019930520 0x000000001980f230 0x000000018005ebe8 0x0000000180000000 

Registers:
RAX=0x0000000000000000, RBX=0x000000018005ebe8, RCX=0x0000000000000321, RDX=0x0000000000000101
RSP=0x000000001980f0c0, RBP=0x000000001980f200, RSI=0x0000000000000001, RDI=0x000000001980f230
R8 =0x0000000000000000, R9 =0x0000000000b5af70, R10=0x0000000000000000, R11=0x0000000000ab78e4
R12=0x0000000000acaa98, R13=0x0000000000acaa50, R14=0x0000000000acaa80, R15=0x0000000000000000
RIP=0x00007ffbb9e8a388, EFLAGS=0x0000000000000202

Top of Stack: (sp=0x000000001980f0c0)
0x000000001980f0c0:   0000000000000000 000000018005ebe8
0x000000001980f0d0:   0000000000000001 000000001980f230
0x000000001980f0e0:   00000001e06d7363 0000000000000000
0x000000001980f0f0:   00007ffbb9e8a388 0000000000000004
0x000000001980f100:   0000000019930520 000000001980f230
0x000000001980f110:   000000018005ebe8 0000000180000000
0x000000001980f120:   0000000000acaa80 0000000000acaa98
0x000000001980f130:   000000001980f230 0000000000000001
0x000000001980f140:   000000001980f200 00007ffbbccb0f6f
0x000000001980f150:   000000001980f210 00007ffb00000000
0x000000001980f160:   0000000000000001 00000000178c5400
0x000000001980f170:   0000000180074000 0000000180000000
0x000000001980f180:   00008e60590bdfb4 00006af4023d9d03
0x000000001980f190:   000000018005ebe8 00007ffb885aef63
0x000000001980f1a0:   0000000000acaa50 0000000000acaa98
0x000000001980f1b0:   000000001980f218 0000000000000001 

Instructions: (pc=0x00007ffbb9e8a388)
0x00007ffbb9e8a368:   49 8b d1 44 0f 47 c0 44 89 44 24 38 49 c1 e0 03
0x00007ffbb9e8a378:   e8 4a 46 04 00 48 8d 4c 24 20 ff 15 d0 82 14 00
0x00007ffbb9e8a388:   48 8b 8c 24 c0 00 00 00 48 33 cc e8 b8 05 04 00
0x00007ffbb9e8a398:   48 81 c4 d8 00 00 00 c3 83 64 24 38 00 eb d6 cc 


Register to memory mapping:

RAX=0x0000000000000000 is an unknown value
RBX=0x000000018005ebe8 is an unknown value
RCX=0x0000000000000321 is an unknown value
RDX=0x0000000000000101 is an unknown value
RSP=0x000000001980f0c0 is an unknown value
RBP=0x000000001980f200 is an unknown value
RSI=0x0000000000000001 is an unknown value
RDI=0x000000001980f230 is an unknown value
R8 =0x0000000000000000 is an unknown value
R9 =0x0000000000b5af70 is an unknown value
R10=0x0000000000000000 is an unknown value
R11=0x0000000000ab78e4 is an unknown value
R12=0x0000000000acaa98 is an unknown value
R13=0x0000000000acaa50 is an unknown value
R14=0x0000000000acaa80 is an unknown value
R15=0x0000000000000000 is an unknown value


Stack: [0x0000000019710000,0x0000000019810000],  sp=0x000000001980f0c0,  free space=1020k
Native frames: (J=compiled Java code, j=interpreted, Vv=VM code, C=native code)
C  [KERNELBASE.dll+0x3a388]
C  [MSVCR120.dll+0x5ef63]
C  [pteidlibj.dll+0x377e4]
C  [pteidlibj.dll+0x21b14]
C  [pteidlibj.dll+0x21d96]
C  [ntdll.dll+0x3b583]
C  [ntdll.dll+0x47f85]
C  [ntdll.dll+0x47e48]
C  [KERNEL32.DLL+0x1b19a]
C  [msvcr100.dll+0x20ccd]
V  [jvm.dll+0x213145]
V  [jvm.dll+0x24c127]
V  [jvm.dll+0x24b3c6]
V  [jvm.dll+0x24b861]
V  [jvm.dll+0x24ba7e]
V  [jvm.dll+0x29ca6a]
C  [msvcr100.dll+0x21d9f]
C  [msvcr100.dll+0x21e3b]
C  [KERNEL32.DLL+0x13034]
C  [ntdll.dll+0x73691]

VM_Operation (0x000000000294f250): Exit, mode: safepoint, requested by thread 0x0000000002983000


---------------  P R O C E S S  ---------------

Java Threads: ( => current thread )
  0x0000000019984800 JavaThread "Service Thread" daemon [_thread_blocked, id=13376, stack(0x000000001a520000,0x000000001a620000)]
  0x0000000019945800 JavaThread "C1 CompilerThread3" daemon [_thread_blocked, id=6016, stack(0x000000001a420000,0x000000001a520000)]
  0x0000000019942800 JavaThread "C2 CompilerThread2" daemon [_thread_blocked, id=6988, stack(0x000000001a320000,0x000000001a420000)]
  0x0000000019941000 JavaThread "C2 CompilerThread1" daemon [_thread_blocked, id=14236, stack(0x000000001a220000,0x000000001a320000)]
  0x000000001993a000 JavaThread "C2 CompilerThread0" daemon [_thread_blocked, id=10228, stack(0x000000001a120000,0x000000001a220000)]
  0x0000000019938000 JavaThread "Attach Listener" daemon [_thread_blocked, id=14228, stack(0x000000001a020000,0x000000001a120000)]
  0x0000000019937000 JavaThread "Signal Dispatcher" daemon [_thread_blocked, id=10040, stack(0x0000000019f20000,0x000000001a020000)]
  0x0000000002a79000 JavaThread "Finalizer" daemon [_thread_blocked, id=764, stack(0x0000000019d10000,0x0000000019e10000)]
  0x0000000002a76000 JavaThread "Reference Handler" daemon [_thread_blocked, id=2832, stack(0x0000000019810000,0x0000000019910000)]
  0x0000000002983000 JavaThread "main" [_thread_blocked, id=13804, stack(0x0000000002850000,0x0000000002950000)]

Other Threads:
=>0x0000000017a39000 VMThread [stack: 0x0000000019710000,0x0000000019810000] [id=13988]

VM state:at safepoint (shutting down)

VM Mutex/Monitor currently owned by a thread:  ([mutex/lock_event])
[0x000000000284c540] Threads_lock - owner thread: 0x0000000017a39000

Heap:
 PSYoungGen      total 38400K, used 3993K [0x00000000d5e00000, 0x00000000d8880000, 0x0000000100000000)
  eden space 33280K, 12% used [0x00000000d5e00000,0x00000000d61e6748,0x00000000d7e80000)
  from space 5120K, 0% used [0x00000000d8380000,0x00000000d8380000,0x00000000d8880000)
  to   space 5120K, 0% used [0x00000000d7e80000,0x00000000d7e80000,0x00000000d8380000)
 ParOldGen       total 87552K, used 0K [0x0000000081a00000, 0x0000000086f80000, 0x00000000d5e00000)
  object space 87552K, 0% used [0x0000000081a00000,0x0000000081a00000,0x0000000086f80000)
 Metaspace       used 5883K, capacity 6026K, committed 6144K, reserved 1056768K
  class space    used 667K, capacity 731K, committed 768K, reserved 1048576K

Card table byte_map: [0x0000000011e40000,0x0000000012240000] byte_map_base: 0x0000000011a33000

Marking Bits: (ParMarkBitMap*) 0x0000000058f8d850
 Begin Bits: [0x0000000012cf0000, 0x0000000014c88000)
 End Bits:   [0x0000000014c88000, 0x0000000016c20000)

Polling page: 0x0000000002800000

CodeCache: size=245760Kb used=1661Kb max_used=1675Kb free=244098Kb
 bounds [0x0000000002a80000, 0x0000000002cf0000, 0x0000000011a80000]
 total_blobs=594 nmethods=280 adapters=227
 compilation: enabled

Compilation events (10 events):
Event: 2.603 Thread 0x0000000019945800 nmethod 276 0x0000000002c1cd50 code [0x0000000002c1cee0, 0x0000000002c1d310]
Event: 2.606 Thread 0x0000000019945800  277       3       java.util.LinkedHashMap$LinkedHashIterator::hasNext (13 bytes)
Event: 2.606 Thread 0x0000000019945800 nmethod 277 0x0000000002c1d950 code [0x0000000002c1daa0, 0x0000000002c1dc50]
Event: 2.606 Thread 0x0000000019945800  278       3       java.util.LinkedHashMap$LinkedHashIterator::nextNode (54 bytes)
Event: 2.607 Thread 0x0000000019945800 nmethod 278 0x0000000002c1dcd0 code [0x0000000002c1de60, 0x0000000002c1e158]
Event: 2.608 Thread 0x0000000019945800  279       3       java.nio.ByteBuffer::arrayOffset (35 bytes)
Event: 2.609 Thread 0x0000000019945800 nmethod 279 0x0000000002c1e2d0 code [0x0000000002c1e460, 0x0000000002c1e718]
Event: 2.609 Thread 0x0000000019945800  280       3       java.nio.CharBuffer::arrayOffset (35 bytes)
Event: 2.609 Thread 0x0000000019945800 nmethod 280 0x0000000002c1e810 code [0x0000000002c1e9a0, 0x0000000002c1ec58]
Event: 2.629 Thread 0x0000000019942800 nmethod 270% 0x0000000002c22490 code [0x0000000002c225e0, 0x0000000002c230b8]

GC Heap History (0 events):
No events

Deoptimization events (0 events):
No events

Internal exceptions (10 events):
Event: 0.095 Thread 0x0000000002983000 Exception <a 'java/lang/NoSuchMethodError': Method sun.misc.Unsafe.defineClass(Ljava/lang/String;[BII)Ljava/lang/Class; name or signature does not match> (0x00000000d5e07ca8) thrown at [C:\re\workspace\8-2-build-windows-amd64-cygwin\jdk8u141\9370\hotspot\
Event: 0.095 Thread 0x0000000002983000 Exception <a 'java/lang/NoSuchMethodError': Method sun.misc.Unsafe.prefetchRead(Ljava/lang/Object;J)V name or signature does not match> (0x00000000d5e07f90) thrown at [C:\re\workspace\8-2-build-windows-amd64-cygwin\jdk8u141\9370\hotspot\src\share\vm\prims
Event: 0.213 Thread 0x0000000002983000 Exception <a 'java/io/FileNotFoundException'> (0x00000000d5e5c070) thrown at [C:\re\workspace\8-2-build-windows-amd64-cygwin\jdk8u141\9370\hotspot\src\share\vm\prims\jni.cpp, line 709]
Event: 0.312 Thread 0x0000000002983000 Exception <a 'java/security/PrivilegedActionException'> (0x00000000d5f57690) thrown at [C:\re\workspace\8-2-build-windows-amd64-cygwin\jdk8u141\9370\hotspot\src\share\vm\prims\jvm.cpp, line 1390]
Event: 0.312 Thread 0x0000000002983000 Exception <a 'java/security/PrivilegedActionException'> (0x00000000d5f578a0) thrown at [C:\re\workspace\8-2-build-windows-amd64-cygwin\jdk8u141\9370\hotspot\src\share\vm\prims\jvm.cpp, line 1390]
Event: 0.314 Thread 0x0000000002983000 Exception <a 'java/security/PrivilegedActionException'> (0x00000000d5f5b7b0) thrown at [C:\re\workspace\8-2-build-windows-amd64-cygwin\jdk8u141\9370\hotspot\src\share\vm\prims\jvm.cpp, line 1390]
Event: 0.314 Thread 0x0000000002983000 Exception <a 'java/security/PrivilegedActionException'> (0x00000000d5f5b9c0) thrown at [C:\re\workspace\8-2-build-windows-amd64-cygwin\jdk8u141\9370\hotspot\src\share\vm\prims\jvm.cpp, line 1390]
Event: 0.331 Thread 0x0000000002983000 Exception <a 'java/io/FileNotFoundException'> (0x00000000d5f645a8) thrown at [C:\re\workspace\8-2-build-windows-amd64-cygwin\jdk8u141\9370\hotspot\src\share\vm\prims\jni.cpp, line 709]
Event: 0.425 Thread 0x0000000002983000 Exception <a 'java/lang/NoSuchFieldError': method resolution failed> (0x00000000d6031d10) thrown at [C:\re\workspace\8-2-build-windows-amd64-cygwin\jdk8u141\9370\hotspot\src\share\vm\prims\methodHandles.cpp, line 1146]
Event: 0.429 Thread 0x0000000002983000 Exception <a 'java/lang/NoSuchFieldError': method resolution failed> (0x00000000d603f0e0) thrown at [C:\re\workspace\8-2-build-windows-amd64-cygwin\jdk8u141\9370\hotspot\src\share\vm\prims\methodHandles.cpp, line 1146]

Events (10 events):
Event: 2.609 loading class java/util/regex/Pattern$Dot done
Event: 2.610 loading class java/util/regex/Pattern$Dollar
Event: 2.610 loading class java/util/regex/Pattern$Dollar done
Event: 4.265 Executing VM operation: EnableBiasedLocking
Event: 4.265 Executing VM operation: EnableBiasedLocking done
Event: 16.981 loading class java/lang/Shutdown
Event: 16.981 loading class java/lang/Shutdown done
Event: 16.981 loading class java/lang/Shutdown$Lock
Event: 16.981 loading class java/lang/Shutdown$Lock done
Event: 16.982 Executing VM operation: Exit


Dynamic libraries:
0x00007ff7cb590000 - 0x00007ff7cb5c7000 	C:\Program Files\Java\jdk1.8.0_141\jre\bin\java.exe
0x00007ffbbcca0000 - 0x00007ffbbce81000 	C:\WINDOWS\SYSTEM32\ntdll.dll
0x00007ffbbaf50000 - 0x00007ffbbb002000 	C:\WINDOWS\System32\KERNEL32.DLL
0x00007ffbb9e50000 - 0x00007ffbba0c3000 	C:\WINDOWS\System32\KERNELBASE.dll
0x00007ffbbc990000 - 0x00007ffbbca31000 	C:\WINDOWS\System32\ADVAPI32.dll
0x00007ffbbaeb0000 - 0x00007ffbbaf4e000 	C:\WINDOWS\System32\msvcrt.dll
0x00007ffbbc700000 - 0x00007ffbbc75b000 	C:\WINDOWS\System32\sechost.dll
0x00007ffbba1a0000 - 0x00007ffbba2c4000 	C:\WINDOWS\System32\RPCRT4.dll
0x00007ffbbcae0000 - 0x00007ffbbcc70000 	C:\WINDOWS\System32\USER32.dll
0x00007ffbb9c80000 - 0x00007ffbb9ca0000 	C:\WINDOWS\System32\win32u.dll
0x00007ffbbc900000 - 0x00007ffbbc928000 	C:\WINDOWS\System32\GDI32.dll
0x00007ffbb9a10000 - 0x00007ffbb9ba2000 	C:\WINDOWS\System32\gdi32full.dll
0x00007ffbb9970000 - 0x00007ffbb9a0f000 	C:\WINDOWS\System32\msvcp_win.dll
0x00007ffbb9d50000 - 0x00007ffbb9e4a000 	C:\WINDOWS\System32\ucrtbase.dll
0x00007ffbaeb40000 - 0x00007ffbaeda9000 	C:\WINDOWS\WinSxS\amd64_microsoft.windows.common-controls_6595b64144ccf1df_6.0.17134.472_none_fb3f9af53068156d\COMCTL32.dll
0x00007ffbba730000 - 0x00007ffbbaa52000 	C:\WINDOWS\System32\combase.dll
0x00007ffbb9c00000 - 0x00007ffbb9c7a000 	C:\WINDOWS\System32\bcryptPrimitives.dll
0x00007ffbba420000 - 0x00007ffbba44d000 	C:\WINDOWS\System32\IMM32.DLL
0x0000000058690000 - 0x0000000058762000 	C:\Program Files\Java\jdk1.8.0_141\jre\bin\msvcr100.dll
0x0000000058770000 - 0x000000005900d000 	C:\Program Files\Java\jdk1.8.0_141\jre\bin\server\jvm.dll
0x00007ffbbc680000 - 0x00007ffbbc688000 	C:\WINDOWS\System32\PSAPI.DLL
0x00007ffb9cd70000 - 0x00007ffb9cd79000 	C:\WINDOWS\SYSTEM32\WSOCK32.dll
0x00007ffbb4230000 - 0x00007ffbb423a000 	C:\WINDOWS\SYSTEM32\VERSION.dll
0x00007ffbb6e00000 - 0x00007ffbb6e23000 	C:\WINDOWS\SYSTEM32\WINMM.dll
0x00007ffbbc690000 - 0x00007ffbbc6fc000 	C:\WINDOWS\System32\WS2_32.dll
0x00007ffbb6c30000 - 0x00007ffbb6c5a000 	C:\WINDOWS\SYSTEM32\winmmbase.dll
0x00007ffbb9bb0000 - 0x00007ffbb9bf9000 	C:\WINDOWS\System32\cfgmgr32.dll
0x0000000058640000 - 0x000000005864f000 	C:\Program Files\Java\jdk1.8.0_141\jre\bin\verify.dll
0x0000000058610000 - 0x0000000058639000 	C:\Program Files\Java\jdk1.8.0_141\jre\bin\java.dll
0x00000000585f0000 - 0x0000000058606000 	C:\Program Files\Java\jdk1.8.0_141\jre\bin\zip.dll
0x00007ffbbb240000 - 0x00007ffbbc680000 	C:\WINDOWS\System32\SHELL32.dll
0x00007ffbbb020000 - 0x00007ffbbb0c9000 	C:\WINDOWS\System32\shcore.dll
0x00007ffbb9070000 - 0x00007ffbb977d000 	C:\WINDOWS\System32\windows.storage.dll
0x00007ffbba140000 - 0x00007ffbba191000 	C:\WINDOWS\System32\shlwapi.dll
0x00007ffbb8fd0000 - 0x00007ffbb8fe1000 	C:\WINDOWS\System32\kernel.appcore.dll
0x00007ffbb8ff0000 - 0x00007ffbb900f000 	C:\WINDOWS\System32\profapi.dll
0x00007ffbb9020000 - 0x00007ffbb906c000 	C:\WINDOWS\System32\powrprof.dll
0x00007ffbb9010000 - 0x00007ffbb901a000 	C:\WINDOWS\System32\FLTLIB.DLL
0x0000000058410000 - 0x00000000585a8000 	C:\Program Files\Java\jdk1.8.0_141\jre\bin\awt.dll
0x00007ffbba2d0000 - 0x00007ffbba392000 	C:\WINDOWS\System32\OLEAUT32.dll
0x00007ffbb7170000 - 0x00007ffbb71fb000 	C:\WINDOWS\SYSTEM32\apphelp.dll
0x0000000180000000 - 0x000000018007c000 	C:\Windows\System32\pteidlibj.dll
0x00007ffb88550000 - 0x00007ffb8863f000 	C:\Program Files\Java\jdk1.8.0_141\jre\bin\MSVCR120.dll
0x00007ffb87ae0000 - 0x00007ffb87b86000 	C:\Program Files\Java\jdk1.8.0_141\jre\bin\MSVCP120.dll
0x000000001b080000 - 0x000000001b0a3000 	C:\WINDOWS\SYSTEM32\pteidcommon.dll
0x000000001b0b0000 - 0x000000001b136000 	C:\WINDOWS\SYSTEM32\pteidapplayer.dll
0x00007ffbb9780000 - 0x00007ffbb9962000 	C:\WINDOWS\System32\CRYPT32.dll
0x00007ffbb8fb0000 - 0x00007ffbb8fc2000 	C:\WINDOWS\System32\MSASN1.dll
0x00007ffb915f0000 - 0x00007ffb9164a000 	C:\WINDOWS\SYSTEM32\SSLEAY32.dll
0x00007ffb7fc80000 - 0x00007ffb7fe85000 	C:\WINDOWS\SYSTEM32\LIBEAY32.dll
0x00007ffb94980000 - 0x00007ffb949cf000 	C:\WINDOWS\SYSTEM32\libcurl.dll
0x00007ffbba3a0000 - 0x00007ffbba3ff000 	C:\WINDOWS\System32\WLDAP32.dll
0x000000001b240000 - 0x000000001b4a1000 	C:\WINDOWS\SYSTEM32\xerces-c_3_1.dll
0x000000001b4b0000 - 0x000000001b590000 	C:\WINDOWS\SYSTEM32\pteid-poppler.dll
0x000000001b590000 - 0x000000001b6a3000 	C:\WINDOWS\SYSTEM32\FreeImage.dll
0x000000001b6b0000 - 0x000000001b79a000 	C:\WINDOWS\SYSTEM32\xsec_1_7.dll
0x000000001b170000 - 0x000000001b1a6000 	C:\WINDOWS\SYSTEM32\pteidcardlayer.dll
0x00007ffbb40f0000 - 0x00007ffbb4131000 	C:\WINDOWS\SYSTEM32\WinSCard.dll
0x00007ffbb8d60000 - 0x00007ffbb8d87000 	C:\WINDOWS\SYSTEM32\DEVOBJ.dll
0x000000001b1d0000 - 0x000000001b201000 	C:\WINDOWS\SYSTEM32\pteidDlgsWin32.dll
0x00007ffbb8e50000 - 0x00007ffbb8ea6000 	C:\WINDOWS\SYSTEM32\WINSTA.dll
0x00000000585d0000 - 0x00000000585ea000 	C:\Program Files\Java\jdk1.8.0_141\jre\bin\net.dll
0x00007ffbb87d0000 - 0x00007ffbb8836000 	C:\WINDOWS\system32\mswsock.dll
0x00007ffb9d0b0000 - 0x00007ffb9d0c6000 	C:\WINDOWS\system32\napinsp.dll
0x00007ffb9cd10000 - 0x00007ffb9cd2a000 	C:\WINDOWS\system32\pnrpnsp.dll
0x00007ffbb5440000 - 0x00007ffbb5459000 	C:\WINDOWS\system32\NLAapi.dll
0x00007ffbb8590000 - 0x00007ffbb864e000 	C:\WINDOWS\SYSTEM32\DNSAPI.dll
0x00007ffbba130000 - 0x00007ffbba138000 	C:\WINDOWS\System32\NSI.dll
0x00007ffbb8550000 - 0x00007ffbb8588000 	C:\WINDOWS\SYSTEM32\IPHLPAPI.DLL
0x00007ffbb28d0000 - 0x00007ffbb28de000 	C:\WINDOWS\System32\winrnr.dll
0x00007ffbaf650000 - 0x00007ffbaf665000 	C:\WINDOWS\System32\wshbth.dll
0x00007ffbaedb0000 - 0x00007ffbaedba000 	C:\Windows\System32\rasadhlp.dll
0x00007ffbaf300000 - 0x00007ffbaf372000 	C:\WINDOWS\System32\fwpuclnt.dll
0x00007ffbb8ab0000 - 0x00007ffbb8ad5000 	C:\WINDOWS\SYSTEM32\bcrypt.dll
0x00007ffbb3790000 - 0x00007ffbb37a6000 	C:\WINDOWS\SYSTEM32\dhcpcsvc6.DLL
0x00007ffbb37b0000 - 0x00007ffbb37ca000 	C:\WINDOWS\SYSTEM32\dhcpcsvc.DLL
0x00007ffba9d30000 - 0x00007ffba9ef9000 	C:\WINDOWS\SYSTEM32\dbghelp.dll

VM Arguments:
jvm_args: -Dfile.encoding=UTF-8 
java_command: calculator.application.CalculatorApplication
java_class_path (initial): C:\Users\tialk\Desktop\Segurança Informática\Trabalho\2018\contourCola\Cola Library\dist\Cola_Library.jar;C:\Program Files\Portugal Identity Card\sdk\Java\pteidlibj.jar;C:\Users\tialk\Desktop\Segurança Informática\Trabalho\2018\contourCola\Calculator application\build\classes
Launcher Type: SUN_STANDARD

Environment Variables:
CLASSPATH=C:\Program Files\Portugal Identity Card
PATH=C:\Program Files (x86)\Common Files\Oracle\Java\javapath;C:\ProgramData\Oracle\Java\javapath;C:\WINDOWS\system32;C:\WINDOWS;C:\WINDOWS\System32\Wbem;C:\WINDOWS\System32\WindowsPowerShell\v1.0\;C:\Program Files (x86)\Microsoft SQL Server\Client SDK\ODBC\130\Tools\Binn\;C:\Program Files (x86)\Microsoft SQL Server\140\Tools\Binn\;C:\Program Files (x86)\Microsoft SQL Server\140\DTS\Binn\;C:\Program Files (x86)\Microsoft SQL Server\140\Tools\Binn\ManagementStudio\;C:\Program Files\Microsoft SQL Server\130\Tools\Binn\;C:\Program Files\dotnet\;C:\Program Files\Microsoft SQL Server\Client SDK\ODBC\130\Tools\Binn\;C:\Program Files (x86)\Microsoft SQL Server\130\Tools\Binn\;C:\Program Files\Microsoft SQL Server\130\DTS\Binn\;C:\Program Files\nodejs\;C:\WINDOWS\System32\OpenSSH\;C:\Program Files\Git\cmd;C:\Program Files\Portugal Identity Card;C:\Program Files (x86)\NVIDIA Corporation\PhysX\Common;C:\Users\tialk\AppData\Local\Microsoft\WindowsApps;C:\Users\tialk\AppData\Local\atom\bin;C:\Users\tialk\AppData\Roaming\npm;C:\Users\tialk\AppData\Local\Microsoft\WindowsApps;C:\Users\tialk\AppData\Local\GitHubDesktop\bin;
USERNAME=tjsantos
OS=Windows_NT
PROCESSOR_IDENTIFIER=Intel64 Family 6 Model 58 Stepping 9, GenuineIntel



---------------  S Y S T E M  ---------------

OS: Windows 10.0 , 64 bit Build 17134 (10.0.17134.1)

CPU:total 8 (initial active 8) (4 cores per cpu, 2 threads per core) family 6 model 58 stepping 9, cmov, cx8, fxsr, mmx, sse, sse2, sse3, ssse3, sse4.1, sse4.2, popcnt, avx, aes, clmul, erms, ht, tsc, tscinvbit, tscinv

Memory: 4k page, physical 8275596k(1612628k free), swap 12338828k(2522116k free)

vm_info: Java HotSpot(TM) 64-Bit Server VM (25.141-b15) for windows-amd64 JRE (1.8.0_141-b15), built on Jul 12 2017 04:25:12 by "java_re" with MS VC++ 10.0 (VS2010)

time: Wed Jan 02 17:20:31 2019
elapsed time: 17 seconds (0d 0h 0m 17s)

