#
# A fatal error has been detected by the Java Runtime Environment:
#
#  EXCEPTION_UNCAUGHT_CXX_EXCEPTION (0xe06d7363) at pc=0x00007ffbb9e8a388, pid=7644, tid=0x0000000000000884
#
# JRE version: Java(TM) SE Runtime Environment (8.0_141-b15) (build 1.8.0_141-b15)
# Java VM: Java HotSpot(TM) 64-Bit Server VM (25.141-b15 mixed mode windows-amd64 compressed oops)
# Problematic frame:
# C  [KERNELBASE.dll+0x3a388]
#
# Failed to write core dump. Minidumps are not enabled by default on client versions of Windows
#
# If you would like to submit a bug report, please visit:
#   http://bugreport.java.com/bugreport/crash.jsp
#

---------------  T H R E A D  ---------------

Current thread (0x0000000017e69000):  VMThread [stack: 0x0000000019b30000,0x0000000019c30000] [id=2180]

siginfo: ExceptionCode=0xe06d7363, ExceptionInformation=0x0000000019930520 0x0000000019c2f5a0 0x000000018005ebe8 0x0000000180000000 

Registers:
RAX=0x0000000000000025, RBX=0x000000018005ebe8, RCX=0x000000000000003e, RDX=0x0000000000000101
RSP=0x0000000019c2f430, RBP=0x0000000019c2f570, RSI=0x0000000000000001, RDI=0x0000000019c2f5a0
R8 =0x0000000000000003, R9 =0x0000000000e4dfd0, R10=0x0000000000000000, R11=0x0000000000d67f5c
R12=0x0000000000d7d3d8, R13=0x0000000000d7d390, R14=0x0000000000d7d3c0, R15=0x0000000000000000
RIP=0x00007ffbb9e8a388, EFLAGS=0x0000000000000202

Top of Stack: (sp=0x0000000019c2f430)
0x0000000019c2f430:   0000000000000000 000000018005ebe8
0x0000000019c2f440:   0000000000000001 0000000019c2f5a0
0x0000000019c2f450:   00000001e06d7363 0000000000000000
0x0000000019c2f460:   00007ffbb9e8a388 0000000000000004
0x0000000019c2f470:   0000000019930520 0000000019c2f5a0
0x0000000019c2f480:   000000018005ebe8 0000000180000000
0x0000000019c2f490:   0000000000d7d3c0 0000000000d7d3d8
0x0000000019c2f4a0:   0000000019c2f5a0 0000000000000001
0x0000000019c2f4b0:   0000000019c2f570 00007ffbbccb0f6f
0x0000000019c2f4c0:   0000000019c2f580 00007ffb00000000
0x0000000019c2f4d0:   0000000000000001 0000000017cf5400
0x0000000019c2f4e0:   0000000180074000 0000000180000000
0x0000000019c2f4f0:   00003bbbce9ed235 000090bbef7bace6
0x0000000019c2f500:   000000018005ebe8 00007ffb981def63
0x0000000019c2f510:   0000000000d7d390 0000000000d7d3d8
0x0000000019c2f520:   0000000019c2f588 0000000000000001 

Instructions: (pc=0x00007ffbb9e8a388)
0x00007ffbb9e8a368:   49 8b d1 44 0f 47 c0 44 89 44 24 38 49 c1 e0 03
0x00007ffbb9e8a378:   e8 4a 46 04 00 48 8d 4c 24 20 ff 15 d0 82 14 00
0x00007ffbb9e8a388:   48 8b 8c 24 c0 00 00 00 48 33 cc e8 b8 05 04 00
0x00007ffbb9e8a398:   48 81 c4 d8 00 00 00 c3 83 64 24 38 00 eb d6 cc 


Register to memory mapping:

RAX=0x0000000000000025 is an unknown value
RBX=0x000000018005ebe8 is an unknown value
RCX=0x000000000000003e is an unknown value
RDX=0x0000000000000101 is an unknown value
RSP=0x0000000019c2f430 is an unknown value
RBP=0x0000000019c2f570 is an unknown value
RSI=0x0000000000000001 is an unknown value
RDI=0x0000000019c2f5a0 is an unknown value
R8 =0x0000000000000003 is an unknown value
R9 =0x0000000000e4dfd0 is an unknown value
R10=0x0000000000000000 is an unknown value
R11=0x0000000000d67f5c is an unknown value
R12=0x0000000000d7d3d8 is an unknown value
R13=0x0000000000d7d390 is an unknown value
R14=0x0000000000d7d3c0 is an unknown value
R15=0x0000000000000000 is an unknown value


Stack: [0x0000000019b30000,0x0000000019c30000],  sp=0x0000000019c2f430,  free space=1021k
Native frames: (J=compiled Java code, j=interpreted, Vv=VM code, C=native code)
C  [KERNELBASE.dll+0x3a388]
C  [MSVCR120.dll+0x5ef63]
C  [pteidlibj.dll+0x377e4]
C  [pteidlibj.dll+0x21b14]
C  [pteidlibj.dll+0x21d96]
C  [ntdll.dll+0x3b583]
C  [ntdll.dll+0x47f85]
C  [ntdll.dll+0x47e48]
C  [KERNEL32.DLL+0x1b19a]
C  [msvcr100.dll+0x20ccd]
V  [jvm.dll+0x213145]
V  [jvm.dll+0x24c127]
V  [jvm.dll+0x24b3c6]
V  [jvm.dll+0x24b861]
V  [jvm.dll+0x24ba7e]
V  [jvm.dll+0x29ca6a]
C  [msvcr100.dll+0x21d9f]
C  [msvcr100.dll+0x21e3b]
C  [KERNEL32.DLL+0x13034]
C  [ntdll.dll+0x73691]

VM_Operation (0x0000000002cef4b0): Exit, mode: safepoint, requested by thread 0x0000000002de3000


---------------  P R O C E S S  ---------------

Java Threads: ( => current thread )
  0x0000000019da5800 JavaThread "Service Thread" daemon [_thread_blocked, id=1808, stack(0x000000001a940000,0x000000001aa40000)]
  0x0000000019d68000 JavaThread "C1 CompilerThread3" daemon [_thread_blocked, id=316, stack(0x000000001a840000,0x000000001a940000)]
  0x0000000019d62800 JavaThread "C2 CompilerThread2" daemon [_thread_blocked, id=2780, stack(0x000000001a740000,0x000000001a840000)]
  0x0000000019d61000 JavaThread "C2 CompilerThread1" daemon [_thread_blocked, id=6224, stack(0x000000001a640000,0x000000001a740000)]
  0x0000000019d5a000 JavaThread "C2 CompilerThread0" daemon [_thread_blocked, id=420, stack(0x000000001a540000,0x000000001a640000)]
  0x0000000019d58000 JavaThread "Attach Listener" daemon [_thread_blocked, id=12780, stack(0x000000001a440000,0x000000001a540000)]
  0x0000000019d57000 JavaThread "Signal Dispatcher" daemon [_thread_blocked, id=2320, stack(0x000000001a340000,0x000000001a440000)]
  0x0000000002ed9000 JavaThread "Finalizer" daemon [_thread_blocked, id=6064, stack(0x000000001a130000,0x000000001a230000)]
  0x0000000002ed6000 JavaThread "Reference Handler" daemon [_thread_blocked, id=932, stack(0x0000000019c30000,0x0000000019d30000)]
  0x0000000002de3000 JavaThread "main" [_thread_blocked, id=12872, stack(0x0000000002bf0000,0x0000000002cf0000)]

Other Threads:
=>0x0000000017e69000 VMThread [stack: 0x0000000019b30000,0x0000000019c30000] [id=2180]

VM state:at safepoint (shutting down)

VM Mutex/Monitor currently owned by a thread:  ([mutex/lock_event])
[0x0000000002ddcfc0] Threads_lock - owner thread: 0x0000000017e69000

Heap:
 PSYoungGen      total 38400K, used 19380K [0x00000000d5e00000, 0x00000000d8880000, 0x0000000100000000)
  eden space 33280K, 58% used [0x00000000d5e00000,0x00000000d70ed3f0,0x00000000d7e80000)
  from space 5120K, 0% used [0x00000000d8380000,0x00000000d8380000,0x00000000d8880000)
  to   space 5120K, 0% used [0x00000000d7e80000,0x00000000d7e80000,0x00000000d8380000)
 ParOldGen       total 87552K, used 0K [0x0000000081a00000, 0x0000000086f80000, 0x00000000d5e00000)
  object space 87552K, 0% used [0x0000000081a00000,0x0000000081a00000,0x0000000086f80000)
 Metaspace       used 9013K, capacity 9266K, committed 9344K, reserved 1056768K
  class space    used 984K, capacity 1099K, committed 1152K, reserved 1048576K

Card table byte_map: [0x00000000122a0000,0x00000000126a0000] byte_map_base: 0x0000000011e93000

Marking Bits: (ParMarkBitMap*) 0x0000000058b9d850
 Begin Bits: [0x0000000013150000, 0x00000000150e8000)
 End Bits:   [0x00000000150e8000, 0x0000000017080000)

Polling page: 0x0000000002bb0000

CodeCache: size=245760Kb used=3329Kb max_used=3329Kb free=242430Kb
 bounds [0x0000000002ee0000, 0x0000000003230000, 0x0000000011ee0000]
 total_blobs=1290 nmethods=917 adapters=286
 compilation: enabled

Compilation events (10 events):
Event: 19.383 Thread 0x0000000019d68000  914       3       sun.reflect.ClassFileAssembler::setStack (25 bytes)
Event: 19.384 Thread 0x0000000019d68000 nmethod 914 0x0000000003218310 code [0x0000000003218460, 0x00000000032185f0]
Event: 19.384 Thread 0x0000000019d68000  913       3       sun.reflect.AccessorGenerator::sub (5 bytes)
Event: 19.384 Thread 0x0000000019d68000 nmethod 913 0x000000000321a210 code [0x000000000321a360, 0x000000000321a4b0]
Event: 19.403 Thread 0x0000000019d68000  915       3       java.nio.Buffer::<init> (121 bytes)
Event: 19.405 Thread 0x0000000019d68000 nmethod 915 0x0000000003221ed0 code [0x00000000032221a0, 0x0000000003223628]
Event: 21.679 Thread 0x0000000019d68000  916       3       java.nio.CharBuffer::charAt (16 bytes)
Event: 21.680 Thread 0x0000000019d68000 nmethod 916 0x0000000003219a90 code [0x0000000003219c20, 0x000000000321a098]
Event: 21.680 Thread 0x0000000019d68000  917       3       java.nio.Buffer::checkIndex (24 bytes)
Event: 21.681 Thread 0x0000000019d68000 nmethod 917 0x0000000003219610 code [0x0000000003219780, 0x00000000032199c8]

GC Heap History (0 events):
No events

Deoptimization events (5 events):
Event: 13.039 Thread 0x0000000002de3000 Uncommon trap: reason=class_check action=maybe_recompile pc=0x00000000030e48a4 method=java.util.regex.Pattern$BmpCharProperty.match(Ljava/util/regex/Matcher;ILjava/lang/CharSequence;)Z @ 31
Event: 13.039 Thread 0x0000000002de3000 Uncommon trap: reason=unstable_if action=reinterpret pc=0x00000000030e4840 method=java.util.regex.Pattern$BmpCharProperty.match(Ljava/util/regex/Matcher;ILjava/lang/CharSequence;)Z @ 5
Event: 13.090 Thread 0x0000000002de3000 Uncommon trap: reason=unstable_if action=reinterpret pc=0x00000000030dbd74 method=java.lang.String.indexOf([CII[CIII)I @ 134
Event: 14.006 Thread 0x0000000002de3000 Uncommon trap: reason=unstable_if action=reinterpret pc=0x0000000003150d64 method=java.util.HashMap.putVal(ILjava/lang/Object;Ljava/lang/Object;ZZ)Ljava/lang/Object; @ 162
Event: 15.303 Thread 0x0000000002de3000 Uncommon trap: reason=unstable_if action=reinterpret pc=0x00000000030c8908 method=sun.nio.cs.UTF_8$Decoder.decode([BII[C)I @ 30

Internal exceptions (10 events):
Event: 0.184 Thread 0x0000000002de3000 Exception <a 'java/io/FileNotFoundException'> (0x00000000d5e5c070) thrown at [C:\re\workspace\8-2-build-windows-amd64-cygwin\jdk8u141\9370\hotspot\src\share\vm\prims\jni.cpp, line 709]
Event: 0.270 Thread 0x0000000002de3000 Exception <a 'java/security/PrivilegedActionException'> (0x00000000d5f57400) thrown at [C:\re\workspace\8-2-build-windows-amd64-cygwin\jdk8u141\9370\hotspot\src\share\vm\prims\jvm.cpp, line 1390]
Event: 0.271 Thread 0x0000000002de3000 Exception <a 'java/security/PrivilegedActionException'> (0x00000000d5f57610) thrown at [C:\re\workspace\8-2-build-windows-amd64-cygwin\jdk8u141\9370\hotspot\src\share\vm\prims\jvm.cpp, line 1390]
Event: 0.272 Thread 0x0000000002de3000 Exception <a 'java/security/PrivilegedActionException'> (0x00000000d5f5b520) thrown at [C:\re\workspace\8-2-build-windows-amd64-cygwin\jdk8u141\9370\hotspot\src\share\vm\prims\jvm.cpp, line 1390]
Event: 0.272 Thread 0x0000000002de3000 Exception <a 'java/security/PrivilegedActionException'> (0x00000000d5f5b730) thrown at [C:\re\workspace\8-2-build-windows-amd64-cygwin\jdk8u141\9370\hotspot\src\share\vm\prims\jvm.cpp, line 1390]
Event: 0.287 Thread 0x0000000002de3000 Exception <a 'java/io/FileNotFoundException'> (0x00000000d5f64318) thrown at [C:\re\workspace\8-2-build-windows-amd64-cygwin\jdk8u141\9370\hotspot\src\share\vm\prims\jni.cpp, line 709]
Event: 0.357 Thread 0x0000000002de3000 Exception <a 'java/lang/NoSuchFieldError': method resolution failed> (0x00000000d6031a90) thrown at [C:\re\workspace\8-2-build-windows-amd64-cygwin\jdk8u141\9370\hotspot\src\share\vm\prims\methodHandles.cpp, line 1146]
Event: 0.360 Thread 0x0000000002de3000 Exception <a 'java/lang/NoSuchFieldError': method resolution failed> (0x00000000d603ee60) thrown at [C:\re\workspace\8-2-build-windows-amd64-cygwin\jdk8u141\9370\hotspot\src\share\vm\prims\methodHandles.cpp, line 1146]
Event: 15.378 Thread 0x0000000002de3000 Exception <a 'java/lang/ClassNotFoundException': sun/security/mscapi/Key> (0x00000000d7054a40) thrown at [C:\re\workspace\8-2-build-windows-amd64-cygwin\jdk8u141\9370\hotspot\src\share\vm\classfile\systemDictionary.cpp, line 210]
Event: 19.390 Thread 0x0000000002de3000 Exception <a 'java/lang/NoSuchMethodError': <clinit>> (0x00000000d70746f8) thrown at [C:\re\workspace\8-2-build-windows-amd64-cygwin\jdk8u141\9370\hotspot\src\share\vm\prims\jni.cpp, line 1613]

Events (10 events):
Event: 19.390 loading class java/io/ObjectStreamClass$3 done
Event: 19.390 loading class java/io/ObjectStreamClass$4
Event: 19.390 loading class java/io/ObjectStreamClass$4 done
Event: 19.390 loading class java/io/ObjectStreamClass$5
Event: 19.390 loading class java/io/ObjectStreamClass$5 done
Event: 21.680 loading class java/lang/Shutdown
Event: 21.680 loading class java/lang/Shutdown done
Event: 21.680 loading class java/lang/Shutdown$Lock
Event: 21.680 loading class java/lang/Shutdown$Lock done
Event: 21.681 Executing VM operation: Exit


Dynamic libraries:
0x00007ff608e30000 - 0x00007ff608e67000 	C:\Program Files\Java\jdk1.8.0_141\jre\bin\java.exe
0x00007ffbbcca0000 - 0x00007ffbbce81000 	C:\WINDOWS\SYSTEM32\ntdll.dll
0x00007ffbbaf50000 - 0x00007ffbbb002000 	C:\WINDOWS\System32\KERNEL32.DLL
0x00007ffbb9e50000 - 0x00007ffbba0c3000 	C:\WINDOWS\System32\KERNELBASE.dll
0x00007ffbbc990000 - 0x00007ffbbca31000 	C:\WINDOWS\System32\ADVAPI32.dll
0x00007ffbbaeb0000 - 0x00007ffbbaf4e000 	C:\WINDOWS\System32\msvcrt.dll
0x00007ffbbc700000 - 0x00007ffbbc75b000 	C:\WINDOWS\System32\sechost.dll
0x00007ffbba1a0000 - 0x00007ffbba2c4000 	C:\WINDOWS\System32\RPCRT4.dll
0x00007ffbbcae0000 - 0x00007ffbbcc70000 	C:\WINDOWS\System32\USER32.dll
0x00007ffbb9c80000 - 0x00007ffbb9ca0000 	C:\WINDOWS\System32\win32u.dll
0x00007ffbbc900000 - 0x00007ffbbc928000 	C:\WINDOWS\System32\GDI32.dll
0x00007ffbb9a10000 - 0x00007ffbb9ba2000 	C:\WINDOWS\System32\gdi32full.dll
0x00007ffbb9970000 - 0x00007ffbb9a0f000 	C:\WINDOWS\System32\msvcp_win.dll
0x00007ffbb9d50000 - 0x00007ffbb9e4a000 	C:\WINDOWS\System32\ucrtbase.dll
0x00007ffbaeb40000 - 0x00007ffbaeda9000 	C:\WINDOWS\WinSxS\amd64_microsoft.windows.common-controls_6595b64144ccf1df_6.0.17134.472_none_fb3f9af53068156d\COMCTL32.dll
0x00007ffbba730000 - 0x00007ffbbaa52000 	C:\WINDOWS\System32\combase.dll
0x00007ffbb9c00000 - 0x00007ffbb9c7a000 	C:\WINDOWS\System32\bcryptPrimitives.dll
0x00007ffbba420000 - 0x00007ffbba44d000 	C:\WINDOWS\System32\IMM32.DLL
0x0000000058de0000 - 0x0000000058eb2000 	C:\Program Files\Java\jdk1.8.0_141\jre\bin\msvcr100.dll
0x0000000058380000 - 0x0000000058c1d000 	C:\Program Files\Java\jdk1.8.0_141\jre\bin\server\jvm.dll
0x00007ffbbc680000 - 0x00007ffbbc688000 	C:\WINDOWS\System32\PSAPI.DLL
0x00007ffbb6e00000 - 0x00007ffbb6e23000 	C:\WINDOWS\SYSTEM32\WINMM.dll
0x00007ffb92e50000 - 0x00007ffb92e59000 	C:\WINDOWS\SYSTEM32\WSOCK32.dll
0x00007ffbb4230000 - 0x00007ffbb423a000 	C:\WINDOWS\SYSTEM32\VERSION.dll
0x00007ffbbc690000 - 0x00007ffbbc6fc000 	C:\WINDOWS\System32\WS2_32.dll
0x00007ffbb6c30000 - 0x00007ffbb6c5a000 	C:\WINDOWS\SYSTEM32\WINMMBASE.dll
0x00007ffbb9bb0000 - 0x00007ffbb9bf9000 	C:\WINDOWS\System32\cfgmgr32.dll
0x0000000059120000 - 0x000000005912f000 	C:\Program Files\Java\jdk1.8.0_141\jre\bin\verify.dll
0x00000000590f0000 - 0x0000000059119000 	C:\Program Files\Java\jdk1.8.0_141\jre\bin\java.dll
0x00000000590d0000 - 0x00000000590e6000 	C:\Program Files\Java\jdk1.8.0_141\jre\bin\zip.dll
0x00007ffbbb240000 - 0x00007ffbbc680000 	C:\WINDOWS\System32\SHELL32.dll
0x00007ffbbb020000 - 0x00007ffbbb0c9000 	C:\WINDOWS\System32\shcore.dll
0x00007ffbb9070000 - 0x00007ffbb977d000 	C:\WINDOWS\System32\windows.storage.dll
0x00007ffbba140000 - 0x00007ffbba191000 	C:\WINDOWS\System32\shlwapi.dll
0x00007ffbb8fd0000 - 0x00007ffbb8fe1000 	C:\WINDOWS\System32\kernel.appcore.dll
0x00007ffbb8ff0000 - 0x00007ffbb900f000 	C:\WINDOWS\System32\profapi.dll
0x00007ffbb9020000 - 0x00007ffbb906c000 	C:\WINDOWS\System32\powrprof.dll
0x00007ffbb9010000 - 0x00007ffbb901a000 	C:\WINDOWS\System32\FLTLIB.DLL
0x0000000058ef0000 - 0x0000000059088000 	C:\Program Files\Java\jdk1.8.0_141\jre\bin\awt.dll
0x00007ffbba2d0000 - 0x00007ffbba392000 	C:\WINDOWS\System32\OLEAUT32.dll
0x00007ffbb7170000 - 0x00007ffbb71fb000 	C:\WINDOWS\SYSTEM32\apphelp.dll
0x0000000180000000 - 0x000000018007c000 	C:\Windows\System32\pteidlibj.dll
0x00007ffb98270000 - 0x00007ffb98316000 	C:\Program Files\Java\jdk1.8.0_141\jre\bin\MSVCP120.dll
0x00007ffb98180000 - 0x00007ffb9826f000 	C:\Program Files\Java\jdk1.8.0_141\jre\bin\MSVCR120.dll
0x0000000002d40000 - 0x0000000002dc6000 	C:\WINDOWS\SYSTEM32\pteidapplayer.dll
0x00007ffbb9780000 - 0x00007ffbb9962000 	C:\WINDOWS\System32\CRYPT32.dll
0x00007ffbb8fb0000 - 0x00007ffbb8fc2000 	C:\WINDOWS\System32\MSASN1.dll
0x000000001b4b0000 - 0x000000001b4d3000 	C:\WINDOWS\SYSTEM32\pteidcommon.dll
0x00007ffb97760000 - 0x00007ffb977ba000 	C:\WINDOWS\SYSTEM32\SSLEAY32.dll
0x00007ffb97870000 - 0x00007ffb97a75000 	C:\WINDOWS\SYSTEM32\LIBEAY32.dll
0x00007ffb988d0000 - 0x00007ffb9891f000 	C:\WINDOWS\SYSTEM32\libcurl.dll
0x00007ffbba3a0000 - 0x00007ffbba3ff000 	C:\WINDOWS\System32\WLDAP32.dll
0x000000001b760000 - 0x000000001b9c1000 	C:\WINDOWS\SYSTEM32\xerces-c_3_1.dll
0x000000001b500000 - 0x000000001b5e0000 	C:\WINDOWS\SYSTEM32\pteid-poppler.dll
0x000000001b5e0000 - 0x000000001b6f3000 	C:\WINDOWS\SYSTEM32\FreeImage.dll
0x000000001b9d0000 - 0x000000001baba000 	C:\WINDOWS\SYSTEM32\xsec_1_7.dll
0x000000001b710000 - 0x000000001b746000 	C:\WINDOWS\SYSTEM32\pteidcardlayer.dll
0x00007ffbb40f0000 - 0x00007ffbb4131000 	C:\WINDOWS\SYSTEM32\WinSCard.dll
0x00007ffbb8d60000 - 0x00007ffbb8d87000 	C:\WINDOWS\SYSTEM32\DEVOBJ.dll
0x000000001bae0000 - 0x000000001bb11000 	C:\WINDOWS\SYSTEM32\pteidDlgsWin32.dll
0x00007ffbb8e50000 - 0x00007ffbb8ea6000 	C:\WINDOWS\SYSTEM32\WINSTA.dll
0x00000000590b0000 - 0x00000000590ca000 	C:\Program Files\Java\jdk1.8.0_141\jre\bin\net.dll
0x00007ffbb87d0000 - 0x00007ffbb8836000 	C:\WINDOWS\system32\mswsock.dll
0x00007ffb93650000 - 0x00007ffb93666000 	C:\WINDOWS\system32\napinsp.dll
0x00007ffb935f0000 - 0x00007ffb9360a000 	C:\WINDOWS\system32\pnrpnsp.dll
0x00007ffbb5440000 - 0x00007ffbb5459000 	C:\WINDOWS\system32\NLAapi.dll
0x00007ffbb8590000 - 0x00007ffbb864e000 	C:\WINDOWS\SYSTEM32\DNSAPI.dll
0x00007ffbba130000 - 0x00007ffbba138000 	C:\WINDOWS\System32\NSI.dll
0x00007ffbb8550000 - 0x00007ffbb8588000 	C:\WINDOWS\SYSTEM32\IPHLPAPI.DLL
0x00007ffb98640000 - 0x00007ffb9864e000 	C:\WINDOWS\System32\winrnr.dll
0x00007ffbaf650000 - 0x00007ffbaf665000 	C:\WINDOWS\System32\wshbth.dll
0x00007ffbaedb0000 - 0x00007ffbaedba000 	C:\Windows\System32\rasadhlp.dll
0x00007ffbaf300000 - 0x00007ffbaf372000 	C:\WINDOWS\System32\fwpuclnt.dll
0x00007ffbb8ab0000 - 0x00007ffbb8ad5000 	C:\WINDOWS\SYSTEM32\bcrypt.dll
0x00007ffbb3790000 - 0x00007ffbb37a6000 	C:\WINDOWS\SYSTEM32\dhcpcsvc6.DLL
0x00007ffbb37b0000 - 0x00007ffbb37ca000 	C:\WINDOWS\SYSTEM32\dhcpcsvc.DLL
0x00000000582d0000 - 0x00000000582f4000 	C:\Program Files\Java\jdk1.8.0_141\jre\bin\sunec.dll
0x0000000059090000 - 0x00000000590a1000 	C:\Program Files\Java\jdk1.8.0_141\jre\bin\nio.dll
0x00007ffbb8990000 - 0x00007ffbb89a7000 	C:\WINDOWS\SYSTEM32\CRYPTSP.dll
0x00007ffbb83b0000 - 0x00007ffbb83e3000 	C:\WINDOWS\system32\rsaenh.dll
0x00007ffbb8ee0000 - 0x00007ffbb8f08000 	C:\WINDOWS\SYSTEM32\USERENV.dll
0x00007ffbb8980000 - 0x00007ffbb898b000 	C:\WINDOWS\SYSTEM32\CRYPTBASE.dll
0x0000000058ed0000 - 0x0000000058edb000 	C:\Program Files\Java\jdk1.8.0_141\jre\bin\sunmscapi.dll
0x0000000057ec0000 - 0x0000000057ed2000 	C:\Program Files\Java\jdk1.8.0_141\jre\bin\j2pkcs11.dll
0x000000001bf70000 - 0x000000001bf8f000 	C:\Windows\System32\pteidpkcs11.dll
0x00007ffbb73a0000 - 0x00007ffbb7438000 	C:\WINDOWS\system32\uxtheme.dll
0x00007ffbba5b0000 - 0x00007ffbba723000 	C:\WINDOWS\System32\MSCTF.dll
0x00007ffbb76b0000 - 0x00007ffbb76d9000 	C:\WINDOWS\system32\dwmapi.dll
0x00007ffbb0b40000 - 0x00007ffbb0bd6000 	C:\WINDOWS\System32\TextInputFramework.dll
0x00007ffbb6e70000 - 0x00007ffbb6f4a000 	C:\WINDOWS\System32\CoreMessaging.dll
0x00007ffbb05e0000 - 0x00007ffbb08fe000 	C:\WINDOWS\System32\CoreUIComponents.dll
0x00007ffbb80a0000 - 0x00007ffbb80d1000 	C:\WINDOWS\SYSTEM32\ntmarta.dll
0x00007ffbb5070000 - 0x00007ffbb51bd000 	C:\WINDOWS\SYSTEM32\wintypes.dll
0x00007ffbba450000 - 0x00007ffbba5a1000 	C:\WINDOWS\System32\ole32.dll
0x00007ffba9d30000 - 0x00007ffba9ef9000 	C:\WINDOWS\SYSTEM32\dbghelp.dll

VM Arguments:
jvm_args: -Dfile.encoding=UTF-8 
java_command: calculator.application.CalculatorApplication
java_class_path (initial): C:\Users\tialk\Desktop\Segurança Informática\Trabalho\2018\contourCola\Cola Library\dist\Cola_Library.jar;C:\Program Files\Portugal Identity Card\sdk\Java\pteidlibj.jar;C:\Users\tialk\Desktop\Segurança Informática\Trabalho\2018\contourCola\Calculator application\build\classes
Launcher Type: SUN_STANDARD

Environment Variables:
CLASSPATH=C:\Program Files\Portugal Identity Card
PATH=C:\Program Files (x86)\Common Files\Oracle\Java\javapath;C:\ProgramData\Oracle\Java\javapath;C:\WINDOWS\system32;C:\WINDOWS;C:\WINDOWS\System32\Wbem;C:\WINDOWS\System32\WindowsPowerShell\v1.0\;C:\Program Files (x86)\Microsoft SQL Server\Client SDK\ODBC\130\Tools\Binn\;C:\Program Files (x86)\Microsoft SQL Server\140\Tools\Binn\;C:\Program Files (x86)\Microsoft SQL Server\140\DTS\Binn\;C:\Program Files (x86)\Microsoft SQL Server\140\Tools\Binn\ManagementStudio\;C:\Program Files\Microsoft SQL Server\130\Tools\Binn\;C:\Program Files\dotnet\;C:\Program Files\Microsoft SQL Server\Client SDK\ODBC\130\Tools\Binn\;C:\Program Files (x86)\Microsoft SQL Server\130\Tools\Binn\;C:\Program Files\Microsoft SQL Server\130\DTS\Binn\;C:\Program Files\nodejs\;C:\WINDOWS\System32\OpenSSH\;C:\Program Files\Git\cmd;C:\Program Files\Portugal Identity Card;C:\Program Files (x86)\NVIDIA Corporation\PhysX\Common;C:\Users\tialk\AppData\Local\Microsoft\WindowsApps;C:\Users\tialk\AppData\Local\atom\bin;C:\Users\tialk\AppData\Roaming\npm;C:\Users\tialk\AppData\Local\Microsoft\WindowsApps;C:\Users\tialk\AppData\Local\GitHubDesktop\bin;
USERNAME=tjsantos
OS=Windows_NT
PROCESSOR_IDENTIFIER=Intel64 Family 6 Model 58 Stepping 9, GenuineIntel



---------------  S Y S T E M  ---------------

OS: Windows 10.0 , 64 bit Build 17134 (10.0.17134.1)

CPU:total 8 (initial active 8) (4 cores per cpu, 2 threads per core) family 6 model 58 stepping 9, cmov, cx8, fxsr, mmx, sse, sse2, sse3, ssse3, sse4.1, sse4.2, popcnt, avx, aes, clmul, erms, ht, tsc, tscinvbit, tscinv

Memory: 4k page, physical 8275596k(3732876k free), swap 12338828k(5662068k free)

vm_info: Java HotSpot(TM) 64-Bit Server VM (25.141-b15) for windows-amd64 JRE (1.8.0_141-b15), built on Jul 12 2017 04:25:12 by "java_re" with MS VC++ 10.0 (VS2010)

time: Wed Jan 02 13:29:36 2019
elapsed time: 21 seconds (0d 0h 0m 21s)

