#
# A fatal error has been detected by the Java Runtime Environment:
#
#  EXCEPTION_UNCAUGHT_CXX_EXCEPTION (0xe06d7363) at pc=0x00007ffb53aea388, pid=6872, tid=0x0000000000000810
#
# JRE version: Java(TM) SE Runtime Environment (8.0_101-b13) (build 1.8.0_101-b13)
# Java VM: Java HotSpot(TM) 64-Bit Server VM (25.101-b13 mixed mode windows-amd64 compressed oops)
# Problematic frame:
# C  [KERNELBASE.dll+0x3a388]
#
# Failed to write core dump. Minidumps are not enabled by default on client versions of Windows
#
# If you would like to submit a bug report, please visit:
#   http://bugreport.java.com/bugreport/crash.jsp
#

---------------  T H R E A D  ---------------

Current thread (0x0000000017267800):  VMThread [stack: 0x0000000018310000,0x0000000018410000] [id=2064]

siginfo: ExceptionCode=0xe06d7363, ExceptionInformation=0x0000000019930520 0x000000001840f300 0x000000018005ebe8 0x0000000180000000 

Registers:
RAX=0x0000000000000000, RBX=0x000000018005ebe8, RCX=0x0000000000000040, RDX=0x0000000000000101
RSP=0x000000001840f190, RBP=0x000000001840f2d0, RSI=0x0000000000000001, RDI=0x000000001840f300
R8 =0x0000000000000000, R9 =0x0000000000990150, R10=0x0000000000000000, R11=0x00000000009976a0
R12=0x00000000009ab8c8, R13=0x00000000009ab880, R14=0x00000000009ab8b0, R15=0x0000000000000000
RIP=0x00007ffb53aea388, EFLAGS=0x0000000000000202

Top of Stack: (sp=0x000000001840f190)
0x000000001840f190:   0000000000000000 000000018005ebe8
0x000000001840f1a0:   0000000000000001 000000001840f300
0x000000001840f1b0:   00000001e06d7363 0000000000000000
0x000000001840f1c0:   00007ffb53aea388 0000000000000004
0x000000001840f1d0:   0000000019930520 000000001840f300
0x000000001840f1e0:   000000018005ebe8 0000000180000000
0x000000001840f1f0:   00000000009ab8b0 00000000009ab8c8
0x000000001840f200:   000000001840f300 0000000000000001
0x000000001840f210:   000000001840f2d0 00007ffb574f0f6f
0x000000001840f220:   000000001840f2e0 00007ffb00000000
0x000000001840f230:   0000000000000001 0000000017175400
0x000000001840f240:   0000000180074000 0000000180000000
0x000000001840f250:   00000dd883771051 00004b83e4f968a6
0x000000001840f260:   000000018005ebe8 00007ffb236aef63
0x000000001840f270:   00000000009ab880 00000000009ab8c8
0x000000001840f280:   000000001840f2e8 0000000000000001 

Instructions: (pc=0x00007ffb53aea388)
0x00007ffb53aea368:   49 8b d1 44 0f 47 c0 44 89 44 24 38 49 c1 e0 03
0x00007ffb53aea378:   e8 4a 46 04 00 48 8d 4c 24 20 ff 15 d0 82 14 00
0x00007ffb53aea388:   48 8b 8c 24 c0 00 00 00 48 33 cc e8 b8 05 04 00
0x00007ffb53aea398:   48 81 c4 d8 00 00 00 c3 83 64 24 38 00 eb d6 cc 


Register to memory mapping:

RAX=0x0000000000000000 is an unknown value
RBX=0x000000018005ebe8 is an unknown value
RCX=0x0000000000000040 is an unknown value
RDX=0x0000000000000101 is an unknown value
RSP=0x000000001840f190 is an unknown value
RBP=0x000000001840f2d0 is an unknown value
RSI=0x0000000000000001 is an unknown value
RDI=0x000000001840f300 is an unknown value
R8 =0x0000000000000000 is an unknown value
R9 =0x0000000000990150 is an unknown value
R10=0x0000000000000000 is an unknown value
R11=0x00000000009976a0 is an unknown value
R12=0x00000000009ab8c8 is an unknown value
R13=0x00000000009ab880 is an unknown value
R14=0x00000000009ab8b0 is an unknown value
R15=0x0000000000000000 is an unknown value


Stack: [0x0000000018310000,0x0000000018410000],  sp=0x000000001840f190,  free space=1020k
Native frames: (J=compiled Java code, j=interpreted, Vv=VM code, C=native code)
C  [KERNELBASE.dll+0x3a388]
C  [MSVCR120.dll+0x5ef63]
C  [pteidlibj.dll+0x377e4]
C  [pteidlibj.dll+0x21b14]
C  [pteidlibj.dll+0x21d96]
C  [ntdll.dll+0x3b583]
C  [ntdll.dll+0x47f85]
C  [ntdll.dll+0x47e48]
C  [KERNEL32.DLL+0x1b19a]
C  [msvcr100.dll+0x20ccd]
V  [jvm.dll+0x212ba5]
V  [jvm.dll+0x24b777]
V  [jvm.dll+0x24aa16]
V  [jvm.dll+0x24aeb1]
V  [jvm.dll+0x24b0ce]
V  [jvm.dll+0x29c18a]
C  [msvcr100.dll+0x21d9f]
C  [msvcr100.dll+0x21e3b]
C  [KERNEL32.DLL+0x13034]
C  [ntdll.dll+0x73691]

VM_Operation (0x000000000264f3e0): Exit, mode: safepoint, requested by thread 0x0000000002651000


---------------  P R O C E S S  ---------------

Java Threads: ( => current thread )
  0x0000000018c40800 JavaThread "Service Thread" daemon [_thread_blocked, id=4764, stack(0x0000000019020000,0x0000000019120000)]
  0x00000000172a6800 JavaThread "C1 CompilerThread2" daemon [_thread_blocked, id=8512, stack(0x0000000018b20000,0x0000000018c20000)]
  0x00000000172a3000 JavaThread "C2 CompilerThread1" daemon [_thread_blocked, id=12212, stack(0x0000000018a20000,0x0000000018b20000)]
  0x000000001729f800 JavaThread "C2 CompilerThread0" daemon [_thread_blocked, id=292, stack(0x0000000018920000,0x0000000018a20000)]
  0x000000001729c000 JavaThread "Attach Listener" daemon [_thread_blocked, id=12004, stack(0x0000000018820000,0x0000000018920000)]
  0x000000001729a800 JavaThread "Signal Dispatcher" daemon [_thread_blocked, id=13072, stack(0x0000000018720000,0x0000000018820000)]
  0x000000001728a800 JavaThread "Finalizer" daemon [_thread_blocked, id=3292, stack(0x0000000018510000,0x0000000018610000)]
  0x000000000273f000 JavaThread "Reference Handler" daemon [_thread_blocked, id=9284, stack(0x0000000018410000,0x0000000018510000)]
  0x0000000002651000 JavaThread "main" [_thread_blocked, id=9768, stack(0x0000000002550000,0x0000000002650000)]

Other Threads:
=>0x0000000017267800 VMThread [stack: 0x0000000018310000,0x0000000018410000] [id=2064]

VM state:at safepoint (shutting down)

VM Mutex/Monitor currently owned by a thread:  ([mutex/lock_event])
[0x000000000254c1c0] Threads_lock - owner thread: 0x0000000017267800

Heap:
 PSYoungGen      total 38400K, used 3328K [0x00000000d5d80000, 0x00000000d8800000, 0x0000000100000000)
  eden space 33280K, 10% used [0x00000000d5d80000,0x00000000d60c0100,0x00000000d7e00000)
  from space 5120K, 0% used [0x00000000d8300000,0x00000000d8300000,0x00000000d8800000)
  to   space 5120K, 0% used [0x00000000d7e00000,0x00000000d7e00000,0x00000000d8300000)
 ParOldGen       total 87552K, used 0K [0x0000000081800000, 0x0000000086d80000, 0x00000000d5d80000)
  object space 87552K, 0% used [0x0000000081800000,0x0000000081800000,0x0000000086d80000)
 Metaspace       used 4648K, capacity 5038K, committed 5248K, reserved 1056768K
  class space    used 515K, capacity 599K, committed 640K, reserved 1048576K

Card table byte_map: [0x0000000011b10000,0x0000000011f10000] byte_map_base: 0x0000000011704000

Marking Bits: (ParMarkBitMap*) 0x000000006fd7a6d0
 Begin Bits: [0x00000000125c0000, 0x0000000014560000)
 End Bits:   [0x0000000014560000, 0x0000000016500000)

Polling page: 0x0000000000930000

CodeCache: size=245760Kb used=1556Kb max_used=1556Kb free=244203Kb
 bounds [0x0000000002750000, 0x00000000029c0000, 0x0000000011750000]
 total_blobs=525 nmethods=238 adapters=200
 compilation: enabled

Compilation events (10 events):
Event: 0.233 Thread 0x00000000172a6800  234   !   3       sun.misc.URLClassPath$JarLoader::getResource (85 bytes)
Event: 0.234 Thread 0x00000000172a6800 nmethod 234 0x00000000028ce850 code [0x00000000028ceae0, 0x00000000028cfa28]
Event: 0.234 Thread 0x00000000172a6800  235       1       java.net.URL::getHost (5 bytes)
Event: 0.234 Thread 0x00000000172a6800 nmethod 235 0x00000000028d0390 code [0x00000000028d04e0, 0x00000000028d05f0]
Event: 0.234 Thread 0x00000000172a6800  236       1       java.net.URL::getFile (5 bytes)
Event: 0.234 Thread 0x00000000172a6800 nmethod 236 0x00000000028d0650 code [0x00000000028d07a0, 0x00000000028d08b0]
Event: 0.265 Thread 0x00000000172a6800  237   !   3       java.lang.ClassLoader::loadClass (122 bytes)
Event: 0.266 Thread 0x00000000172a6800 nmethod 237 0x00000000028d0f90 code [0x00000000028d1300, 0x00000000028d3698]
Event: 0.266 Thread 0x00000000172a6800  238       3       java.lang.ClassLoader::getClassLoadingLock (35 bytes)
Event: 0.267 Thread 0x00000000172a6800 nmethod 238 0x00000000028d5090 code [0x00000000028d5220, 0x00000000028d55e8]

GC Heap History (0 events):
No events

Deoptimization events (0 events):
No events

Internal exceptions (10 events):
Event: 0.042 Thread 0x0000000002651000 Exception <a 'java/lang/NoSuchMethodError': Method sun.misc.Unsafe.defineClass(Ljava/lang/String;[BII)Ljava/lang/Class; name or signature does not match> (0x00000000d5d87cc0) thrown at [C:\re\workspace\8-2-build-windows-amd64-cygwin\jdk8u101\7261\hotspot\sµa„€
N¥?
Event: 0.042 Thread 0x0000000002651000 Exception <a 'java/lang/NoSuchMethodError': Method sun.misc.Unsafe.prefetchRead(Ljava/lang/Object;J)V name or signature does not match> (0x00000000d5d87fa8) thrown at [C:\re\workspace\8-2-build-windows-amd64-cygwin\jdk8u101\7261\hotspot\src\share\vm\prims\ÆÊü
 ¿?
Event: 0.121 Thread 0x0000000002651000 Exception <a 'java/security/PrivilegedActionException'> (0x00000000d5e13da8) thrown at [C:\re\workspace\8-2-build-windows-amd64-cygwin\jdk8u101\7261\hotspot\src\share\vm\prims\jvm.cpp, line 1386]
Event: 0.121 Thread 0x0000000002651000 Exception <a 'java/security/PrivilegedActionException'> (0x00000000d5e13fb8) thrown at [C:\re\workspace\8-2-build-windows-amd64-cygwin\jdk8u101\7261\hotspot\src\share\vm\prims\jvm.cpp, line 1386]
Event: 0.122 Thread 0x0000000002651000 Exception <a 'java/security/PrivilegedActionException'> (0x00000000d5e17ea0) thrown at [C:\re\workspace\8-2-build-windows-amd64-cygwin\jdk8u101\7261\hotspot\src\share\vm\prims\jvm.cpp, line 1386]
Event: 0.122 Thread 0x0000000002651000 Exception <a 'java/security/PrivilegedActionException'> (0x00000000d5e180b0) thrown at [C:\re\workspace\8-2-build-windows-amd64-cygwin\jdk8u101\7261\hotspot\src\share\vm\prims\jvm.cpp, line 1386]
Event: 0.130 Thread 0x0000000002651000 Exception <a 'java/io/FileNotFoundException'> (0x00000000d5e211a0) thrown at [C:\re\workspace\8-2-build-windows-amd64-cygwin\jdk8u101\7261\hotspot\src\share\vm\prims\jni.cpp, line 709]
Event: 0.171 Thread 0x0000000002651000 Exception <a 'java/lang/NoSuchFieldError': method resolution failed> (0x00000000d5f95198) thrown at [C:\re\workspace\8-2-build-windows-amd64-cygwin\jdk8u101\7261\hotspot\src\share\vm\prims\methodHandles.cpp, line 1146]
Event: 0.173 Thread 0x0000000002651000 Exception <a 'java/lang/NoSuchFieldError': method resolution failed> (0x00000000d5fa2568) thrown at [C:\re\workspace\8-2-build-windows-amd64-cygwin\jdk8u101\7261\hotspot\src\share\vm\prims\methodHandles.cpp, line 1146]
Event: 0.265 Thread 0x0000000002651000 Exception <a 'pt/gov/cartaodecidadao/PTEID_ExNoCardPresent'> (0x00000000d60a15a0) thrown at [C:\re\workspace\8-2-build-windows-amd64-cygwin\jdk8u101\7261\hotspot\src\share\vm\prims\jni.cpp, line 709]

Events (10 events):
Event: 0.266 loading class java/util/regex/Matcher done
Event: 0.266 loading class java/util/ArrayList$SubList
Event: 0.266 loading class java/util/ArrayList$SubList done
Event: 0.266 loading class java/util/ArrayList$SubList$1
Event: 0.267 loading class java/util/ArrayList$SubList$1 done
Event: 0.267 loading class java/lang/Shutdown
Event: 0.267 loading class java/lang/Shutdown done
Event: 0.267 loading class java/lang/Shutdown$Lock
Event: 0.267 loading class java/lang/Shutdown$Lock done
Event: 0.267 Executing VM operation: Exit


Dynamic libraries:
0x00007ff698790000 - 0x00007ff6987c7000 	C:\Program Files\Java\jdk1.8.0_101\jre\bin\java.exe
0x00007ffb574e0000 - 0x00007ffb576c1000 	C:\WINDOWS\SYSTEM32\ntdll.dll
0x00007ffb2ee30000 - 0x00007ffb2ee44000 	C:\Program Files\AVAST Software\Avast\x64\aswhooka.dll
0x00007ffb55560000 - 0x00007ffb55612000 	C:\WINDOWS\System32\KERNEL32.DLL
0x00007ffb53ab0000 - 0x00007ffb53d23000 	C:\WINDOWS\System32\KERNELBASE.dll
0x00007ffb551e0000 - 0x00007ffb55281000 	C:\WINDOWS\System32\ADVAPI32.dll
0x00007ffb54f40000 - 0x00007ffb54fde000 	C:\WINDOWS\System32\msvcrt.dll
0x00007ffb55cf0000 - 0x00007ffb55d4b000 	C:\WINDOWS\System32\sechost.dll
0x00007ffb55e20000 - 0x00007ffb55f44000 	C:\WINDOWS\System32\RPCRT4.dll
0x00007ffb55300000 - 0x00007ffb55490000 	C:\WINDOWS\System32\USER32.dll
0x00007ffb547b0000 - 0x00007ffb547d0000 	C:\WINDOWS\System32\win32u.dll
0x00007ffb558a0000 - 0x00007ffb558c8000 	C:\WINDOWS\System32\GDI32.dll
0x00007ffb547d0000 - 0x00007ffb54962000 	C:\WINDOWS\System32\gdi32full.dll
0x00007ffb546b0000 - 0x00007ffb5474f000 	C:\WINDOWS\System32\msvcp_win.dll
0x00007ffb53900000 - 0x00007ffb539fa000 	C:\WINDOWS\System32\ucrtbase.dll
0x00007ffb3f420000 - 0x00007ffb3f689000 	C:\WINDOWS\WinSxS\amd64_microsoft.windows.common-controls_6595b64144ccf1df_6.0.17134.472_none_fb3f9af53068156d\COMCTL32.dll
0x00007ffb559c0000 - 0x00007ffb55ce2000 	C:\WINDOWS\System32\combase.dll
0x00007ffb53d30000 - 0x00007ffb53daa000 	C:\WINDOWS\System32\bcryptPrimitives.dll
0x00007ffb55f50000 - 0x00007ffb55f7d000 	C:\WINDOWS\System32\IMM32.DLL
0x0000000071240000 - 0x0000000071312000 	C:\Program Files\Java\jdk1.8.0_101\jre\bin\msvcr100.dll
0x000000006f560000 - 0x000000006fdfa000 	C:\Program Files\Java\jdk1.8.0_101\jre\bin\server\jvm.dll
0x00007ffb552f0000 - 0x00007ffb552f8000 	C:\WINDOWS\System32\PSAPI.DLL
0x00007ffb52450000 - 0x00007ffb52459000 	C:\WINDOWS\SYSTEM32\WSOCK32.dll
0x00007ffb558f0000 - 0x00007ffb5595c000 	C:\WINDOWS\System32\WS2_32.dll
0x00007ffb4fb20000 - 0x00007ffb4fb43000 	C:\WINDOWS\SYSTEM32\WINMM.dll
0x00007ffb504c0000 - 0x00007ffb504ca000 	C:\WINDOWS\SYSTEM32\VERSION.dll
0x00007ffb4faf0000 - 0x00007ffb4fb1a000 	C:\WINDOWS\SYSTEM32\WINMMBASE.dll
0x00007ffb538b0000 - 0x00007ffb538f9000 	C:\WINDOWS\System32\cfgmgr32.dll
0x0000000072bc0000 - 0x0000000072bcf000 	C:\Program Files\Java\jdk1.8.0_101\jre\bin\verify.dll
0x0000000071210000 - 0x0000000071239000 	C:\Program Files\Java\jdk1.8.0_101\jre\bin\java.dll
0x0000000072b50000 - 0x0000000072b66000 	C:\Program Files\Java\jdk1.8.0_101\jre\bin\zip.dll
0x00007ffb55f80000 - 0x00007ffb573c0000 	C:\WINDOWS\System32\SHELL32.dll
0x00007ffb55d70000 - 0x00007ffb55e19000 	C:\WINDOWS\System32\shcore.dll
0x00007ffb53fa0000 - 0x00007ffb546ad000 	C:\WINDOWS\System32\windows.storage.dll
0x00007ffb55180000 - 0x00007ffb551d1000 	C:\WINDOWS\System32\shlwapi.dll
0x00007ffb53870000 - 0x00007ffb53881000 	C:\WINDOWS\System32\kernel.appcore.dll
0x00007ffb53890000 - 0x00007ffb538af000 	C:\WINDOWS\System32\profapi.dll
0x00007ffb53800000 - 0x00007ffb5384c000 	C:\WINDOWS\System32\powrprof.dll
0x00007ffb537f0000 - 0x00007ffb537fa000 	C:\WINDOWS\System32\FLTLIB.DLL
0x0000000070350000 - 0x00000000704e8000 	C:\Program Files\Java\jdk1.8.0_101\jre\bin\awt.dll
0x00007ffb55490000 - 0x00007ffb55552000 	C:\WINDOWS\System32\OLEAUT32.dll
0x00007ffb504d0000 - 0x00007ffb5055b000 	C:\WINDOWS\SYSTEM32\apphelp.dll
0x0000000180000000 - 0x000000018007c000 	C:\Windows\System32\pteidlibj.dll
0x00007ffb2b230000 - 0x00007ffb2b2d6000 	C:\Program Files\Java\jdk1.8.0_101\jre\bin\MSVCP120.dll
0x00007ffb23650000 - 0x00007ffb2373f000 	C:\Program Files\Java\jdk1.8.0_101\jre\bin\MSVCR120.dll
0x0000000000c40000 - 0x0000000000c63000 	C:\WINDOWS\SYSTEM32\pteidcommon.dll
0x00000000023a0000 - 0x0000000002426000 	C:\WINDOWS\SYSTEM32\pteidapplayer.dll
0x00007ffb53db0000 - 0x00007ffb53f92000 	C:\WINDOWS\System32\CRYPT32.dll
0x00007ffb53850000 - 0x00007ffb53862000 	C:\WINDOWS\System32\MSASN1.dll
0x00007ffb22ff0000 - 0x00007ffb231f5000 	C:\WINDOWS\SYSTEM32\LIBEAY32.dll
0x00007ffb2fc50000 - 0x00007ffb2fcaa000 	C:\WINDOWS\SYSTEM32\SSLEAY32.dll
0x00007ffb2fc00000 - 0x00007ffb2fc4f000 	C:\WINDOWS\SYSTEM32\libcurl.dll
0x00007ffb55960000 - 0x00007ffb559bf000 	C:\WINDOWS\System32\WLDAP32.dll
0x0000000019380000 - 0x00000000195e1000 	C:\WINDOWS\SYSTEM32\xerces-c_3_1.dll
0x00000000195f0000 - 0x0000000019703000 	C:\WINDOWS\SYSTEM32\FreeImage.dll
0x0000000019710000 - 0x00000000197f0000 	C:\WINDOWS\SYSTEM32\pteid-poppler.dll
0x00000000197f0000 - 0x00000000198da000 	C:\WINDOWS\SYSTEM32\xsec_1_7.dll
0x0000000002490000 - 0x00000000024c6000 	C:\WINDOWS\SYSTEM32\pteidcardlayer.dll
0x00007ffb41bb0000 - 0x00007ffb41bf1000 	C:\WINDOWS\SYSTEM32\WinSCard.dll
0x00007ffb53620000 - 0x00007ffb53647000 	C:\WINDOWS\SYSTEM32\DEVOBJ.dll
0x00000000024e0000 - 0x0000000002511000 	C:\WINDOWS\SYSTEM32\pteidDlgsWin32.dll
0x00007ffb52930000 - 0x00007ffb52986000 	C:\WINDOWS\SYSTEM32\WINSTA.dll
0x00007ffb4abf0000 - 0x00007ffb4adb9000 	C:\WINDOWS\SYSTEM32\dbghelp.dll

VM Arguments:
jvm_args: -Dfile.encoding=UTF-8 
java_command: calculator.application.CalculatorApplication
java_class_path (initial): C:\Users\Luis\Desktop\ESTGA\2018_2019\1_Semestre\segurança\projeto\contourCola\contourCola\Cola Library\dist\Cola_Library.jar;C:\Program Files\Portugal Identity Card\sdk\Java\pteidlibj.jar;C:\Users\Luis\Desktop\ESTGA\2018_2019\1_Semestre\segurança\projeto\contourCola\contourCola\Calculator application\build\classes
Launcher Type: SUN_STANDARD

Environment Variables:
CLASSPATH=C:\Program Files\Portugal Identity Card
PATH=C:\ProgramData\Oracle\Java\javapath;C:\WINDOWS\system32;C:\WINDOWS;C:\WINDOWS\System32\Wbem;C:\WINDOWS\System32\WindowsPowerShell\v1.0\;C:\Program Files\TortoiseGit\bin;C:\Program Files\Git\cmd;C:\WINDOWS\System32\OpenSSH\;C:\Program Files (x86)\Brackets\command;C:\Program Files\PuTTY\;C:\php;C:\ProgramData\ComposerSetup\bin;C:\PostgreSQL\pg96\bin;C:\Program Files\nodejs\;C:\Program Files\Portugal Identity Card;C:\Program Files (x86)\NVIDIA Corporation\PhysX\Common;C:\Users\Luis\AppData\Local\Microsoft\WindowsApps;C:\Users\Luis\AppData\Local\atom\bin;C:\Users\Luis\AppData\Local\Microsoft\WindowsApps;C:\Users\Luis\AppData\Roaming\Composer\vendor\bin;C:\Users\Luis\AppData\Roaming\npm;C:\Users\Luis\AppData\Local\Programs\Microsoft VS Code\bin;C:\Users\Luis\AppData\Local\GitHubDesktop\bin
USERNAME=Luis
OS=Windows_NT
PROCESSOR_IDENTIFIER=Intel64 Family 6 Model 61 Stepping 4, GenuineIntel



---------------  S Y S T E M  ---------------

OS: Windows 10.0 , 64 bit Build 17134 (10.0.17134.1)

CPU:total 4 (2 cores per cpu, 2 threads per core) family 6 model 61 stepping 4, cmov, cx8, fxsr, mmx, sse, sse2, sse3, ssse3, sse4.1, sse4.2, popcnt, avx, avx2, aes, clmul, erms, 3dnowpref, lzcnt, ht, tsc, tscinvbit, bmi1, bmi2, adx

Memory: 4k page, physical 8288728k(4110528k free), swap 10571320k(4610080k free)

vm_info: Java HotSpot(TM) 64-Bit Server VM (25.101-b13) for windows-amd64 JRE (1.8.0_101-b13), built on Jun 22 2016 01:21:29 by "java_re" with MS VC++ 10.0 (VS2010)

time: Sat Dec 29 10:07:55 2018
elapsed time: 0 seconds (0d 0h 0m 0s)

