#
# A fatal error has been detected by the Java Runtime Environment:
#
#  EXCEPTION_UNCAUGHT_CXX_EXCEPTION (0xe06d7363) at pc=0x00007ffbb9e8a388, pid=4140, tid=0x0000000000000c20
#
# JRE version: Java(TM) SE Runtime Environment (8.0_141-b15) (build 1.8.0_141-b15)
# Java VM: Java HotSpot(TM) 64-Bit Server VM (25.141-b15 mixed mode windows-amd64 compressed oops)
# Problematic frame:
# C  [KERNELBASE.dll+0x3a388]
#
# Failed to write core dump. Minidumps are not enabled by default on client versions of Windows
#
# If you would like to submit a bug report, please visit:
#   http://bugreport.java.com/bugreport/crash.jsp
#

---------------  T H R E A D  ---------------

Current thread (0x00000000180a9000):  VMThread [stack: 0x0000000019d80000,0x0000000019e80000] [id=3104]

siginfo: ExceptionCode=0xe06d7363, ExceptionInformation=0x0000000019930520 0x0000000019e7f0b0 0x000000018005ebe8 0x0000000180000000 

Registers:
RAX=0x0000000000000000, RBX=0x000000018005ebe8, RCX=0x000000000000035f, RDX=0x0000000000000101
RSP=0x0000000019e7ef40, RBP=0x0000000019e7f080, RSI=0x0000000000000001, RDI=0x0000000019e7f0b0
R8 =0x0000000000000000, R9 =0x00000000011641c0, R10=0x0000000000000000, R11=0x00000000010c7944
R12=0x00000000010dc098, R13=0x00000000010dc050, R14=0x00000000010dc080, R15=0x0000000000000000
RIP=0x00007ffbb9e8a388, EFLAGS=0x0000000000000202

Top of Stack: (sp=0x0000000019e7ef40)
0x0000000019e7ef40:   0000000000000000 000000018005ebe8
0x0000000019e7ef50:   0000000000000001 0000000019e7f0b0
0x0000000019e7ef60:   00000001e06d7363 0000000000000000
0x0000000019e7ef70:   00007ffbb9e8a388 0000000000000004
0x0000000019e7ef80:   0000000019930520 0000000019e7f0b0
0x0000000019e7ef90:   000000018005ebe8 0000000180000000
0x0000000019e7efa0:   00000000010dc080 00000000010dc098
0x0000000019e7efb0:   0000000019e7f0b0 0000000000000001
0x0000000019e7efc0:   0000000019e7f080 00007ffbbccb0f6f
0x0000000019e7efd0:   0000000019e7f090 00007ffb00000000
0x0000000019e7efe0:   0000000000000001 0000000017f35400
0x0000000019e7eff0:   0000000180074000 0000000180000000
0x0000000019e7f000:   0000ec5c6e431d79 0000a576769a0b7c
0x0000000019e7f010:   000000018005ebe8 00007ffb885aef63
0x0000000019e7f020:   00000000010dc050 00000000010dc098
0x0000000019e7f030:   0000000019e7f098 0000000000000001 

Instructions: (pc=0x00007ffbb9e8a388)
0x00007ffbb9e8a368:   49 8b d1 44 0f 47 c0 44 89 44 24 38 49 c1 e0 03
0x00007ffbb9e8a378:   e8 4a 46 04 00 48 8d 4c 24 20 ff 15 d0 82 14 00
0x00007ffbb9e8a388:   48 8b 8c 24 c0 00 00 00 48 33 cc e8 b8 05 04 00
0x00007ffbb9e8a398:   48 81 c4 d8 00 00 00 c3 83 64 24 38 00 eb d6 cc 


Register to memory mapping:

RAX=0x0000000000000000 is an unknown value
RBX=0x000000018005ebe8 is an unknown value
RCX=0x000000000000035f is an unknown value
RDX=0x0000000000000101 is an unknown value
RSP=0x0000000019e7ef40 is an unknown value
RBP=0x0000000019e7f080 is an unknown value
RSI=0x0000000000000001 is an unknown value
RDI=0x0000000019e7f0b0 is an unknown value
R8 =0x0000000000000000 is an unknown value
R9 =0x00000000011641c0 is an unknown value
R10=0x0000000000000000 is an unknown value
R11=0x00000000010c7944 is an unknown value
R12=0x00000000010dc098 is an unknown value
R13=0x00000000010dc050 is an unknown value
R14=0x00000000010dc080 is an unknown value
R15=0x0000000000000000 is an unknown value


Stack: [0x0000000019d80000,0x0000000019e80000],  sp=0x0000000019e7ef40,  free space=1019k
Native frames: (J=compiled Java code, j=interpreted, Vv=VM code, C=native code)
C  [KERNELBASE.dll+0x3a388]
C  [MSVCR120.dll+0x5ef63]
C  [pteidlibj.dll+0x377e4]
C  [pteidlibj.dll+0x21b14]
C  [pteidlibj.dll+0x21d96]
C  [ntdll.dll+0x3b583]
C  [ntdll.dll+0x47f85]
C  [ntdll.dll+0x47e48]
C  [KERNEL32.DLL+0x1b19a]
C  [msvcr100.dll+0x20ccd]
V  [jvm.dll+0x213145]
V  [jvm.dll+0x24c127]
V  [jvm.dll+0x24b3c6]
V  [jvm.dll+0x24b861]
V  [jvm.dll+0x24ba7e]
V  [jvm.dll+0x29ca6a]
C  [msvcr100.dll+0x21d9f]
C  [msvcr100.dll+0x21e3b]
C  [KERNEL32.DLL+0x13034]
C  [ntdll.dll+0x73691]

VM_Operation (0x000000000301f590): Exit, mode: safepoint, requested by thread 0x0000000003023000


---------------  P R O C E S S  ---------------

Java Threads: ( => current thread )
  0x000000001a002000 JavaThread "Service Thread" daemon [_thread_blocked, id=3228, stack(0x000000001ab90000,0x000000001ac90000)]
  0x0000000019fb8800 JavaThread "C1 CompilerThread3" daemon [_thread_blocked, id=7048, stack(0x000000001aa90000,0x000000001ab90000)]
  0x0000000019fb2000 JavaThread "C2 CompilerThread2" daemon [_thread_blocked, id=10580, stack(0x000000001a990000,0x000000001aa90000)]
  0x0000000019fb0800 JavaThread "C2 CompilerThread1" daemon [_thread_blocked, id=12852, stack(0x000000001a890000,0x000000001a990000)]
  0x0000000019fae000 JavaThread "C2 CompilerThread0" daemon [_thread_blocked, id=9964, stack(0x000000001a790000,0x000000001a890000)]
  0x0000000019fa8000 JavaThread "Attach Listener" daemon [_thread_blocked, id=7508, stack(0x000000001a690000,0x000000001a790000)]
  0x0000000019fa7000 JavaThread "Signal Dispatcher" daemon [_thread_blocked, id=11292, stack(0x000000001a590000,0x000000001a690000)]
  0x0000000003119000 JavaThread "Finalizer" daemon [_thread_blocked, id=5384, stack(0x000000001a380000,0x000000001a480000)]
  0x0000000003116000 JavaThread "Reference Handler" daemon [_thread_blocked, id=10508, stack(0x0000000019e80000,0x0000000019f80000)]
  0x0000000003023000 JavaThread "main" [_thread_blocked, id=5600, stack(0x0000000002f20000,0x0000000003020000)]

Other Threads:
=>0x00000000180a9000 VMThread [stack: 0x0000000019d80000,0x0000000019e80000] [id=3104]

VM state:at safepoint (shutting down)

VM Mutex/Monitor currently owned by a thread:  ([mutex/lock_event])
[0x0000000002f1c9c0] Threads_lock - owner thread: 0x00000000180a9000

Heap:
 PSYoungGen      total 38400K, used 3993K [0x00000000d5e00000, 0x00000000d8880000, 0x0000000100000000)
  eden space 33280K, 12% used [0x00000000d5e00000,0x00000000d61e6730,0x00000000d7e80000)
  from space 5120K, 0% used [0x00000000d8380000,0x00000000d8380000,0x00000000d8880000)
  to   space 5120K, 0% used [0x00000000d7e80000,0x00000000d7e80000,0x00000000d8380000)
 ParOldGen       total 87552K, used 0K [0x0000000081a00000, 0x0000000086f80000, 0x00000000d5e00000)
  object space 87552K, 0% used [0x0000000081a00000,0x0000000081a00000,0x0000000086f80000)
 Metaspace       used 5884K, capacity 6026K, committed 6144K, reserved 1056768K
  class space    used 667K, capacity 731K, committed 768K, reserved 1048576K

Card table byte_map: [0x00000000124e0000,0x00000000128e0000] byte_map_base: 0x00000000120d3000

Marking Bits: (ParMarkBitMap*) 0x0000000058f8d850
 Begin Bits: [0x0000000013390000, 0x0000000015328000)
 End Bits:   [0x0000000015328000, 0x00000000172c0000)

Polling page: 0x0000000001020000

CodeCache: size=245760Kb used=1675Kb max_used=1687Kb free=244084Kb
 bounds [0x0000000003120000, 0x0000000003390000, 0x0000000012120000]
 total_blobs=606 nmethods=292 adapters=227
 compilation: enabled

Compilation events (10 events):
Event: 3.049 Thread 0x0000000019fb8800 nmethod 288 0x00000000032c0610 code [0x00000000032c07a0, 0x00000000032c0bd0]
Event: 3.056 Thread 0x0000000019fb8800  289       3       java.util.LinkedHashMap$LinkedHashIterator::hasNext (13 bytes)
Event: 3.056 Thread 0x0000000019fb8800 nmethod 289 0x00000000032c1410 code [0x00000000032c1560, 0x00000000032c1710]
Event: 3.056 Thread 0x0000000019fb8800  290       3       java.util.LinkedHashMap$LinkedHashIterator::nextNode (54 bytes)
Event: 3.057 Thread 0x0000000019fb8800 nmethod 290 0x00000000032c1790 code [0x00000000032c1920, 0x00000000032c1c18]
Event: 3.060 Thread 0x0000000019fb8800  291       3       java.nio.ByteBuffer::arrayOffset (35 bytes)
Event: 3.060 Thread 0x0000000019fb8800 nmethod 291 0x00000000032c1d90 code [0x00000000032c1f20, 0x00000000032c21d8]
Event: 3.060 Thread 0x0000000019fb8800  292       3       java.nio.CharBuffer::arrayOffset (35 bytes)
Event: 3.061 Thread 0x0000000019fb8800 nmethod 292 0x00000000032c22d0 code [0x00000000032c2460, 0x00000000032c2718]
Event: 3.065 Thread 0x0000000019fb0800 nmethod 282% 0x00000000032c59d0 code [0x00000000032c5b20, 0x00000000032c60d8]

GC Heap History (0 events):
No events

Deoptimization events (0 events):
No events

Internal exceptions (10 events):
Event: 0.101 Thread 0x0000000003023000 Exception <a 'java/lang/NoSuchMethodError': Method sun.misc.Unsafe.defineClass(Ljava/lang/String;[BII)Ljava/lang/Class; name or signature does not match> (0x00000000d5e07ca8) thrown at [C:\re\workspace\8-2-build-windows-amd64-cygwin\jdk8u141\9370\hotspot\
Event: 0.101 Thread 0x0000000003023000 Exception <a 'java/lang/NoSuchMethodError': Method sun.misc.Unsafe.prefetchRead(Ljava/lang/Object;J)V name or signature does not match> (0x00000000d5e07f90) thrown at [C:\re\workspace\8-2-build-windows-amd64-cygwin\jdk8u141\9370\hotspot\src\share\vm\prims
Event: 0.237 Thread 0x0000000003023000 Exception <a 'java/io/FileNotFoundException'> (0x00000000d5e5c070) thrown at [C:\re\workspace\8-2-build-windows-amd64-cygwin\jdk8u141\9370\hotspot\src\share\vm\prims\jni.cpp, line 709]
Event: 0.357 Thread 0x0000000003023000 Exception <a 'java/security/PrivilegedActionException'> (0x00000000d5f57678) thrown at [C:\re\workspace\8-2-build-windows-amd64-cygwin\jdk8u141\9370\hotspot\src\share\vm\prims\jvm.cpp, line 1390]
Event: 0.357 Thread 0x0000000003023000 Exception <a 'java/security/PrivilegedActionException'> (0x00000000d5f57888) thrown at [C:\re\workspace\8-2-build-windows-amd64-cygwin\jdk8u141\9370\hotspot\src\share\vm\prims\jvm.cpp, line 1390]
Event: 0.359 Thread 0x0000000003023000 Exception <a 'java/security/PrivilegedActionException'> (0x00000000d5f5b798) thrown at [C:\re\workspace\8-2-build-windows-amd64-cygwin\jdk8u141\9370\hotspot\src\share\vm\prims\jvm.cpp, line 1390]
Event: 0.359 Thread 0x0000000003023000 Exception <a 'java/security/PrivilegedActionException'> (0x00000000d5f5b9a8) thrown at [C:\re\workspace\8-2-build-windows-amd64-cygwin\jdk8u141\9370\hotspot\src\share\vm\prims\jvm.cpp, line 1390]
Event: 0.375 Thread 0x0000000003023000 Exception <a 'java/io/FileNotFoundException'> (0x00000000d5f64590) thrown at [C:\re\workspace\8-2-build-windows-amd64-cygwin\jdk8u141\9370\hotspot\src\share\vm\prims\jni.cpp, line 709]
Event: 0.475 Thread 0x0000000003023000 Exception <a 'java/lang/NoSuchFieldError': method resolution failed> (0x00000000d6031cf8) thrown at [C:\re\workspace\8-2-build-windows-amd64-cygwin\jdk8u141\9370\hotspot\src\share\vm\prims\methodHandles.cpp, line 1146]
Event: 0.483 Thread 0x0000000003023000 Exception <a 'java/lang/NoSuchFieldError': method resolution failed> (0x00000000d603f0c8) thrown at [C:\re\workspace\8-2-build-windows-amd64-cygwin\jdk8u141\9370\hotspot\src\share\vm\prims\methodHandles.cpp, line 1146]

Events (10 events):
Event: 3.061 loading class java/util/regex/Pattern$Dot done
Event: 3.061 loading class java/util/regex/Pattern$Dollar
Event: 3.061 loading class java/util/regex/Pattern$Dollar done
Event: 4.286 Executing VM operation: EnableBiasedLocking
Event: 4.286 Executing VM operation: EnableBiasedLocking done
Event: 18.366 loading class java/lang/Shutdown
Event: 18.366 loading class java/lang/Shutdown done
Event: 18.366 loading class java/lang/Shutdown$Lock
Event: 18.366 loading class java/lang/Shutdown$Lock done
Event: 18.366 Executing VM operation: Exit


Dynamic libraries:
0x00007ff7cb590000 - 0x00007ff7cb5c7000 	C:\Program Files\Java\jdk1.8.0_141\jre\bin\java.exe
0x00007ffbbcca0000 - 0x00007ffbbce81000 	C:\WINDOWS\SYSTEM32\ntdll.dll
0x00007ffbbaf50000 - 0x00007ffbbb002000 	C:\WINDOWS\System32\KERNEL32.DLL
0x00007ffbb9e50000 - 0x00007ffbba0c3000 	C:\WINDOWS\System32\KERNELBASE.dll
0x00007ffbbc990000 - 0x00007ffbbca31000 	C:\WINDOWS\System32\ADVAPI32.dll
0x00007ffbbaeb0000 - 0x00007ffbbaf4e000 	C:\WINDOWS\System32\msvcrt.dll
0x00007ffbbc700000 - 0x00007ffbbc75b000 	C:\WINDOWS\System32\sechost.dll
0x00007ffbba1a0000 - 0x00007ffbba2c4000 	C:\WINDOWS\System32\RPCRT4.dll
0x00007ffbbcae0000 - 0x00007ffbbcc70000 	C:\WINDOWS\System32\USER32.dll
0x00007ffbb9c80000 - 0x00007ffbb9ca0000 	C:\WINDOWS\System32\win32u.dll
0x00007ffbbc900000 - 0x00007ffbbc928000 	C:\WINDOWS\System32\GDI32.dll
0x00007ffbb9a10000 - 0x00007ffbb9ba2000 	C:\WINDOWS\System32\gdi32full.dll
0x00007ffbb9970000 - 0x00007ffbb9a0f000 	C:\WINDOWS\System32\msvcp_win.dll
0x00007ffbb9d50000 - 0x00007ffbb9e4a000 	C:\WINDOWS\System32\ucrtbase.dll
0x00007ffbaeb40000 - 0x00007ffbaeda9000 	C:\WINDOWS\WinSxS\amd64_microsoft.windows.common-controls_6595b64144ccf1df_6.0.17134.472_none_fb3f9af53068156d\COMCTL32.dll
0x00007ffbba730000 - 0x00007ffbbaa52000 	C:\WINDOWS\System32\combase.dll
0x00007ffbb9c00000 - 0x00007ffbb9c7a000 	C:\WINDOWS\System32\bcryptPrimitives.dll
0x00007ffbba420000 - 0x00007ffbba44d000 	C:\WINDOWS\System32\IMM32.DLL
0x0000000058690000 - 0x0000000058762000 	C:\Program Files\Java\jdk1.8.0_141\jre\bin\msvcr100.dll
0x0000000058770000 - 0x000000005900d000 	C:\Program Files\Java\jdk1.8.0_141\jre\bin\server\jvm.dll
0x00007ffbbc680000 - 0x00007ffbbc688000 	C:\WINDOWS\System32\PSAPI.DLL
0x00007ffb9cd70000 - 0x00007ffb9cd79000 	C:\WINDOWS\SYSTEM32\WSOCK32.dll
0x00007ffbb6e00000 - 0x00007ffbb6e23000 	C:\WINDOWS\SYSTEM32\WINMM.dll
0x00007ffbb4230000 - 0x00007ffbb423a000 	C:\WINDOWS\SYSTEM32\VERSION.dll
0x00007ffbbc690000 - 0x00007ffbbc6fc000 	C:\WINDOWS\System32\WS2_32.dll
0x00007ffbb6c30000 - 0x00007ffbb6c5a000 	C:\WINDOWS\SYSTEM32\winmmbase.dll
0x00007ffbb9bb0000 - 0x00007ffbb9bf9000 	C:\WINDOWS\System32\cfgmgr32.dll
0x0000000058640000 - 0x000000005864f000 	C:\Program Files\Java\jdk1.8.0_141\jre\bin\verify.dll
0x0000000058610000 - 0x0000000058639000 	C:\Program Files\Java\jdk1.8.0_141\jre\bin\java.dll
0x00000000585f0000 - 0x0000000058606000 	C:\Program Files\Java\jdk1.8.0_141\jre\bin\zip.dll
0x00007ffbbb240000 - 0x00007ffbbc680000 	C:\WINDOWS\System32\SHELL32.dll
0x00007ffbbb020000 - 0x00007ffbbb0c9000 	C:\WINDOWS\System32\shcore.dll
0x00007ffbb9070000 - 0x00007ffbb977d000 	C:\WINDOWS\System32\windows.storage.dll
0x00007ffbba140000 - 0x00007ffbba191000 	C:\WINDOWS\System32\shlwapi.dll
0x00007ffbb8fd0000 - 0x00007ffbb8fe1000 	C:\WINDOWS\System32\kernel.appcore.dll
0x00007ffbb8ff0000 - 0x00007ffbb900f000 	C:\WINDOWS\System32\profapi.dll
0x00007ffbb9020000 - 0x00007ffbb906c000 	C:\WINDOWS\System32\powrprof.dll
0x00007ffbb9010000 - 0x00007ffbb901a000 	C:\WINDOWS\System32\FLTLIB.DLL
0x0000000058410000 - 0x00000000585a8000 	C:\Program Files\Java\jdk1.8.0_141\jre\bin\awt.dll
0x00007ffbba2d0000 - 0x00007ffbba392000 	C:\WINDOWS\System32\OLEAUT32.dll
0x00007ffbb7170000 - 0x00007ffbb71fb000 	C:\WINDOWS\SYSTEM32\apphelp.dll
0x0000000180000000 - 0x000000018007c000 	C:\Windows\System32\pteidlibj.dll
0x00007ffb88550000 - 0x00007ffb8863f000 	C:\Program Files\Java\jdk1.8.0_141\jre\bin\MSVCR120.dll
0x00007ffb87ae0000 - 0x00007ffb87b86000 	C:\Program Files\Java\jdk1.8.0_141\jre\bin\MSVCP120.dll
0x000000001b6f0000 - 0x000000001b776000 	C:\WINDOWS\SYSTEM32\pteidapplayer.dll
0x00007ffbb9780000 - 0x00007ffbb9962000 	C:\WINDOWS\System32\CRYPT32.dll
0x00007ffbb8fb0000 - 0x00007ffbb8fc2000 	C:\WINDOWS\System32\MSASN1.dll
0x000000001b780000 - 0x000000001b7a3000 	C:\WINDOWS\SYSTEM32\pteidcommon.dll
0x00007ffb74f40000 - 0x00007ffb75145000 	C:\WINDOWS\SYSTEM32\LIBEAY32.dll
0x00007ffb915f0000 - 0x00007ffb9164a000 	C:\WINDOWS\SYSTEM32\SSLEAY32.dll
0x00007ffb94980000 - 0x00007ffb949cf000 	C:\WINDOWS\SYSTEM32\libcurl.dll
0x00007ffbba3a0000 - 0x00007ffbba3ff000 	C:\WINDOWS\System32\WLDAP32.dll
0x000000001b7c0000 - 0x000000001ba21000 	C:\WINDOWS\SYSTEM32\xerces-c_3_1.dll
0x000000001ba40000 - 0x000000001bb20000 	C:\WINDOWS\SYSTEM32\pteid-poppler.dll
0x000000001bb20000 - 0x000000001bc33000 	C:\WINDOWS\SYSTEM32\FreeImage.dll
0x000000001bc50000 - 0x000000001bd3a000 	C:\WINDOWS\SYSTEM32\xsec_1_7.dll
0x000000001bd40000 - 0x000000001bd76000 	C:\WINDOWS\SYSTEM32\pteidcardlayer.dll
0x00007ffbb40f0000 - 0x00007ffbb4131000 	C:\WINDOWS\SYSTEM32\WinSCard.dll
0x00007ffbb8d60000 - 0x00007ffbb8d87000 	C:\WINDOWS\SYSTEM32\DEVOBJ.dll
0x000000001bda0000 - 0x000000001bdd1000 	C:\WINDOWS\SYSTEM32\pteidDlgsWin32.dll
0x00007ffbb8e50000 - 0x00007ffbb8ea6000 	C:\WINDOWS\SYSTEM32\WINSTA.dll
0x00000000585d0000 - 0x00000000585ea000 	C:\Program Files\Java\jdk1.8.0_141\jre\bin\net.dll
0x00007ffbb87d0000 - 0x00007ffbb8836000 	C:\WINDOWS\system32\mswsock.dll
0x00007ffb9d0b0000 - 0x00007ffb9d0c6000 	C:\WINDOWS\system32\napinsp.dll
0x00007ffb9cd10000 - 0x00007ffb9cd2a000 	C:\WINDOWS\system32\pnrpnsp.dll
0x00007ffbb5440000 - 0x00007ffbb5459000 	C:\WINDOWS\system32\NLAapi.dll
0x00007ffbb8590000 - 0x00007ffbb864e000 	C:\WINDOWS\SYSTEM32\DNSAPI.dll
0x00007ffbba130000 - 0x00007ffbba138000 	C:\WINDOWS\System32\NSI.dll
0x00007ffbb8550000 - 0x00007ffbb8588000 	C:\WINDOWS\SYSTEM32\IPHLPAPI.DLL
0x00007ffbb28d0000 - 0x00007ffbb28de000 	C:\WINDOWS\System32\winrnr.dll
0x00007ffbaf650000 - 0x00007ffbaf665000 	C:\WINDOWS\System32\wshbth.dll
0x00007ffbaedb0000 - 0x00007ffbaedba000 	C:\Windows\System32\rasadhlp.dll
0x00007ffbaf300000 - 0x00007ffbaf372000 	C:\WINDOWS\System32\fwpuclnt.dll
0x00007ffbb8ab0000 - 0x00007ffbb8ad5000 	C:\WINDOWS\SYSTEM32\bcrypt.dll
0x00007ffbb3790000 - 0x00007ffbb37a6000 	C:\WINDOWS\SYSTEM32\dhcpcsvc6.DLL
0x00007ffbb37b0000 - 0x00007ffbb37ca000 	C:\WINDOWS\SYSTEM32\dhcpcsvc.DLL
0x00007ffba9d30000 - 0x00007ffba9ef9000 	C:\WINDOWS\SYSTEM32\dbghelp.dll

VM Arguments:
jvm_args: -Dfile.encoding=UTF-8 
java_command: calculator.application.CalculatorApplication
java_class_path (initial): C:\Users\tialk\Desktop\Segurança Informática\Trabalho\2018\contourCola\Cola Library\dist\Cola_Library.jar;C:\Program Files\Portugal Identity Card\sdk\Java\pteidlibj.jar;C:\Users\tialk\Desktop\Segurança Informática\Trabalho\2018\contourCola\Calculator application\build\classes
Launcher Type: SUN_STANDARD

Environment Variables:
CLASSPATH=C:\Program Files\Portugal Identity Card
PATH=C:\Program Files (x86)\Common Files\Oracle\Java\javapath;C:\ProgramData\Oracle\Java\javapath;C:\WINDOWS\system32;C:\WINDOWS;C:\WINDOWS\System32\Wbem;C:\WINDOWS\System32\WindowsPowerShell\v1.0\;C:\Program Files (x86)\Microsoft SQL Server\Client SDK\ODBC\130\Tools\Binn\;C:\Program Files (x86)\Microsoft SQL Server\140\Tools\Binn\;C:\Program Files (x86)\Microsoft SQL Server\140\DTS\Binn\;C:\Program Files (x86)\Microsoft SQL Server\140\Tools\Binn\ManagementStudio\;C:\Program Files\Microsoft SQL Server\130\Tools\Binn\;C:\Program Files\dotnet\;C:\Program Files\Microsoft SQL Server\Client SDK\ODBC\130\Tools\Binn\;C:\Program Files (x86)\Microsoft SQL Server\130\Tools\Binn\;C:\Program Files\Microsoft SQL Server\130\DTS\Binn\;C:\Program Files\nodejs\;C:\WINDOWS\System32\OpenSSH\;C:\Program Files\Git\cmd;C:\Program Files\Portugal Identity Card;C:\Program Files (x86)\NVIDIA Corporation\PhysX\Common;C:\Users\tialk\AppData\Local\Microsoft\WindowsApps;C:\Users\tialk\AppData\Local\atom\bin;C:\Users\tialk\AppData\Roaming\npm;C:\Users\tialk\AppData\Local\Microsoft\WindowsApps;C:\Users\tialk\AppData\Local\GitHubDesktop\bin;
USERNAME=tjsantos
OS=Windows_NT
PROCESSOR_IDENTIFIER=Intel64 Family 6 Model 58 Stepping 9, GenuineIntel



---------------  S Y S T E M  ---------------

OS: Windows 10.0 , 64 bit Build 17134 (10.0.17134.1)

CPU:total 8 (initial active 8) (4 cores per cpu, 2 threads per core) family 6 model 58 stepping 9, cmov, cx8, fxsr, mmx, sse, sse2, sse3, ssse3, sse4.1, sse4.2, popcnt, avx, aes, clmul, erms, ht, tsc, tscinvbit, tscinv

Memory: 4k page, physical 8275596k(1559380k free), swap 12338828k(2534588k free)

vm_info: Java HotSpot(TM) 64-Bit Server VM (25.141-b15) for windows-amd64 JRE (1.8.0_141-b15), built on Jul 12 2017 04:25:12 by "java_re" with MS VC++ 10.0 (VS2010)

time: Wed Jan 02 17:19:26 2019
elapsed time: 18 seconds (0d 0h 0m 18s)

