#
# A fatal error has been detected by the Java Runtime Environment:
#
#  EXCEPTION_UNCAUGHT_CXX_EXCEPTION (0xe06d7363) at pc=0x00007ffb53aea388, pid=3564, tid=0x000000000000390c
#
# JRE version: Java(TM) SE Runtime Environment (8.0_101-b13) (build 1.8.0_101-b13)
# Java VM: Java HotSpot(TM) 64-Bit Server VM (25.101-b13 mixed mode windows-amd64 compressed oops)
# Problematic frame:
# C  [KERNELBASE.dll+0x3a388]
#
# Failed to write core dump. Minidumps are not enabled by default on client versions of Windows
#
# If you would like to submit a bug report, please visit:
#   http://bugreport.java.com/bugreport/crash.jsp
#

---------------  T H R E A D  ---------------

Current thread (0x0000000017587000):  VMThread [stack: 0x0000000018610000,0x0000000018710000] [id=14604]

siginfo: ExceptionCode=0xe06d7363, ExceptionInformation=0x0000000019930520 0x000000001870f720 0x000000018005ebe8 0x0000000180000000 

Registers:
RAX=0x0000000000000000, RBX=0x000000018005ebe8, RCX=0x00000000000001bf, RDX=0x0000000000000101
RSP=0x000000001870f5b0, RBP=0x000000001870f6f0, RSI=0x0000000000000001, RDI=0x000000001870f720
R8 =0x0000000000000000, R9 =0x0000000000e533d0, R10=0x0000000000000000, R11=0x0000000000de030c
R12=0x0000000000dfbb78, R13=0x0000000000dfbb30, R14=0x0000000000dfbb60, R15=0x0000000000000000
RIP=0x00007ffb53aea388, EFLAGS=0x0000000000000202

Top of Stack: (sp=0x000000001870f5b0)
0x000000001870f5b0:   0000000000000000 000000018005ebe8
0x000000001870f5c0:   0000000000000001 000000001870f720
0x000000001870f5d0:   00000001e06d7363 0000000000000000
0x000000001870f5e0:   00007ffb53aea388 0000000000000004
0x000000001870f5f0:   0000000019930520 000000001870f720
0x000000001870f600:   000000018005ebe8 0000000180000000
0x000000001870f610:   0000000000dfbb60 0000000000dfbb78
0x000000001870f620:   000000001870f720 0000000000000001
0x000000001870f630:   000000001870f6f0 00007ffb574f0f6f
0x000000001870f640:   000000001870f700 00007ffb00000000
0x000000001870f650:   0000000000000001 0000000017495500
0x000000001870f660:   0000000180074000 0000000180000000
0x000000001870f670:   000042d76311481c 0000dbb14253e032
0x000000001870f680:   000000018005ebe8 00007ffb29acef63
0x000000001870f690:   0000000000dfbb30 0000000000dfbb78
0x000000001870f6a0:   000000001870f708 0000000000000001 

Instructions: (pc=0x00007ffb53aea388)
0x00007ffb53aea368:   49 8b d1 44 0f 47 c0 44 89 44 24 38 49 c1 e0 03
0x00007ffb53aea378:   e8 4a 46 04 00 48 8d 4c 24 20 ff 15 d0 82 14 00
0x00007ffb53aea388:   48 8b 8c 24 c0 00 00 00 48 33 cc e8 b8 05 04 00
0x00007ffb53aea398:   48 81 c4 d8 00 00 00 c3 83 64 24 38 00 eb d6 cc 


Register to memory mapping:

RAX=0x0000000000000000 is an unknown value
RBX=0x000000018005ebe8 is an unknown value
RCX=0x00000000000001bf is an unknown value
RDX=0x0000000000000101 is an unknown value
RSP=0x000000001870f5b0 is an unknown value
RBP=0x000000001870f6f0 is an unknown value
RSI=0x0000000000000001 is an unknown value
RDI=0x000000001870f720 is an unknown value
R8 =0x0000000000000000 is an unknown value
R9 =0x0000000000e533d0 is an unknown value
R10=0x0000000000000000 is an unknown value
R11=0x0000000000de030c is an unknown value
R12=0x0000000000dfbb78 is an unknown value
R13=0x0000000000dfbb30 is an unknown value
R14=0x0000000000dfbb60 is an unknown value
R15=0x0000000000000000 is an unknown value


Stack: [0x0000000018610000,0x0000000018710000],  sp=0x000000001870f5b0,  free space=1021k
Native frames: (J=compiled Java code, j=interpreted, Vv=VM code, C=native code)
C  [KERNELBASE.dll+0x3a388]
C  [MSVCR120.dll+0x5ef63]
C  [pteidlibj.dll+0x377e4]
C  [pteidlibj.dll+0x21b14]
C  [pteidlibj.dll+0x21d96]
C  [ntdll.dll+0x3b583]
C  [ntdll.dll+0x47f85]
C  [ntdll.dll+0x47e48]
C  [KERNEL32.DLL+0x1b19a]
C  [msvcr100.dll+0x20ccd]
V  [jvm.dll+0x212ba5]
V  [jvm.dll+0x24b777]
V  [jvm.dll+0x24aa16]
V  [jvm.dll+0x24aeb1]
V  [jvm.dll+0x24b0ce]
V  [jvm.dll+0x29c18a]
C  [msvcr100.dll+0x21d9f]
C  [msvcr100.dll+0x21e3b]
C  [KERNEL32.DLL+0x13034]
C  [ntdll.dll+0x73691]

VM_Operation (0x000000000296ef10): Exit, mode: safepoint, requested by thread 0x0000000002971000


---------------  P R O C E S S  ---------------

Java Threads: ( => current thread )
  0x0000000018f48800 JavaThread "Service Thread" daemon [_thread_blocked, id=6672, stack(0x0000000019330000,0x0000000019430000)]
  0x00000000175cc000 JavaThread "C1 CompilerThread2" daemon [_thread_blocked, id=11568, stack(0x0000000018e30000,0x0000000018f30000)]
  0x00000000175c3000 JavaThread "C2 CompilerThread1" daemon [_thread_blocked, id=10952, stack(0x0000000018d30000,0x0000000018e30000)]
  0x00000000175bf800 JavaThread "C2 CompilerThread0" daemon [_thread_blocked, id=15536, stack(0x0000000018c30000,0x0000000018d30000)]
  0x00000000175bc000 JavaThread "Attach Listener" daemon [_thread_blocked, id=10084, stack(0x0000000018b30000,0x0000000018c30000)]
  0x00000000175ba800 JavaThread "Signal Dispatcher" daemon [_thread_blocked, id=17084, stack(0x0000000018a30000,0x0000000018b30000)]
  0x00000000175a8800 JavaThread "Finalizer" daemon [_thread_blocked, id=4800, stack(0x0000000018810000,0x0000000018910000)]
  0x0000000002a61000 JavaThread "Reference Handler" daemon [_thread_blocked, id=11744, stack(0x0000000018710000,0x0000000018810000)]
  0x0000000002971000 JavaThread "main" [_thread_blocked, id=17196, stack(0x0000000002870000,0x0000000002970000)]

Other Threads:
=>0x0000000017587000 VMThread [stack: 0x0000000018610000,0x0000000018710000] [id=14604]

VM state:at safepoint (shutting down)

VM Mutex/Monitor currently owned by a thread:  ([mutex/lock_event])
[0x000000000286c640] Threads_lock - owner thread: 0x0000000017587000

Heap:
 PSYoungGen      total 38400K, used 3328K [0x00000000d5d80000, 0x00000000d8800000, 0x0000000100000000)
  eden space 33280K, 10% used [0x00000000d5d80000,0x00000000d60c0100,0x00000000d7e00000)
  from space 5120K, 0% used [0x00000000d8300000,0x00000000d8300000,0x00000000d8800000)
  to   space 5120K, 0% used [0x00000000d7e00000,0x00000000d7e00000,0x00000000d8300000)
 ParOldGen       total 87552K, used 0K [0x0000000081800000, 0x0000000086d80000, 0x00000000d5d80000)
  object space 87552K, 0% used [0x0000000081800000,0x0000000081800000,0x0000000086d80000)
 Metaspace       used 4640K, capacity 5038K, committed 5248K, reserved 1056768K
  class space    used 515K, capacity 599K, committed 640K, reserved 1048576K

Card table byte_map: [0x0000000011e30000,0x0000000012230000] byte_map_base: 0x0000000011a24000

Marking Bits: (ParMarkBitMap*) 0x000000006fc1a6d0
 Begin Bits: [0x00000000128e0000, 0x0000000014880000)
 End Bits:   [0x0000000014880000, 0x0000000016820000)

Polling page: 0x00000000027f0000

CodeCache: size=245760Kb used=1548Kb max_used=1548Kb free=244211Kb
 bounds [0x0000000002a70000, 0x0000000002ce0000, 0x0000000011a70000]
 total_blobs=527 nmethods=240 adapters=200
 compilation: enabled

Compilation events (10 events):
Event: 0.243 Thread 0x00000000175cc000  235   !   3       sun.misc.URLClassPath$JarLoader::getResource (85 bytes)
Event: 0.245 Thread 0x00000000175cc000 nmethod 235 0x0000000002bec790 code [0x0000000002beca20, 0x0000000002bed968]
Event: 0.245 Thread 0x00000000175cc000  236       1       java.net.URL::getHost (5 bytes)
Event: 0.245 Thread 0x00000000175cc000 nmethod 236 0x0000000002bee2d0 code [0x0000000002bee420, 0x0000000002bee530]
Event: 0.246 Thread 0x00000000175cc000  237       1       java.net.URL::getFile (5 bytes)
Event: 0.246 Thread 0x00000000175cc000 nmethod 237 0x0000000002bee590 code [0x0000000002bee6e0, 0x0000000002bee7f0]
Event: 0.252 Thread 0x00000000175cc000  238   !   3       java.lang.ClassLoader::loadClass (122 bytes)
Event: 0.255 Thread 0x00000000175cc000 nmethod 238 0x0000000002bef290 code [0x0000000002bef600, 0x0000000002bf1998]
Event: 0.255 Thread 0x00000000175cc000  239       3       java.lang.ClassLoader::findLoadedClass (16 bytes)
Event: 0.255 Thread 0x00000000175cc000 nmethod 239 0x0000000002bf3190 code [0x0000000002bf3300, 0x0000000002bf3538]

GC Heap History (0 events):
No events

Deoptimization events (0 events):
No events

Internal exceptions (10 events):
Event: 0.052 Thread 0x0000000002971000 Exception <a 'java/lang/NoSuchMethodError': Method sun.misc.Unsafe.defineClass(Ljava/lang/String;[BII)Ljava/lang/Class; name or signature does not match> (0x00000000d5d87cc0) thrown at [C:\re\workspace\8-2-build-windows-amd64-cygwin\jdk8u101\7261\hotspot\sà~H¿ª?
Event: 0.052 Thread 0x0000000002971000 Exception <a 'java/lang/NoSuchMethodError': Method sun.misc.Unsafe.prefetchRead(Ljava/lang/Object;J)V name or signature does not match> (0x00000000d5d87fa8) thrown at [C:\re\workspace\8-2-build-windows-amd64-cygwin\jdk8u101\7261\hotspot\src\share\vm\prims\¬–àpž9Á?
Event: 0.135 Thread 0x0000000002971000 Exception <a 'java/security/PrivilegedActionException'> (0x00000000d5e13da8) thrown at [C:\re\workspace\8-2-build-windows-amd64-cygwin\jdk8u101\7261\hotspot\src\share\vm\prims\jvm.cpp, line 1386]
Event: 0.135 Thread 0x0000000002971000 Exception <a 'java/security/PrivilegedActionException'> (0x00000000d5e13fb8) thrown at [C:\re\workspace\8-2-build-windows-amd64-cygwin\jdk8u101\7261\hotspot\src\share\vm\prims\jvm.cpp, line 1386]
Event: 0.135 Thread 0x0000000002971000 Exception <a 'java/security/PrivilegedActionException'> (0x00000000d5e17ea0) thrown at [C:\re\workspace\8-2-build-windows-amd64-cygwin\jdk8u101\7261\hotspot\src\share\vm\prims\jvm.cpp, line 1386]
Event: 0.135 Thread 0x0000000002971000 Exception <a 'java/security/PrivilegedActionException'> (0x00000000d5e180b0) thrown at [C:\re\workspace\8-2-build-windows-amd64-cygwin\jdk8u101\7261\hotspot\src\share\vm\prims\jvm.cpp, line 1386]
Event: 0.143 Thread 0x0000000002971000 Exception <a 'java/io/FileNotFoundException'> (0x00000000d5e211a0) thrown at [C:\re\workspace\8-2-build-windows-amd64-cygwin\jdk8u101\7261\hotspot\src\share\vm\prims\jni.cpp, line 709]
Event: 0.179 Thread 0x0000000002971000 Exception <a 'java/lang/NoSuchFieldError': method resolution failed> (0x00000000d5f95198) thrown at [C:\re\workspace\8-2-build-windows-amd64-cygwin\jdk8u101\7261\hotspot\src\share\vm\prims\methodHandles.cpp, line 1146]
Event: 0.181 Thread 0x0000000002971000 Exception <a 'java/lang/NoSuchFieldError': method resolution failed> (0x00000000d5fa2568) thrown at [C:\re\workspace\8-2-build-windows-amd64-cygwin\jdk8u101\7261\hotspot\src\share\vm\prims\methodHandles.cpp, line 1146]
Event: 0.252 Thread 0x0000000002971000 Exception <a 'pt/gov/cartaodecidadao/PTEID_ExNoCardPresent'> (0x00000000d60a1550) thrown at [C:\re\workspace\8-2-build-windows-amd64-cygwin\jdk8u101\7261\hotspot\src\share\vm\prims\jni.cpp, line 709]

Events (10 events):
Event: 0.255 loading class java/util/regex/Matcher done
Event: 0.255 loading class java/util/ArrayList$SubList
Event: 0.255 loading class java/util/ArrayList$SubList done
Event: 0.256 loading class java/util/ArrayList$SubList$1
Event: 0.256 loading class java/util/ArrayList$SubList$1 done
Event: 0.256 loading class java/lang/Shutdown
Event: 0.256 loading class java/lang/Shutdown done
Event: 0.257 loading class java/lang/Shutdown$Lock
Event: 0.257 loading class java/lang/Shutdown$Lock done
Event: 0.257 Executing VM operation: Exit


Dynamic libraries:
0x00007ff796080000 - 0x00007ff7960b7000 	C:\Program Files\Java\jdk1.8.0_101\jre\bin\java.exe
0x00007ffb574e0000 - 0x00007ffb576c1000 	C:\WINDOWS\SYSTEM32\ntdll.dll
0x00007ffb2ee30000 - 0x00007ffb2ee44000 	C:\Program Files\AVAST Software\Avast\x64\aswhooka.dll
0x00007ffb55560000 - 0x00007ffb55612000 	C:\WINDOWS\System32\KERNEL32.DLL
0x00007ffb53ab0000 - 0x00007ffb53d23000 	C:\WINDOWS\System32\KERNELBASE.dll
0x00007ffb551e0000 - 0x00007ffb55281000 	C:\WINDOWS\System32\ADVAPI32.dll
0x00007ffb54f40000 - 0x00007ffb54fde000 	C:\WINDOWS\System32\msvcrt.dll
0x00007ffb55cf0000 - 0x00007ffb55d4b000 	C:\WINDOWS\System32\sechost.dll
0x00007ffb55e20000 - 0x00007ffb55f44000 	C:\WINDOWS\System32\RPCRT4.dll
0x00007ffb55300000 - 0x00007ffb55490000 	C:\WINDOWS\System32\USER32.dll
0x00007ffb547b0000 - 0x00007ffb547d0000 	C:\WINDOWS\System32\win32u.dll
0x00007ffb558a0000 - 0x00007ffb558c8000 	C:\WINDOWS\System32\GDI32.dll
0x00007ffb547d0000 - 0x00007ffb54962000 	C:\WINDOWS\System32\gdi32full.dll
0x00007ffb546b0000 - 0x00007ffb5474f000 	C:\WINDOWS\System32\msvcp_win.dll
0x00007ffb53900000 - 0x00007ffb539fa000 	C:\WINDOWS\System32\ucrtbase.dll
0x00007ffb3f420000 - 0x00007ffb3f689000 	C:\WINDOWS\WinSxS\amd64_microsoft.windows.common-controls_6595b64144ccf1df_6.0.17134.472_none_fb3f9af53068156d\COMCTL32.dll
0x00007ffb559c0000 - 0x00007ffb55ce2000 	C:\WINDOWS\System32\combase.dll
0x00007ffb53d30000 - 0x00007ffb53daa000 	C:\WINDOWS\System32\bcryptPrimitives.dll
0x00007ffb55f50000 - 0x00007ffb55f7d000 	C:\WINDOWS\System32\IMM32.DLL
0x0000000071240000 - 0x0000000071312000 	C:\Program Files\Java\jdk1.8.0_101\jre\bin\msvcr100.dll
0x000000006f400000 - 0x000000006fc9a000 	C:\Program Files\Java\jdk1.8.0_101\jre\bin\server\jvm.dll
0x00007ffb552f0000 - 0x00007ffb552f8000 	C:\WINDOWS\System32\PSAPI.DLL
0x00007ffb52450000 - 0x00007ffb52459000 	C:\WINDOWS\SYSTEM32\WSOCK32.dll
0x00007ffb558f0000 - 0x00007ffb5595c000 	C:\WINDOWS\System32\WS2_32.dll
0x00007ffb4fb20000 - 0x00007ffb4fb43000 	C:\WINDOWS\SYSTEM32\WINMM.dll
0x00007ffb504c0000 - 0x00007ffb504ca000 	C:\WINDOWS\SYSTEM32\VERSION.dll
0x00007ffb4faf0000 - 0x00007ffb4fb1a000 	C:\WINDOWS\SYSTEM32\WINMMBASE.dll
0x00007ffb538b0000 - 0x00007ffb538f9000 	C:\WINDOWS\System32\cfgmgr32.dll
0x0000000072b60000 - 0x0000000072b6f000 	C:\Program Files\Java\jdk1.8.0_101\jre\bin\verify.dll
0x00000000716c0000 - 0x00000000716e9000 	C:\Program Files\Java\jdk1.8.0_101\jre\bin\java.dll
0x0000000071220000 - 0x0000000071236000 	C:\Program Files\Java\jdk1.8.0_101\jre\bin\zip.dll
0x00007ffb55f80000 - 0x00007ffb573c0000 	C:\WINDOWS\System32\SHELL32.dll
0x00007ffb55d70000 - 0x00007ffb55e19000 	C:\WINDOWS\System32\shcore.dll
0x00007ffb53fa0000 - 0x00007ffb546ad000 	C:\WINDOWS\System32\windows.storage.dll
0x00007ffb55180000 - 0x00007ffb551d1000 	C:\WINDOWS\System32\shlwapi.dll
0x00007ffb53870000 - 0x00007ffb53881000 	C:\WINDOWS\System32\kernel.appcore.dll
0x00007ffb53890000 - 0x00007ffb538af000 	C:\WINDOWS\System32\profapi.dll
0x00007ffb53800000 - 0x00007ffb5384c000 	C:\WINDOWS\System32\powrprof.dll
0x00007ffb537f0000 - 0x00007ffb537fa000 	C:\WINDOWS\System32\FLTLIB.DLL
0x000000006f260000 - 0x000000006f3f8000 	C:\Program Files\Java\jdk1.8.0_101\jre\bin\awt.dll
0x00007ffb55490000 - 0x00007ffb55552000 	C:\WINDOWS\System32\OLEAUT32.dll
0x00007ffb504d0000 - 0x00007ffb5055b000 	C:\WINDOWS\SYSTEM32\apphelp.dll
0x0000000180000000 - 0x000000018007c000 	C:\Windows\System32\pteidlibj.dll
0x00007ffb299c0000 - 0x00007ffb29a66000 	C:\Program Files\Java\jdk1.8.0_101\jre\bin\MSVCP120.dll
0x00007ffb29a70000 - 0x00007ffb29b5f000 	C:\Program Files\Java\jdk1.8.0_101\jre\bin\MSVCR120.dll
0x00000000196a0000 - 0x00000000196c3000 	C:\WINDOWS\SYSTEM32\pteidcommon.dll
0x00000000196e0000 - 0x0000000019766000 	C:\WINDOWS\SYSTEM32\pteidapplayer.dll
0x00007ffb53db0000 - 0x00007ffb53f92000 	C:\WINDOWS\System32\CRYPT32.dll
0x00007ffb53850000 - 0x00007ffb53862000 	C:\WINDOWS\System32\MSASN1.dll
0x00007ffb1f430000 - 0x00007ffb1f635000 	C:\WINDOWS\SYSTEM32\LIBEAY32.dll
0x00007ffb2f1c0000 - 0x00007ffb2f21a000 	C:\WINDOWS\SYSTEM32\SSLEAY32.dll
0x00007ffb2e490000 - 0x00007ffb2e4df000 	C:\WINDOWS\SYSTEM32\libcurl.dll
0x00007ffb55960000 - 0x00007ffb559bf000 	C:\WINDOWS\System32\WLDAP32.dll
0x0000000019790000 - 0x00000000199f1000 	C:\WINDOWS\SYSTEM32\xerces-c_3_1.dll
0x0000000019a10000 - 0x0000000019b23000 	C:\WINDOWS\SYSTEM32\FreeImage.dll
0x0000000019b30000 - 0x0000000019c10000 	C:\WINDOWS\SYSTEM32\pteid-poppler.dll
0x0000000019c20000 - 0x0000000019d0a000 	C:\WINDOWS\SYSTEM32\xsec_1_7.dll
0x0000000019d20000 - 0x0000000019d56000 	C:\WINDOWS\SYSTEM32\pteidcardlayer.dll
0x00007ffb41bb0000 - 0x00007ffb41bf1000 	C:\WINDOWS\SYSTEM32\WinSCard.dll
0x00007ffb53620000 - 0x00007ffb53647000 	C:\WINDOWS\SYSTEM32\DEVOBJ.dll
0x0000000019d70000 - 0x0000000019da1000 	C:\WINDOWS\SYSTEM32\pteidDlgsWin32.dll
0x00007ffb52930000 - 0x00007ffb52986000 	C:\WINDOWS\SYSTEM32\WINSTA.dll
0x00007ffb4abf0000 - 0x00007ffb4adb9000 	C:\WINDOWS\SYSTEM32\dbghelp.dll

VM Arguments:
jvm_args: -Dfile.encoding=UTF-8 
java_command: calculator.application.CalculatorApplication
java_class_path (initial): C:\Users\Luis\Desktop\ESTGA\2018_2019\1_Semestre\segurança\projeto\contourCola\contourCola\Cola Library\dist\Cola_Library.jar;C:\Program Files\Portugal Identity Card\sdk\Java\pteidlibj.jar;C:\Users\Luis\Desktop\ESTGA\2018_2019\1_Semestre\segurança\projeto\contourCola\contourCola\Calculator application\build\classes
Launcher Type: SUN_STANDARD

Environment Variables:
CLASSPATH=C:\Program Files\Portugal Identity Card
PATH=C:\ProgramData\Oracle\Java\javapath;C:\WINDOWS\system32;C:\WINDOWS;C:\WINDOWS\System32\Wbem;C:\WINDOWS\System32\WindowsPowerShell\v1.0\;C:\Program Files\TortoiseGit\bin;C:\Program Files\Git\cmd;C:\WINDOWS\System32\OpenSSH\;C:\Program Files (x86)\Brackets\command;C:\Program Files\PuTTY\;C:\php;C:\ProgramData\ComposerSetup\bin;C:\PostgreSQL\pg96\bin;C:\Program Files\nodejs\;C:\Program Files\Portugal Identity Card;C:\Program Files (x86)\NVIDIA Corporation\PhysX\Common;C:\Users\Luis\AppData\Local\Microsoft\WindowsApps;C:\Users\Luis\AppData\Local\atom\bin;C:\Users\Luis\AppData\Local\Microsoft\WindowsApps;C:\Users\Luis\AppData\Roaming\Composer\vendor\bin;C:\Users\Luis\AppData\Roaming\npm;C:\Users\Luis\AppData\Local\Programs\Microsoft VS Code\bin;C:\Users\Luis\AppData\Local\GitHubDesktop\bin
USERNAME=Luis
OS=Windows_NT
PROCESSOR_IDENTIFIER=Intel64 Family 6 Model 61 Stepping 4, GenuineIntel



---------------  S Y S T E M  ---------------

OS: Windows 10.0 , 64 bit Build 17134 (10.0.17134.1)

CPU:total 4 (2 cores per cpu, 2 threads per core) family 6 model 61 stepping 4, cmov, cx8, fxsr, mmx, sse, sse2, sse3, ssse3, sse4.1, sse4.2, popcnt, avx, avx2, aes, clmul, erms, 3dnowpref, lzcnt, ht, tsc, tscinvbit, bmi1, bmi2, adx

Memory: 4k page, physical 8288728k(3799128k free), swap 10575628k(3306032k free)

vm_info: Java HotSpot(TM) 64-Bit Server VM (25.101-b13) for windows-amd64 JRE (1.8.0_101-b13), built on Jun 22 2016 01:21:29 by "java_re" with MS VC++ 10.0 (VS2010)

time: Fri Dec 28 17:57:11 2018
elapsed time: 0 seconds (0d 0h 0m 0s)

