#
# A fatal error has been detected by the Java Runtime Environment:
#
#  EXCEPTION_UNCAUGHT_CXX_EXCEPTION (0xe06d7363) at pc=0x00007ffb53aea388, pid=17044, tid=0x0000000000004340
#
# JRE version: Java(TM) SE Runtime Environment (8.0_101-b13) (build 1.8.0_101-b13)
# Java VM: Java HotSpot(TM) 64-Bit Server VM (25.101-b13 mixed mode windows-amd64 compressed oops)
# Problematic frame:
# C  [KERNELBASE.dll+0x3a388]
#
# Failed to write core dump. Minidumps are not enabled by default on client versions of Windows
#
# If you would like to submit a bug report, please visit:
#   http://bugreport.java.com/bugreport/crash.jsp
#

---------------  T H R E A D  ---------------

Current thread (0x0000000017a27800):  VMThread [stack: 0x0000000018ad0000,0x0000000018bd0000] [id=17216]

siginfo: ExceptionCode=0xe06d7363, ExceptionInformation=0x0000000019930520 0x0000000018bcf4a0 0x000000018005ebe8 0x0000000180000000 

Registers:
RAX=0x0000000000000025, RBX=0x000000018005ebe8, RCX=0x0000000000000005, RDX=0x0000000000000101
RSP=0x0000000018bcf330, RBP=0x0000000018bcf470, RSI=0x0000000000000001, RDI=0x0000000018bcf4a0
R8 =0x0000000000000003, R9 =0x0000000001234210, R10=0x00000000ffffffff, R11=0x00000000011c75e8
R12=0x0000000001227c88, R13=0x0000000001227c40, R14=0x0000000001227c70, R15=0x0000000000000000
RIP=0x00007ffb53aea388, EFLAGS=0x0000000000000206

Top of Stack: (sp=0x0000000018bcf330)
0x0000000018bcf330:   0000000000000000 000000018005ebe8
0x0000000018bcf340:   0000000000000001 0000000018bcf4a0
0x0000000018bcf350:   00000001e06d7363 0000000000000000
0x0000000018bcf360:   00007ffb53aea388 0000000000000004
0x0000000018bcf370:   0000000019930520 0000000018bcf4a0
0x0000000018bcf380:   000000018005ebe8 0000000180000000
0x0000000018bcf390:   0000000001227c70 0000000001227c88
0x0000000018bcf3a0:   0000000018bcf4a0 0000000000000001
0x0000000018bcf3b0:   0000000018bcf470 00007ffb574f0f6f
0x0000000018bcf3c0:   0000000018bcf480 00007ffb00000000
0x0000000018bcf3d0:   0000000000000001 0000000017935400
0x0000000018bcf3e0:   0000000180074000 0000000180000000
0x0000000018bcf3f0:   0000473ee85ba1cd 0000621aa15c0cf6
0x0000000018bcf400:   000000018005ebe8 00007ffb2673ef63
0x0000000018bcf410:   0000000001227c40 0000000001227c88
0x0000000018bcf420:   0000000018bcf488 0000000000000001 

Instructions: (pc=0x00007ffb53aea388)
0x00007ffb53aea368:   49 8b d1 44 0f 47 c0 44 89 44 24 38 49 c1 e0 03
0x00007ffb53aea378:   e8 4a 46 04 00 48 8d 4c 24 20 ff 15 d0 82 14 00
0x00007ffb53aea388:   48 8b 8c 24 c0 00 00 00 48 33 cc e8 b8 05 04 00
0x00007ffb53aea398:   48 81 c4 d8 00 00 00 c3 83 64 24 38 00 eb d6 cc 


Register to memory mapping:

RAX=0x0000000000000025 is an unknown value
RBX=0x000000018005ebe8 is an unknown value
RCX=0x0000000000000005 is an unknown value
RDX=0x0000000000000101 is an unknown value
RSP=0x0000000018bcf330 is an unknown value
RBP=0x0000000018bcf470 is an unknown value
RSI=0x0000000000000001 is an unknown value
RDI=0x0000000018bcf4a0 is an unknown value
R8 =0x0000000000000003 is an unknown value
R9 =0x0000000001234210 is an unknown value
R10=0x00000000ffffffff is an unallocated location in the heap
R11=0x00000000011c75e8 is an unknown value
R12=0x0000000001227c88 is an unknown value
R13=0x0000000001227c40 is an unknown value
R14=0x0000000001227c70 is an unknown value
R15=0x0000000000000000 is an unknown value


Stack: [0x0000000018ad0000,0x0000000018bd0000],  sp=0x0000000018bcf330,  free space=1020k
Native frames: (J=compiled Java code, j=interpreted, Vv=VM code, C=native code)
C  [KERNELBASE.dll+0x3a388]
C  [MSVCR120.dll+0x5ef63]
C  [pteidlibj.dll+0x377e4]
C  [pteidlibj.dll+0x21b14]
C  [pteidlibj.dll+0x21d96]
C  [ntdll.dll+0x3b583]
C  [ntdll.dll+0x47f85]
C  [ntdll.dll+0x47e48]
C  [KERNEL32.DLL+0x1b19a]
C  [msvcr100.dll+0x20ccd]
V  [jvm.dll+0x212ba5]
V  [jvm.dll+0x24b777]
V  [jvm.dll+0x24aa16]
V  [jvm.dll+0x24aeb1]
V  [jvm.dll+0x24b0ce]
V  [jvm.dll+0x29c18a]
C  [msvcr100.dll+0x21d9f]
C  [msvcr100.dll+0x21e3b]
C  [KERNEL32.DLL+0x13034]
C  [ntdll.dll+0x73691]

VM_Operation (0x0000000002e0f510): Exit, mode: safepoint, requested by thread 0x0000000002e11000


---------------  P R O C E S S  ---------------

Java Threads: ( => current thread )
  0x00000000193f8800 JavaThread "Service Thread" daemon [_thread_blocked, id=16660, stack(0x00000000197e0000,0x00000000198e0000)]
  0x0000000017a68800 JavaThread "C1 CompilerThread2" daemon [_thread_blocked, id=15608, stack(0x00000000192e0000,0x00000000193e0000)]
  0x0000000017a65000 JavaThread "C2 CompilerThread1" daemon [_thread_blocked, id=17812, stack(0x00000000191e0000,0x00000000192e0000)]
  0x0000000017a61800 JavaThread "C2 CompilerThread0" daemon [_thread_blocked, id=5524, stack(0x00000000190e0000,0x00000000191e0000)]
  0x0000000017a5e800 JavaThread "Attach Listener" daemon [_thread_blocked, id=15116, stack(0x0000000018fe0000,0x00000000190e0000)]
  0x0000000017a4a800 JavaThread "Finalizer" daemon [_thread_blocked, id=17084, stack(0x0000000018cd0000,0x0000000018dd0000)]
  0x0000000017a29000 JavaThread "Reference Handler" daemon [_thread_blocked, id=2512, stack(0x0000000018bd0000,0x0000000018cd0000)]
  0x0000000002e11000 JavaThread "main" [_thread_blocked, id=292, stack(0x0000000002d10000,0x0000000002e10000)]

Other Threads:
=>0x0000000017a27800 VMThread [stack: 0x0000000018ad0000,0x0000000018bd0000] [id=17216]

VM state:at safepoint (shutting down)

VM Mutex/Monitor currently owned by a thread:  ([mutex/lock_event])
[0x0000000002d0c460] Threads_lock - owner thread: 0x0000000017a27800

Heap:
 PSYoungGen      total 38400K, used 18092K [0x00000000d5d80000, 0x00000000d8800000, 0x0000000100000000)
  eden space 33280K, 54% used [0x00000000d5d80000,0x00000000d6f2b1c8,0x00000000d7e00000)
  from space 5120K, 0% used [0x00000000d8300000,0x00000000d8300000,0x00000000d8800000)
  to   space 5120K, 0% used [0x00000000d7e00000,0x00000000d7e00000,0x00000000d8300000)
 ParOldGen       total 87552K, used 0K [0x0000000081800000, 0x0000000086d80000, 0x00000000d5d80000)
  object space 87552K, 0% used [0x0000000081800000,0x0000000081800000,0x0000000086d80000)
 Metaspace       used 8731K, capacity 8942K, committed 9088K, reserved 1056768K
  class space    used 959K, capacity 1061K, committed 1152K, reserved 1048576K

Card table byte_map: [0x00000000122d0000,0x00000000126d0000] byte_map_base: 0x0000000011ec4000

Marking Bits: (ParMarkBitMap*) 0x000000006d6ea6d0
 Begin Bits: [0x0000000012d80000, 0x0000000014d20000)
 End Bits:   [0x0000000014d20000, 0x0000000016cc0000)

Polling page: 0x0000000002c50000

CodeCache: size=245760Kb used=3228Kb max_used=3236Kb free=242531Kb
 bounds [0x0000000002f10000, 0x0000000003240000, 0x0000000011f10000]
 total_blobs=1249 nmethods=877 adapters=285
 compilation: enabled

Compilation events (10 events):
Event: 19.105 Thread 0x0000000017a68800 nmethod 873 0x0000000003233910 code [0x0000000003233aa0, 0x0000000003233ca8]
Event: 26.330 Thread 0x0000000017a68800  874       3       sun.reflect.UTF8::utf8Length (81 bytes)
Event: 26.331 Thread 0x0000000017a68800 nmethod 874 0x0000000003235c90 code [0x0000000003235e40, 0x0000000003236488]
Event: 26.331 Thread 0x0000000017a68800  875       3       sun.reflect.ByteVectorImpl::getLength (7 bytes)
Event: 26.331 Thread 0x0000000017a68800 nmethod 875 0x0000000003235990 code [0x0000000003235ae0, 0x0000000003235c30]
Event: 26.544 Thread 0x0000000017a68800  876       3       java.nio.Buffer::limit (62 bytes)
Event: 26.544 Thread 0x0000000017a68800 nmethod 876 0x0000000003235450 code [0x00000000032355c0, 0x00000000032358c8]
Event: 40.795 Thread 0x0000000017a68800  877       3       java.lang.Character::codePointAt (51 bytes)
Event: 40.796 Thread 0x0000000017a68800 nmethod 877 0x000000000323b690 code [0x000000000323b840, 0x000000000323bee8]
Event: 40.796 Thread 0x0000000017a68800  878       3       java.nio.charset.CoderResult::isUnderflow (13 bytes)

GC Heap History (0 events):
No events

Deoptimization events (10 events):
Event: 2.306 Thread 0x0000000002e11000 Uncommon trap: reason=unstable_if action=reinterpret pc=0x00000000030d7198 method=java.math.BigInteger.squareToLen([II[I)[I @ 5
Event: 2.306 Thread 0x0000000002e11000 Uncommon trap: reason=unstable_if action=reinterpret pc=0x00000000030d6788 method=java.math.BigInteger.multiplyToLen([II[II[I)[I @ 12
Event: 2.347 Thread 0x0000000002e11000 Uncommon trap: reason=unstable_if action=reinterpret pc=0x00000000030d27a4 method=java.math.BigInteger.intArrayCmpToLen([I[II)I @ 42
Event: 17.346 Thread 0x0000000002e11000 Uncommon trap: reason=unstable_if action=reinterpret pc=0x00000000031111f0 method=java.math.MutableBigInteger.divideMagnitude(Ljava/math/MutableBigInteger;Ljava/math/MutableBigInteger;Z)Ljava/math/MutableBigInteger; @ 744
Event: 17.356 Thread 0x0000000002e11000 Uncommon trap: reason=unstable_if action=reinterpret pc=0x00000000031649dc method=java.lang.String.indexOf([CII[CIII)I @ 134
Event: 17.431 Thread 0x0000000002e11000 Uncommon trap: reason=class_check action=maybe_recompile pc=0x000000000317d524 method=java.util.regex.Pattern$Curly.match(Ljava/util/regex/Matcher;ILjava/lang/CharSequence;)Z @ 19
Event: 17.431 Thread 0x0000000002e11000 Uncommon trap: reason=class_check action=maybe_recompile pc=0x000000000317d524 method=java.util.regex.Pattern$Curly.match(Ljava/util/regex/Matcher;ILjava/lang/CharSequence;)Z @ 19
Event: 17.431 Thread 0x0000000002e11000 Uncommon trap: reason=class_check action=maybe_recompile pc=0x000000000317d524 method=java.util.regex.Pattern$Curly.match(Ljava/util/regex/Matcher;ILjava/lang/CharSequence;)Z @ 19
Event: 17.519 Thread 0x0000000002e11000 Uncommon trap: reason=unstable_if action=reinterpret pc=0x00000000031c7a74 method=java.util.HashMap.putVal(ILjava/lang/Object;Ljava/lang/Object;ZZ)Ljava/lang/Object; @ 162
Event: 19.077 Thread 0x0000000002e11000 Uncommon trap: reason=unstable_if action=reinterpret pc=0x000000000313dd08 method=sun.nio.cs.UTF_8$Decoder.decode([BII[C)I @ 30

Internal exceptions (10 events):
Event: 0.141 Thread 0x0000000002e11000 Exception <a 'java/security/PrivilegedActionException'> (0x00000000d5e20538) thrown at [C:\re\workspace\8-2-build-windows-amd64-cygwin\jdk8u101\7261\hotspot\src\share\vm\prims\jvm.cpp, line 1386]
Event: 0.141 Thread 0x0000000002e11000 Exception <a 'java/security/PrivilegedActionException'> (0x00000000d5e20748) thrown at [C:\re\workspace\8-2-build-windows-amd64-cygwin\jdk8u101\7261\hotspot\src\share\vm\prims\jvm.cpp, line 1386]
Event: 0.142 Thread 0x0000000002e11000 Exception <a 'java/security/PrivilegedActionException'> (0x00000000d5e24630) thrown at [C:\re\workspace\8-2-build-windows-amd64-cygwin\jdk8u101\7261\hotspot\src\share\vm\prims\jvm.cpp, line 1386]
Event: 0.142 Thread 0x0000000002e11000 Exception <a 'java/security/PrivilegedActionException'> (0x00000000d5e24840) thrown at [C:\re\workspace\8-2-build-windows-amd64-cygwin\jdk8u101\7261\hotspot\src\share\vm\prims\jvm.cpp, line 1386]
Event: 0.150 Thread 0x0000000002e11000 Exception <a 'java/io/FileNotFoundException'> (0x00000000d5ed4040) thrown at [C:\re\workspace\8-2-build-windows-amd64-cygwin\jdk8u101\7261\hotspot\src\share\vm\prims\jni.cpp, line 709]
Event: 0.189 Thread 0x0000000002e11000 Exception <a 'java/lang/NoSuchFieldError': method resolution failed> (0x00000000d5fa1980) thrown at [C:\re\workspace\8-2-build-windows-amd64-cygwin\jdk8u101\7261\hotspot\src\share\vm\prims\methodHandles.cpp, line 1146]
Event: 0.191 Thread 0x0000000002e11000 Exception <a 'java/lang/NoSuchFieldError': method resolution failed> (0x00000000d5faed50) thrown at [C:\re\workspace\8-2-build-windows-amd64-cygwin\jdk8u101\7261\hotspot\src\share\vm\prims\methodHandles.cpp, line 1146]
Event: 2.306 Thread 0x0000000002e11000 Implicit null exception at 0x00000000030d6fbe to 0x00000000030d7189
Event: 2.306 Thread 0x0000000002e11000 Implicit null exception at 0x00000000030d62c9 to 0x00000000030d675f
Event: 26.333 Thread 0x0000000002e11000 Exception <a 'java/lang/NoSuchMethodError': <clinit>> (0x00000000d6ebfe40) thrown at [C:\re\workspace\8-2-build-windows-amd64-cygwin\jdk8u101\7261\hotspot\src\share\vm\prims\jni.cpp, line 1613]

Events (10 events):
Event: 26.333 loading class java/io/ObjectStreamClass$4
Event: 26.333 loading class java/io/ObjectStreamClass$4 done
Event: 26.333 loading class java/io/ObjectStreamClass$5
Event: 26.333 loading class java/io/ObjectStreamClass$5 done
Event: 40.795 loading class java/lang/Shutdown
Event: 40.796 loading class java/lang/Shutdown done
Event: 40.796 loading class java/lang/Shutdown$Lock
Event: 40.796 loading class java/lang/Shutdown$Lock done
Event: 40.796 Thread 0x0000000017a5d000 Thread exited: 0x0000000017a5d000
Event: 40.796 Executing VM operation: Exit


Dynamic libraries:
0x00007ff70e3c0000 - 0x00007ff70e3f7000 	C:\Program Files\Java\jdk1.8.0_101\jre\bin\java.exe
0x00007ffb574e0000 - 0x00007ffb576c1000 	C:\WINDOWS\SYSTEM32\ntdll.dll
0x00007ffb2ee30000 - 0x00007ffb2ee44000 	C:\Program Files\AVAST Software\Avast\x64\aswhooka.dll
0x00007ffb55560000 - 0x00007ffb55612000 	C:\WINDOWS\System32\KERNEL32.DLL
0x00007ffb53ab0000 - 0x00007ffb53d23000 	C:\WINDOWS\System32\KERNELBASE.dll
0x00007ffb551e0000 - 0x00007ffb55281000 	C:\WINDOWS\System32\ADVAPI32.dll
0x00007ffb54f40000 - 0x00007ffb54fde000 	C:\WINDOWS\System32\msvcrt.dll
0x00007ffb55cf0000 - 0x00007ffb55d4b000 	C:\WINDOWS\System32\sechost.dll
0x00007ffb55e20000 - 0x00007ffb55f44000 	C:\WINDOWS\System32\RPCRT4.dll
0x00007ffb55300000 - 0x00007ffb55490000 	C:\WINDOWS\System32\USER32.dll
0x00007ffb547b0000 - 0x00007ffb547d0000 	C:\WINDOWS\System32\win32u.dll
0x00007ffb558a0000 - 0x00007ffb558c8000 	C:\WINDOWS\System32\GDI32.dll
0x00007ffb547d0000 - 0x00007ffb54962000 	C:\WINDOWS\System32\gdi32full.dll
0x00007ffb546b0000 - 0x00007ffb5474f000 	C:\WINDOWS\System32\msvcp_win.dll
0x00007ffb53900000 - 0x00007ffb539fa000 	C:\WINDOWS\System32\ucrtbase.dll
0x00007ffb3f420000 - 0x00007ffb3f689000 	C:\WINDOWS\WinSxS\amd64_microsoft.windows.common-controls_6595b64144ccf1df_6.0.17134.472_none_fb3f9af53068156d\COMCTL32.dll
0x00007ffb559c0000 - 0x00007ffb55ce2000 	C:\WINDOWS\System32\combase.dll
0x00007ffb53d30000 - 0x00007ffb53daa000 	C:\WINDOWS\System32\bcryptPrimitives.dll
0x00007ffb55f50000 - 0x00007ffb55f7d000 	C:\WINDOWS\System32\IMM32.DLL
0x0000000071720000 - 0x00000000717f2000 	C:\Program Files\Java\jdk1.8.0_101\jre\bin\msvcr100.dll
0x000000006ced0000 - 0x000000006d76a000 	C:\Program Files\Java\jdk1.8.0_101\jre\bin\server\jvm.dll
0x00007ffb552f0000 - 0x00007ffb552f8000 	C:\WINDOWS\System32\PSAPI.DLL
0x00007ffb52450000 - 0x00007ffb52459000 	C:\WINDOWS\SYSTEM32\WSOCK32.dll
0x00007ffb558f0000 - 0x00007ffb5595c000 	C:\WINDOWS\System32\WS2_32.dll
0x00007ffb4fb20000 - 0x00007ffb4fb43000 	C:\WINDOWS\SYSTEM32\WINMM.dll
0x00007ffb504c0000 - 0x00007ffb504ca000 	C:\WINDOWS\SYSTEM32\VERSION.dll
0x00007ffb4faf0000 - 0x00007ffb4fb1a000 	C:\WINDOWS\SYSTEM32\WINMMBASE.dll
0x00007ffb538b0000 - 0x00007ffb538f9000 	C:\WINDOWS\System32\cfgmgr32.dll
0x0000000071ba0000 - 0x0000000071baf000 	C:\Program Files\Java\jdk1.8.0_101\jre\bin\verify.dll
0x0000000071b70000 - 0x0000000071b99000 	C:\Program Files\Java\jdk1.8.0_101\jre\bin\java.dll
0x0000000071b50000 - 0x0000000071b66000 	C:\Program Files\Java\jdk1.8.0_101\jre\bin\zip.dll
0x00007ffb55f80000 - 0x00007ffb573c0000 	C:\WINDOWS\System32\SHELL32.dll
0x00007ffb55d70000 - 0x00007ffb55e19000 	C:\WINDOWS\System32\shcore.dll
0x00007ffb53fa0000 - 0x00007ffb546ad000 	C:\WINDOWS\System32\windows.storage.dll
0x00007ffb55180000 - 0x00007ffb551d1000 	C:\WINDOWS\System32\shlwapi.dll
0x00007ffb53870000 - 0x00007ffb53881000 	C:\WINDOWS\System32\kernel.appcore.dll
0x00007ffb53890000 - 0x00007ffb538af000 	C:\WINDOWS\System32\profapi.dll
0x00007ffb53800000 - 0x00007ffb5384c000 	C:\WINDOWS\System32\powrprof.dll
0x00007ffb537f0000 - 0x00007ffb537fa000 	C:\WINDOWS\System32\FLTLIB.DLL
0x00000000707c0000 - 0x0000000070958000 	C:\Program Files\Java\jdk1.8.0_101\jre\bin\awt.dll
0x00007ffb55490000 - 0x00007ffb55552000 	C:\WINDOWS\System32\OLEAUT32.dll
0x00007ffb504d0000 - 0x00007ffb5055b000 	C:\WINDOWS\SYSTEM32\apphelp.dll
0x0000000180000000 - 0x000000018007c000 	C:\Windows\System32\pteidlibj.dll
0x00007ffb298c0000 - 0x00007ffb29966000 	C:\Program Files\Java\jdk1.8.0_101\jre\bin\MSVCP120.dll
0x00007ffb266e0000 - 0x00007ffb267cf000 	C:\Program Files\Java\jdk1.8.0_101\jre\bin\MSVCR120.dll
0x0000000002cd0000 - 0x0000000002cf3000 	C:\WINDOWS\SYSTEM32\pteidcommon.dll
0x0000000019b50000 - 0x0000000019bd6000 	C:\WINDOWS\SYSTEM32\pteidapplayer.dll
0x00007ffb53db0000 - 0x00007ffb53f92000 	C:\WINDOWS\System32\CRYPT32.dll
0x00007ffb53850000 - 0x00007ffb53862000 	C:\WINDOWS\System32\MSASN1.dll
0x00007ffb214a0000 - 0x00007ffb216a5000 	C:\WINDOWS\SYSTEM32\LIBEAY32.dll
0x00007ffb2f600000 - 0x00007ffb2f65a000 	C:\WINDOWS\SYSTEM32\SSLEAY32.dll
0x00007ffb464c0000 - 0x00007ffb4650f000 	C:\WINDOWS\SYSTEM32\libcurl.dll
0x00007ffb55960000 - 0x00007ffb559bf000 	C:\WINDOWS\System32\WLDAP32.dll
0x0000000019c00000 - 0x0000000019e61000 	C:\WINDOWS\SYSTEM32\xerces-c_3_1.dll
0x0000000019e80000 - 0x0000000019f93000 	C:\WINDOWS\SYSTEM32\FreeImage.dll
0x0000000019fa0000 - 0x000000001a080000 	C:\WINDOWS\SYSTEM32\pteid-poppler.dll
0x000000001a090000 - 0x000000001a17a000 	C:\WINDOWS\SYSTEM32\xsec_1_7.dll
0x000000001a190000 - 0x000000001a1c6000 	C:\WINDOWS\SYSTEM32\pteidcardlayer.dll
0x00007ffb41bb0000 - 0x00007ffb41bf1000 	C:\WINDOWS\SYSTEM32\WinSCard.dll
0x00007ffb53620000 - 0x00007ffb53647000 	C:\WINDOWS\SYSTEM32\DEVOBJ.dll
0x000000001a1e0000 - 0x000000001a211000 	C:\WINDOWS\SYSTEM32\pteidDlgsWin32.dll
0x00007ffb52930000 - 0x00007ffb52986000 	C:\WINDOWS\SYSTEM32\WINSTA.dll
0x0000000071b30000 - 0x0000000071b4a000 	C:\Program Files\Java\jdk1.8.0_101\jre\bin\net.dll
0x00007ffb53070000 - 0x00007ffb530d6000 	C:\WINDOWS\system32\mswsock.dll
0x00007ffb397f0000 - 0x00007ffb39806000 	C:\WINDOWS\system32\napinsp.dll
0x00007ffb397d0000 - 0x00007ffb397ea000 	C:\WINDOWS\system32\pnrpnsp.dll
0x00007ffb50e10000 - 0x00007ffb50e29000 	C:\WINDOWS\system32\NLAapi.dll
0x00007ffb52e30000 - 0x00007ffb52eee000 	C:\WINDOWS\SYSTEM32\DNSAPI.dll
0x00007ffb558e0000 - 0x00007ffb558e8000 	C:\WINDOWS\System32\NSI.dll
0x00007ffb52df0000 - 0x00007ffb52e28000 	C:\WINDOWS\SYSTEM32\IPHLPAPI.DLL
0x00007ffb397c0000 - 0x00007ffb397ce000 	C:\WINDOWS\System32\winrnr.dll
0x00007ffb397a0000 - 0x00007ffb397b5000 	C:\WINDOWS\System32\wshbth.dll
0x00007ffb4adc0000 - 0x00007ffb4adca000 	C:\Windows\System32\rasadhlp.dll
0x00007ffb4b7f0000 - 0x00007ffb4b862000 	C:\WINDOWS\System32\fwpuclnt.dll
0x00007ffb53350000 - 0x00007ffb53375000 	C:\WINDOWS\SYSTEM32\bcrypt.dll
0x00007ffb4e820000 - 0x00007ffb4e836000 	C:\WINDOWS\SYSTEM32\dhcpcsvc6.DLL
0x00007ffb4ed70000 - 0x00007ffb4ed8a000 	C:\WINDOWS\SYSTEM32\dhcpcsvc.DLL
0x00007ffb53220000 - 0x00007ffb53237000 	C:\WINDOWS\SYSTEM32\CRYPTSP.dll
0x00007ffb52c50000 - 0x00007ffb52c83000 	C:\WINDOWS\system32\rsaenh.dll
0x00007ffb536f0000 - 0x00007ffb53718000 	C:\WINDOWS\SYSTEM32\USERENV.dll
0x00007ffb53240000 - 0x00007ffb5324b000 	C:\WINDOWS\SYSTEM32\CRYPTBASE.dll
0x0000000071700000 - 0x0000000071711000 	C:\Program Files\Java\jdk1.8.0_101\jre\bin\nio.dll
0x0000000071270000 - 0x0000000071294000 	C:\Program Files\Java\jdk1.8.0_101\jre\bin\sunec.dll
0x0000000071250000 - 0x0000000071262000 	C:\Program Files\Java\jdk1.8.0_101\jre\bin\j2pkcs11.dll
0x000000001ad80000 - 0x000000001ad9f000 	C:\Windows\system32\pteidpkcs11.dll
0x0000000071240000 - 0x000000007124b000 	C:\Program Files\Java\jdk1.8.0_101\jre\bin\sunmscapi.dll
0x00007ffb51920000 - 0x00007ffb519b8000 	C:\WINDOWS\system32\uxtheme.dll
0x00007ffb54dc0000 - 0x00007ffb54f33000 	C:\WINDOWS\System32\MSCTF.dll
0x00007ffb51db0000 - 0x00007ffb51dd9000 	C:\WINDOWS\system32\dwmapi.dll
0x00007ffb49d00000 - 0x00007ffb49d96000 	C:\WINDOWS\System32\TextInputFramework.dll
0x00007ffb49ea0000 - 0x00007ffb4a1be000 	C:\WINDOWS\System32\CoreUIComponents.dll
0x00007ffb4fd60000 - 0x00007ffb4fe3a000 	C:\WINDOWS\System32\CoreMessaging.dll
0x00007ffb52890000 - 0x00007ffb528c1000 	C:\WINDOWS\SYSTEM32\ntmarta.dll
0x00007ffb50ff0000 - 0x00007ffb5113d000 	C:\WINDOWS\SYSTEM32\wintypes.dll
0x00007ffb556a0000 - 0x00007ffb557f1000 	C:\WINDOWS\System32\ole32.dll
0x00007ffb4abf0000 - 0x00007ffb4adb9000 	C:\WINDOWS\SYSTEM32\dbghelp.dll

VM Arguments:
jvm_args: -Dfile.encoding=UTF-8 
java_command: calculator.application.CalculatorApplication
java_class_path (initial): C:\Users\Luis\Desktop\ESTGA\2018_2019\1_Semestre\segurança\projeto\contourCola\contourCola\Cola Library\dist\Cola_Library.jar;C:\Program Files\Portugal Identity Card\sdk\Java\pteidlibj.jar;C:\Users\Luis\Desktop\ESTGA\2018_2019\1_Semestre\segurança\projeto\contourCola\contourCola\Calculator application\build\classes
Launcher Type: SUN_STANDARD

Environment Variables:
CLASSPATH=C:\Program Files\Portugal Identity Card
PATH=C:\ProgramData\Oracle\Java\javapath;C:\WINDOWS\system32;C:\WINDOWS;C:\WINDOWS\System32\Wbem;C:\WINDOWS\System32\WindowsPowerShell\v1.0\;C:\Program Files\TortoiseGit\bin;C:\Program Files\Git\cmd;C:\WINDOWS\System32\OpenSSH\;C:\Program Files (x86)\Brackets\command;C:\Program Files\PuTTY\;C:\php;C:\ProgramData\ComposerSetup\bin;C:\PostgreSQL\pg96\bin;C:\Program Files\nodejs\;C:\Program Files\Portugal Identity Card;C:\Program Files (x86)\NVIDIA Corporation\PhysX\Common;C:\Users\Luis\AppData\Local\Microsoft\WindowsApps;C:\Users\Luis\AppData\Local\atom\bin;C:\Users\Luis\AppData\Local\Microsoft\WindowsApps;C:\Users\Luis\AppData\Roaming\Composer\vendor\bin;C:\Users\Luis\AppData\Roaming\npm;C:\Users\Luis\AppData\Local\Programs\Microsoft VS Code\bin;C:\Users\Luis\AppData\Local\GitHubDesktop\bin
USERNAME=Luis
OS=Windows_NT
PROCESSOR_IDENTIFIER=Intel64 Family 6 Model 61 Stepping 4, GenuineIntel



---------------  S Y S T E M  ---------------

OS: Windows 10.0 , 64 bit Build 17134 (10.0.17134.1)

CPU:total 4 (2 cores per cpu, 2 threads per core) family 6 model 61 stepping 4, cmov, cx8, fxsr, mmx, sse, sse2, sse3, ssse3, sse4.1, sse4.2, popcnt, avx, avx2, aes, clmul, erms, 3dnowpref, lzcnt, ht, tsc, tscinvbit, bmi1, bmi2, adx

Memory: 4k page, physical 8288728k(3736868k free), swap 10571320k(3337432k free)

vm_info: Java HotSpot(TM) 64-Bit Server VM (25.101-b13) for windows-amd64 JRE (1.8.0_101-b13), built on Jun 22 2016 01:21:29 by "java_re" with MS VC++ 10.0 (VS2010)

time: Tue Jan 01 16:52:09 2019
elapsed time: 40 seconds (0d 0h 0m 40s)

