#
# A fatal error has been detected by the Java Runtime Environment:
#
#  EXCEPTION_UNCAUGHT_CXX_EXCEPTION (0xe06d7363) at pc=0x00007ffb53aea388, pid=5900, tid=0x0000000000002be0
#
# JRE version: Java(TM) SE Runtime Environment (8.0_101-b13) (build 1.8.0_101-b13)
# Java VM: Java HotSpot(TM) 64-Bit Server VM (25.101-b13 mixed mode windows-amd64 compressed oops)
# Problematic frame:
# C  [KERNELBASE.dll+0x3a388]
#
# Failed to write core dump. Minidumps are not enabled by default on client versions of Windows
#
# If you would like to submit a bug report, please visit:
#   http://bugreport.java.com/bugreport/crash.jsp
#

---------------  T H R E A D  ---------------

Current thread (0x0000000017307800):  VMThread [stack: 0x0000000018390000,0x0000000018490000] [id=11232]

siginfo: ExceptionCode=0xe06d7363, ExceptionInformation=0x0000000019930520 0x000000001848f050 0x000000018005ebe8 0x0000000180000000 

Registers:
RAX=0x0000000000000000, RBX=0x000000018005ebe8, RCX=0x000000000000018a, RDX=0x0000000000000101
RSP=0x000000001848eee0, RBP=0x000000001848f020, RSI=0x0000000000000001, RDI=0x000000001848f050
R8 =0x0000000000000000, R9 =0x0000000000b2f720, R10=0x0000000000000000, R11=0x0000000000ac030c
R12=0x0000000000adb518, R13=0x0000000000adb4d0, R14=0x0000000000adb500, R15=0x0000000000000000
RIP=0x00007ffb53aea388, EFLAGS=0x0000000000000202

Top of Stack: (sp=0x000000001848eee0)
0x000000001848eee0:   0000000000000000 000000018005ebe8
0x000000001848eef0:   0000000000000001 000000001848f050
0x000000001848ef00:   00000001e06d7363 0000000000000000
0x000000001848ef10:   00007ffb53aea388 0000000000000004
0x000000001848ef20:   0000000019930520 000000001848f050
0x000000001848ef30:   000000018005ebe8 0000000180000000
0x000000001848ef40:   0000000000adb500 0000000000adb518
0x000000001848ef50:   000000001848f050 0000000000000001
0x000000001848ef60:   000000001848f020 00007ffb574f0f6f
0x000000001848ef70:   000000001848f030 00007ffb00000000
0x000000001848ef80:   0000000000000001 00000000172156d0
0x000000001848ef90:   0000000180074000 0000000180000000
0x000000001848efa0:   0000e55c8bb8aefb 0000f7035211dfdf
0x000000001848efb0:   000000018005ebe8 00007ffb236aef63
0x000000001848efc0:   0000000000adb4d0 0000000000adb518
0x000000001848efd0:   000000001848f038 0000000000000001 

Instructions: (pc=0x00007ffb53aea388)
0x00007ffb53aea368:   49 8b d1 44 0f 47 c0 44 89 44 24 38 49 c1 e0 03
0x00007ffb53aea378:   e8 4a 46 04 00 48 8d 4c 24 20 ff 15 d0 82 14 00
0x00007ffb53aea388:   48 8b 8c 24 c0 00 00 00 48 33 cc e8 b8 05 04 00
0x00007ffb53aea398:   48 81 c4 d8 00 00 00 c3 83 64 24 38 00 eb d6 cc 


Register to memory mapping:

RAX=0x0000000000000000 is an unknown value
RBX=0x000000018005ebe8 is an unknown value
RCX=0x000000000000018a is an unknown value
RDX=0x0000000000000101 is an unknown value
RSP=0x000000001848eee0 is an unknown value
RBP=0x000000001848f020 is an unknown value
RSI=0x0000000000000001 is an unknown value
RDI=0x000000001848f050 is an unknown value
R8 =0x0000000000000000 is an unknown value
R9 =0x0000000000b2f720 is an unknown value
R10=0x0000000000000000 is an unknown value
R11=0x0000000000ac030c is an unknown value
R12=0x0000000000adb518 is an unknown value
R13=0x0000000000adb4d0 is an unknown value
R14=0x0000000000adb500 is an unknown value
R15=0x0000000000000000 is an unknown value


Stack: [0x0000000018390000,0x0000000018490000],  sp=0x000000001848eee0,  free space=1019k
Native frames: (J=compiled Java code, j=interpreted, Vv=VM code, C=native code)
C  [KERNELBASE.dll+0x3a388]
C  [MSVCR120.dll+0x5ef63]
C  [pteidlibj.dll+0x377e4]
C  [pteidlibj.dll+0x21b14]
C  [pteidlibj.dll+0x21d96]
C  [ntdll.dll+0x3b583]
C  [ntdll.dll+0x47f85]
C  [ntdll.dll+0x47e48]
C  [KERNEL32.DLL+0x1b19a]
C  [msvcr100.dll+0x20ccd]
V  [jvm.dll+0x212ba5]
V  [jvm.dll+0x24b777]
V  [jvm.dll+0x24aa16]
V  [jvm.dll+0x24aeb1]
V  [jvm.dll+0x24b0ce]
V  [jvm.dll+0x29c18a]
C  [msvcr100.dll+0x21d9f]
C  [msvcr100.dll+0x21e3b]
C  [KERNEL32.DLL+0x13034]
C  [ntdll.dll+0x73691]

VM_Operation (0x000000000266f0c0): Exit, mode: safepoint, requested by thread 0x00000000026f1000


---------------  P R O C E S S  ---------------

Java Threads: ( => current thread )
  0x0000000018ce8800 JavaThread "Service Thread" daemon [_thread_blocked, id=6876, stack(0x00000000190a0000,0x00000000191a0000)]
  0x000000001736d800 JavaThread "C1 CompilerThread2" daemon [_thread_blocked, id=18656, stack(0x0000000018ba0000,0x0000000018ca0000)]
  0x0000000017367000 JavaThread "C2 CompilerThread1" daemon [_thread_blocked, id=9428, stack(0x0000000018aa0000,0x0000000018ba0000)]
  0x0000000017363800 JavaThread "C2 CompilerThread0" daemon [_thread_blocked, id=15448, stack(0x00000000189a0000,0x0000000018aa0000)]
  0x0000000017360000 JavaThread "Attach Listener" daemon [_thread_blocked, id=12064, stack(0x00000000188a0000,0x00000000189a0000)]
  0x000000001735f000 JavaThread "Signal Dispatcher" daemon [_thread_blocked, id=17976, stack(0x00000000187a0000,0x00000000188a0000)]
  0x00000000027ee000 JavaThread "Finalizer" daemon [_thread_blocked, id=11060, stack(0x0000000018590000,0x0000000018690000)]
  0x00000000027e3000 JavaThread "Reference Handler" daemon [_thread_blocked, id=18456, stack(0x0000000018490000,0x0000000018590000)]
  0x00000000026f1000 JavaThread "main" [_thread_blocked, id=12084, stack(0x0000000002570000,0x0000000002670000)]

Other Threads:
=>0x0000000017307800 VMThread [stack: 0x0000000018390000,0x0000000018490000] [id=11232]

VM state:at safepoint (shutting down)

VM Mutex/Monitor currently owned by a thread:  ([mutex/lock_event])
[0x00000000026ccc40] Threads_lock - owner thread: 0x0000000017307800

Heap:
 PSYoungGen      total 38400K, used 3328K [0x00000000d5d80000, 0x00000000d8800000, 0x0000000100000000)
  eden space 33280K, 10% used [0x00000000d5d80000,0x00000000d60c0100,0x00000000d7e00000)
  from space 5120K, 0% used [0x00000000d8300000,0x00000000d8300000,0x00000000d8800000)
  to   space 5120K, 0% used [0x00000000d7e00000,0x00000000d7e00000,0x00000000d8300000)
 ParOldGen       total 87552K, used 0K [0x0000000081800000, 0x0000000086d80000, 0x00000000d5d80000)
  object space 87552K, 0% used [0x0000000081800000,0x0000000081800000,0x0000000086d80000)
 Metaspace       used 4629K, capacity 5038K, committed 5248K, reserved 1056768K
  class space    used 515K, capacity 599K, committed 640K, reserved 1048576K

Card table byte_map: [0x0000000011bb0000,0x0000000011fb0000] byte_map_base: 0x00000000117a4000

Marking Bits: (ParMarkBitMap*) 0x000000006fd7a6d0
 Begin Bits: [0x0000000012660000, 0x0000000014600000)
 End Bits:   [0x0000000014600000, 0x00000000165a0000)

Polling page: 0x0000000000ab0000

CodeCache: size=245760Kb used=1518Kb max_used=1518Kb free=244241Kb
 bounds [0x00000000027f0000, 0x0000000002a60000, 0x00000000117f0000]
 total_blobs=511 nmethods=224 adapters=200
 compilation: enabled

Compilation events (10 events):
Event: 0.237 Thread 0x000000001736d800  220   !   3       sun.misc.URLClassPath$JarLoader::getResource (85 bytes)
Event: 0.238 Thread 0x000000001736d800 nmethod 220 0x0000000002964dd0 code [0x0000000002965060, 0x0000000002965fa8]
Event: 0.238 Thread 0x000000001736d800  221       1       java.net.URL::getHost (5 bytes)
Event: 0.238 Thread 0x000000001736d800 nmethod 221 0x0000000002966910 code [0x0000000002966a60, 0x0000000002966b70]
Event: 0.239 Thread 0x000000001736d800  222       1       java.net.URL::getFile (5 bytes)
Event: 0.239 Thread 0x000000001736d800 nmethod 222 0x0000000002966bd0 code [0x0000000002966d20, 0x0000000002966e30]
Event: 0.241 Thread 0x000000001736d800  223   !   3       java.lang.ClassLoader::loadClass (122 bytes)
Event: 0.243 Thread 0x000000001736d800 nmethod 223 0x0000000002967510 code [0x0000000002967880, 0x0000000002969c18]
Event: 0.243 Thread 0x000000001736d800  224       3       java.lang.ClassLoader::getClassLoadingLock (35 bytes)
Event: 0.243 Thread 0x000000001736d800 nmethod 224 0x000000000296b610 code [0x000000000296b7a0, 0x000000000296bb68]

GC Heap History (0 events):
No events

Deoptimization events (0 events):
No events

Internal exceptions (10 events):
Event: 0.055 Thread 0x00000000026f1000 Exception <a 'java/lang/NoSuchMethodError': Method sun.misc.Unsafe.defineClass(Ljava/lang/String;[BII)Ljava/lang/Class; name or signature does not match> (0x00000000d5d87cc0) thrown at [C:\re\workspace\8-2-build-windows-amd64-cygwin\jdk8u101\7261\hotspot\sY%A•Äü«?
Event: 0.055 Thread 0x00000000026f1000 Exception <a 'java/lang/NoSuchMethodError': Method sun.misc.Unsafe.prefetchRead(Ljava/lang/Object;J)V name or signature does not match> (0x00000000d5d87fa8) thrown at [C:\re\workspace\8-2-build-windows-amd64-cygwin\jdk8u101\7261\hotspot\src\share\vm\prims\f›öjOÂ?
Event: 0.143 Thread 0x00000000026f1000 Exception <a 'java/security/PrivilegedActionException'> (0x00000000d5e13da8) thrown at [C:\re\workspace\8-2-build-windows-amd64-cygwin\jdk8u101\7261\hotspot\src\share\vm\prims\jvm.cpp, line 1386]
Event: 0.143 Thread 0x00000000026f1000 Exception <a 'java/security/PrivilegedActionException'> (0x00000000d5e13fb8) thrown at [C:\re\workspace\8-2-build-windows-amd64-cygwin\jdk8u101\7261\hotspot\src\share\vm\prims\jvm.cpp, line 1386]
Event: 0.144 Thread 0x00000000026f1000 Exception <a 'java/security/PrivilegedActionException'> (0x00000000d5e17ea0) thrown at [C:\re\workspace\8-2-build-windows-amd64-cygwin\jdk8u101\7261\hotspot\src\share\vm\prims\jvm.cpp, line 1386]
Event: 0.144 Thread 0x00000000026f1000 Exception <a 'java/security/PrivilegedActionException'> (0x00000000d5e180b0) thrown at [C:\re\workspace\8-2-build-windows-amd64-cygwin\jdk8u101\7261\hotspot\src\share\vm\prims\jvm.cpp, line 1386]
Event: 0.152 Thread 0x00000000026f1000 Exception <a 'java/io/FileNotFoundException'> (0x00000000d5e211a0) thrown at [C:\re\workspace\8-2-build-windows-amd64-cygwin\jdk8u101\7261\hotspot\src\share\vm\prims\jni.cpp, line 709]
Event: 0.186 Thread 0x00000000026f1000 Exception <a 'java/lang/NoSuchFieldError': method resolution failed> (0x00000000d5f95198) thrown at [C:\re\workspace\8-2-build-windows-amd64-cygwin\jdk8u101\7261\hotspot\src\share\vm\prims\methodHandles.cpp, line 1146]
Event: 0.188 Thread 0x00000000026f1000 Exception <a 'java/lang/NoSuchFieldError': method resolution failed> (0x00000000d5fa2568) thrown at [C:\re\workspace\8-2-build-windows-amd64-cygwin\jdk8u101\7261\hotspot\src\share\vm\prims\methodHandles.cpp, line 1146]
Event: 0.241 Thread 0x00000000026f1000 Exception <a 'pt/gov/cartaodecidadao/PTEID_ExNoCardPresent'> (0x00000000d60a1700) thrown at [C:\re\workspace\8-2-build-windows-amd64-cygwin\jdk8u101\7261\hotspot\src\share\vm\prims\jni.cpp, line 709]

Events (10 events):
Event: 0.242 loading class java/util/regex/Matcher done
Event: 0.243 loading class java/util/ArrayList$SubList
Event: 0.243 loading class java/util/ArrayList$SubList done
Event: 0.243 loading class java/util/ArrayList$SubList$1
Event: 0.243 loading class java/util/ArrayList$SubList$1 done
Event: 0.243 loading class java/lang/Shutdown
Event: 0.243 loading class java/lang/Shutdown done
Event: 0.243 loading class java/lang/Shutdown$Lock
Event: 0.243 loading class java/lang/Shutdown$Lock done
Event: 0.243 Executing VM operation: Exit


Dynamic libraries:
0x00007ff696930000 - 0x00007ff696967000 	C:\Program Files\Java\jdk1.8.0_101\jre\bin\java.exe
0x00007ffb574e0000 - 0x00007ffb576c1000 	C:\WINDOWS\SYSTEM32\ntdll.dll
0x00007ffb2ee30000 - 0x00007ffb2ee44000 	C:\Program Files\AVAST Software\Avast\x64\aswhooka.dll
0x00007ffb55560000 - 0x00007ffb55612000 	C:\WINDOWS\System32\KERNEL32.DLL
0x00007ffb53ab0000 - 0x00007ffb53d23000 	C:\WINDOWS\System32\KERNELBASE.dll
0x00007ffb551e0000 - 0x00007ffb55281000 	C:\WINDOWS\System32\ADVAPI32.dll
0x00007ffb54f40000 - 0x00007ffb54fde000 	C:\WINDOWS\System32\msvcrt.dll
0x00007ffb55cf0000 - 0x00007ffb55d4b000 	C:\WINDOWS\System32\sechost.dll
0x00007ffb55e20000 - 0x00007ffb55f44000 	C:\WINDOWS\System32\RPCRT4.dll
0x00007ffb55300000 - 0x00007ffb55490000 	C:\WINDOWS\System32\USER32.dll
0x00007ffb547b0000 - 0x00007ffb547d0000 	C:\WINDOWS\System32\win32u.dll
0x00007ffb558a0000 - 0x00007ffb558c8000 	C:\WINDOWS\System32\GDI32.dll
0x00007ffb547d0000 - 0x00007ffb54962000 	C:\WINDOWS\System32\gdi32full.dll
0x00007ffb546b0000 - 0x00007ffb5474f000 	C:\WINDOWS\System32\msvcp_win.dll
0x00007ffb53900000 - 0x00007ffb539fa000 	C:\WINDOWS\System32\ucrtbase.dll
0x00007ffb3f420000 - 0x00007ffb3f689000 	C:\WINDOWS\WinSxS\amd64_microsoft.windows.common-controls_6595b64144ccf1df_6.0.17134.472_none_fb3f9af53068156d\COMCTL32.dll
0x00007ffb559c0000 - 0x00007ffb55ce2000 	C:\WINDOWS\System32\combase.dll
0x00007ffb53d30000 - 0x00007ffb53daa000 	C:\WINDOWS\System32\bcryptPrimitives.dll
0x00007ffb55f50000 - 0x00007ffb55f7d000 	C:\WINDOWS\System32\IMM32.DLL
0x0000000071240000 - 0x0000000071312000 	C:\Program Files\Java\jdk1.8.0_101\jre\bin\msvcr100.dll
0x000000006f560000 - 0x000000006fdfa000 	C:\Program Files\Java\jdk1.8.0_101\jre\bin\server\jvm.dll
0x00007ffb552f0000 - 0x00007ffb552f8000 	C:\WINDOWS\System32\PSAPI.DLL
0x00007ffb52450000 - 0x00007ffb52459000 	C:\WINDOWS\SYSTEM32\WSOCK32.dll
0x00007ffb558f0000 - 0x00007ffb5595c000 	C:\WINDOWS\System32\WS2_32.dll
0x00007ffb4fb20000 - 0x00007ffb4fb43000 	C:\WINDOWS\SYSTEM32\WINMM.dll
0x00007ffb504c0000 - 0x00007ffb504ca000 	C:\WINDOWS\SYSTEM32\VERSION.dll
0x00007ffb4faf0000 - 0x00007ffb4fb1a000 	C:\WINDOWS\SYSTEM32\WINMMBASE.dll
0x00007ffb538b0000 - 0x00007ffb538f9000 	C:\WINDOWS\System32\cfgmgr32.dll
0x0000000072bc0000 - 0x0000000072bcf000 	C:\Program Files\Java\jdk1.8.0_101\jre\bin\verify.dll
0x0000000071210000 - 0x0000000071239000 	C:\Program Files\Java\jdk1.8.0_101\jre\bin\java.dll
0x0000000072b50000 - 0x0000000072b66000 	C:\Program Files\Java\jdk1.8.0_101\jre\bin\zip.dll
0x00007ffb55f80000 - 0x00007ffb573c0000 	C:\WINDOWS\System32\SHELL32.dll
0x00007ffb55d70000 - 0x00007ffb55e19000 	C:\WINDOWS\System32\shcore.dll
0x00007ffb53fa0000 - 0x00007ffb546ad000 	C:\WINDOWS\System32\windows.storage.dll
0x00007ffb55180000 - 0x00007ffb551d1000 	C:\WINDOWS\System32\shlwapi.dll
0x00007ffb53870000 - 0x00007ffb53881000 	C:\WINDOWS\System32\kernel.appcore.dll
0x00007ffb53890000 - 0x00007ffb538af000 	C:\WINDOWS\System32\profapi.dll
0x00007ffb53800000 - 0x00007ffb5384c000 	C:\WINDOWS\System32\powrprof.dll
0x00007ffb537f0000 - 0x00007ffb537fa000 	C:\WINDOWS\System32\FLTLIB.DLL
0x0000000070350000 - 0x00000000704e8000 	C:\Program Files\Java\jdk1.8.0_101\jre\bin\awt.dll
0x00007ffb55490000 - 0x00007ffb55552000 	C:\WINDOWS\System32\OLEAUT32.dll
0x00007ffb504d0000 - 0x00007ffb5055b000 	C:\WINDOWS\SYSTEM32\apphelp.dll
0x0000000180000000 - 0x000000018007c000 	C:\Windows\System32\pteidlibj.dll
0x00007ffb2b230000 - 0x00007ffb2b2d6000 	C:\Program Files\Java\jdk1.8.0_101\jre\bin\MSVCP120.dll
0x00007ffb23650000 - 0x00007ffb2373f000 	C:\Program Files\Java\jdk1.8.0_101\jre\bin\MSVCR120.dll
0x0000000019400000 - 0x0000000019423000 	C:\WINDOWS\SYSTEM32\pteidcommon.dll
0x0000000019430000 - 0x00000000194b6000 	C:\WINDOWS\SYSTEM32\pteidapplayer.dll
0x00007ffb53db0000 - 0x00007ffb53f92000 	C:\WINDOWS\System32\CRYPT32.dll
0x00007ffb53850000 - 0x00007ffb53862000 	C:\WINDOWS\System32\MSASN1.dll
0x00007ffb1a620000 - 0x00007ffb1a825000 	C:\WINDOWS\SYSTEM32\LIBEAY32.dll
0x00007ffb49480000 - 0x00007ffb494da000 	C:\WINDOWS\SYSTEM32\SSLEAY32.dll
0x00007ffb479d0000 - 0x00007ffb47a1f000 	C:\WINDOWS\SYSTEM32\libcurl.dll
0x00007ffb55960000 - 0x00007ffb559bf000 	C:\WINDOWS\System32\WLDAP32.dll
0x00000000194d0000 - 0x0000000019731000 	C:\WINDOWS\SYSTEM32\xerces-c_3_1.dll
0x0000000019750000 - 0x0000000019863000 	C:\WINDOWS\SYSTEM32\FreeImage.dll
0x0000000019870000 - 0x0000000019950000 	C:\WINDOWS\SYSTEM32\pteid-poppler.dll
0x0000000019960000 - 0x0000000019a4a000 	C:\WINDOWS\SYSTEM32\xsec_1_7.dll
0x0000000019a60000 - 0x0000000019a96000 	C:\WINDOWS\SYSTEM32\pteidcardlayer.dll
0x00007ffb41bb0000 - 0x00007ffb41bf1000 	C:\WINDOWS\SYSTEM32\WinSCard.dll
0x00007ffb53620000 - 0x00007ffb53647000 	C:\WINDOWS\SYSTEM32\DEVOBJ.dll
0x0000000019ab0000 - 0x0000000019ae1000 	C:\WINDOWS\SYSTEM32\pteidDlgsWin32.dll
0x00007ffb52930000 - 0x00007ffb52986000 	C:\WINDOWS\SYSTEM32\WINSTA.dll
0x00007ffb4abf0000 - 0x00007ffb4adb9000 	C:\WINDOWS\SYSTEM32\dbghelp.dll

VM Arguments:
jvm_args: -Dfile.encoding=UTF-8 
java_command: calculator.application.CalculatorApplication
java_class_path (initial): C:\Users\Luis\Desktop\ESTGA\2018_2019\1_Semestre\segurança\projeto\contourCola\contourCola\Cola Library\dist\Cola_Library.jar;C:\Program Files\Portugal Identity Card\sdk\Java\pteidlibj.jar;C:\Users\Luis\Desktop\ESTGA\2018_2019\1_Semestre\segurança\projeto\contourCola\contourCola\Calculator application\build\classes
Launcher Type: SUN_STANDARD

Environment Variables:
CLASSPATH=C:\Program Files\Portugal Identity Card
PATH=C:\ProgramData\Oracle\Java\javapath;C:\WINDOWS\system32;C:\WINDOWS;C:\WINDOWS\System32\Wbem;C:\WINDOWS\System32\WindowsPowerShell\v1.0\;C:\Program Files\TortoiseGit\bin;C:\Program Files\Git\cmd;C:\WINDOWS\System32\OpenSSH\;C:\Program Files (x86)\Brackets\command;C:\Program Files\PuTTY\;C:\php;C:\ProgramData\ComposerSetup\bin;C:\PostgreSQL\pg96\bin;C:\Program Files\nodejs\;C:\Program Files\Portugal Identity Card;C:\Program Files (x86)\NVIDIA Corporation\PhysX\Common;C:\Users\Luis\AppData\Local\Microsoft\WindowsApps;C:\Users\Luis\AppData\Local\atom\bin;C:\Users\Luis\AppData\Local\Microsoft\WindowsApps;C:\Users\Luis\AppData\Roaming\Composer\vendor\bin;C:\Users\Luis\AppData\Roaming\npm;C:\Users\Luis\AppData\Local\Programs\Microsoft VS Code\bin;C:\Users\Luis\AppData\Local\GitHubDesktop\bin
USERNAME=Luis
OS=Windows_NT
PROCESSOR_IDENTIFIER=Intel64 Family 6 Model 61 Stepping 4, GenuineIntel



---------------  S Y S T E M  ---------------

OS: Windows 10.0 , 64 bit Build 17134 (10.0.17134.1)

CPU:total 4 (2 cores per cpu, 2 threads per core) family 6 model 61 stepping 4, cmov, cx8, fxsr, mmx, sse, sse2, sse3, ssse3, sse4.1, sse4.2, popcnt, avx, avx2, aes, clmul, erms, 3dnowpref, lzcnt, ht, tsc, tscinvbit, bmi1, bmi2, adx

Memory: 4k page, physical 8288728k(3424236k free), swap 10571320k(2981768k free)

vm_info: Java HotSpot(TM) 64-Bit Server VM (25.101-b13) for windows-amd64 JRE (1.8.0_101-b13), built on Jun 22 2016 01:21:29 by "java_re" with MS VC++ 10.0 (VS2010)

time: Sun Dec 30 18:03:54 2018
elapsed time: 0 seconds (0d 0h 0m 0s)

