#
# A fatal error has been detected by the Java Runtime Environment:
#
#  EXCEPTION_UNCAUGHT_CXX_EXCEPTION (0xe06d7363) at pc=0x00007ffb53aea388, pid=18600, tid=0x0000000000002140
#
# JRE version: Java(TM) SE Runtime Environment (8.0_101-b13) (build 1.8.0_101-b13)
# Java VM: Java HotSpot(TM) 64-Bit Server VM (25.101-b13 mixed mode windows-amd64 compressed oops)
# Problematic frame:
# C  [KERNELBASE.dll+0x3a388]
#
# Failed to write core dump. Minidumps are not enabled by default on client versions of Windows
#
# If you would like to submit a bug report, please visit:
#   http://bugreport.java.com/bugreport/crash.jsp
#

---------------  T H R E A D  ---------------

Current thread (0x0000000017427000):  VMThread [stack: 0x00000000184e0000,0x00000000185e0000] [id=8512]

siginfo: ExceptionCode=0xe06d7363, ExceptionInformation=0x0000000019930520 0x00000000185df380 0x000000018005ebe8 0x0000000180000000 

Registers:
RAX=0x0000000000000000, RBX=0x000000018005ebe8, RCX=0x0000000000000005, RDX=0x0000000000000101
RSP=0x00000000185df210, RBP=0x00000000185df350, RSI=0x0000000000000001, RDI=0x00000000185df380
R8 =0x0000000000000000, R9 =0x0000000000c19650, R10=0x0000000000000000, R11=0x0000000000b875e8
R12=0x0000000000be7318, R13=0x0000000000be72d0, R14=0x0000000000be7300, R15=0x0000000000000000
RIP=0x00007ffb53aea388, EFLAGS=0x0000000000000206

Top of Stack: (sp=0x00000000185df210)
0x00000000185df210:   0000000000000000 000000018005ebe8
0x00000000185df220:   0000000000000001 00000000185df380
0x00000000185df230:   00000001e06d7363 0000000000000000
0x00000000185df240:   00007ffb53aea388 0000000000000004
0x00000000185df250:   0000000019930520 00000000185df380
0x00000000185df260:   000000018005ebe8 0000000180000000
0x00000000185df270:   0000000000be7300 0000000000be7318
0x00000000185df280:   00000000185df380 0000000000000001
0x00000000185df290:   00000000185df350 00007ffb574f0f6f
0x00000000185df2a0:   00000000185df360 00007ffb00000000
0x00000000185df2b0:   0000000000000001 0000000017335400
0x00000000185df2c0:   0000000180074000 0000000180000000
0x00000000185df2d0:   0000f329160f8ab5 00008ffc5e91fb51
0x00000000185df2e0:   000000018005ebe8 00007ffb2673ef63
0x00000000185df2f0:   0000000000be72d0 0000000000be7318
0x00000000185df300:   00000000185df368 0000000000000001 

Instructions: (pc=0x00007ffb53aea388)
0x00007ffb53aea368:   49 8b d1 44 0f 47 c0 44 89 44 24 38 49 c1 e0 03
0x00007ffb53aea378:   e8 4a 46 04 00 48 8d 4c 24 20 ff 15 d0 82 14 00
0x00007ffb53aea388:   48 8b 8c 24 c0 00 00 00 48 33 cc e8 b8 05 04 00
0x00007ffb53aea398:   48 81 c4 d8 00 00 00 c3 83 64 24 38 00 eb d6 cc 


Register to memory mapping:

RAX=0x0000000000000000 is an unknown value
RBX=0x000000018005ebe8 is an unknown value
RCX=0x0000000000000005 is an unknown value
RDX=0x0000000000000101 is an unknown value
RSP=0x00000000185df210 is an unknown value
RBP=0x00000000185df350 is an unknown value
RSI=0x0000000000000001 is an unknown value
RDI=0x00000000185df380 is an unknown value
R8 =0x0000000000000000 is an unknown value
R9 =0x0000000000c19650 is an unknown value
R10=0x0000000000000000 is an unknown value
R11=0x0000000000b875e8 is an unknown value
R12=0x0000000000be7318 is an unknown value
R13=0x0000000000be72d0 is an unknown value
R14=0x0000000000be7300 is an unknown value
R15=0x0000000000000000 is an unknown value


Stack: [0x00000000184e0000,0x00000000185e0000],  sp=0x00000000185df210,  free space=1020k
Native frames: (J=compiled Java code, j=interpreted, Vv=VM code, C=native code)
C  [KERNELBASE.dll+0x3a388]
C  [MSVCR120.dll+0x5ef63]
C  [pteidlibj.dll+0x377e4]
C  [pteidlibj.dll+0x21b14]
C  [pteidlibj.dll+0x21d96]
C  [ntdll.dll+0x3b583]
C  [ntdll.dll+0x47f85]
C  [ntdll.dll+0x47e48]
C  [KERNEL32.DLL+0x1b19a]
C  [msvcr100.dll+0x20ccd]
V  [jvm.dll+0x212ba5]
V  [jvm.dll+0x24b777]
V  [jvm.dll+0x24aa16]
V  [jvm.dll+0x24aeb1]
V  [jvm.dll+0x24b0ce]
V  [jvm.dll+0x29c18a]
C  [msvcr100.dll+0x21d9f]
C  [msvcr100.dll+0x21e3b]
C  [KERNEL32.DLL+0x13034]
C  [ntdll.dll+0x73691]

VM_Operation (0x000000000280f500): Exit, mode: safepoint, requested by thread 0x0000000002811000


---------------  P R O C E S S  ---------------

Java Threads: ( => current thread )
  0x00000000174be000 JavaThread "Service Thread" daemon [_thread_blocked, id=4888, stack(0x00000000191f0000,0x00000000192f0000)]
  0x000000001746a000 JavaThread "C1 CompilerThread2" daemon [_thread_blocked, id=15064, stack(0x0000000018cf0000,0x0000000018df0000)]
  0x0000000017463800 JavaThread "C2 CompilerThread1" daemon [_thread_blocked, id=3216, stack(0x0000000018bf0000,0x0000000018cf0000)]
  0x0000000017460000 JavaThread "C2 CompilerThread0" daemon [_thread_blocked, id=11112, stack(0x0000000018af0000,0x0000000018bf0000)]
  0x000000001745c000 JavaThread "Attach Listener" daemon [_thread_blocked, id=11180, stack(0x00000000189f0000,0x0000000018af0000)]
  0x000000001745b000 JavaThread "Signal Dispatcher" daemon [_thread_blocked, id=10936, stack(0x00000000188f0000,0x00000000189f0000)]
  0x0000000017449000 JavaThread "Finalizer" daemon [_thread_blocked, id=15352, stack(0x00000000186e0000,0x00000000187e0000)]
  0x0000000002901000 JavaThread "Reference Handler" daemon [_thread_blocked, id=14264, stack(0x00000000185e0000,0x00000000186e0000)]
  0x0000000002811000 JavaThread "main" [_thread_blocked, id=13240, stack(0x0000000002710000,0x0000000002810000)]

Other Threads:
=>0x0000000017427000 VMThread [stack: 0x00000000184e0000,0x00000000185e0000] [id=8512]

VM state:at safepoint (shutting down)

VM Mutex/Monitor currently owned by a thread:  ([mutex/lock_event])
[0x000000000270c660] Threads_lock - owner thread: 0x0000000017427000

Heap:
 PSYoungGen      total 38400K, used 3996K [0x00000000d5d80000, 0x00000000d8800000, 0x0000000100000000)
  eden space 33280K, 12% used [0x00000000d5d80000,0x00000000d61673f8,0x00000000d7e00000)
  from space 5120K, 0% used [0x00000000d8300000,0x00000000d8300000,0x00000000d8800000)
  to   space 5120K, 0% used [0x00000000d7e00000,0x00000000d7e00000,0x00000000d8300000)
 ParOldGen       total 87552K, used 0K [0x0000000081800000, 0x0000000086d80000, 0x00000000d5d80000)
  object space 87552K, 0% used [0x0000000081800000,0x0000000081800000,0x0000000086d80000)
 Metaspace       used 5770K, capacity 5962K, committed 6144K, reserved 1056768K
  class space    used 655K, capacity 731K, committed 768K, reserved 1048576K

Card table byte_map: [0x0000000011cd0000,0x00000000120d0000] byte_map_base: 0x00000000118c4000

Marking Bits: (ParMarkBitMap*) 0x000000006d6ea6d0
 Begin Bits: [0x0000000012780000, 0x0000000014720000)
 End Bits:   [0x0000000014720000, 0x00000000166c0000)

Polling page: 0x00000000025f0000

CodeCache: size=245760Kb used=1649Kb max_used=1649Kb free=244110Kb
 bounds [0x0000000002910000, 0x0000000002b80000, 0x0000000011910000]
 total_blobs=600 nmethods=287 adapters=226
 compilation: enabled

Compilation events (10 events):
Event: 1.943 Thread 0x000000001746a000  283       3       java.util.LinkedHashMap$LinkedHashIterator::nextNode (54 bytes)
Event: 1.943 Thread 0x000000001746a000 nmethod 283 0x0000000002aab890 code [0x0000000002aaba20, 0x0000000002aabd18]
Event: 1.945 Thread 0x000000001746a000  284       3       java.nio.Buffer::position (43 bytes)
Event: 1.945 Thread 0x000000001746a000 nmethod 284 0x0000000002aa7790 code [0x0000000002aa7900, 0x0000000002aa7bc8]
Event: 1.945 Thread 0x000000001746a000  285       3       java.nio.ByteBuffer::arrayOffset (35 bytes)
Event: 1.945 Thread 0x000000001746a000 nmethod 285 0x0000000002aabe90 code [0x0000000002aac020, 0x0000000002aac2d8]
Event: 1.945 Thread 0x000000001746a000  286       3       java.util.regex.Pattern::has (15 bytes)
Event: 1.945 Thread 0x000000001746a000 nmethod 286 0x0000000002aac3d0 code [0x0000000002aac520, 0x0000000002aac6d0]
Event: 4.370 Thread 0x000000001746a000  287       3       java.nio.HeapCharBuffer::ix (7 bytes)
Event: 4.370 Thread 0x000000001746a000 nmethod 287 0x0000000002aac750 code [0x0000000002aac8a0, 0x0000000002aac9f0]

GC Heap History (0 events):
No events

Deoptimization events (0 events):
No events

Internal exceptions (9 events):
Event: 0.041 Thread 0x0000000002811000 Exception <a 'java/lang/NoSuchMethodError': Method sun.misc.Unsafe.defineClass(Ljava/lang/String;[BII)Ljava/lang/Class; name or signature does not match> (0x00000000d5d87cc0) thrown at [C:\re\workspace\8-2-build-windows-amd64-cygwin\jdk8u101\7261\hotspot\sH|†²ä¤?
Event: 0.041 Thread 0x0000000002811000 Exception <a 'java/lang/NoSuchMethodError': Method sun.misc.Unsafe.prefetchRead(Ljava/lang/Object;J)V name or signature does not match> (0x00000000d5d87fa8) thrown at [C:\re\workspace\8-2-build-windows-amd64-cygwin\jdk8u101\7261\hotspot\src\share\vm\prims\¾û-'Â¿?
Event: 0.124 Thread 0x0000000002811000 Exception <a 'java/security/PrivilegedActionException'> (0x00000000d5e20f58) thrown at [C:\re\workspace\8-2-build-windows-amd64-cygwin\jdk8u101\7261\hotspot\src\share\vm\prims\jvm.cpp, line 1386]
Event: 0.124 Thread 0x0000000002811000 Exception <a 'java/security/PrivilegedActionException'> (0x00000000d5e21168) thrown at [C:\re\workspace\8-2-build-windows-amd64-cygwin\jdk8u101\7261\hotspot\src\share\vm\prims\jvm.cpp, line 1386]
Event: 0.125 Thread 0x0000000002811000 Exception <a 'java/security/PrivilegedActionException'> (0x00000000d5e25050) thrown at [C:\re\workspace\8-2-build-windows-amd64-cygwin\jdk8u101\7261\hotspot\src\share\vm\prims\jvm.cpp, line 1386]
Event: 0.125 Thread 0x0000000002811000 Exception <a 'java/security/PrivilegedActionException'> (0x00000000d5e25260) thrown at [C:\re\workspace\8-2-build-windows-amd64-cygwin\jdk8u101\7261\hotspot\src\share\vm\prims\jvm.cpp, line 1386]
Event: 0.133 Thread 0x0000000002811000 Exception <a 'java/io/FileNotFoundException'> (0x00000000d5ed4b20) thrown at [C:\re\workspace\8-2-build-windows-amd64-cygwin\jdk8u101\7261\hotspot\src\share\vm\prims\jni.cpp, line 709]
Event: 0.171 Thread 0x0000000002811000 Exception <a 'java/lang/NoSuchFieldError': method resolution failed> (0x00000000d5fa2448) thrown at [C:\re\workspace\8-2-build-windows-amd64-cygwin\jdk8u101\7261\hotspot\src\share\vm\prims\methodHandles.cpp, line 1146]
Event: 0.173 Thread 0x0000000002811000 Exception <a 'java/lang/NoSuchFieldError': method resolution failed> (0x00000000d5faf818) thrown at [C:\re\workspace\8-2-build-windows-amd64-cygwin\jdk8u101\7261\hotspot\src\share\vm\prims\methodHandles.cpp, line 1146]

Events (10 events):
Event: 1.945 loading class java/util/regex/Pattern$Dot done
Event: 1.945 loading class java/util/regex/Pattern$Dollar
Event: 1.945 loading class java/util/regex/Pattern$Dollar done
Event: 4.136 Executing VM operation: EnableBiasedLocking
Event: 4.136 Executing VM operation: EnableBiasedLocking done
Event: 4.370 loading class java/lang/Shutdown
Event: 4.370 loading class java/lang/Shutdown done
Event: 4.370 loading class java/lang/Shutdown$Lock
Event: 4.370 loading class java/lang/Shutdown$Lock done
Event: 4.371 Executing VM operation: Exit


Dynamic libraries:
0x00007ff70e3c0000 - 0x00007ff70e3f7000 	C:\Program Files\Java\jdk1.8.0_101\jre\bin\java.exe
0x00007ffb574e0000 - 0x00007ffb576c1000 	C:\WINDOWS\SYSTEM32\ntdll.dll
0x00007ffb2ee30000 - 0x00007ffb2ee44000 	C:\Program Files\AVAST Software\Avast\x64\aswhooka.dll
0x00007ffb55560000 - 0x00007ffb55612000 	C:\WINDOWS\System32\KERNEL32.DLL
0x00007ffb53ab0000 - 0x00007ffb53d23000 	C:\WINDOWS\System32\KERNELBASE.dll
0x00007ffb551e0000 - 0x00007ffb55281000 	C:\WINDOWS\System32\ADVAPI32.dll
0x00007ffb54f40000 - 0x00007ffb54fde000 	C:\WINDOWS\System32\msvcrt.dll
0x00007ffb55cf0000 - 0x00007ffb55d4b000 	C:\WINDOWS\System32\sechost.dll
0x00007ffb55e20000 - 0x00007ffb55f44000 	C:\WINDOWS\System32\RPCRT4.dll
0x00007ffb55300000 - 0x00007ffb55490000 	C:\WINDOWS\System32\USER32.dll
0x00007ffb547b0000 - 0x00007ffb547d0000 	C:\WINDOWS\System32\win32u.dll
0x00007ffb558a0000 - 0x00007ffb558c8000 	C:\WINDOWS\System32\GDI32.dll
0x00007ffb547d0000 - 0x00007ffb54962000 	C:\WINDOWS\System32\gdi32full.dll
0x00007ffb546b0000 - 0x00007ffb5474f000 	C:\WINDOWS\System32\msvcp_win.dll
0x00007ffb53900000 - 0x00007ffb539fa000 	C:\WINDOWS\System32\ucrtbase.dll
0x00007ffb3f420000 - 0x00007ffb3f689000 	C:\WINDOWS\WinSxS\amd64_microsoft.windows.common-controls_6595b64144ccf1df_6.0.17134.472_none_fb3f9af53068156d\COMCTL32.dll
0x00007ffb559c0000 - 0x00007ffb55ce2000 	C:\WINDOWS\System32\combase.dll
0x00007ffb53d30000 - 0x00007ffb53daa000 	C:\WINDOWS\System32\bcryptPrimitives.dll
0x00007ffb55f50000 - 0x00007ffb55f7d000 	C:\WINDOWS\System32\IMM32.DLL
0x0000000071720000 - 0x00000000717f2000 	C:\Program Files\Java\jdk1.8.0_101\jre\bin\msvcr100.dll
0x000000006ced0000 - 0x000000006d76a000 	C:\Program Files\Java\jdk1.8.0_101\jre\bin\server\jvm.dll
0x00007ffb552f0000 - 0x00007ffb552f8000 	C:\WINDOWS\System32\PSAPI.DLL
0x00007ffb52450000 - 0x00007ffb52459000 	C:\WINDOWS\SYSTEM32\WSOCK32.dll
0x00007ffb558f0000 - 0x00007ffb5595c000 	C:\WINDOWS\System32\WS2_32.dll
0x00007ffb4fb20000 - 0x00007ffb4fb43000 	C:\WINDOWS\SYSTEM32\WINMM.dll
0x00007ffb504c0000 - 0x00007ffb504ca000 	C:\WINDOWS\SYSTEM32\VERSION.dll
0x00007ffb4faf0000 - 0x00007ffb4fb1a000 	C:\WINDOWS\SYSTEM32\WINMMBASE.dll
0x00007ffb538b0000 - 0x00007ffb538f9000 	C:\WINDOWS\System32\cfgmgr32.dll
0x0000000071ba0000 - 0x0000000071baf000 	C:\Program Files\Java\jdk1.8.0_101\jre\bin\verify.dll
0x0000000071b70000 - 0x0000000071b99000 	C:\Program Files\Java\jdk1.8.0_101\jre\bin\java.dll
0x0000000071b50000 - 0x0000000071b66000 	C:\Program Files\Java\jdk1.8.0_101\jre\bin\zip.dll
0x00007ffb55f80000 - 0x00007ffb573c0000 	C:\WINDOWS\System32\SHELL32.dll
0x00007ffb55d70000 - 0x00007ffb55e19000 	C:\WINDOWS\System32\shcore.dll
0x00007ffb53fa0000 - 0x00007ffb546ad000 	C:\WINDOWS\System32\windows.storage.dll
0x00007ffb55180000 - 0x00007ffb551d1000 	C:\WINDOWS\System32\shlwapi.dll
0x00007ffb53870000 - 0x00007ffb53881000 	C:\WINDOWS\System32\kernel.appcore.dll
0x00007ffb53890000 - 0x00007ffb538af000 	C:\WINDOWS\System32\profapi.dll
0x00007ffb53800000 - 0x00007ffb5384c000 	C:\WINDOWS\System32\powrprof.dll
0x00007ffb537f0000 - 0x00007ffb537fa000 	C:\WINDOWS\System32\FLTLIB.DLL
0x00000000707c0000 - 0x0000000070958000 	C:\Program Files\Java\jdk1.8.0_101\jre\bin\awt.dll
0x00007ffb55490000 - 0x00007ffb55552000 	C:\WINDOWS\System32\OLEAUT32.dll
0x00007ffb504d0000 - 0x00007ffb5055b000 	C:\WINDOWS\SYSTEM32\apphelp.dll
0x0000000180000000 - 0x000000018007c000 	C:\Windows\System32\pteidlibj.dll
0x00007ffb298c0000 - 0x00007ffb29966000 	C:\Program Files\Java\jdk1.8.0_101\jre\bin\MSVCP120.dll
0x00007ffb266e0000 - 0x00007ffb267cf000 	C:\Program Files\Java\jdk1.8.0_101\jre\bin\MSVCR120.dll
0x0000000002680000 - 0x00000000026a3000 	C:\WINDOWS\SYSTEM32\pteidcommon.dll
0x0000000019550000 - 0x00000000195d6000 	C:\WINDOWS\SYSTEM32\pteidapplayer.dll
0x00007ffb53db0000 - 0x00007ffb53f92000 	C:\WINDOWS\System32\CRYPT32.dll
0x00007ffb53850000 - 0x00007ffb53862000 	C:\WINDOWS\System32\MSASN1.dll
0x00007ffb099f0000 - 0x00007ffb09bf5000 	C:\WINDOWS\SYSTEM32\LIBEAY32.dll
0x00007ffb48ee0000 - 0x00007ffb48f3a000 	C:\WINDOWS\SYSTEM32\SSLEAY32.dll
0x00007ffb49190000 - 0x00007ffb491df000 	C:\WINDOWS\SYSTEM32\libcurl.dll
0x00007ffb55960000 - 0x00007ffb559bf000 	C:\WINDOWS\System32\WLDAP32.dll
0x00000000195e0000 - 0x0000000019841000 	C:\WINDOWS\SYSTEM32\xerces-c_3_1.dll
0x0000000019850000 - 0x0000000019963000 	C:\WINDOWS\SYSTEM32\FreeImage.dll
0x0000000019970000 - 0x0000000019a50000 	C:\WINDOWS\SYSTEM32\pteid-poppler.dll
0x0000000019a50000 - 0x0000000019b3a000 	C:\WINDOWS\SYSTEM32\xsec_1_7.dll
0x0000000019b50000 - 0x0000000019b86000 	C:\WINDOWS\SYSTEM32\pteidcardlayer.dll
0x00007ffb41bb0000 - 0x00007ffb41bf1000 	C:\WINDOWS\SYSTEM32\WinSCard.dll
0x00007ffb53620000 - 0x00007ffb53647000 	C:\WINDOWS\SYSTEM32\DEVOBJ.dll
0x0000000019ba0000 - 0x0000000019bd1000 	C:\WINDOWS\SYSTEM32\pteidDlgsWin32.dll
0x00007ffb52930000 - 0x00007ffb52986000 	C:\WINDOWS\SYSTEM32\WINSTA.dll
0x0000000071b30000 - 0x0000000071b4a000 	C:\Program Files\Java\jdk1.8.0_101\jre\bin\net.dll
0x00007ffb53070000 - 0x00007ffb530d6000 	C:\WINDOWS\system32\mswsock.dll
0x00007ffb397f0000 - 0x00007ffb39806000 	C:\WINDOWS\system32\napinsp.dll
0x00007ffb397d0000 - 0x00007ffb397ea000 	C:\WINDOWS\system32\pnrpnsp.dll
0x00007ffb50e10000 - 0x00007ffb50e29000 	C:\WINDOWS\system32\NLAapi.dll
0x00007ffb52e30000 - 0x00007ffb52eee000 	C:\WINDOWS\SYSTEM32\DNSAPI.dll
0x00007ffb558e0000 - 0x00007ffb558e8000 	C:\WINDOWS\System32\NSI.dll
0x00007ffb52df0000 - 0x00007ffb52e28000 	C:\WINDOWS\SYSTEM32\IPHLPAPI.DLL
0x00007ffb397c0000 - 0x00007ffb397ce000 	C:\WINDOWS\System32\winrnr.dll
0x00007ffb397a0000 - 0x00007ffb397b5000 	C:\WINDOWS\System32\wshbth.dll
0x00007ffb4adc0000 - 0x00007ffb4adca000 	C:\Windows\System32\rasadhlp.dll
0x00007ffb4b7f0000 - 0x00007ffb4b862000 	C:\WINDOWS\System32\fwpuclnt.dll
0x00007ffb53350000 - 0x00007ffb53375000 	C:\WINDOWS\SYSTEM32\bcrypt.dll
0x00007ffb4e820000 - 0x00007ffb4e836000 	C:\WINDOWS\SYSTEM32\dhcpcsvc6.DLL
0x00007ffb4ed70000 - 0x00007ffb4ed8a000 	C:\WINDOWS\SYSTEM32\dhcpcsvc.DLL
0x00007ffb4abf0000 - 0x00007ffb4adb9000 	C:\WINDOWS\SYSTEM32\dbghelp.dll

VM Arguments:
jvm_args: -Dfile.encoding=UTF-8 
java_command: calculator.application.CalculatorApplication
java_class_path (initial): C:\Users\Luis\Desktop\ESTGA\2018_2019\1_Semestre\segurança\projeto\contourCola\contourCola\Cola Library\dist\Cola_Library.jar;C:\Program Files\Portugal Identity Card\sdk\Java\pteidlibj.jar;C:\Users\Luis\Desktop\ESTGA\2018_2019\1_Semestre\segurança\projeto\contourCola\contourCola\Calculator application\build\classes
Launcher Type: SUN_STANDARD

Environment Variables:
CLASSPATH=C:\Program Files\Portugal Identity Card
PATH=C:\ProgramData\Oracle\Java\javapath;C:\WINDOWS\system32;C:\WINDOWS;C:\WINDOWS\System32\Wbem;C:\WINDOWS\System32\WindowsPowerShell\v1.0\;C:\Program Files\TortoiseGit\bin;C:\Program Files\Git\cmd;C:\WINDOWS\System32\OpenSSH\;C:\Program Files (x86)\Brackets\command;C:\Program Files\PuTTY\;C:\php;C:\ProgramData\ComposerSetup\bin;C:\PostgreSQL\pg96\bin;C:\Program Files\nodejs\;C:\Program Files\Portugal Identity Card;C:\Program Files (x86)\NVIDIA Corporation\PhysX\Common;C:\Users\Luis\AppData\Local\Microsoft\WindowsApps;C:\Users\Luis\AppData\Local\atom\bin;C:\Users\Luis\AppData\Local\Microsoft\WindowsApps;C:\Users\Luis\AppData\Roaming\Composer\vendor\bin;C:\Users\Luis\AppData\Roaming\npm;C:\Users\Luis\AppData\Local\Programs\Microsoft VS Code\bin;C:\Users\Luis\AppData\Local\GitHubDesktop\bin
USERNAME=Luis
OS=Windows_NT
PROCESSOR_IDENTIFIER=Intel64 Family 6 Model 61 Stepping 4, GenuineIntel



---------------  S Y S T E M  ---------------

OS: Windows 10.0 , 64 bit Build 17134 (10.0.17134.1)

CPU:total 4 (2 cores per cpu, 2 threads per core) family 6 model 61 stepping 4, cmov, cx8, fxsr, mmx, sse, sse2, sse3, ssse3, sse4.1, sse4.2, popcnt, avx, avx2, aes, clmul, erms, 3dnowpref, lzcnt, ht, tsc, tscinvbit, bmi1, bmi2, adx

Memory: 4k page, physical 8288728k(3623524k free), swap 10571320k(2863144k free)

vm_info: Java HotSpot(TM) 64-Bit Server VM (25.101-b13) for windows-amd64 JRE (1.8.0_101-b13), built on Jun 22 2016 01:21:29 by "java_re" with MS VC++ 10.0 (VS2010)

time: Tue Jan 01 20:56:48 2019
elapsed time: 4 seconds (0d 0h 0m 4s)

