#
# A fatal error has been detected by the Java Runtime Environment:
#
#  EXCEPTION_UNCAUGHT_CXX_EXCEPTION (0xe06d7363) at pc=0x00007ffbb9e8a388, pid=10376, tid=0x0000000000000e28
#
# JRE version: Java(TM) SE Runtime Environment (8.0_141-b15) (build 1.8.0_141-b15)
# Java VM: Java HotSpot(TM) 64-Bit Server VM (25.141-b15 mixed mode windows-amd64 compressed oops)
# Problematic frame:
# C  [KERNELBASE.dll+0x3a388]
#
# Failed to write core dump. Minidumps are not enabled by default on client versions of Windows
#
# If you would like to submit a bug report, please visit:
#   http://bugreport.java.com/bugreport/crash.jsp
#

---------------  T H R E A D  ---------------

Current thread (0x00000000175f9000):  VMThread [stack: 0x00000000192d0000,0x00000000193d0000] [id=3624]

siginfo: ExceptionCode=0xe06d7363, ExceptionInformation=0x0000000019930520 0x00000000193cf100 0x000000018005ebe8 0x0000000180000000 

Registers:
RAX=0x0000000000000021, RBX=0x000000018005ebe8, RCX=0x0000000000000005, RDX=0x0000000000000101
RSP=0x00000000193cef90, RBP=0x00000000193cf0d0, RSI=0x0000000000000001, RDI=0x00000000193cf100
R8 =0x0000000000000003, R9 =0x0000000000639950, R10=0x0000000000000000, R11=0x0000000000598388
R12=0x00000000005abd68, R13=0x00000000005abd20, R14=0x00000000005abd50, R15=0x0000000000000000
RIP=0x00007ffbb9e8a388, EFLAGS=0x0000000000000202

Top of Stack: (sp=0x00000000193cef90)
0x00000000193cef90:   0000000000000000 000000018005ebe8
0x00000000193cefa0:   0000000000000001 00000000193cf100
0x00000000193cefb0:   00000001e06d7363 0000000000000000
0x00000000193cefc0:   00007ffbb9e8a388 0000000000000004
0x00000000193cefd0:   0000000019930520 00000000193cf100
0x00000000193cefe0:   000000018005ebe8 0000000180000000
0x00000000193ceff0:   00000000005abd50 00000000005abd68
0x00000000193cf000:   00000000193cf100 0000000000000001
0x00000000193cf010:   00000000193cf0d0 00007ffbbccb0f6f
0x00000000193cf020:   00000000193cf0e0 00007ffb00000000
0x00000000193cf030:   0000000000000001 0000000017485400
0x00000000193cf040:   0000000180074000 0000000180000000
0x00000000193cf050:   000000f8771f8470 000074f124bbbff6
0x00000000193cf060:   000000018005ebe8 00007ffbadacef63
0x00000000193cf070:   00000000005abd20 00000000005abd68
0x00000000193cf080:   00000000193cf0e8 0000000000000001 

Instructions: (pc=0x00007ffbb9e8a388)
0x00007ffbb9e8a368:   49 8b d1 44 0f 47 c0 44 89 44 24 38 49 c1 e0 03
0x00007ffbb9e8a378:   e8 4a 46 04 00 48 8d 4c 24 20 ff 15 d0 82 14 00
0x00007ffbb9e8a388:   48 8b 8c 24 c0 00 00 00 48 33 cc e8 b8 05 04 00
0x00007ffbb9e8a398:   48 81 c4 d8 00 00 00 c3 83 64 24 38 00 eb d6 cc 


Register to memory mapping:

RAX=0x0000000000000021 is an unknown value
RBX=0x000000018005ebe8 is an unknown value
RCX=0x0000000000000005 is an unknown value
RDX=0x0000000000000101 is an unknown value
RSP=0x00000000193cef90 is an unknown value
RBP=0x00000000193cf0d0 is an unknown value
RSI=0x0000000000000001 is an unknown value
RDI=0x00000000193cf100 is an unknown value
R8 =0x0000000000000003 is an unknown value
R9 =0x0000000000639950 is an unknown value
R10=0x0000000000000000 is an unknown value
R11=0x0000000000598388 is an unknown value
R12=0x00000000005abd68 is an unknown value
R13=0x00000000005abd20 is an unknown value
R14=0x00000000005abd50 is an unknown value
R15=0x0000000000000000 is an unknown value


Stack: [0x00000000192d0000,0x00000000193d0000],  sp=0x00000000193cef90,  free space=1019k
Native frames: (J=compiled Java code, j=interpreted, Vv=VM code, C=native code)
C  [KERNELBASE.dll+0x3a388]
C  [MSVCR120.dll+0x5ef63]
C  [pteidlibj.dll+0x377e4]
C  [pteidlibj.dll+0x21b14]
C  [pteidlibj.dll+0x21d96]
C  [ntdll.dll+0x3b583]
C  [ntdll.dll+0x47f85]
C  [ntdll.dll+0x47e48]
C  [KERNEL32.DLL+0x1b19a]
C  [msvcr100.dll+0x20ccd]
V  [jvm.dll+0x213145]
V  [jvm.dll+0x24c127]
V  [jvm.dll+0x24b3c6]
V  [jvm.dll+0x24b861]
V  [jvm.dll+0x24ba7e]
V  [jvm.dll+0x29ca6a]
C  [msvcr100.dll+0x21d9f]
C  [msvcr100.dll+0x21e3b]
C  [KERNEL32.DLL+0x13034]
C  [ntdll.dll+0x73691]

VM_Operation (0x000000000251f250): Exit, mode: safepoint, requested by thread 0x0000000002543000


---------------  P R O C E S S  ---------------

Java Threads: ( => current thread )
  0x000000001956c000 JavaThread "Service Thread" daemon [_thread_blocked, id=13968, stack(0x000000001a0e0000,0x000000001a1e0000)]
  0x0000000019513000 JavaThread "C1 CompilerThread3" daemon [_thread_blocked, id=9632, stack(0x0000000019fe0000,0x000000001a0e0000)]
  0x0000000019508000 JavaThread "C2 CompilerThread2" daemon [_thread_blocked, id=12364, stack(0x0000000019ee0000,0x0000000019fe0000)]
  0x0000000019501000 JavaThread "C2 CompilerThread1" daemon [_thread_blocked, id=5452, stack(0x0000000019de0000,0x0000000019ee0000)]
  0x00000000194fa000 JavaThread "C2 CompilerThread0" daemon [_thread_blocked, id=9248, stack(0x0000000019ce0000,0x0000000019de0000)]
  0x00000000194f8000 JavaThread "Attach Listener" daemon [_thread_blocked, id=1572, stack(0x0000000019be0000,0x0000000019ce0000)]
  0x00000000194f7000 JavaThread "Signal Dispatcher" daemon [_thread_blocked, id=6236, stack(0x0000000019ae0000,0x0000000019be0000)]
  0x0000000002639000 JavaThread "Finalizer" daemon [_thread_blocked, id=9208, stack(0x00000000198d0000,0x00000000199d0000)]
  0x0000000002636000 JavaThread "Reference Handler" daemon [_thread_blocked, id=5880, stack(0x00000000193d0000,0x00000000194d0000)]
  0x0000000002543000 JavaThread "main" [_thread_blocked, id=14032, stack(0x0000000002420000,0x0000000002520000)]

Other Threads:
=>0x00000000175f9000 VMThread [stack: 0x00000000192d0000,0x00000000193d0000] [id=3624]

VM state:at safepoint (shutting down)

VM Mutex/Monitor currently owned by a thread:  ([mutex/lock_event])
[0x000000000253cbc0] Threads_lock - owner thread: 0x00000000175f9000

Heap:
 PSYoungGen      total 38400K, used 23420K [0x00000000d5e00000, 0x00000000d8880000, 0x0000000100000000)
  eden space 33280K, 70% used [0x00000000d5e00000,0x00000000d74df088,0x00000000d7e80000)
  from space 5120K, 0% used [0x00000000d8380000,0x00000000d8380000,0x00000000d8880000)
  to   space 5120K, 0% used [0x00000000d7e80000,0x00000000d7e80000,0x00000000d8380000)
 ParOldGen       total 87552K, used 0K [0x0000000081a00000, 0x0000000086f80000, 0x00000000d5e00000)
  object space 87552K, 0% used [0x0000000081a00000,0x0000000081a00000,0x0000000086f80000)
 Metaspace       used 9073K, capacity 9330K, committed 9600K, reserved 1058816K
  class space    used 985K, capacity 1099K, committed 1152K, reserved 1048576K

Card table byte_map: [0x0000000011a00000,0x0000000011e00000] byte_map_base: 0x00000000115f3000

Marking Bits: (ParMarkBitMap*) 0x0000000058b9d850
 Begin Bits: [0x00000000128b0000, 0x0000000014848000)
 End Bits:   [0x0000000014848000, 0x00000000167e0000)

Polling page: 0x0000000000bb0000

CodeCache: size=245760Kb used=3589Kb max_used=3589Kb free=242170Kb
 bounds [0x0000000002640000, 0x00000000029d0000, 0x0000000011640000]
 total_blobs=1373 nmethods=1000 adapters=286
 compilation: enabled

Compilation events (10 events):
Event: 41.789 Thread 0x0000000019513000  995       3       sun.security.provider.SHA2::implDigest (98 bytes)
Event: 41.790 Thread 0x0000000019513000 nmethod 995 0x00000000029b5690 code [0x00000000029b5840, 0x00000000029b5d08]
Event: 41.792 Thread 0x0000000019513000  996       1       java.util.Collections$EmptyList::isEmpty (2 bytes)
Event: 41.792 Thread 0x0000000019513000 nmethod 996 0x00000000029b53d0 code [0x00000000029b5520, 0x00000000029b5630]
Event: 46.283 Thread 0x0000000019513000  999       3       sun.reflect.ClassFileAssembler::setStack (25 bytes)
Event: 46.283 Thread 0x0000000019513000 nmethod 999 0x00000000029b4d10 code [0x00000000029b4e60, 0x00000000029b4ff0]
Event: 46.283 Thread 0x0000000019513000  998       3       sun.reflect.AccessorGenerator::sub (5 bytes)
Event: 46.284 Thread 0x0000000019513000 nmethod 998 0x00000000029bb710 code [0x00000000029bb860, 0x00000000029bb9b0]
Event: 46.303 Thread 0x0000000019513000 1000       3       java.nio.Buffer::<init> (121 bytes)
Event: 46.307 Thread 0x0000000019513000 nmethod 1000 0x00000000029b7cd0 code [0x00000000029b7fa0, 0x00000000029b9428]

GC Heap History (0 events):
No events

Deoptimization events (10 events):
Event: 3.000 Thread 0x0000000002543000 Uncommon trap: reason=unstable_if action=reinterpret pc=0x000000000282b4c0 method=java.math.MutableBigInteger.normalize()V @ 40
Event: 39.394 Thread 0x0000000002543000 Uncommon trap: reason=unstable_if action=reinterpret pc=0x0000000002826d48 method=java.math.BigInteger.trustedStripLeadingZeroInts([I)[I @ 7
Event: 39.960 Thread 0x0000000002543000 Uncommon trap: reason=class_check action=maybe_recompile pc=0x000000000289df64 method=java.util.regex.Pattern$BmpCharProperty.match(Ljava/util/regex/Matcher;ILjava/lang/CharSequence;)Z @ 31
Event: 39.960 Thread 0x0000000002543000 Uncommon trap: reason=unstable_if action=reinterpret pc=0x000000000289df00 method=java.util.regex.Pattern$BmpCharProperty.match(Ljava/util/regex/Matcher;ILjava/lang/CharSequence;)Z @ 5
Event: 39.972 Thread 0x0000000002543000 Uncommon trap: reason=unstable_if action=reinterpret pc=0x0000000002840c44 method=java.math.MutableBigInteger.divideMagnitude(Ljava/math/MutableBigInteger;Ljava/math/MutableBigInteger;Z)Ljava/math/MutableBigInteger; @ 744
Event: 39.993 Thread 0x0000000002543000 Uncommon trap: reason=unstable_if action=reinterpret pc=0x0000000002893bb4 method=java.lang.String.indexOf([CII[CIII)I @ 134
Event: 40.425 Thread 0x0000000002543000 Uncommon trap: reason=unstable_if action=reinterpret pc=0x000000000298e0fc method=java.util.HashMap.putVal(ILjava/lang/Object;Ljava/lang/Object;ZZ)Ljava/lang/Object; @ 162
Event: 41.516 Thread 0x0000000002543000 Uncommon trap: reason=class_check action=maybe_recompile pc=0x0000000002905e50 method=java.util.HashMap.putVal(ILjava/lang/Object;Ljava/lang/Object;ZZ)Ljava/lang/Object; @ 203
Event: 41.531 Thread 0x0000000002543000 Uncommon trap: reason=class_check action=maybe_recompile pc=0x0000000002905e50 method=java.util.HashMap.putVal(ILjava/lang/Object;Ljava/lang/Object;ZZ)Ljava/lang/Object; @ 203
Event: 41.718 Thread 0x0000000002543000 Uncommon trap: reason=unstable_if action=reinterpret pc=0x000000000287dfc8 method=sun.nio.cs.UTF_8$Decoder.decode([BII[C)I @ 30

Internal exceptions (10 events):
Event: 0.346 Thread 0x0000000002543000 Exception <a 'java/security/PrivilegedActionException'> (0x00000000d5f577c8) thrown at [C:\re\workspace\8-2-build-windows-amd64-cygwin\jdk8u141\9370\hotspot\src\share\vm\prims\jvm.cpp, line 1390]
Event: 0.347 Thread 0x0000000002543000 Exception <a 'java/security/PrivilegedActionException'> (0x00000000d5f5b6d8) thrown at [C:\re\workspace\8-2-build-windows-amd64-cygwin\jdk8u141\9370\hotspot\src\share\vm\prims\jvm.cpp, line 1390]
Event: 0.347 Thread 0x0000000002543000 Exception <a 'java/security/PrivilegedActionException'> (0x00000000d5f5b8e8) thrown at [C:\re\workspace\8-2-build-windows-amd64-cygwin\jdk8u141\9370\hotspot\src\share\vm\prims\jvm.cpp, line 1390]
Event: 0.363 Thread 0x0000000002543000 Exception <a 'java/io/FileNotFoundException'> (0x00000000d5f644d0) thrown at [C:\re\workspace\8-2-build-windows-amd64-cygwin\jdk8u141\9370\hotspot\src\share\vm\prims\jni.cpp, line 709]
Event: 0.447 Thread 0x0000000002543000 Exception <a 'java/lang/NoSuchFieldError': method resolution failed> (0x00000000d6031c50) thrown at [C:\re\workspace\8-2-build-windows-amd64-cygwin\jdk8u141\9370\hotspot\src\share\vm\prims\methodHandles.cpp, line 1146]
Event: 0.451 Thread 0x0000000002543000 Exception <a 'java/lang/NoSuchFieldError': method resolution failed> (0x00000000d603f020) thrown at [C:\re\workspace\8-2-build-windows-amd64-cygwin\jdk8u141\9370\hotspot\src\share\vm\prims\methodHandles.cpp, line 1146]
Event: 2.902 Thread 0x0000000002543000 Implicit null exception at 0x00000000028073be to 0x0000000002807589
Event: 2.902 Thread 0x0000000002543000 Implicit null exception at 0x000000000280a00c to 0x000000000280a553
Event: 41.792 Thread 0x0000000002543000 Exception <a 'java/lang/ClassNotFoundException': sun/security/mscapi/Key> (0x00000000d74302c0) thrown at [C:\re\workspace\8-2-build-windows-amd64-cygwin\jdk8u141\9370\hotspot\src\share\vm\classfile\systemDictionary.cpp, line 210]
Event: 46.289 Thread 0x0000000002543000 Exception <a 'java/lang/NoSuchMethodError': <clinit>> (0x00000000d7450ea0) thrown at [C:\re\workspace\8-2-build-windows-amd64-cygwin\jdk8u141\9370\hotspot\src\share\vm\prims\jni.cpp, line 1613]

Events (10 events):
Event: 46.289 loading class java/io/ObjectStreamClass$3 done
Event: 46.290 loading class java/io/ObjectStreamClass$4
Event: 46.290 loading class java/io/ObjectStreamClass$4 done
Event: 46.290 loading class java/io/ObjectStreamClass$5
Event: 46.290 loading class java/io/ObjectStreamClass$5 done
Event: 48.050 loading class java/lang/Shutdown
Event: 48.050 loading class java/lang/Shutdown done
Event: 48.050 loading class java/lang/Shutdown$Lock
Event: 48.050 loading class java/lang/Shutdown$Lock done
Event: 48.051 Executing VM operation: Exit


Dynamic libraries:
0x00007ff6a9930000 - 0x00007ff6a9967000 	C:\Program Files\Java\jdk1.8.0_141\jre\bin\java.exe
0x00007ffbbcca0000 - 0x00007ffbbce81000 	C:\WINDOWS\SYSTEM32\ntdll.dll
0x00007ffbbaf50000 - 0x00007ffbbb002000 	C:\WINDOWS\System32\KERNEL32.DLL
0x00007ffbb9e50000 - 0x00007ffbba0c3000 	C:\WINDOWS\System32\KERNELBASE.dll
0x00007ffbbc990000 - 0x00007ffbbca31000 	C:\WINDOWS\System32\ADVAPI32.dll
0x00007ffbbaeb0000 - 0x00007ffbbaf4e000 	C:\WINDOWS\System32\msvcrt.dll
0x00007ffbbc700000 - 0x00007ffbbc75b000 	C:\WINDOWS\System32\sechost.dll
0x00007ffbba1a0000 - 0x00007ffbba2c4000 	C:\WINDOWS\System32\RPCRT4.dll
0x00007ffbbcae0000 - 0x00007ffbbcc70000 	C:\WINDOWS\System32\USER32.dll
0x00007ffbb9c80000 - 0x00007ffbb9ca0000 	C:\WINDOWS\System32\win32u.dll
0x00007ffbbc900000 - 0x00007ffbbc928000 	C:\WINDOWS\System32\GDI32.dll
0x00007ffbb9a10000 - 0x00007ffbb9ba2000 	C:\WINDOWS\System32\gdi32full.dll
0x00007ffbb9970000 - 0x00007ffbb9a0f000 	C:\WINDOWS\System32\msvcp_win.dll
0x00007ffbb9d50000 - 0x00007ffbb9e4a000 	C:\WINDOWS\System32\ucrtbase.dll
0x00007ffbaeb40000 - 0x00007ffbaeda9000 	C:\WINDOWS\WinSxS\amd64_microsoft.windows.common-controls_6595b64144ccf1df_6.0.17134.472_none_fb3f9af53068156d\COMCTL32.dll
0x00007ffbba730000 - 0x00007ffbbaa52000 	C:\WINDOWS\System32\combase.dll
0x00007ffbb9c00000 - 0x00007ffbb9c7a000 	C:\WINDOWS\System32\bcryptPrimitives.dll
0x00007ffbba420000 - 0x00007ffbba44d000 	C:\WINDOWS\System32\IMM32.DLL
0x00000000582a0000 - 0x0000000058372000 	C:\Program Files\Java\jdk1.8.0_141\jre\bin\msvcr100.dll
0x0000000058380000 - 0x0000000058c1d000 	C:\Program Files\Java\jdk1.8.0_141\jre\bin\server\jvm.dll
0x00007ffbbc680000 - 0x00007ffbbc688000 	C:\WINDOWS\System32\PSAPI.DLL
0x00007ffbaeee0000 - 0x00007ffbaeee9000 	C:\WINDOWS\SYSTEM32\WSOCK32.dll
0x00007ffbb6e00000 - 0x00007ffbb6e23000 	C:\WINDOWS\SYSTEM32\WINMM.dll
0x00007ffbb4230000 - 0x00007ffbb423a000 	C:\WINDOWS\SYSTEM32\VERSION.dll
0x00007ffbbc690000 - 0x00007ffbbc6fc000 	C:\WINDOWS\System32\WS2_32.dll
0x00007ffbb6c30000 - 0x00007ffbb6c5a000 	C:\WINDOWS\SYSTEM32\winmmbase.dll
0x00007ffbb9bb0000 - 0x00007ffbb9bf9000 	C:\WINDOWS\System32\cfgmgr32.dll
0x0000000058250000 - 0x000000005825f000 	C:\Program Files\Java\jdk1.8.0_141\jre\bin\verify.dll
0x0000000058220000 - 0x0000000058249000 	C:\Program Files\Java\jdk1.8.0_141\jre\bin\java.dll
0x0000000058200000 - 0x0000000058216000 	C:\Program Files\Java\jdk1.8.0_141\jre\bin\zip.dll
0x00007ffbbb240000 - 0x00007ffbbc680000 	C:\WINDOWS\System32\SHELL32.dll
0x00007ffbbb020000 - 0x00007ffbbb0c9000 	C:\WINDOWS\System32\shcore.dll
0x00007ffbb9070000 - 0x00007ffbb977d000 	C:\WINDOWS\System32\windows.storage.dll
0x00007ffbba140000 - 0x00007ffbba191000 	C:\WINDOWS\System32\shlwapi.dll
0x00007ffbb8fd0000 - 0x00007ffbb8fe1000 	C:\WINDOWS\System32\kernel.appcore.dll
0x00007ffbb8ff0000 - 0x00007ffbb900f000 	C:\WINDOWS\System32\profapi.dll
0x00007ffbb9020000 - 0x00007ffbb906c000 	C:\WINDOWS\System32\powrprof.dll
0x00007ffbb9010000 - 0x00007ffbb901a000 	C:\WINDOWS\System32\FLTLIB.DLL
0x0000000055990000 - 0x0000000055b28000 	C:\Program Files\Java\jdk1.8.0_141\jre\bin\awt.dll
0x00007ffbba2d0000 - 0x00007ffbba392000 	C:\WINDOWS\System32\OLEAUT32.dll
0x00007ffbb7170000 - 0x00007ffbb71fb000 	C:\WINDOWS\SYSTEM32\apphelp.dll
0x0000000180000000 - 0x000000018007c000 	C:\Windows\System32\pteidlibj.dll
0x00007ffbadb60000 - 0x00007ffbadc06000 	C:\Program Files\Java\jdk1.8.0_141\jre\bin\MSVCP120.dll
0x00007ffbada70000 - 0x00007ffbadb5f000 	C:\Program Files\Java\jdk1.8.0_141\jre\bin\MSVCR120.dll
0x000000001ac50000 - 0x000000001ac73000 	C:\WINDOWS\SYSTEM32\pteidcommon.dll
0x000000001ac90000 - 0x000000001ad16000 	C:\WINDOWS\SYSTEM32\pteidapplayer.dll
0x00007ffbb9780000 - 0x00007ffbb9962000 	C:\WINDOWS\System32\CRYPT32.dll
0x00007ffbb8fb0000 - 0x00007ffbb8fc2000 	C:\WINDOWS\System32\MSASN1.dll
0x00007ffbb1ac0000 - 0x00007ffbb1b1a000 	C:\WINDOWS\SYSTEM32\SSLEAY32.dll
0x00007ffb83e40000 - 0x00007ffb84045000 	C:\WINDOWS\SYSTEM32\LIBEAY32.dll
0x00007ffbae240000 - 0x00007ffbae28f000 	C:\WINDOWS\SYSTEM32\libcurl.dll
0x00007ffbba3a0000 - 0x00007ffbba3ff000 	C:\WINDOWS\System32\WLDAP32.dll
0x000000001ad40000 - 0x000000001afa1000 	C:\WINDOWS\SYSTEM32\xerces-c_3_1.dll
0x000000001afc0000 - 0x000000001b0a0000 	C:\WINDOWS\SYSTEM32\pteid-poppler.dll
0x000000001b0a0000 - 0x000000001b1b3000 	C:\WINDOWS\SYSTEM32\FreeImage.dll
0x000000001b1c0000 - 0x000000001b2aa000 	C:\WINDOWS\SYSTEM32\xsec_1_7.dll
0x000000001b2c0000 - 0x000000001b2f6000 	C:\WINDOWS\SYSTEM32\pteidcardlayer.dll
0x00007ffbb40f0000 - 0x00007ffbb4131000 	C:\WINDOWS\SYSTEM32\WinSCard.dll
0x00007ffbb8d60000 - 0x00007ffbb8d87000 	C:\WINDOWS\SYSTEM32\DEVOBJ.dll
0x000000001b320000 - 0x000000001b351000 	C:\WINDOWS\SYSTEM32\pteidDlgsWin32.dll
0x00007ffbb8e50000 - 0x00007ffbb8ea6000 	C:\WINDOWS\SYSTEM32\WINSTA.dll
0x00000000581e0000 - 0x00000000581fa000 	C:\Program Files\Java\jdk1.8.0_141\jre\bin\net.dll
0x00007ffbb87d0000 - 0x00007ffbb8836000 	C:\WINDOWS\system32\mswsock.dll
0x00007ffba5190000 - 0x00007ffba51a6000 	C:\WINDOWS\system32\napinsp.dll
0x00007ffb9d5e0000 - 0x00007ffb9d5fa000 	C:\WINDOWS\system32\pnrpnsp.dll
0x00007ffbb5440000 - 0x00007ffbb5459000 	C:\WINDOWS\system32\NLAapi.dll
0x00007ffbb8590000 - 0x00007ffbb864e000 	C:\WINDOWS\SYSTEM32\DNSAPI.dll
0x00007ffbba130000 - 0x00007ffbba138000 	C:\WINDOWS\System32\NSI.dll
0x00007ffbb8550000 - 0x00007ffbb8588000 	C:\WINDOWS\SYSTEM32\IPHLPAPI.DLL
0x00007ffbb1420000 - 0x00007ffbb142e000 	C:\WINDOWS\System32\winrnr.dll
0x00007ffbaf650000 - 0x00007ffbaf665000 	C:\WINDOWS\System32\wshbth.dll
0x00007ffbaedb0000 - 0x00007ffbaedba000 	C:\Windows\System32\rasadhlp.dll
0x00007ffbaf300000 - 0x00007ffbaf372000 	C:\WINDOWS\System32\fwpuclnt.dll
0x00007ffbb8ab0000 - 0x00007ffbb8ad5000 	C:\WINDOWS\SYSTEM32\bcrypt.dll
0x00007ffbb3790000 - 0x00007ffbb37a6000 	C:\WINDOWS\SYSTEM32\dhcpcsvc6.DLL
0x00007ffbb37b0000 - 0x00007ffbb37ca000 	C:\WINDOWS\SYSTEM32\dhcpcsvc.DLL
0x00007ffbb8990000 - 0x00007ffbb89a7000 	C:\WINDOWS\SYSTEM32\CRYPTSP.dll
0x00007ffbb83b0000 - 0x00007ffbb83e3000 	C:\WINDOWS\system32\rsaenh.dll
0x00007ffbb8ee0000 - 0x00007ffbb8f08000 	C:\WINDOWS\SYSTEM32\USERENV.dll
0x00007ffbb8980000 - 0x00007ffbb898b000 	C:\WINDOWS\SYSTEM32\CRYPTBASE.dll
0x00000000581c0000 - 0x00000000581d1000 	C:\Program Files\Java\jdk1.8.0_141\jre\bin\nio.dll
0x0000000059140000 - 0x0000000059164000 	C:\Program Files\Java\jdk1.8.0_141\jre\bin\sunec.dll
0x0000000059130000 - 0x000000005913b000 	C:\Program Files\Java\jdk1.8.0_141\jre\bin\sunmscapi.dll
0x0000000059110000 - 0x0000000059122000 	C:\Program Files\Java\jdk1.8.0_141\jre\bin\j2pkcs11.dll
0x000000001b8b0000 - 0x000000001b8cf000 	C:\Windows\System32\pteidpkcs11.dll
0x00007ffbb73a0000 - 0x00007ffbb7438000 	C:\WINDOWS\system32\uxtheme.dll
0x00007ffbba5b0000 - 0x00007ffbba723000 	C:\WINDOWS\System32\MSCTF.dll
0x00007ffbb76b0000 - 0x00007ffbb76d9000 	C:\WINDOWS\system32\dwmapi.dll
0x00007ffb9e1c0000 - 0x00007ffb9e256000 	C:\WINDOWS\System32\TextInputFramework.dll
0x00007ffbb05e0000 - 0x00007ffbb08fe000 	C:\WINDOWS\System32\CoreUIComponents.dll
0x00007ffbb6e70000 - 0x00007ffbb6f4a000 	C:\WINDOWS\System32\CoreMessaging.dll
0x00007ffbb80a0000 - 0x00007ffbb80d1000 	C:\WINDOWS\SYSTEM32\ntmarta.dll
0x00007ffbb5070000 - 0x00007ffbb51bd000 	C:\WINDOWS\SYSTEM32\wintypes.dll
0x00007ffbba450000 - 0x00007ffbba5a1000 	C:\WINDOWS\System32\ole32.dll
0x00007ffba9d30000 - 0x00007ffba9ef9000 	C:\WINDOWS\SYSTEM32\dbghelp.dll

VM Arguments:
jvm_args: -Dfile.encoding=UTF-8 
java_command: calculator.application.CalculatorApplication
java_class_path (initial): C:\Users\tialk\Desktop\Segurança Informática\Trabalho\2018\contourCola\Cola Library\dist\Cola_Library.jar;C:\Program Files\Portugal Identity Card\sdk\Java\pteidlibj.jar;C:\Users\tialk\Desktop\Segurança Informática\Trabalho\2018\contourCola\Calculator application\build\classes
Launcher Type: SUN_STANDARD

Environment Variables:
CLASSPATH=C:\Program Files\Portugal Identity Card
PATH=C:\Program Files (x86)\Common Files\Oracle\Java\javapath;C:\ProgramData\Oracle\Java\javapath;C:\WINDOWS\system32;C:\WINDOWS;C:\WINDOWS\System32\Wbem;C:\WINDOWS\System32\WindowsPowerShell\v1.0\;C:\Program Files (x86)\Microsoft SQL Server\Client SDK\ODBC\130\Tools\Binn\;C:\Program Files (x86)\Microsoft SQL Server\140\Tools\Binn\;C:\Program Files (x86)\Microsoft SQL Server\140\DTS\Binn\;C:\Program Files (x86)\Microsoft SQL Server\140\Tools\Binn\ManagementStudio\;C:\Program Files\Microsoft SQL Server\130\Tools\Binn\;C:\Program Files\dotnet\;C:\Program Files\Microsoft SQL Server\Client SDK\ODBC\130\Tools\Binn\;C:\Program Files (x86)\Microsoft SQL Server\130\Tools\Binn\;C:\Program Files\Microsoft SQL Server\130\DTS\Binn\;C:\Program Files\nodejs\;C:\WINDOWS\System32\OpenSSH\;C:\Program Files\Git\cmd;C:\Program Files\Portugal Identity Card;C:\Program Files (x86)\NVIDIA Corporation\PhysX\Common;C:\Users\tialk\AppData\Local\Microsoft\WindowsApps;C:\Users\tialk\AppData\Local\atom\bin;C:\Users\tialk\AppData\Roaming\npm;C:\Users\tialk\AppData\Local\Microsoft\WindowsApps;C:\Users\tialk\AppData\Local\GitHubDesktop\bin;
USERNAME=tjsantos
OS=Windows_NT
PROCESSOR_IDENTIFIER=Intel64 Family 6 Model 58 Stepping 9, GenuineIntel



---------------  S Y S T E M  ---------------

OS: Windows 10.0 , 64 bit Build 17134 (10.0.17134.1)

CPU:total 8 (initial active 8) (4 cores per cpu, 2 threads per core) family 6 model 58 stepping 9, cmov, cx8, fxsr, mmx, sse, sse2, sse3, ssse3, sse4.1, sse4.2, popcnt, avx, aes, clmul, erms, ht, tsc, tscinvbit, tscinv

Memory: 4k page, physical 8275596k(3385512k free), swap 14474812k(8148000k free)

vm_info: Java HotSpot(TM) 64-Bit Server VM (25.141-b15) for windows-amd64 JRE (1.8.0_141-b15), built on Jul 12 2017 04:25:12 by "java_re" with MS VC++ 10.0 (VS2010)

time: Thu Jan 03 19:01:28 2019
elapsed time: 48 seconds (0d 0h 0m 48s)

