#
# A fatal error has been detected by the Java Runtime Environment:
#
#  EXCEPTION_UNCAUGHT_CXX_EXCEPTION (0xe06d7363) at pc=0x00007ffbb9e8a388, pid=13024, tid=0x0000000000000524
#
# JRE version: Java(TM) SE Runtime Environment (8.0_141-b15) (build 1.8.0_141-b15)
# Java VM: Java HotSpot(TM) 64-Bit Server VM (25.141-b15 mixed mode windows-amd64 compressed oops)
# Problematic frame:
# C  [KERNELBASE.dll+0x3a388]
#
# Failed to write core dump. Minidumps are not enabled by default on client versions of Windows
#
# If you would like to submit a bug report, please visit:
#   http://bugreport.java.com/bugreport/crash.jsp
#

---------------  T H R E A D  ---------------

Current thread (0x00000000181b9000):  VMThread [stack: 0x0000000019e90000,0x0000000019f90000] [id=1316]

siginfo: ExceptionCode=0xe06d7363, ExceptionInformation=0x0000000019930520 0x0000000019f8f280 0x000000018005ebe8 0x0000000180000000 

Registers:
RAX=0x0000000000000000, RBX=0x000000018005ebe8, RCX=0x0000000000000022, RDX=0x0000000000000101
RSP=0x0000000019f8f110, RBP=0x0000000019f8f250, RSI=0x0000000000000001, RDI=0x0000000019f8f280
R8 =0x0000000000000000, R9 =0x00000000011d4a70, R10=0x0000000000000000, R11=0x000000000112698c
R12=0x000000000113d3d8, R13=0x000000000113d390, R14=0x000000000113d3c0, R15=0x0000000000000000
RIP=0x00007ffbb9e8a388, EFLAGS=0x0000000000000202

Top of Stack: (sp=0x0000000019f8f110)
0x0000000019f8f110:   0000000000000000 000000018005ebe8
0x0000000019f8f120:   0000000000000001 0000000019f8f280
0x0000000019f8f130:   00000001e06d7363 0000000000000000
0x0000000019f8f140:   00007ffbb9e8a388 0000000000000004
0x0000000019f8f150:   0000000019930520 0000000019f8f280
0x0000000019f8f160:   000000018005ebe8 0000000180000000
0x0000000019f8f170:   000000000113d3c0 000000000113d3d8
0x0000000019f8f180:   0000000019f8f280 0000000000000001
0x0000000019f8f190:   0000000019f8f250 00007ffbbccb0f6f
0x0000000019f8f1a0:   0000000019f8f260 00007ffb00000000
0x0000000019f8f1b0:   0000000000000001 00000000180456d0
0x0000000019f8f1c0:   0000000180074000 0000000180000000
0x0000000019f8f1d0:   0000941d03b042c3 0000b8e91537bcb3
0x0000000019f8f1e0:   000000018005ebe8 00007ffb82a2ef63
0x0000000019f8f1f0:   000000000113d390 000000000113d3d8
0x0000000019f8f200:   0000000019f8f268 0000000000000001 

Instructions: (pc=0x00007ffbb9e8a388)
0x00007ffbb9e8a368:   49 8b d1 44 0f 47 c0 44 89 44 24 38 49 c1 e0 03
0x00007ffbb9e8a378:   e8 4a 46 04 00 48 8d 4c 24 20 ff 15 d0 82 14 00
0x00007ffbb9e8a388:   48 8b 8c 24 c0 00 00 00 48 33 cc e8 b8 05 04 00
0x00007ffbb9e8a398:   48 81 c4 d8 00 00 00 c3 83 64 24 38 00 eb d6 cc 


Register to memory mapping:

RAX=0x0000000000000000 is an unknown value
RBX=0x000000018005ebe8 is an unknown value
RCX=0x0000000000000022 is an unknown value
RDX=0x0000000000000101 is an unknown value
RSP=0x0000000019f8f110 is an unknown value
RBP=0x0000000019f8f250 is an unknown value
RSI=0x0000000000000001 is an unknown value
RDI=0x0000000019f8f280 is an unknown value
R8 =0x0000000000000000 is an unknown value
R9 =0x00000000011d4a70 is an unknown value
R10=0x0000000000000000 is an unknown value
R11=0x000000000112698c is an unknown value
R12=0x000000000113d3d8 is an unknown value
R13=0x000000000113d390 is an unknown value
R14=0x000000000113d3c0 is an unknown value
R15=0x0000000000000000 is an unknown value


Stack: [0x0000000019e90000,0x0000000019f90000],  sp=0x0000000019f8f110,  free space=1020k
Native frames: (J=compiled Java code, j=interpreted, Vv=VM code, C=native code)
C  [KERNELBASE.dll+0x3a388]
C  [MSVCR120.dll+0x5ef63]
C  [pteidlibj.dll+0x377e4]
C  [pteidlibj.dll+0x21b14]
C  [pteidlibj.dll+0x21d96]
C  [ntdll.dll+0x3b583]
C  [ntdll.dll+0x47f85]
C  [ntdll.dll+0x47e48]
C  [KERNEL32.DLL+0x1b19a]
C  [msvcr100.dll+0x20ccd]
V  [jvm.dll+0x213145]
V  [jvm.dll+0x24c127]
V  [jvm.dll+0x24b3c6]
V  [jvm.dll+0x24b861]
V  [jvm.dll+0x24ba7e]
V  [jvm.dll+0x29ca6a]
C  [msvcr100.dll+0x21d9f]
C  [msvcr100.dll+0x21e3b]
C  [KERNEL32.DLL+0x13034]
C  [ntdll.dll+0x73691]

VM_Operation (0x000000000312f2c0): Exit, mode: safepoint, requested by thread 0x0000000003133000


---------------  P R O C E S S  ---------------

Java Threads: ( => current thread )
  0x000000001a14f800 JavaThread "Service Thread" daemon [_thread_blocked, id=7904, stack(0x000000001aca0000,0x000000001ada0000)]
  0x000000001a0c9000 JavaThread "C1 CompilerThread3" daemon [_thread_blocked, id=12820, stack(0x000000001aba0000,0x000000001aca0000)]
  0x000000001a0c5000 JavaThread "C2 CompilerThread2" daemon [_thread_blocked, id=13244, stack(0x000000001aaa0000,0x000000001aba0000)]
  0x000000001a0c3800 JavaThread "C2 CompilerThread1" daemon [_thread_blocked, id=6072, stack(0x000000001a9a0000,0x000000001aaa0000)]
  0x000000001a0bf000 JavaThread "C2 CompilerThread0" daemon [_thread_blocked, id=8880, stack(0x000000001a8a0000,0x000000001a9a0000)]
  0x000000001a0bc800 JavaThread "Attach Listener" daemon [_thread_blocked, id=8316, stack(0x000000001a7a0000,0x000000001a8a0000)]
  0x000000001a0bb000 JavaThread "Signal Dispatcher" daemon [_thread_blocked, id=6400, stack(0x000000001a6a0000,0x000000001a7a0000)]
  0x000000000322e000 JavaThread "Finalizer" daemon [_thread_blocked, id=7252, stack(0x000000001a490000,0x000000001a590000)]
  0x0000000003225000 JavaThread "Reference Handler" daemon [_thread_blocked, id=11144, stack(0x0000000019f90000,0x000000001a090000)]
  0x0000000003133000 JavaThread "main" [_thread_blocked, id=6092, stack(0x0000000003030000,0x0000000003130000)]

Other Threads:
=>0x00000000181b9000 VMThread [stack: 0x0000000019e90000,0x0000000019f90000] [id=1316]

VM state:at safepoint (shutting down)

VM Mutex/Monitor currently owned by a thread:  ([mutex/lock_event])
[0x000000000302cf40] Threads_lock - owner thread: 0x00000000181b9000

Heap:
 PSYoungGen      total 38400K, used 11981K [0x00000000d5e00000, 0x00000000d8880000, 0x0000000100000000)
  eden space 33280K, 36% used [0x00000000d5e00000,0x00000000d69b3550,0x00000000d7e80000)
  from space 5120K, 0% used [0x00000000d8380000,0x00000000d8380000,0x00000000d8880000)
  to   space 5120K, 0% used [0x00000000d7e80000,0x00000000d7e80000,0x00000000d8380000)
 ParOldGen       total 87552K, used 0K [0x0000000081a00000, 0x0000000086f80000, 0x00000000d5e00000)
  object space 87552K, 0% used [0x0000000081a00000,0x0000000081a00000,0x0000000086f80000)
 Metaspace       used 6437K, capacity 6602K, committed 6784K, reserved 1056768K
  class space    used 712K, capacity 795K, committed 896K, reserved 1048576K

Card table byte_map: [0x00000000125f0000,0x00000000129f0000] byte_map_base: 0x00000000121e3000

Marking Bits: (ParMarkBitMap*) 0x0000000058f8d850
 Begin Bits: [0x00000000134a0000, 0x0000000015438000)
 End Bits:   [0x0000000015438000, 0x00000000173d0000)

Polling page: 0x0000000001630000

CodeCache: size=245760Kb used=2147Kb max_used=2163Kb free=243612Kb
 bounds [0x0000000003230000, 0x00000000034a0000, 0x0000000012230000]
 total_blobs=804 nmethods=470 adapters=247
 compilation: enabled

Compilation events (10 events):
Event: 5.435 Thread 0x000000001a0c9000  467       3       java.lang.ClassLoader::checkName (43 bytes)
Event: 5.438 Thread 0x000000001a0c9000 nmethod 467 0x0000000003445810 code [0x00000000034459c0, 0x0000000003446138]
Event: 5.445 Thread 0x000000001a0bf000 nmethod 453 0x0000000003449b50 code [0x0000000003449d20, 0x000000000344a890]
Event: 5.462 Thread 0x000000001a0c9000  468       3       java.util.concurrent.ConcurrentHashMap::casTabAt (20 bytes)
Event: 5.463 Thread 0x000000001a0c9000 nmethod 468 0x000000000342d8d0 code [0x000000000342da20, 0x000000000342db90]
Event: 5.463 Thread 0x000000001a0c9000  469       3       java.nio.ByteBuffer::arrayOffset (35 bytes)
Event: 5.464 Thread 0x000000001a0c9000 nmethod 469 0x0000000003449610 code [0x00000000034497a0, 0x0000000003449a58]
Event: 5.464 Thread 0x000000001a0c9000  470       3       java.nio.CharBuffer::arrayOffset (35 bytes)
Event: 5.464 Thread 0x000000001a0c9000 nmethod 470 0x00000000034490d0 code [0x0000000003449260, 0x0000000003449518]
Event: 5.481 Thread 0x000000001a0c3800 nmethod 456 0x000000000344dd90 code [0x000000000344df40, 0x000000000344f328]

GC Heap History (0 events):
No events

Deoptimization events (9 events):
Event: 5.067 Thread 0x0000000003133000 Uncommon trap: reason=unstable_if action=reinterpret pc=0x00000000033eacbc method=java.math.BigInteger.intArrayCmpToLen([I[II)I @ 42
Event: 5.071 Thread 0x0000000003133000 Uncommon trap: reason=unstable_if action=reinterpret pc=0x00000000033f8fa4 method=java.math.BigInteger.intArrayCmpToLen([I[II)I @ 42
Event: 5.085 Thread 0x0000000003133000 Uncommon trap: reason=unstable_if action=reinterpret pc=0x00000000033d9408 method=java.math.MutableBigInteger.divideOneWord(ILjava/math/MutableBigInteger;)I @ 88
Event: 5.085 Thread 0x0000000003133000 Uncommon trap: reason=unstable_if action=reinterpret pc=0x00000000033f8b18 method=java.math.BigInteger.squareToLen([II[I)[I @ 5
Event: 5.085 Thread 0x0000000003133000 Uncommon trap: reason=unstable_if action=reinterpret pc=0x00000000033f9854 method=java.math.BigInteger.multiplyToLen([II[II[I)[I @ 12
Event: 5.153 Thread 0x0000000003133000 Uncommon trap: reason=unstable_if action=reinterpret pc=0x000000000341be04 method=java.math.BigInteger.add([I[I)[I @ 29
Event: 5.202 Thread 0x0000000003133000 Uncommon trap: reason=unstable_if action=reinterpret pc=0x0000000003412800 method=java.math.MutableBigInteger.normalize()V @ 40
Event: 5.411 Thread 0x0000000003133000 Uncommon trap: reason=unstable_if action=reinterpret pc=0x0000000003436978 method=java.math.MutableBigInteger.normalize()V @ 40
Event: 5.411 Thread 0x0000000003133000 Uncommon trap: reason=unstable_if action=reinterpret pc=0x0000000003419908 method=java.math.MutableBigInteger.getLowestSetBit()I @ 17

Internal exceptions (10 events):
Event: 0.202 Thread 0x0000000003133000 Exception <a 'java/io/FileNotFoundException'> (0x00000000d5e5c070) thrown at [C:\re\workspace\8-2-build-windows-amd64-cygwin\jdk8u141\9370\hotspot\src\share\vm\prims\jni.cpp, line 709]
Event: 0.317 Thread 0x0000000003133000 Exception <a 'java/security/PrivilegedActionException'> (0x00000000d5f57540) thrown at [C:\re\workspace\8-2-build-windows-amd64-cygwin\jdk8u141\9370\hotspot\src\share\vm\prims\jvm.cpp, line 1390]
Event: 0.317 Thread 0x0000000003133000 Exception <a 'java/security/PrivilegedActionException'> (0x00000000d5f57750) thrown at [C:\re\workspace\8-2-build-windows-amd64-cygwin\jdk8u141\9370\hotspot\src\share\vm\prims\jvm.cpp, line 1390]
Event: 0.319 Thread 0x0000000003133000 Exception <a 'java/security/PrivilegedActionException'> (0x00000000d5f5b660) thrown at [C:\re\workspace\8-2-build-windows-amd64-cygwin\jdk8u141\9370\hotspot\src\share\vm\prims\jvm.cpp, line 1390]
Event: 0.319 Thread 0x0000000003133000 Exception <a 'java/security/PrivilegedActionException'> (0x00000000d5f5b870) thrown at [C:\re\workspace\8-2-build-windows-amd64-cygwin\jdk8u141\9370\hotspot\src\share\vm\prims\jvm.cpp, line 1390]
Event: 0.336 Thread 0x0000000003133000 Exception <a 'java/io/FileNotFoundException'> (0x00000000d5f64458) thrown at [C:\re\workspace\8-2-build-windows-amd64-cygwin\jdk8u141\9370\hotspot\src\share\vm\prims\jni.cpp, line 709]
Event: 0.425 Thread 0x0000000003133000 Exception <a 'java/lang/NoSuchFieldError': method resolution failed> (0x00000000d6031ba0) thrown at [C:\re\workspace\8-2-build-windows-amd64-cygwin\jdk8u141\9370\hotspot\src\share\vm\prims\methodHandles.cpp, line 1146]
Event: 0.430 Thread 0x0000000003133000 Exception <a 'java/lang/NoSuchFieldError': method resolution failed> (0x00000000d603ef70) thrown at [C:\re\workspace\8-2-build-windows-amd64-cygwin\jdk8u141\9370\hotspot\src\share\vm\prims\methodHandles.cpp, line 1146]
Event: 5.085 Thread 0x0000000003133000 Implicit null exception at 0x00000000033f893e to 0x00000000033f8b09
Event: 5.085 Thread 0x0000000003133000 Implicit null exception at 0x00000000033f92cc to 0x00000000033f981b

Events (10 events):
Event: 5.435 loading class java/security/KeyPair done
Event: 5.464 loading class java/util/regex/Pattern$Dot
Event: 5.464 loading class java/util/regex/Pattern$Dot done
Event: 5.464 loading class java/util/regex/Pattern$Dollar
Event: 5.464 loading class java/util/regex/Pattern$Dollar done
Event: 8.485 loading class java/lang/Shutdown
Event: 8.485 loading class java/lang/Shutdown done
Event: 8.485 loading class java/lang/Shutdown$Lock
Event: 8.486 loading class java/lang/Shutdown$Lock done
Event: 8.486 Executing VM operation: Exit


Dynamic libraries:
0x00007ff6463b0000 - 0x00007ff6463e7000 	C:\Program Files\Java\jdk1.8.0_141\jre\bin\java.exe
0x00007ffbbcca0000 - 0x00007ffbbce81000 	C:\WINDOWS\SYSTEM32\ntdll.dll
0x00007ffbbaf50000 - 0x00007ffbbb002000 	C:\WINDOWS\System32\KERNEL32.DLL
0x00007ffbb9e50000 - 0x00007ffbba0c3000 	C:\WINDOWS\System32\KERNELBASE.dll
0x00007ffbbc990000 - 0x00007ffbbca31000 	C:\WINDOWS\System32\ADVAPI32.dll
0x00007ffbbaeb0000 - 0x00007ffbbaf4e000 	C:\WINDOWS\System32\msvcrt.dll
0x00007ffbbc700000 - 0x00007ffbbc75b000 	C:\WINDOWS\System32\sechost.dll
0x00007ffbba1a0000 - 0x00007ffbba2c4000 	C:\WINDOWS\System32\RPCRT4.dll
0x00007ffbbcae0000 - 0x00007ffbbcc70000 	C:\WINDOWS\System32\USER32.dll
0x00007ffbb9c80000 - 0x00007ffbb9ca0000 	C:\WINDOWS\System32\win32u.dll
0x00007ffbbc900000 - 0x00007ffbbc928000 	C:\WINDOWS\System32\GDI32.dll
0x00007ffbb9a10000 - 0x00007ffbb9ba2000 	C:\WINDOWS\System32\gdi32full.dll
0x00007ffbb9970000 - 0x00007ffbb9a0f000 	C:\WINDOWS\System32\msvcp_win.dll
0x00007ffbb9d50000 - 0x00007ffbb9e4a000 	C:\WINDOWS\System32\ucrtbase.dll
0x00007ffbaeb40000 - 0x00007ffbaeda9000 	C:\WINDOWS\WinSxS\amd64_microsoft.windows.common-controls_6595b64144ccf1df_6.0.17134.472_none_fb3f9af53068156d\COMCTL32.dll
0x00007ffbba730000 - 0x00007ffbbaa52000 	C:\WINDOWS\System32\combase.dll
0x00007ffbb9c00000 - 0x00007ffbb9c7a000 	C:\WINDOWS\System32\bcryptPrimitives.dll
0x00007ffbba420000 - 0x00007ffbba44d000 	C:\WINDOWS\System32\IMM32.DLL
0x0000000058690000 - 0x0000000058762000 	C:\Program Files\Java\jdk1.8.0_141\jre\bin\msvcr100.dll
0x0000000058770000 - 0x000000005900d000 	C:\Program Files\Java\jdk1.8.0_141\jre\bin\server\jvm.dll
0x00007ffbbc680000 - 0x00007ffbbc688000 	C:\WINDOWS\System32\PSAPI.DLL
0x00007ffbae1c0000 - 0x00007ffbae1c9000 	C:\WINDOWS\SYSTEM32\WSOCK32.dll
0x00007ffbb6e00000 - 0x00007ffbb6e23000 	C:\WINDOWS\SYSTEM32\WINMM.dll
0x00007ffbb4230000 - 0x00007ffbb423a000 	C:\WINDOWS\SYSTEM32\VERSION.dll
0x00007ffbbc690000 - 0x00007ffbbc6fc000 	C:\WINDOWS\System32\WS2_32.dll
0x00007ffbb6c30000 - 0x00007ffbb6c5a000 	C:\WINDOWS\SYSTEM32\winmmbase.dll
0x00007ffbb9bb0000 - 0x00007ffbb9bf9000 	C:\WINDOWS\System32\cfgmgr32.dll
0x0000000058640000 - 0x000000005864f000 	C:\Program Files\Java\jdk1.8.0_141\jre\bin\verify.dll
0x0000000058610000 - 0x0000000058639000 	C:\Program Files\Java\jdk1.8.0_141\jre\bin\java.dll
0x00000000585f0000 - 0x0000000058606000 	C:\Program Files\Java\jdk1.8.0_141\jre\bin\zip.dll
0x00007ffbbb240000 - 0x00007ffbbc680000 	C:\WINDOWS\System32\SHELL32.dll
0x00007ffbbb020000 - 0x00007ffbbb0c9000 	C:\WINDOWS\System32\shcore.dll
0x00007ffbb9070000 - 0x00007ffbb977d000 	C:\WINDOWS\System32\windows.storage.dll
0x00007ffbba140000 - 0x00007ffbba191000 	C:\WINDOWS\System32\shlwapi.dll
0x00007ffbb8fd0000 - 0x00007ffbb8fe1000 	C:\WINDOWS\System32\kernel.appcore.dll
0x00007ffbb8ff0000 - 0x00007ffbb900f000 	C:\WINDOWS\System32\profapi.dll
0x00007ffbb9020000 - 0x00007ffbb906c000 	C:\WINDOWS\System32\powrprof.dll
0x00007ffbb9010000 - 0x00007ffbb901a000 	C:\WINDOWS\System32\FLTLIB.DLL
0x0000000058410000 - 0x00000000585a8000 	C:\Program Files\Java\jdk1.8.0_141\jre\bin\awt.dll
0x00007ffbba2d0000 - 0x00007ffbba392000 	C:\WINDOWS\System32\OLEAUT32.dll
0x00007ffbb7170000 - 0x00007ffbb71fb000 	C:\WINDOWS\SYSTEM32\apphelp.dll
0x0000000180000000 - 0x000000018007c000 	C:\Windows\System32\pteidlibj.dll
0x00007ffb829d0000 - 0x00007ffb82abf000 	C:\Program Files\Java\jdk1.8.0_141\jre\bin\MSVCR120.dll
0x00007ffb88810000 - 0x00007ffb888b6000 	C:\Program Files\Java\jdk1.8.0_141\jre\bin\MSVCP120.dll
0x000000001b810000 - 0x000000001b833000 	C:\WINDOWS\SYSTEM32\pteidcommon.dll
0x000000001b850000 - 0x000000001b8d6000 	C:\WINDOWS\SYSTEM32\pteidapplayer.dll
0x00007ffbb9780000 - 0x00007ffbb9962000 	C:\WINDOWS\System32\CRYPT32.dll
0x00007ffbb8fb0000 - 0x00007ffbb8fc2000 	C:\WINDOWS\System32\MSASN1.dll
0x00007ffb91840000 - 0x00007ffb9189a000 	C:\WINDOWS\SYSTEM32\SSLEAY32.dll
0x00007ffb87f60000 - 0x00007ffb87faf000 	C:\WINDOWS\SYSTEM32\libcurl.dll
0x00007ffbba3a0000 - 0x00007ffbba3ff000 	C:\WINDOWS\System32\WLDAP32.dll
0x00007ffb75160000 - 0x00007ffb75365000 	C:\WINDOWS\SYSTEM32\LIBEAY32.dll
0x000000001b900000 - 0x000000001b9e0000 	C:\WINDOWS\SYSTEM32\pteid-poppler.dll
0x000000001b9f0000 - 0x000000001ba26000 	C:\WINDOWS\SYSTEM32\pteidcardlayer.dll
0x000000001ba30000 - 0x000000001bc91000 	C:\WINDOWS\SYSTEM32\xerces-c_3_1.dll
0x000000001bcb0000 - 0x000000001bd9a000 	C:\WINDOWS\SYSTEM32\xsec_1_7.dll
0x000000001bda0000 - 0x000000001beb3000 	C:\WINDOWS\SYSTEM32\FreeImage.dll
0x00007ffbb40f0000 - 0x00007ffbb4131000 	C:\WINDOWS\SYSTEM32\WinSCard.dll
0x00007ffbb8d60000 - 0x00007ffbb8d87000 	C:\WINDOWS\SYSTEM32\DEVOBJ.dll
0x000000001bee0000 - 0x000000001bf11000 	C:\WINDOWS\SYSTEM32\pteidDlgsWin32.dll
0x00007ffbb8e50000 - 0x00007ffbb8ea6000 	C:\WINDOWS\SYSTEM32\WINSTA.dll
0x00000000585d0000 - 0x00000000585ea000 	C:\Program Files\Java\jdk1.8.0_141\jre\bin\net.dll
0x00007ffbb87d0000 - 0x00007ffbb8836000 	C:\WINDOWS\system32\mswsock.dll
0x00007ffbaae30000 - 0x00007ffbaae46000 	C:\WINDOWS\system32\napinsp.dll
0x00007ffba9280000 - 0x00007ffba929a000 	C:\WINDOWS\system32\pnrpnsp.dll
0x00007ffbb5440000 - 0x00007ffbb5459000 	C:\WINDOWS\system32\NLAapi.dll
0x00007ffbb8590000 - 0x00007ffbb864e000 	C:\WINDOWS\SYSTEM32\DNSAPI.dll
0x00007ffbba130000 - 0x00007ffbba138000 	C:\WINDOWS\System32\NSI.dll
0x00007ffbb8550000 - 0x00007ffbb8588000 	C:\WINDOWS\SYSTEM32\IPHLPAPI.DLL
0x00007ffbb5410000 - 0x00007ffbb541e000 	C:\WINDOWS\System32\winrnr.dll
0x00007ffbaf650000 - 0x00007ffbaf665000 	C:\WINDOWS\System32\wshbth.dll
0x00007ffbaedb0000 - 0x00007ffbaedba000 	C:\Windows\System32\rasadhlp.dll
0x00007ffbaf300000 - 0x00007ffbaf372000 	C:\WINDOWS\System32\fwpuclnt.dll
0x00007ffbb8ab0000 - 0x00007ffbb8ad5000 	C:\WINDOWS\SYSTEM32\bcrypt.dll
0x00007ffbb3790000 - 0x00007ffbb37a6000 	C:\WINDOWS\SYSTEM32\dhcpcsvc6.DLL
0x00007ffbb37b0000 - 0x00007ffbb37ca000 	C:\WINDOWS\SYSTEM32\dhcpcsvc.DLL
0x00007ffbb8990000 - 0x00007ffbb89a7000 	C:\WINDOWS\SYSTEM32\CRYPTSP.dll
0x00007ffbb83b0000 - 0x00007ffbb83e3000 	C:\WINDOWS\system32\rsaenh.dll
0x00007ffbb8ee0000 - 0x00007ffbb8f08000 	C:\WINDOWS\SYSTEM32\USERENV.dll
0x00007ffbb8980000 - 0x00007ffbb898b000 	C:\WINDOWS\SYSTEM32\CRYPTBASE.dll
0x00000000585b0000 - 0x00000000585c1000 	C:\Program Files\Java\jdk1.8.0_141\jre\bin\nio.dll
0x00007ffba9d30000 - 0x00007ffba9ef9000 	C:\WINDOWS\SYSTEM32\dbghelp.dll

VM Arguments:
jvm_args: -Dfile.encoding=UTF-8 
java_command: calculator.application.CalculatorApplication
java_class_path (initial): C:\Users\tialk\Desktop\Segurança Informática\Trabalho\2018\contourCola\Cola Library\dist\Cola_Library.jar;C:\Program Files\Portugal Identity Card\sdk\Java\pteidlibj.jar;C:\Users\tialk\Desktop\Segurança Informática\Trabalho\2018\contourCola\Calculator application\build\classes
Launcher Type: SUN_STANDARD

Environment Variables:
CLASSPATH=C:\Program Files\Portugal Identity Card
PATH=C:\Program Files (x86)\Common Files\Oracle\Java\javapath;C:\ProgramData\Oracle\Java\javapath;C:\WINDOWS\system32;C:\WINDOWS;C:\WINDOWS\System32\Wbem;C:\WINDOWS\System32\WindowsPowerShell\v1.0\;C:\Program Files (x86)\Microsoft SQL Server\Client SDK\ODBC\130\Tools\Binn\;C:\Program Files (x86)\Microsoft SQL Server\140\Tools\Binn\;C:\Program Files (x86)\Microsoft SQL Server\140\DTS\Binn\;C:\Program Files (x86)\Microsoft SQL Server\140\Tools\Binn\ManagementStudio\;C:\Program Files\Microsoft SQL Server\130\Tools\Binn\;C:\Program Files\dotnet\;C:\Program Files\Microsoft SQL Server\Client SDK\ODBC\130\Tools\Binn\;C:\Program Files (x86)\Microsoft SQL Server\130\Tools\Binn\;C:\Program Files\Microsoft SQL Server\130\DTS\Binn\;C:\Program Files\nodejs\;C:\WINDOWS\System32\OpenSSH\;C:\Program Files\Git\cmd;C:\Program Files\Portugal Identity Card;C:\Program Files (x86)\NVIDIA Corporation\PhysX\Common;C:\Users\tialk\AppData\Local\Microsoft\WindowsApps;C:\Users\tialk\AppData\Local\atom\bin;C:\Users\tialk\AppData\Roaming\npm;C:\Users\tialk\AppData\Local\Microsoft\WindowsApps;C:\Users\tialk\AppData\Local\GitHubDesktop\bin;
USERNAME=tjsantos
OS=Windows_NT
PROCESSOR_IDENTIFIER=Intel64 Family 6 Model 58 Stepping 9, GenuineIntel



---------------  S Y S T E M  ---------------

OS: Windows 10.0 , 64 bit Build 17134 (10.0.17134.1)

CPU:total 8 (initial active 8) (4 cores per cpu, 2 threads per core) family 6 model 58 stepping 9, cmov, cx8, fxsr, mmx, sse, sse2, sse3, ssse3, sse4.1, sse4.2, popcnt, avx, aes, clmul, erms, ht, tsc, tscinvbit, tscinv

Memory: 4k page, physical 8275596k(3447096k free), swap 14558736k(6716828k free)

vm_info: Java HotSpot(TM) 64-Bit Server VM (25.141-b15) for windows-amd64 JRE (1.8.0_141-b15), built on Jul 12 2017 04:25:12 by "java_re" with MS VC++ 10.0 (VS2010)

time: Thu Jan 03 16:33:31 2019
elapsed time: 8 seconds (0d 0h 0m 8s)

