#
# A fatal error has been detected by the Java Runtime Environment:
#
#  EXCEPTION_UNCAUGHT_CXX_EXCEPTION (0xe06d7363) at pc=0x00007ffb53aea388, pid=16240, tid=0x0000000000004a48
#
# JRE version: Java(TM) SE Runtime Environment (8.0_101-b13) (build 1.8.0_101-b13)
# Java VM: Java HotSpot(TM) 64-Bit Server VM (25.101-b13 mixed mode windows-amd64 compressed oops)
# Problematic frame:
# C  [KERNELBASE.dll+0x3a388]
#
# Failed to write core dump. Minidumps are not enabled by default on client versions of Windows
#
# If you would like to submit a bug report, please visit:
#   http://bugreport.java.com/bugreport/crash.jsp
#

---------------  T H R E A D  ---------------

Current thread (0x0000000016fb7000):  VMThread [stack: 0x0000000018060000,0x0000000018160000] [id=19016]

siginfo: ExceptionCode=0xe06d7363, ExceptionInformation=0x0000000019930520 0x000000001815f020 0x000000018005ebe8 0x0000000180000000 

Registers:
RAX=0x0000000000000000, RBX=0x000000018005ebe8, RCX=0x0000000000000004, RDX=0x0000000000000101
RSP=0x000000001815eeb0, RBP=0x000000001815eff0, RSI=0x0000000000000001, RDI=0x000000001815f020
R8 =0x0000000000000000, R9 =0x000000000080ccd0, R10=0x0000000000000000, R11=0x00000000007575e8
R12=0x00000000007b7938, R13=0x00000000007b78f0, R14=0x00000000007b7920, R15=0x0000000000000000
RIP=0x00007ffb53aea388, EFLAGS=0x0000000000000202

Top of Stack: (sp=0x000000001815eeb0)
0x000000001815eeb0:   0000000000000000 000000018005ebe8
0x000000001815eec0:   0000000000000001 000000001815f020
0x000000001815eed0:   00000001e06d7363 0000000000000000
0x000000001815eee0:   00007ffb53aea388 0000000000000004
0x000000001815eef0:   0000000019930520 000000001815f020
0x000000001815ef00:   000000018005ebe8 0000000180000000
0x000000001815ef10:   00000000007b7920 00000000007b7938
0x000000001815ef20:   000000001815f020 0000000000000001
0x000000001815ef30:   000000001815eff0 00007ffb574f0f6f
0x000000001815ef40:   000000001815f000 00007ffb00000000
0x000000001815ef50:   0000000000000001 0000000016ec5400
0x000000001815ef60:   0000000180074000 0000000180000000
0x000000001815ef70:   00007a1e932b7eed 0000bbb2661594b9
0x000000001815ef80:   000000018005ebe8 00007ffb2673ef63
0x000000001815ef90:   00000000007b78f0 00000000007b7938
0x000000001815efa0:   000000001815f008 0000000000000001 

Instructions: (pc=0x00007ffb53aea388)
0x00007ffb53aea368:   49 8b d1 44 0f 47 c0 44 89 44 24 38 49 c1 e0 03
0x00007ffb53aea378:   e8 4a 46 04 00 48 8d 4c 24 20 ff 15 d0 82 14 00
0x00007ffb53aea388:   48 8b 8c 24 c0 00 00 00 48 33 cc e8 b8 05 04 00
0x00007ffb53aea398:   48 81 c4 d8 00 00 00 c3 83 64 24 38 00 eb d6 cc 


Register to memory mapping:

RAX=0x0000000000000000 is an unknown value
RBX=0x000000018005ebe8 is an unknown value
RCX=0x0000000000000004 is an unknown value
RDX=0x0000000000000101 is an unknown value
RSP=0x000000001815eeb0 is an unknown value
RBP=0x000000001815eff0 is an unknown value
RSI=0x0000000000000001 is an unknown value
RDI=0x000000001815f020 is an unknown value
R8 =0x0000000000000000 is an unknown value
R9 =0x000000000080ccd0 is an unknown value
R10=0x0000000000000000 is an unknown value
R11=0x00000000007575e8 is an unknown value
R12=0x00000000007b7938 is an unknown value
R13=0x00000000007b78f0 is an unknown value
R14=0x00000000007b7920 is an unknown value
R15=0x0000000000000000 is an unknown value


Stack: [0x0000000018060000,0x0000000018160000],  sp=0x000000001815eeb0,  free space=1019k
Native frames: (J=compiled Java code, j=interpreted, Vv=VM code, C=native code)
C  [KERNELBASE.dll+0x3a388]
C  [MSVCR120.dll+0x5ef63]
C  [pteidlibj.dll+0x377e4]
C  [pteidlibj.dll+0x21b14]
C  [pteidlibj.dll+0x21d96]
C  [ntdll.dll+0x3b583]
C  [ntdll.dll+0x47f85]
C  [ntdll.dll+0x47e48]
C  [KERNEL32.DLL+0x1b19a]
C  [msvcr100.dll+0x20ccd]
V  [jvm.dll+0x212ba5]
V  [jvm.dll+0x24b777]
V  [jvm.dll+0x24aa16]
V  [jvm.dll+0x24aeb1]
V  [jvm.dll+0x24b0ce]
V  [jvm.dll+0x29c18a]
C  [msvcr100.dll+0x21d9f]
C  [msvcr100.dll+0x21e3b]
C  [KERNEL32.DLL+0x13034]
C  [ntdll.dll+0x73691]

VM_Operation (0x000000000230ef00): Exit, mode: safepoint, requested by thread 0x00000000023a1000


---------------  P R O C E S S  ---------------

Java Threads: ( => current thread )
  0x0000000018990800 JavaThread "Service Thread" daemon [_thread_blocked, id=2148, stack(0x0000000018d70000,0x0000000018e70000)]
  0x0000000016ffa800 JavaThread "C1 CompilerThread2" daemon [_thread_blocked, id=18472, stack(0x0000000018870000,0x0000000018970000)]
  0x0000000016ff4800 JavaThread "C2 CompilerThread1" daemon [_thread_blocked, id=384, stack(0x0000000018770000,0x0000000018870000)]
  0x0000000016ff0800 JavaThread "C2 CompilerThread0" daemon [_thread_blocked, id=15032, stack(0x0000000018670000,0x0000000018770000)]
  0x0000000016fed000 JavaThread "Attach Listener" daemon [_thread_blocked, id=1668, stack(0x0000000018570000,0x0000000018670000)]
  0x0000000016fec000 JavaThread "Signal Dispatcher" daemon [_thread_blocked, id=2728, stack(0x0000000018470000,0x0000000018570000)]
  0x0000000016fd9000 JavaThread "Finalizer" daemon [_thread_blocked, id=11840, stack(0x0000000018260000,0x0000000018360000)]
  0x0000000002491000 JavaThread "Reference Handler" daemon [_thread_blocked, id=18428, stack(0x0000000018160000,0x0000000018260000)]
  0x00000000023a1000 JavaThread "main" [_thread_blocked, id=12920, stack(0x0000000002210000,0x0000000002310000)]

Other Threads:
=>0x0000000016fb7000 VMThread [stack: 0x0000000018060000,0x0000000018160000] [id=19016]

VM state:at safepoint (shutting down)

VM Mutex/Monitor currently owned by a thread:  ([mutex/lock_event])
[0x000000000231cce0] Threads_lock - owner thread: 0x0000000016fb7000

Heap:
 PSYoungGen      total 38400K, used 3994K [0x00000000d5d80000, 0x00000000d8800000, 0x0000000100000000)
  eden space 33280K, 12% used [0x00000000d5d80000,0x00000000d61668a8,0x00000000d7e00000)
  from space 5120K, 0% used [0x00000000d8300000,0x00000000d8300000,0x00000000d8800000)
  to   space 5120K, 0% used [0x00000000d7e00000,0x00000000d7e00000,0x00000000d8300000)
 ParOldGen       total 87552K, used 0K [0x0000000081800000, 0x0000000086d80000, 0x00000000d5d80000)
  object space 87552K, 0% used [0x0000000081800000,0x0000000081800000,0x0000000086d80000)
 Metaspace       used 5753K, capacity 5962K, committed 6144K, reserved 1056768K
  class space    used 654K, capacity 731K, committed 768K, reserved 1048576K

Card table byte_map: [0x0000000011860000,0x0000000011c60000] byte_map_base: 0x0000000011454000

Marking Bits: (ParMarkBitMap*) 0x000000006d6ea6d0
 Begin Bits: [0x0000000012310000, 0x00000000142b0000)
 End Bits:   [0x00000000142b0000, 0x0000000016250000)

Polling page: 0x0000000002320000

CodeCache: size=245760Kb used=1645Kb max_used=1645Kb free=244114Kb
 bounds [0x00000000024a0000, 0x0000000002710000, 0x00000000114a0000]
 total_blobs=603 nmethods=290 adapters=226
 compilation: enabled

Compilation events (10 events):
Event: 1.970 Thread 0x0000000016ffa800  286       3       java.nio.ByteBuffer::arrayOffset (35 bytes)
Event: 1.971 Thread 0x0000000016ffa800 nmethod 286 0x0000000002638050 code [0x00000000026381e0, 0x0000000002638498]
Event: 1.971 Thread 0x0000000016ffa800  287       3       java.lang.Math::max (11 bytes)
Event: 1.971 Thread 0x0000000016ffa800 nmethod 287 0x000000000263ad10 code [0x000000000263ae60, 0x000000000263aff0]
Event: 1.971 Thread 0x0000000016ffa800  288       3       java.util.regex.Pattern::has (15 bytes)
Event: 1.971 Thread 0x0000000016ffa800 nmethod 288 0x000000000263b050 code [0x000000000263b1a0, 0x000000000263b350]
Event: 4.472 Thread 0x0000000016ffa800  289       3       java.nio.CharBuffer::arrayOffset (35 bytes)
Event: 4.472 Thread 0x0000000016ffa800 nmethod 289 0x000000000263b3d0 code [0x000000000263b560, 0x000000000263b818]
Event: 5.720 Thread 0x0000000016ffa800  290       3       java.nio.HeapCharBuffer::ix (7 bytes)
Event: 5.720 Thread 0x0000000016ffa800 nmethod 290 0x000000000263b910 code [0x000000000263ba60, 0x000000000263bbb0]

GC Heap History (0 events):
No events

Deoptimization events (0 events):
No events

Internal exceptions (9 events):
Event: 0.401 Thread 0x00000000023a1000 Exception <a 'java/lang/NoSuchMethodError': Method sun.misc.Unsafe.defineClass(Ljava/lang/String;[BII)Ljava/lang/Class; name or signature does not match> (0x00000000d5d87cc0) thrown at [C:\re\workspace\8-2-build-windows-amd64-cygwin\jdk8u101\7261\hotspot\sŠâWø¥Ù?
Event: 0.401 Thread 0x00000000023a1000 Exception <a 'java/lang/NoSuchMethodError': Method sun.misc.Unsafe.prefetchRead(Ljava/lang/Object;J)V name or signature does not match> (0x00000000d5d87fa8) thrown at [C:\re\workspace\8-2-build-windows-amd64-cygwin\jdk8u101\7261\hotspot\src\share\vm\prims\‰ðñPÌoà?
Event: 0.514 Thread 0x00000000023a1000 Exception <a 'java/security/PrivilegedActionException'> (0x00000000d5e20538) thrown at [C:\re\workspace\8-2-build-windows-amd64-cygwin\jdk8u101\7261\hotspot\src\share\vm\prims\jvm.cpp, line 1386]
Event: 0.514 Thread 0x00000000023a1000 Exception <a 'java/security/PrivilegedActionException'> (0x00000000d5e20748) thrown at [C:\re\workspace\8-2-build-windows-amd64-cygwin\jdk8u101\7261\hotspot\src\share\vm\prims\jvm.cpp, line 1386]
Event: 0.518 Thread 0x00000000023a1000 Exception <a 'java/security/PrivilegedActionException'> (0x00000000d5e24630) thrown at [C:\re\workspace\8-2-build-windows-amd64-cygwin\jdk8u101\7261\hotspot\src\share\vm\prims\jvm.cpp, line 1386]
Event: 0.518 Thread 0x00000000023a1000 Exception <a 'java/security/PrivilegedActionException'> (0x00000000d5e24840) thrown at [C:\re\workspace\8-2-build-windows-amd64-cygwin\jdk8u101\7261\hotspot\src\share\vm\prims\jvm.cpp, line 1386]
Event: 0.529 Thread 0x00000000023a1000 Exception <a 'java/io/FileNotFoundException'> (0x00000000d5ed4040) thrown at [C:\re\workspace\8-2-build-windows-amd64-cygwin\jdk8u101\7261\hotspot\src\share\vm\prims\jni.cpp, line 709]
Event: 0.573 Thread 0x00000000023a1000 Exception <a 'java/lang/NoSuchFieldError': method resolution failed> (0x00000000d5fa1980) thrown at [C:\re\workspace\8-2-build-windows-amd64-cygwin\jdk8u101\7261\hotspot\src\share\vm\prims\methodHandles.cpp, line 1146]
Event: 0.575 Thread 0x00000000023a1000 Exception <a 'java/lang/NoSuchFieldError': method resolution failed> (0x00000000d5faed50) thrown at [C:\re\workspace\8-2-build-windows-amd64-cygwin\jdk8u101\7261\hotspot\src\share\vm\prims\methodHandles.cpp, line 1146]

Events (10 events):
Event: 1.971 loading class java/util/regex/Pattern$Dot done
Event: 1.971 loading class java/util/regex/Pattern$Dollar
Event: 1.971 loading class java/util/regex/Pattern$Dollar done
Event: 4.498 Executing VM operation: EnableBiasedLocking
Event: 4.498 Executing VM operation: EnableBiasedLocking done
Event: 5.720 loading class java/lang/Shutdown
Event: 5.720 loading class java/lang/Shutdown done
Event: 5.720 loading class java/lang/Shutdown$Lock
Event: 5.720 loading class java/lang/Shutdown$Lock done
Event: 5.720 Executing VM operation: Exit


Dynamic libraries:
0x00007ff70e3c0000 - 0x00007ff70e3f7000 	C:\Program Files\Java\jdk1.8.0_101\jre\bin\java.exe
0x00007ffb574e0000 - 0x00007ffb576c1000 	C:\WINDOWS\SYSTEM32\ntdll.dll
0x00007ffb2ee30000 - 0x00007ffb2ee44000 	C:\Program Files\AVAST Software\Avast\x64\aswhooka.dll
0x00007ffb55560000 - 0x00007ffb55612000 	C:\WINDOWS\System32\KERNEL32.DLL
0x00007ffb53ab0000 - 0x00007ffb53d23000 	C:\WINDOWS\System32\KERNELBASE.dll
0x00007ffb551e0000 - 0x00007ffb55281000 	C:\WINDOWS\System32\ADVAPI32.dll
0x00007ffb54f40000 - 0x00007ffb54fde000 	C:\WINDOWS\System32\msvcrt.dll
0x00007ffb55cf0000 - 0x00007ffb55d4b000 	C:\WINDOWS\System32\sechost.dll
0x00007ffb55e20000 - 0x00007ffb55f44000 	C:\WINDOWS\System32\RPCRT4.dll
0x00007ffb55300000 - 0x00007ffb55490000 	C:\WINDOWS\System32\USER32.dll
0x00007ffb547b0000 - 0x00007ffb547d0000 	C:\WINDOWS\System32\win32u.dll
0x00007ffb558a0000 - 0x00007ffb558c8000 	C:\WINDOWS\System32\GDI32.dll
0x00007ffb547d0000 - 0x00007ffb54962000 	C:\WINDOWS\System32\gdi32full.dll
0x00007ffb546b0000 - 0x00007ffb5474f000 	C:\WINDOWS\System32\msvcp_win.dll
0x00007ffb53900000 - 0x00007ffb539fa000 	C:\WINDOWS\System32\ucrtbase.dll
0x00007ffb3f420000 - 0x00007ffb3f689000 	C:\WINDOWS\WinSxS\amd64_microsoft.windows.common-controls_6595b64144ccf1df_6.0.17134.472_none_fb3f9af53068156d\COMCTL32.dll
0x00007ffb559c0000 - 0x00007ffb55ce2000 	C:\WINDOWS\System32\combase.dll
0x00007ffb53d30000 - 0x00007ffb53daa000 	C:\WINDOWS\System32\bcryptPrimitives.dll
0x00007ffb55f50000 - 0x00007ffb55f7d000 	C:\WINDOWS\System32\IMM32.DLL
0x0000000071720000 - 0x00000000717f2000 	C:\Program Files\Java\jdk1.8.0_101\jre\bin\msvcr100.dll
0x000000006ced0000 - 0x000000006d76a000 	C:\Program Files\Java\jdk1.8.0_101\jre\bin\server\jvm.dll
0x00007ffb552f0000 - 0x00007ffb552f8000 	C:\WINDOWS\System32\PSAPI.DLL
0x00007ffb52450000 - 0x00007ffb52459000 	C:\WINDOWS\SYSTEM32\WSOCK32.dll
0x00007ffb558f0000 - 0x00007ffb5595c000 	C:\WINDOWS\System32\WS2_32.dll
0x00007ffb4fb20000 - 0x00007ffb4fb43000 	C:\WINDOWS\SYSTEM32\WINMM.dll
0x00007ffb504c0000 - 0x00007ffb504ca000 	C:\WINDOWS\SYSTEM32\VERSION.dll
0x00007ffb4faf0000 - 0x00007ffb4fb1a000 	C:\WINDOWS\SYSTEM32\WINMMBASE.dll
0x00007ffb538b0000 - 0x00007ffb538f9000 	C:\WINDOWS\System32\cfgmgr32.dll
0x0000000071ba0000 - 0x0000000071baf000 	C:\Program Files\Java\jdk1.8.0_101\jre\bin\verify.dll
0x0000000071b70000 - 0x0000000071b99000 	C:\Program Files\Java\jdk1.8.0_101\jre\bin\java.dll
0x0000000071b50000 - 0x0000000071b66000 	C:\Program Files\Java\jdk1.8.0_101\jre\bin\zip.dll
0x00007ffb55f80000 - 0x00007ffb573c0000 	C:\WINDOWS\System32\SHELL32.dll
0x00007ffb55d70000 - 0x00007ffb55e19000 	C:\WINDOWS\System32\shcore.dll
0x00007ffb53fa0000 - 0x00007ffb546ad000 	C:\WINDOWS\System32\windows.storage.dll
0x00007ffb55180000 - 0x00007ffb551d1000 	C:\WINDOWS\System32\shlwapi.dll
0x00007ffb53870000 - 0x00007ffb53881000 	C:\WINDOWS\System32\kernel.appcore.dll
0x00007ffb53890000 - 0x00007ffb538af000 	C:\WINDOWS\System32\profapi.dll
0x00007ffb53800000 - 0x00007ffb5384c000 	C:\WINDOWS\System32\powrprof.dll
0x00007ffb537f0000 - 0x00007ffb537fa000 	C:\WINDOWS\System32\FLTLIB.DLL
0x00000000707c0000 - 0x0000000070958000 	C:\Program Files\Java\jdk1.8.0_101\jre\bin\awt.dll
0x00007ffb55490000 - 0x00007ffb55552000 	C:\WINDOWS\System32\OLEAUT32.dll
0x00007ffb504d0000 - 0x00007ffb5055b000 	C:\WINDOWS\SYSTEM32\apphelp.dll
0x0000000180000000 - 0x000000018007c000 	C:\Windows\System32\pteidlibj.dll
0x00007ffb298c0000 - 0x00007ffb29966000 	C:\Program Files\Java\jdk1.8.0_101\jre\bin\MSVCP120.dll
0x00007ffb266e0000 - 0x00007ffb267cf000 	C:\Program Files\Java\jdk1.8.0_101\jre\bin\MSVCR120.dll
0x00000000190e0000 - 0x0000000019103000 	C:\WINDOWS\SYSTEM32\pteidcommon.dll
0x0000000019120000 - 0x00000000191a6000 	C:\WINDOWS\SYSTEM32\pteidapplayer.dll
0x00007ffb53db0000 - 0x00007ffb53f92000 	C:\WINDOWS\System32\CRYPT32.dll
0x00007ffb53850000 - 0x00007ffb53862000 	C:\WINDOWS\System32\MSASN1.dll
0x00007ffb214a0000 - 0x00007ffb216a5000 	C:\WINDOWS\SYSTEM32\LIBEAY32.dll
0x00007ffb2f600000 - 0x00007ffb2f65a000 	C:\WINDOWS\SYSTEM32\SSLEAY32.dll
0x00007ffb464c0000 - 0x00007ffb4650f000 	C:\WINDOWS\SYSTEM32\libcurl.dll
0x00007ffb55960000 - 0x00007ffb559bf000 	C:\WINDOWS\System32\WLDAP32.dll
0x00000000191d0000 - 0x0000000019431000 	C:\WINDOWS\SYSTEM32\xerces-c_3_1.dll
0x0000000019450000 - 0x0000000019563000 	C:\WINDOWS\SYSTEM32\FreeImage.dll
0x0000000019570000 - 0x0000000019650000 	C:\WINDOWS\SYSTEM32\pteid-poppler.dll
0x0000000019660000 - 0x000000001974a000 	C:\WINDOWS\SYSTEM32\xsec_1_7.dll
0x0000000019760000 - 0x0000000019796000 	C:\WINDOWS\SYSTEM32\pteidcardlayer.dll
0x00007ffb41bb0000 - 0x00007ffb41bf1000 	C:\WINDOWS\SYSTEM32\WinSCard.dll
0x00007ffb53620000 - 0x00007ffb53647000 	C:\WINDOWS\SYSTEM32\DEVOBJ.dll
0x00000000197b0000 - 0x00000000197e1000 	C:\WINDOWS\SYSTEM32\pteidDlgsWin32.dll
0x00007ffb52930000 - 0x00007ffb52986000 	C:\WINDOWS\SYSTEM32\WINSTA.dll
0x0000000071b30000 - 0x0000000071b4a000 	C:\Program Files\Java\jdk1.8.0_101\jre\bin\net.dll
0x00007ffb53070000 - 0x00007ffb530d6000 	C:\WINDOWS\system32\mswsock.dll
0x00007ffb397f0000 - 0x00007ffb39806000 	C:\WINDOWS\system32\napinsp.dll
0x00007ffb397d0000 - 0x00007ffb397ea000 	C:\WINDOWS\system32\pnrpnsp.dll
0x00007ffb50e10000 - 0x00007ffb50e29000 	C:\WINDOWS\system32\NLAapi.dll
0x00007ffb52e30000 - 0x00007ffb52eee000 	C:\WINDOWS\SYSTEM32\DNSAPI.dll
0x00007ffb558e0000 - 0x00007ffb558e8000 	C:\WINDOWS\System32\NSI.dll
0x00007ffb52df0000 - 0x00007ffb52e28000 	C:\WINDOWS\SYSTEM32\IPHLPAPI.DLL
0x00007ffb397c0000 - 0x00007ffb397ce000 	C:\WINDOWS\System32\winrnr.dll
0x00007ffb397a0000 - 0x00007ffb397b5000 	C:\WINDOWS\System32\wshbth.dll
0x00007ffb4adc0000 - 0x00007ffb4adca000 	C:\Windows\System32\rasadhlp.dll
0x00007ffb4b7f0000 - 0x00007ffb4b862000 	C:\WINDOWS\System32\fwpuclnt.dll
0x00007ffb53350000 - 0x00007ffb53375000 	C:\WINDOWS\SYSTEM32\bcrypt.dll
0x00007ffb4e820000 - 0x00007ffb4e836000 	C:\WINDOWS\SYSTEM32\dhcpcsvc6.DLL
0x00007ffb4ed70000 - 0x00007ffb4ed8a000 	C:\WINDOWS\SYSTEM32\dhcpcsvc.DLL
0x00007ffb4abf0000 - 0x00007ffb4adb9000 	C:\WINDOWS\SYSTEM32\dbghelp.dll

VM Arguments:
jvm_args: -Dfile.encoding=UTF-8 
java_command: calculator.application.CalculatorApplication
java_class_path (initial): C:\Users\Luis\Desktop\ESTGA\2018_2019\1_Semestre\segurança\projeto\contourCola\contourCola\Cola Library\dist\Cola_Library.jar;C:\Program Files\Portugal Identity Card\sdk\Java\pteidlibj.jar;C:\Users\Luis\Desktop\ESTGA\2018_2019\1_Semestre\segurança\projeto\contourCola\contourCola\Calculator application\build\classes
Launcher Type: SUN_STANDARD

Environment Variables:
CLASSPATH=C:\Program Files\Portugal Identity Card
PATH=C:\ProgramData\Oracle\Java\javapath;C:\WINDOWS\system32;C:\WINDOWS;C:\WINDOWS\System32\Wbem;C:\WINDOWS\System32\WindowsPowerShell\v1.0\;C:\Program Files\TortoiseGit\bin;C:\Program Files\Git\cmd;C:\WINDOWS\System32\OpenSSH\;C:\Program Files (x86)\Brackets\command;C:\Program Files\PuTTY\;C:\php;C:\ProgramData\ComposerSetup\bin;C:\PostgreSQL\pg96\bin;C:\Program Files\nodejs\;C:\Program Files\Portugal Identity Card;C:\Program Files (x86)\NVIDIA Corporation\PhysX\Common;C:\Users\Luis\AppData\Local\Microsoft\WindowsApps;C:\Users\Luis\AppData\Local\atom\bin;C:\Users\Luis\AppData\Local\Microsoft\WindowsApps;C:\Users\Luis\AppData\Roaming\Composer\vendor\bin;C:\Users\Luis\AppData\Roaming\npm;C:\Users\Luis\AppData\Local\Programs\Microsoft VS Code\bin;C:\Users\Luis\AppData\Local\GitHubDesktop\bin
USERNAME=Luis
OS=Windows_NT
PROCESSOR_IDENTIFIER=Intel64 Family 6 Model 61 Stepping 4, GenuineIntel



---------------  S Y S T E M  ---------------

OS: Windows 10.0 , 64 bit Build 17134 (10.0.17134.1)

CPU:total 4 (2 cores per cpu, 2 threads per core) family 6 model 61 stepping 4, cmov, cx8, fxsr, mmx, sse, sse2, sse3, ssse3, sse4.1, sse4.2, popcnt, avx, avx2, aes, clmul, erms, 3dnowpref, lzcnt, ht, tsc, tscinvbit, bmi1, bmi2, adx

Memory: 4k page, physical 8288728k(3615996k free), swap 10571320k(3540872k free)

vm_info: Java HotSpot(TM) 64-Bit Server VM (25.101-b13) for windows-amd64 JRE (1.8.0_101-b13), built on Jun 22 2016 01:21:29 by "java_re" with MS VC++ 10.0 (VS2010)

time: Tue Jan 01 16:42:17 2019
elapsed time: 5 seconds (0d 0h 0m 5s)

